Adding new arg: args.config = ckpt/0701/01_M01V03/config.yaml
Adding new arg: args.checkpoint = ckpt/0701/01_M01V03/
Adding new arg: args.seed = 0
Adding new arg: args.visualize = 
Adding new arg: args.eval_generalization = False
Adding new arg: args.quick_debug = False
Adding new arg: args.gpu = 4,5
Overriding existing arg: args.batch_size = 128
Adding new arg: args.classifier_type = task
Adding new arg: args.num_class = 4
Adding new arg: args.use_task_id_as_prompt = False
Adding new arg: args.reverse_query_prompt = False
Adding new arg: args.shuffle_batch = False
Adding new arg: args.reverse_query_prompt_per_iter = False
Adding new arg: args.vertex_x1000 = True
Adding new arg: args.aug2D = False
Adding new arg: args.out = 070101
Adding new arg: args.deactivate_prompt_branch = False
Adding new arg: args.data_efficient = True

Configs: {'tasks': ['PE', 'MP', 'MC', 'FPE'], 'task_to_flag': {'PE': 0, 'MP': 1, 'FPE': 2, 'MC': 3, '2DAR': 4, 'AR': 5, 'MIB': 6, 'MeshRecover': 7, 'FutureMeshRecover': 8, 'MeshPred': 9, 'MeshCompletion': 10, 'MeshInBetween': 11}, 'dataset_to_flag': {'H36M_3D': 0, 'AMASS': 1, 'PW3D_MESH': 2, 'H36M_MESH': 3, 'H36M_MESH_TCMR': 4}, 'flag_to_task': {'0': 'PE', '1': 'MP', '2': 'FPE', '3': 'MC', '4': '2DAR', '5': 'AR', '6': 'MIB', '7': 'MeshRecover', '8': 'FutureMeshRecover', '9': 'MeshPred', '10': 'MeshCompletion', '11': 'MeshInBetween'}, 'flag_to_dataset': {'0': 'H36M_3D', '1': 'AMASS', '2': 'PW3D_MESH', '3': 'H36M_MESH', '4': 'H36M_MESH_TCMR'}, 'task_metrics': {'PE': ['PE e1', 'PE e2'], 'MP': ['MP'], 'FPE': ['FPE'], 'MC': ['MC'], '2DAR': ['2DAR'], 'AR': ['AR']}, 'dataset_task_info': {'train': {'AMASS': ['PE', 'FPE', 'MC', 'MP', 'MIB', 'MeshCompletion', 'MeshPred', 'MeshInBetween'], 'H36M_MESH': ['PE', 'FPE', 'MC', 'MP', 'MIB', 'MeshCompletion', 'MeshPred', 'MeshInBetween']}, 'test': {'AMASS': ['PE', 'FPE', 'MC', 'MP', 'MIB', 'MeshCompletion', 'MeshPred', 'MeshInBetween'], 'H36M_MESH': ['PE', 'FPE', 'MC', 'MP', 'MIB', 'MeshCompletion', 'MeshPred', 'MeshInBetween']}}, 'Mesh': {'enable': True, 'loss_type': 'L1', 'losses': {'loss_3d_pos': 0.5, 'loss_3d_velocity': 10, 'loss_pose': 1000, 'loss_shape': 1, 'loss_norm': 20, 'loss_3d_scale': 0, 'loss_lv': 0, 'loss_lg': 0, 'loss_a': 0, 'loss_av': 0}}, 'dataset_file': {'PW3D_MESH': 'data_icl_gen/VER5_DATA/PW3D_MESH/mesh_det_pw3d_EXTENDED.pkl', 'H36M_MESH': 'data_icl_gen/VER5_DATA/H36M_MESH/mesh_det_h36m_EXTENDED.pkl', 'AMASS': 'data_icl_gen/VER5_DATA/AMASS', 'H36M_3D': 'data_icl_gen/processed_data/H36M_3D/h36m_sh_conf_cam_source_final.pkl', 'H36M_MESH_TCMR': 'data_icl_gen/VER5_DATA/H36M_TCMR/h36m_train_25fps_db_RENAMED.pt'}, 'use_presave_data': True, 'aug': False, 'aug_shuffle_joints': False, 'current_as_history': True, 'clip_len': 16, 'max_len': 16, 'num_joint': 17, 'joint_mask_ratio': 0.4, 'frame_mask_ratio': 0.4, 'mesh_joint_mask_ratio': 0.4, 'presave_folder': 'data_icl_gen/presave_data/', 'dataset_config': {'PW3D_MESH': {'sample_stride': 1, 'data_stride': {'train': 16, 'test': 32}, 'read_confidence': False, 'rootrel_input': True, 'rootrel_target': True, 'flip': True, 'use_global_orient': True}, 'H36M_MESH': {'sample_stride': 1, 'data_stride': {'train': 16, 'test': 32}, 'read_confidence': False, 'rootrel_input': True, 'rootrel_target': True, 'flip': True, 'use_global_orient': True}, 'AMASS': {'sample_stride': 1, 'data_stride': {'train': 128, 'test': 256}, 'read_confidence': False, 'rootrel_input': True, 'rootrel_target': True, 'flip': True, 'use_global_orient': True}, 'H36M_3D': {'sample_stride': 1, 'data_stride': {'train': 16, 'test': 32}, 'read_confidence': False, 'rootrel_input': True, 'rootrel_target': True, 'flip': True, 'scale_3D': 1}, 'H36M_MESH_TCMR': {'sample_stride': 1, 'data_stride': {'train': 16, 'test': 32}, 'read_confidence': False, 'rootrel_input': True, 'rootrel_target': True, 'flip': True, 'use_global_orient': True}}, 'func_ver': {'dataset_action_recognition': None, 'evaluate_action_recognition': None, 'train_epoch_action_recognition': None, 'dataset_non_AR': '7_ICL', 'evaluate_non_AR': '7_ICL', 'train_epoch_non_AR': '7_ICL', 'model_name': 'model_mesh_VER7.M01V03_MotionAGFormer'}, 'epochs': 120, 'batch_size': 128, 'test_batch_size': 512, 'learning_rate': 0.0002, 'weight_decay': 0.01, 'lr_decay': 0.99, 'losses': {'loss_mpjpe': 1.0, 'n_mpjpe': 0.5, 'loss_velocity': 20.0, 'loss_limb_var': 0, 'loss_limb_gt': 0, 'loss_angle': 0, 'loss_angle_velocity': 0}, 'no_eval': False, 'use_partial_data': False, 'partial_data': None, 'full_data': None, 'name': 'config', 'config': 'ckpt/0701/01_M01V03/config.yaml', 'checkpoint': 'ckpt/0701/01_M01V03/', 'seed': 0, 'visualize': '', 'eval_generalization': False, 'quick_debug': False, 'gpu': '4,5', 'classifier_type': 'task', 'num_class': 4, 'use_task_id_as_prompt': False, 'reverse_query_prompt': False, 'shuffle_batch': False, 'reverse_query_prompt_per_iter': False, 'vertex_x1000': True, 'aug2D': False, 'out': '070101', 'deactivate_prompt_branch': False, 'data_efficient': True, 'data': None}

python train.py --config ckpt/0701/01_M01V03/config.yaml -c ckpt/0701/01_M01V03/ -vertex_x1000 -data_efficient -gpu 4,5 -bs 128 -out 070101

PID:  3925145

Loading dataset...
	Loading train data from [AMASS] for task: ['PE', 'FPE', 'MC', 'MP', 'MIB', 'MeshCompletion', 'MeshPred', 'MeshInBetween']... Loading presaved... Loading joint masks... Loading frame masks... costs 1.43s... has 46726/46726 query/prompt samples
	Loading train data from [H36M_MESH] for task: ['PE', 'FPE', 'MC', 'MP', 'MIB', 'MeshCompletion', 'MeshPred', 'MeshInBetween']... Loading presaved... Loading joint masks... Loading frame masks... costs 0.76s... has 18644/18644 query/prompt samples
	Preparing train [mesh joint masks] from [AMASS] for task: [MeshCompletion]... Loading mesh joint masks...
	Preparing train [mesh joint masks] from [H36M_MESH] for task: [MeshCompletion]... Loading mesh joint masks...
	Training (non-AR) sample count: 65370
	Loading test data from [AMASS] for task: ['PE']... costs 0.00s... has 8492/46726 query/prompt samples
	Loading test data from [AMASS] for task: ['FPE']... costs 0.00s... has 8492/46726 query/prompt samples
	Loading test data from [AMASS] for task: ['MC']... Loading joint masks... costs 0.01s... has 8492/46726 query/prompt samples
	Loading test data from [AMASS] for task: ['MP']... costs 0.00s... has 8492/46726 query/prompt samples
	Loading test data from [AMASS] for task: ['MIB']... Loading frame masks... costs 0.01s... has 8492/46726 query/prompt samples
	Loading test data from [AMASS] for task: ['MeshCompletion']... costs 0.00s... has 8492/46726 query/prompt samples
	Preparing test [mesh joint masks] from [AMASS] for task: [MeshCompletion]... Loading mesh joint masks...
	Loading test data from [AMASS] for task: ['MeshPred']... costs 0.00s... has 8492/46726 query/prompt samples
	Loading test data from [AMASS] for task: ['MeshInBetween']... Loading frame masks... costs 0.01s... has 8492/46726 query/prompt samples
	Loading test data from [H36M_MESH] for task: ['PE']... costs 0.00s... has 3088/18644 query/prompt samples
	Loading test data from [H36M_MESH] for task: ['FPE']... costs 0.00s... has 3088/18644 query/prompt samples
	Loading test data from [H36M_MESH] for task: ['MC']... Loading joint masks... costs 0.00s... has 3088/18644 query/prompt samples
	Loading test data from [H36M_MESH] for task: ['MP']... costs 0.00s... has 3088/18644 query/prompt samples
	Loading test data from [H36M_MESH] for task: ['MIB']... Loading frame masks... costs 0.00s... has 3088/18644 query/prompt samples
	Loading test data from [H36M_MESH] for task: ['MeshCompletion']... costs 0.00s... has 3088/18644 query/prompt samples
	Preparing test [mesh joint masks] from [H36M_MESH] for task: [MeshCompletion]... Loading mesh joint masks...
	Loading test data from [H36M_MESH] for task: ['MeshPred']... costs 0.00s... has 3088/18644 query/prompt samples
	Loading test data from [H36M_MESH] for task: ['MeshInBetween']... Loading frame masks... costs 0.00s... has 3088/18644 query/prompt samples

Loading model...
	Model: model_mesh_VER7.M01V03_MotionAGFormer
	Trainable parameter count: 60.615949M

Training on [['non_AR', 511]] batches for 120 epochs. batch size: 128
[1 start]
	query_id: 0, prompt_id: 46603
	Iter: 170/511; time cost: 46.22min; current batch has {'AMASS': 680, 'H36M_MESH': 344} samples; batch_size (total/sub): 1024/128
	Iter: 340/511; time cost: 92.26min; current batch has {'AMASS': 752, 'H36M_MESH': 272} samples; batch_size (total/sub): 1024/128
	Evaluating [PE] on [AMASS]... costs 133.65s
	Evaluating [FPE] on [AMASS]... costs 130.81s
	Evaluating [MC] on [AMASS]... costs 130.78s
	Evaluating [MP] on [AMASS]... costs 131.32s
	Evaluating [MIB] on [AMASS]... costs 131.37s
	Evaluating [MeshCompletion] on [AMASS]... costs 129.97s
	Evaluating [MeshPred] on [AMASS]... costs 129.44s
	Evaluating [MeshInBetween] on [AMASS]... costs 130.78s
	Evaluating [PE] on [H36M_MESH]... costs 49.19s
	Evaluating [FPE] on [H36M_MESH]... costs 48.58s
	Evaluating [MC] on [H36M_MESH]... costs 48.37s
	Evaluating [MP] on [H36M_MESH]... costs 48.80s
	Evaluating [MIB] on [H36M_MESH]... costs 48.79s
	Evaluating [MeshCompletion] on [H36M_MESH]... costs 48.38s
	Evaluating [MeshPred] on [H36M_MESH]... costs 50.08s
	Evaluating [MeshInBetween] on [H36M_MESH]... costs 49.17s
+-------+------------+---------+-----------+-----------+--------+--------+--------+--------+--------+----------------+----------+---------------+-----------+--------+--------+--------+--------+----------------+----------+---------------+--------+--------+--------+--------+--------+----------------+----------+---------------+-----------+--------+--------+--------+--------+----------------+----------+---------------+
| Epoch |     lr     |  JOINT  |    MESH   |    ALL    | AMASS  |        |        |        |        |                |          |               | H36M_MESH |        |        |        |        |                |          |               | AMASS  |        |        |        |        |                |          |               | H36M_MESH |        |        |        |        |                |          |               |
+-------+------------+---------+-----------+-----------+--------+--------+--------+--------+--------+----------------+----------+---------------+-----------+--------+--------+--------+--------+----------------+----------+---------------+--------+--------+--------+--------+--------+----------------+----------+---------------+-----------+--------+--------+--------+--------+----------------+----------+---------------+
|   1   | 0.00020000 | 0.48387 | 379.20349 | 379.68735 |   PE   |  FPE   |   MC   |   MP   |  MIB   | MeshCompletion | MeshPred | MeshInBetween |     PE    |  FPE   |   MC   |   MP   |  MIB   | MeshCompletion | MeshPred | MeshInBetween |   PE   |  FPE   |   MC   |   MP   |  MIB   | MeshCompletion | MeshPred | MeshInBetween |     PE    |  FPE   |   MC   |   MP   |  MIB   | MeshCompletion | MeshPred | MeshInBetween |
|       |            |         |           |           | 141.99 | 142.48 | 164.29 | 143.72 | 145.49 |     198.76     |  199.25  |     200.44    |   240.64  | 241.73 | 255.61 | 235.42 | 234.79 |     250.36     |  248.96  |     247.17    | 145.88 | 147.59 | 163.23 | 146.69 | 146.66 |     293.33     |  292.38  |     293.56    |   348.62  | 346.34 | 348.47 | 340.69 | 343.32 |     356.31     |  352.68  |     354.05    |
+-------+------------+---------+-----------+-----------+--------+--------+--------+--------+--------+----------------+----------+---------------+-----------+--------+--------+--------+--------+----------------+----------+---------------+--------+--------+--------+--------+--------+----------------+----------+---------------+-----------+--------+--------+--------+--------+----------------+----------+---------------+
	Saving best checkpoints: [AMASS,PE] [AMASS,FPE] [AMASS,MC] [AMASS,MP] [AMASS,MIB] [AMASS,MeshCompletion] [AMASS,MeshPred] [AMASS,MeshInBetween] [H36M_MESH,PE] [H36M_MESH,FPE] [H36M_MESH,MC] [H36M_MESH,MP] [H36M_MESH,MIB] [H36M_MESH,MeshCompletion] [H36M_MESH,MeshPred] [H36M_MESH,MeshInBetween] 

[1 end] Time cost: 162.81min 	| lr: 0.00020000
[2 start]
	Iter: 170/511; time cost: 46.57min; current batch has {'AMASS': 760, 'H36M_MESH': 264} samples; batch_size (total/sub): 1024/128
	query_id: 0, prompt_id: 30912
	Iter: 340/511; time cost: 93.01min; current batch has {'AMASS': 736, 'H36M_MESH': 288} samples; batch_size (total/sub): 1024/128
	Evaluating [PE] on [AMASS]... costs 130.48s
	Evaluating [FPE] on [AMASS]... costs 130.95s
	Evaluating [MC] on [AMASS]... costs 131.50s
	Evaluating [MP] on [AMASS]... costs 132.00s
	Evaluating [MIB] on [AMASS]... costs 134.93s
	Evaluating [MeshCompletion] on [AMASS]... costs 131.54s
	Evaluating [MeshPred] on [AMASS]... costs 131.10s
	Evaluating [MeshInBetween] on [AMASS]... costs 132.32s
	Evaluating [PE] on [H36M_MESH]... costs 48.81s
	Evaluating [FPE] on [H36M_MESH]... costs 48.49s
	Evaluating [MC] on [H36M_MESH]... costs 49.04s
	Evaluating [MP] on [H36M_MESH]... costs 48.72s
	Evaluating [MIB] on [H36M_MESH]... costs 49.00s
	Evaluating [MeshCompletion] on [H36M_MESH]... costs 48.59s
	Evaluating [MeshPred] on [H36M_MESH]... costs 48.43s
	Evaluating [MeshInBetween] on [H36M_MESH]... costs 48.54s
+-------+------------+---------+-----------+-----------+--------+--------+--------+--------+--------+----------------+----------+---------------+-----------+--------+--------+--------+--------+----------------+----------+---------------+--------+--------+--------+--------+--------+----------------+----------+---------------+-----------+--------+--------+--------+--------+----------------+----------+---------------+
| Epoch |     lr     |  JOINT  |    MESH   |    ALL    | AMASS  |        |        |        |        |                |          |               | H36M_MESH |        |        |        |        |                |          |               | AMASS  |        |        |        |        |                |          |               | H36M_MESH |        |        |        |        |                |          |               |
+-------+------------+---------+-----------+-----------+--------+--------+--------+--------+--------+----------------+----------+---------------+-----------+--------+--------+--------+--------+----------------+----------+---------------+--------+--------+--------+--------+--------+----------------+----------+---------------+-----------+--------+--------+--------+--------+----------------+----------+---------------+
|   2   | 0.00019800 | 0.44298 | 352.79730 | 353.24028 |   PE   |  FPE   |   MC   |   MP   |  MIB   | MeshCompletion | MeshPred | MeshInBetween |     PE    |  FPE   |   MC   |   MP   |  MIB   | MeshCompletion | MeshPred | MeshInBetween |   PE   |  FPE   |   MC   |   MP   |  MIB   | MeshCompletion | MeshPred | MeshInBetween |     PE    |  FPE   |   MC   |   MP   |  MIB   | MeshCompletion | MeshPred | MeshInBetween |
|       |            |         |           |           | 125.55 | 127.87 | 145.03 | 126.46 | 124.01 |     159.25     |  160.76  |     162.16    |   228.14  | 231.55 | 252.03 | 225.66 | 220.25 |     251.92     |  249.20  |     248.34    | 136.18 | 142.63 | 150.05 | 139.17 | 130.62 |     209.84     |  207.75  |     211.13    |   333.54  | 335.93 | 340.81 | 328.82 | 322.96 |     351.19     |  344.14  |     345.69    |
+-------+------------+---------+-----------+-----------+--------+--------+--------+--------+--------+----------------+----------+---------------+-----------+--------+--------+--------+--------+----------------+----------+---------------+--------+--------+--------+--------+--------+----------------+----------+---------------+-----------+--------+--------+--------+--------+----------------+----------+---------------+
	Saving best checkpoints: [AMASS,PE] [AMASS,FPE] [AMASS,MC] [AMASS,MP] [AMASS,MIB] [AMASS,MeshCompletion] [AMASS,MeshPred] [AMASS,MeshInBetween] [H36M_MESH,PE] [H36M_MESH,FPE] [H36M_MESH,MC] [H36M_MESH,MP] [H36M_MESH,MIB] 

[2 end] Time cost: 164.53min 	| lr: 0.00019800
[3 start]
	query_id: 0, prompt_id: 44630
	Iter: 170/511; time cost: 46.44min; current batch has {'AMASS': 728, 'H36M_MESH': 296} samples; batch_size (total/sub): 1024/128
	Iter: 340/511; time cost: 92.67min; current batch has {'AMASS': 784, 'H36M_MESH': 240} samples; batch_size (total/sub): 1024/128
	Evaluating [PE] on [AMASS]... costs 130.89s
	Evaluating [FPE] on [AMASS]... costs 130.15s
	Evaluating [MC] on [AMASS]... costs 131.63s
	Evaluating [MP] on [AMASS]... costs 129.79s
	Evaluating [MIB] on [AMASS]... costs 131.31s
	Evaluating [MeshCompletion] on [AMASS]... costs 130.25s
	Evaluating [MeshPred] on [AMASS]... costs 132.78s
	Evaluating [MeshInBetween] on [AMASS]... costs 131.67s
	Evaluating [PE] on [H36M_MESH]... costs 47.91s
	Evaluating [FPE] on [H36M_MESH]... costs 47.86s
	Evaluating [MC] on [H36M_MESH]... costs 48.18s
	Evaluating [MP] on [H36M_MESH]... costs 47.70s
	Evaluating [MIB] on [H36M_MESH]... costs 47.84s
	Evaluating [MeshCompletion] on [H36M_MESH]... costs 48.25s
	Evaluating [MeshPred] on [H36M_MESH]... costs 47.96s
	Evaluating [MeshInBetween] on [H36M_MESH]... costs 48.08s
+-------+------------+---------+-----------+-----------+--------+--------+--------+--------+--------+----------------+----------+---------------+-----------+--------+--------+--------+--------+----------------+----------+---------------+--------+--------+--------+--------+--------+----------------+----------+---------------+-----------+--------+--------+--------+--------+----------------+----------+---------------+
| Epoch |     lr     |  JOINT  |    MESH   |    ALL    | AMASS  |        |        |        |        |                |          |               | H36M_MESH |        |        |        |        |                |          |               | AMASS  |        |        |        |        |                |          |               | H36M_MESH |        |        |        |        |                |          |               |
+-------+------------+---------+-----------+-----------+--------+--------+--------+--------+--------+----------------+----------+---------------+-----------+--------+--------+--------+--------+----------------+----------+---------------+--------+--------+--------+--------+--------+----------------+----------+---------------+-----------+--------+--------+--------+--------+----------------+----------+---------------+
|   3   | 0.00019602 | 0.42479 | 340.62083 | 341.04561 |   PE   |  FPE   |   MC   |   MP   |  MIB   | MeshCompletion | MeshPred | MeshInBetween |     PE    |  FPE   |   MC   |   MP   |  MIB   | MeshCompletion | MeshPred | MeshInBetween |   PE   |  FPE   |   MC   |   MP   |  MIB   | MeshCompletion | MeshPred | MeshInBetween |     PE    |  FPE   |   MC   |   MP   |  MIB   | MeshCompletion | MeshPred | MeshInBetween |
|       |            |         |           |           | 132.43 | 135.99 | 155.85 | 136.46 | 133.02 |     157.22     |  155.66  |     153.23    |   243.85  | 249.57 | 266.60 | 241.30 | 233.14 |     270.93     |  267.37  |     266.27    | 123.82 | 133.19 | 138.05 | 130.29 | 119.97 |     156.74     |  155.49  |     153.58    |   329.10  | 334.09 | 334.81 | 324.41 | 316.19 |     351.45     |  344.12  |     344.25    |
+-------+------------+---------+-----------+-----------+--------+--------+--------+--------+--------+----------------+----------+---------------+-----------+--------+--------+--------+--------+----------------+----------+---------------+--------+--------+--------+--------+--------+----------------+----------+---------------+-----------+--------+--------+--------+--------+----------------+----------+---------------+
	Saving best checkpoints: [AMASS,MeshCompletion] [AMASS,MeshPred] [AMASS,MeshInBetween] 

[3 end] Time cost: 162.89min 	| lr: 0.00019602
[4 start]
	Iter: 170/511; time cost: 46.20min; current batch has {'AMASS': 816, 'H36M_MESH': 208} samples; batch_size (total/sub): 1024/128
	query_id: 0, prompt_id: 23332
	Iter: 340/511; time cost: 92.26min; current batch has {'AMASS': 688, 'H36M_MESH': 336} samples; batch_size (total/sub): 1024/128
	Evaluating [PE] on [AMASS]... costs 129.79s
	Evaluating [FPE] on [AMASS]... costs 129.68s
	Evaluating [MC] on [AMASS]... costs 128.29s
	Evaluating [MP] on [AMASS]... costs 129.62s
	Evaluating [MIB] on [AMASS]... costs 130.05s
	Evaluating [MeshCompletion] on [AMASS]... costs 129.72s
	Evaluating [MeshPred] on [AMASS]... costs 130.43s
	Evaluating [MeshInBetween] on [AMASS]... costs 130.01s
	Evaluating [PE] on [H36M_MESH]... costs 47.90s
	Evaluating [FPE] on [H36M_MESH]... costs 48.04s
	Evaluating [MC] on [H36M_MESH]... costs 47.91s
	Evaluating [MP] on [H36M_MESH]... costs 47.80s
	Evaluating [MIB] on [H36M_MESH]... costs 47.85s
	Evaluating [MeshCompletion] on [H36M_MESH]... costs 47.58s
	Evaluating [MeshPred] on [H36M_MESH]... costs 47.58s
	Evaluating [MeshInBetween] on [H36M_MESH]... costs 47.86s
+-------+------------+---------+-----------+-----------+--------+--------+--------+--------+--------+----------------+----------+---------------+-----------+--------+--------+--------+--------+----------------+----------+---------------+--------+--------+--------+--------+--------+----------------+----------+---------------+-----------+--------+--------+--------+--------+----------------+----------+---------------+
| Epoch |     lr     |  JOINT  |    MESH   |    ALL    | AMASS  |        |        |        |        |                |          |               | H36M_MESH |        |        |        |        |                |          |               | AMASS  |        |        |        |        |                |          |               | H36M_MESH |        |        |        |        |                |          |               |
+-------+------------+---------+-----------+-----------+--------+--------+--------+--------+--------+----------------+----------+---------------+-----------+--------+--------+--------+--------+----------------+----------+---------------+--------+--------+--------+--------+--------+----------------+----------+---------------+-----------+--------+--------+--------+--------+----------------+----------+---------------+
|   4   | 0.00019406 | 0.41396 | 334.32798 | 334.74194 |   PE   |  FPE   |   MC   |   MP   |  MIB   | MeshCompletion | MeshPred | MeshInBetween |     PE    |  FPE   |   MC   |   MP   |  MIB   | MeshCompletion | MeshPred | MeshInBetween |   PE   |  FPE   |   MC   |   MP   |  MIB   | MeshCompletion | MeshPred | MeshInBetween |     PE    |  FPE   |   MC   |   MP   |  MIB   | MeshCompletion | MeshPred | MeshInBetween |
|       |            |         |           |           | 107.76 | 112.78 | 130.76 | 111.51 | 107.35 |     137.25     |  132.42  |     130.82    |   214.20  | 221.08 | 237.78 | 212.48 | 201.56 |     241.25     |  240.44  |     237.77    | 119.76 | 130.68 | 134.75 | 127.86 | 117.33 |     154.75     |  150.57  |     142.14    |   316.89  | 322.51 | 325.59 | 314.66 | 304.49 |     344.64     |  338.24  |     337.29    |
+-------+------------+---------+-----------+-----------+--------+--------+--------+--------+--------+----------------+----------+---------------+-----------+--------+--------+--------+--------+----------------+----------+---------------+--------+--------+--------+--------+--------+----------------+----------+---------------+-----------+--------+--------+--------+--------+----------------+----------+---------------+
	Saving best checkpoints: [AMASS,PE] [AMASS,FPE] [AMASS,MC] [AMASS,MP] [AMASS,MIB] [AMASS,MeshCompletion] [AMASS,MeshPred] [AMASS,MeshInBetween] [H36M_MESH,PE] [H36M_MESH,FPE] [H36M_MESH,MC] [H36M_MESH,MP] [H36M_MESH,MIB] [H36M_MESH,MeshCompletion] [H36M_MESH,MeshPred] [H36M_MESH,MeshInBetween] 

[4 end] Time cost: 163.32min 	| lr: 0.00019406
[5 start]
	query_id: 0, prompt_id: 37044
	Iter: 170/511; time cost: 46.10min; current batch has {'AMASS': 728, 'H36M_MESH': 296} samples; batch_size (total/sub): 1024/128
	Iter: 340/511; time cost: 92.02min; current batch has {'AMASS': 760, 'H36M_MESH': 264} samples; batch_size (total/sub): 1024/128
	Evaluating [PE] on [AMASS]... costs 129.33s
	Evaluating [FPE] on [AMASS]... costs 128.61s
	Evaluating [MC] on [AMASS]... costs 128.73s
	Evaluating [MP] on [AMASS]... costs 128.93s
	Evaluating [MIB] on [AMASS]... costs 129.39s
	Evaluating [MeshCompletion] on [AMASS]... costs 128.62s
	Evaluating [MeshPred] on [AMASS]... costs 129.74s
	Evaluating [MeshInBetween] on [AMASS]... costs 130.45s
	Evaluating [PE] on [H36M_MESH]... costs 48.06s
	Evaluating [FPE] on [H36M_MESH]... costs 48.17s
	Evaluating [MC] on [H36M_MESH]... costs 47.98s
	Evaluating [MP] on [H36M_MESH]... costs 48.14s
	Evaluating [MIB] on [H36M_MESH]... costs 48.00s
	Evaluating [MeshCompletion] on [H36M_MESH]... costs 47.75s
	Evaluating [MeshPred] on [H36M_MESH]... costs 47.85s
	Evaluating [MeshInBetween] on [H36M_MESH]... costs 48.12s
+-------+------------+---------+-----------+-----------+--------+--------+--------+--------+--------+----------------+----------+---------------+-----------+--------+--------+--------+--------+----------------+----------+---------------+--------+--------+--------+--------+--------+----------------+----------+---------------+-----------+--------+--------+--------+--------+----------------+----------+---------------+
| Epoch |     lr     |  JOINT  |    MESH   |    ALL    | AMASS  |        |        |        |        |                |          |               | H36M_MESH |        |        |        |        |                |          |               | AMASS  |        |        |        |        |                |          |               | H36M_MESH |        |        |        |        |                |          |               |
+-------+------------+---------+-----------+-----------+--------+--------+--------+--------+--------+----------------+----------+---------------+-----------+--------+--------+--------+--------+----------------+----------+---------------+--------+--------+--------+--------+--------+----------------+----------+---------------+-----------+--------+--------+--------+--------+----------------+----------+---------------+
|   5   | 0.00019212 | 0.40131 | 327.77641 | 328.17772 |   PE   |  FPE   |   MC   |   MP   |  MIB   | MeshCompletion | MeshPred | MeshInBetween |     PE    |  FPE   |   MC   |   MP   |  MIB   | MeshCompletion | MeshPred | MeshInBetween |   PE   |  FPE   |   MC   |   MP   |  MIB   | MeshCompletion | MeshPred | MeshInBetween |     PE    |  FPE   |   MC   |   MP   |  MIB   | MeshCompletion | MeshPred | MeshInBetween |
|       |            |         |           |           | 106.29 | 111.94 | 129.79 | 109.94 | 105.11 |     131.31     |  129.03  |     127.29    |   213.33  | 219.73 | 236.97 | 212.32 | 201.22 |     244.36     |  243.42  |     241.09    | 110.29 | 121.83 | 126.66 | 119.12 | 108.58 |     143.56     |  138.83  |     133.06    |   316.21  | 320.32 | 320.04 | 308.27 | 296.93 |     342.20     |  334.88  |     333.56    |
+-------+------------+---------+-----------+-----------+--------+--------+--------+--------+--------+----------------+----------+---------------+-----------+--------+--------+--------+--------+----------------+----------+---------------+--------+--------+--------+--------+--------+----------------+----------+---------------+-----------+--------+--------+--------+--------+----------------+----------+---------------+
	Saving best checkpoints: [AMASS,PE] [AMASS,FPE] [AMASS,MC] [AMASS,MP] [AMASS,MIB] [AMASS,MeshCompletion] [AMASS,MeshPred] [AMASS,MeshInBetween] [H36M_MESH,PE] [H36M_MESH,FPE] [H36M_MESH,MC] [H36M_MESH,MP] [H36M_MESH,MIB] 

[5 end] Time cost: 162.64min 	| lr: 0.00019212
[6 start]
	Iter: 170/511; time cost: 46.21min; current batch has {'AMASS': 712, 'H36M_MESH': 312} samples; batch_size (total/sub): 1024/128
	query_id: 0, prompt_id: 27464
	Iter: 340/511; time cost: 92.30min; current batch has {'AMASS': 728, 'H36M_MESH': 296} samples; batch_size (total/sub): 1024/128
	Evaluating [PE] on [AMASS]... costs 130.12s
	Evaluating [FPE] on [AMASS]... costs 131.46s
	Evaluating [MC] on [AMASS]... costs 130.03s
	Evaluating [MP] on [AMASS]... costs 130.63s
	Evaluating [MIB] on [AMASS]... costs 131.07s
	Evaluating [MeshCompletion] on [AMASS]... costs 129.71s
	Evaluating [MeshPred] on [AMASS]... costs 130.81s
	Evaluating [MeshInBetween] on [AMASS]... costs 130.21s
	Evaluating [PE] on [H36M_MESH]... costs 47.84s
	Evaluating [FPE] on [H36M_MESH]... costs 47.80s
	Evaluating [MC] on [H36M_MESH]... costs 47.97s
	Evaluating [MP] on [H36M_MESH]... costs 47.76s
	Evaluating [MIB] on [H36M_MESH]... costs 47.65s
	Evaluating [MeshCompletion] on [H36M_MESH]... costs 47.59s
	Evaluating [MeshPred] on [H36M_MESH]... costs 47.77s
	Evaluating [MeshInBetween] on [H36M_MESH]... costs 47.77s
+-------+------------+---------+-----------+-----------+-------+--------+--------+--------+--------+----------------+----------+---------------+-----------+--------+--------+--------+--------+----------------+----------+---------------+--------+--------+--------+--------+--------+----------------+----------+---------------+-----------+--------+--------+--------+--------+----------------+----------+---------------+
| Epoch |     lr     |  JOINT  |    MESH   |    ALL    | AMASS |        |        |        |        |                |          |               | H36M_MESH |        |        |        |        |                |          |               | AMASS  |        |        |        |        |                |          |               | H36M_MESH |        |        |        |        |                |          |               |
+-------+------------+---------+-----------+-----------+-------+--------+--------+--------+--------+----------------+----------+---------------+-----------+--------+--------+--------+--------+----------------+----------+---------------+--------+--------+--------+--------+--------+----------------+----------+---------------+-----------+--------+--------+--------+--------+----------------+----------+---------------+
|   6   | 0.00019020 | 0.39293 | 321.06504 | 321.45797 |   PE  |  FPE   |   MC   |   MP   |  MIB   | MeshCompletion | MeshPred | MeshInBetween |     PE    |  FPE   |   MC   |   MP   |  MIB   | MeshCompletion | MeshPred | MeshInBetween |   PE   |  FPE   |   MC   |   MP   |  MIB   | MeshCompletion | MeshPred | MeshInBetween |     PE    |  FPE   |   MC   |   MP   |  MIB   | MeshCompletion | MeshPred | MeshInBetween |
|       |            |         |           |           | 96.32 | 102.76 | 120.32 | 101.78 | 96.80  |     118.73     |  117.13  |     113.17    |   178.10  | 188.66 | 203.30 | 183.91 | 168.73 |     246.35     |  244.45  |     242.06    | 107.17 | 117.24 | 122.95 | 115.26 | 107.23 |     141.42     |  134.27  |     127.81    |   226.83  | 241.61 | 238.25 | 239.36 | 215.17 |     344.27     |  335.61  |     334.79    |
+-------+------------+---------+-----------+-----------+-------+--------+--------+--------+--------+----------------+----------+---------------+-----------+--------+--------+--------+--------+----------------+----------+---------------+--------+--------+--------+--------+--------+----------------+----------+---------------+-----------+--------+--------+--------+--------+----------------+----------+---------------+
	Saving best checkpoints: [AMASS,PE] [AMASS,FPE] [AMASS,MC] [AMASS,MP] [AMASS,MIB] [AMASS,MeshCompletion] [AMASS,MeshPred] [AMASS,MeshInBetween] [H36M_MESH,PE] [H36M_MESH,FPE] [H36M_MESH,MC] [H36M_MESH,MP] [H36M_MESH,MIB] 

[6 end] Time cost: 163.16min 	| lr: 0.00019020
[7 start]
	Iter: 170/511; time cost: 46.16min; current batch has {'AMASS': 784, 'H36M_MESH': 240} samples; batch_size (total/sub): 1024/128
	Iter: 340/511; time cost: 92.12min; current batch has {'AMASS': 720, 'H36M_MESH': 304} samples; batch_size (total/sub): 1024/128
	query_id: 0, prompt_id: 10769
	Evaluating [PE] on [AMASS]... costs 130.00s
	Evaluating [FPE] on [AMASS]... costs 129.49s
	Evaluating [MC] on [AMASS]... costs 130.92s
	Evaluating [MP] on [AMASS]... costs 129.35s
	Evaluating [MIB] on [AMASS]... costs 130.91s
	Evaluating [MeshCompletion] on [AMASS]... costs 130.35s
	Evaluating [MeshPred] on [AMASS]... costs 130.79s
	Evaluating [MeshInBetween] on [AMASS]... costs 130.55s
	Evaluating [PE] on [H36M_MESH]... costs 47.76s
	Evaluating [FPE] on [H36M_MESH]... costs 47.30s
	Evaluating [MC] on [H36M_MESH]... costs 47.96s
	Evaluating [MP] on [H36M_MESH]... costs 48.09s
	Evaluating [MIB] on [H36M_MESH]... costs 47.94s
	Evaluating [MeshCompletion] on [H36M_MESH]... costs 47.61s
	Evaluating [MeshPred] on [H36M_MESH]... costs 47.78s
	Evaluating [MeshInBetween] on [H36M_MESH]... costs 47.72s
+-------+------------+---------+-----------+-----------+-------+--------+--------+--------+--------+----------------+----------+---------------+-----------+--------+--------+--------+--------+----------------+----------+---------------+--------+--------+--------+--------+--------+----------------+----------+---------------+-----------+--------+--------+--------+--------+----------------+----------+---------------+
| Epoch |     lr     |  JOINT  |    MESH   |    ALL    | AMASS |        |        |        |        |                |          |               | H36M_MESH |        |        |        |        |                |          |               | AMASS  |        |        |        |        |                |          |               | H36M_MESH |        |        |        |        |                |          |               |
+-------+------------+---------+-----------+-----------+-------+--------+--------+--------+--------+----------------+----------+---------------+-----------+--------+--------+--------+--------+----------------+----------+---------------+--------+--------+--------+--------+--------+----------------+----------+---------------+-----------+--------+--------+--------+--------+----------------+----------+---------------+
|   7   | 0.00018830 | 0.38135 | 314.40372 | 314.78507 |   PE  |  FPE   |   MC   |   MP   |  MIB   | MeshCompletion | MeshPred | MeshInBetween |     PE    |  FPE   |   MC   |   MP   |  MIB   | MeshCompletion | MeshPred | MeshInBetween |   PE   |  FPE   |   MC   |   MP   |  MIB   | MeshCompletion | MeshPred | MeshInBetween |     PE    |  FPE   |   MC   |   MP   |  MIB   | MeshCompletion | MeshPred | MeshInBetween |
|       |            |         |           |           | 93.67 | 100.98 | 120.34 | 99.53  | 94.13  |     110.74     |  107.23  |     102.74    |   182.63  | 192.95 | 209.17 | 189.58 | 174.90 |     252.63     |  250.57  |     248.05    | 105.30 | 115.79 | 122.39 | 113.55 | 104.72 |     128.62     |  120.11  |     113.46    |   225.15  | 237.83 | 237.40 | 236.85 | 215.49 |     341.89     |  334.51  |     333.45    |
+-------+------------+---------+-----------+-----------+-------+--------+--------+--------+--------+----------------+----------+---------------+-----------+--------+--------+--------+--------+----------------+----------+---------------+--------+--------+--------+--------+--------+----------------+----------+---------------+-----------+--------+--------+--------+--------+----------------+----------+---------------+
	Saving best checkpoints: [AMASS,PE] [AMASS,FPE] [AMASS,MP] [AMASS,MIB] [AMASS,MeshCompletion] [AMASS,MeshPred] [AMASS,MeshInBetween] 

[7 end] Time cost: 162.47min 	| lr: 0.00018830
[8 start]
	query_id: 0, prompt_id: 23700
	Iter: 170/511; time cost: 46.27min; current batch has {'AMASS': 656, 'H36M_MESH': 368} samples; batch_size (total/sub): 1024/128
	Iter: 340/511; time cost: 92.62min; current batch has {'AMASS': 760, 'H36M_MESH': 264} samples; batch_size (total/sub): 1024/128
	Evaluating [PE] on [AMASS]... costs 129.98s
	Evaluating [FPE] on [AMASS]... costs 129.76s
	Evaluating [MC] on [AMASS]... costs 130.33s
	Evaluating [MP] on [AMASS]... costs 129.33s
	Evaluating [MIB] on [AMASS]... costs 131.08s
	Evaluating [MeshCompletion] on [AMASS]... costs 130.75s
	Evaluating [MeshPred] on [AMASS]... costs 131.03s
	Evaluating [MeshInBetween] on [AMASS]... costs 130.86s
	Evaluating [PE] on [H36M_MESH]... costs 48.63s
	Evaluating [FPE] on [H36M_MESH]... costs 48.58s
	Evaluating [MC] on [H36M_MESH]... costs 48.27s
	Evaluating [MP] on [H36M_MESH]... costs 48.48s
	Evaluating [MIB] on [H36M_MESH]... costs 48.67s
	Evaluating [MeshCompletion] on [H36M_MESH]... costs 48.61s
	Evaluating [MeshPred] on [H36M_MESH]... costs 49.24s
	Evaluating [MeshInBetween] on [H36M_MESH]... costs 48.44s
+-------+------------+---------+-----------+-----------+--------+--------+--------+--------+--------+----------------+----------+---------------+-----------+--------+--------+--------+--------+----------------+----------+---------------+--------+--------+--------+--------+--------+----------------+----------+---------------+-----------+--------+--------+--------+--------+----------------+----------+---------------+
| Epoch |     lr     |  JOINT  |    MESH   |    ALL    | AMASS  |        |        |        |        |                |          |               | H36M_MESH |        |        |        |        |                |          |               | AMASS  |        |        |        |        |                |          |               | H36M_MESH |        |        |        |        |                |          |               |
+-------+------------+---------+-----------+-----------+--------+--------+--------+--------+--------+----------------+----------+---------------+-----------+--------+--------+--------+--------+----------------+----------+---------------+--------+--------+--------+--------+--------+----------------+----------+---------------+-----------+--------+--------+--------+--------+----------------+----------+---------------+
|   8   | 0.00018641 | 0.37702 | 312.32145 | 312.69847 |   PE   |  FPE   |   MC   |   MP   |  MIB   | MeshCompletion | MeshPred | MeshInBetween |     PE    |  FPE   |   MC   |   MP   |  MIB   | MeshCompletion | MeshPred | MeshInBetween |   PE   |  FPE   |   MC   |   MP   |  MIB   | MeshCompletion | MeshPred | MeshInBetween |     PE    |  FPE   |   MC   |   MP   |  MIB   | MeshCompletion | MeshPred | MeshInBetween |
|       |            |         |           |           | 104.25 | 113.05 | 128.30 | 113.45 | 104.03 |     125.53     |  122.82  |     118.03    |   177.72  | 189.12 | 204.10 | 185.15 | 169.84 |     250.57     |  249.33  |     247.68    | 104.40 | 118.03 | 120.66 | 115.23 | 101.48 |     133.79     |  125.32  |     117.88    |   223.00  | 238.28 | 237.89 | 233.87 | 211.97 |     339.34     |  331.11  |     330.61    |
+-------+------------+---------+-----------+-----------+--------+--------+--------+--------+--------+----------------+----------+---------------+-----------+--------+--------+--------+--------+----------------+----------+---------------+--------+--------+--------+--------+--------+----------------+----------+---------------+-----------+--------+--------+--------+--------+----------------+----------+---------------+
	Saving best checkpoints: [H36M_MESH,PE] 

[8 end] Time cost: 162.94min 	| lr: 0.00018641
[9 start]
	query_id: 0, prompt_id: 37650
	Iter: 170/511; time cost: 46.66min; current batch has {'AMASS': 720, 'H36M_MESH': 304} samples; batch_size (total/sub): 1024/128
	Iter: 340/511; time cost: 93.03min; current batch has {'AMASS': 808, 'H36M_MESH': 216} samples; batch_size (total/sub): 1024/128
	Evaluating [PE] on [AMASS]... costs 130.53s
	Evaluating [FPE] on [AMASS]... costs 130.84s
	Evaluating [MC] on [AMASS]... costs 134.13s
	Evaluating [MP] on [AMASS]... costs 131.55s
	Evaluating [MIB] on [AMASS]... costs 130.43s
	Evaluating [MeshCompletion] on [AMASS]... costs 129.39s
	Evaluating [MeshPred] on [AMASS]... costs 131.15s
	Evaluating [MeshInBetween] on [AMASS]... costs 128.89s
	Evaluating [PE] on [H36M_MESH]... costs 47.96s
	Evaluating [FPE] on [H36M_MESH]... costs 47.93s
	Evaluating [MC] on [H36M_MESH]... costs 48.02s
	Evaluating [MP] on [H36M_MESH]... costs 48.18s
	Evaluating [MIB] on [H36M_MESH]... costs 48.23s
	Evaluating [MeshCompletion] on [H36M_MESH]... costs 47.68s
	Evaluating [MeshPred] on [H36M_MESH]... costs 47.49s
	Evaluating [MeshInBetween] on [H36M_MESH]... costs 48.44s
+-------+------------+---------+-----------+-----------+-------+--------+--------+--------+--------+----------------+----------+---------------+-----------+--------+--------+--------+--------+----------------+----------+---------------+--------+--------+--------+--------+--------+----------------+----------+---------------+-----------+--------+--------+--------+--------+----------------+----------+---------------+
| Epoch |     lr     |  JOINT  |    MESH   |    ALL    | AMASS |        |        |        |        |                |          |               | H36M_MESH |        |        |        |        |                |          |               | AMASS  |        |        |        |        |                |          |               | H36M_MESH |        |        |        |        |                |          |               |
+-------+------------+---------+-----------+-----------+-------+--------+--------+--------+--------+----------------+----------+---------------+-----------+--------+--------+--------+--------+----------------+----------+---------------+--------+--------+--------+--------+--------+----------------+----------+---------------+-----------+--------+--------+--------+--------+----------------+----------+---------------+
|   9   | 0.00018455 | 0.37341 | 309.83487 | 310.20828 |   PE  |  FPE   |   MC   |   MP   |  MIB   | MeshCompletion | MeshPred | MeshInBetween |     PE    |  FPE   |   MC   |   MP   |  MIB   | MeshCompletion | MeshPred | MeshInBetween |   PE   |  FPE   |   MC   |   MP   |  MIB   | MeshCompletion | MeshPred | MeshInBetween |     PE    |  FPE   |   MC   |   MP   |  MIB   | MeshCompletion | MeshPred | MeshInBetween |
|       |            |         |           |           | 98.53 | 108.76 | 125.08 | 108.38 | 98.79  |     119.34     |  117.23  |     111.79    |   193.54  | 205.81 | 221.41 | 198.53 | 181.40 |     256.55     |  254.78  |     252.70    | 107.64 | 122.45 | 124.78 | 120.18 | 105.38 |     132.80     |  126.32  |     117.42    |   219.30  | 237.97 | 232.78 | 229.25 | 203.18 |     336.81     |  329.39  |     326.41    |
+-------+------------+---------+-----------+-----------+-------+--------+--------+--------+--------+----------------+----------+---------------+-----------+--------+--------+--------+--------+----------------+----------+---------------+--------+--------+--------+--------+--------+----------------+----------+---------------+-----------+--------+--------+--------+--------+----------------+----------+---------------+
	Saving best checkpoints: 

[9 end] Time cost: 163.37min 	| lr: 0.00018455
[10 start]
	Iter: 170/511; time cost: 46.29min; current batch has {'AMASS': 688, 'H36M_MESH': 336} samples; batch_size (total/sub): 1024/128
	Iter: 340/511; time cost: 92.36min; current batch has {'AMASS': 768, 'H36M_MESH': 256} samples; batch_size (total/sub): 1024/128
	query_id: 0, prompt_id: 14366
	Evaluating [PE] on [AMASS]... costs 133.44s
	Evaluating [FPE] on [AMASS]... costs 131.14s
	Evaluating [MC] on [AMASS]... costs 129.54s
	Evaluating [MP] on [AMASS]... costs 130.65s
	Evaluating [MIB] on [AMASS]... costs 131.06s
	Evaluating [MeshCompletion] on [AMASS]... costs 129.32s
	Evaluating [MeshPred] on [AMASS]... costs 129.83s
	Evaluating [MeshInBetween] on [AMASS]... costs 129.56s
	Evaluating [PE] on [H36M_MESH]... costs 47.92s
	Evaluating [FPE] on [H36M_MESH]... costs 48.25s
	Evaluating [MC] on [H36M_MESH]... costs 47.70s
	Evaluating [MP] on [H36M_MESH]... costs 47.31s
	Evaluating [MIB] on [H36M_MESH]... costs 48.20s
	Evaluating [MeshCompletion] on [H36M_MESH]... costs 47.52s
	Evaluating [MeshPred] on [H36M_MESH]... costs 47.98s
	Evaluating [MeshInBetween] on [H36M_MESH]... costs 47.60s
+-------+------------+---------+-----------+-----------+--------+--------+--------+--------+--------+----------------+----------+---------------+-----------+--------+--------+--------+--------+----------------+----------+---------------+--------+--------+--------+--------+--------+----------------+----------+---------------+-----------+--------+--------+--------+--------+----------------+----------+---------------+
| Epoch |     lr     |  JOINT  |    MESH   |    ALL    | AMASS  |        |        |        |        |                |          |               | H36M_MESH |        |        |        |        |                |          |               | AMASS  |        |        |        |        |                |          |               | H36M_MESH |        |        |        |        |                |          |               |
+-------+------------+---------+-----------+-----------+--------+--------+--------+--------+--------+----------------+----------+---------------+-----------+--------+--------+--------+--------+----------------+----------+---------------+--------+--------+--------+--------+--------+----------------+----------+---------------+-----------+--------+--------+--------+--------+----------------+----------+---------------+
|   10  | 0.00018270 | 0.37603 | 311.89250 | 312.26853 |   PE   |  FPE   |   MC   |   MP   |  MIB   | MeshCompletion | MeshPred | MeshInBetween |     PE    |  FPE   |   MC   |   MP   |  MIB   | MeshCompletion | MeshPred | MeshInBetween |   PE   |  FPE   |   MC   |   MP   |  MIB   | MeshCompletion | MeshPred | MeshInBetween |     PE    |  FPE   |   MC   |   MP   |  MIB   | MeshCompletion | MeshPred | MeshInBetween |
|       |            |         |           |           | 107.99 | 113.41 | 131.43 | 111.03 | 106.66 |     127.82     |  120.19  |     117.21    |   210.71  | 216.32 | 223.45 | 192.37 | 184.83 |     244.77     |  242.98  |     241.40    | 114.02 | 123.42 | 130.79 | 116.68 | 108.52 |     137.04     |  127.99  |     121.26    |   276.74  | 286.09 | 260.18 | 241.52 | 226.34 |     339.58     |  332.36  |     331.15    |
+-------+------------+---------+-----------+-----------+--------+--------+--------+--------+--------+----------------+----------+---------------+-----------+--------+--------+--------+--------+----------------+----------+---------------+--------+--------+--------+--------+--------+----------------+----------+---------------+-----------+--------+--------+--------+--------+----------------+----------+---------------+
	Saving best checkpoints: 

[10 end] Time cost: 162.38min 	| lr: 0.00018270
[11 start]
	Iter: 170/511; time cost: 46.41min; current batch has {'AMASS': 672, 'H36M_MESH': 352} samples; batch_size (total/sub): 1024/128
	query_id: 0, prompt_id: 9852
	Iter: 340/511; time cost: 92.68min; current batch has {'AMASS': 704, 'H36M_MESH': 320} samples; batch_size (total/sub): 1024/128
	Evaluating [PE] on [AMASS]... costs 132.12s
	Evaluating [FPE] on [AMASS]... costs 131.53s
	Evaluating [MC] on [AMASS]... costs 130.10s
	Evaluating [MP] on [AMASS]... costs 130.23s
	Evaluating [MIB] on [AMASS]... costs 130.29s
	Evaluating [MeshCompletion] on [AMASS]... costs 132.01s
	Evaluating [MeshPred] on [AMASS]... costs 130.92s
	Evaluating [MeshInBetween] on [AMASS]... costs 131.29s
	Evaluating [PE] on [H36M_MESH]... costs 48.17s
	Evaluating [FPE] on [H36M_MESH]... costs 48.19s
	Evaluating [MC] on [H36M_MESH]... costs 48.52s
	Evaluating [MP] on [H36M_MESH]... costs 48.62s
	Evaluating [MIB] on [H36M_MESH]... costs 47.90s
	Evaluating [MeshCompletion] on [H36M_MESH]... costs 48.03s
	Evaluating [MeshPred] on [H36M_MESH]... costs 48.86s
	Evaluating [MeshInBetween] on [H36M_MESH]... costs 48.95s
+-------+------------+---------+-----------+-----------+--------+--------+--------+--------+--------+----------------+----------+---------------+-----------+--------+--------+--------+--------+----------------+----------+---------------+-------+--------+--------+--------+--------+----------------+----------+---------------+-----------+--------+--------+--------+--------+----------------+----------+---------------+
| Epoch |     lr     |  JOINT  |    MESH   |    ALL    | AMASS  |        |        |        |        |                |          |               | H36M_MESH |        |        |        |        |                |          |               | AMASS |        |        |        |        |                |          |               | H36M_MESH |        |        |        |        |                |          |               |
+-------+------------+---------+-----------+-----------+--------+--------+--------+--------+--------+----------------+----------+---------------+-----------+--------+--------+--------+--------+----------------+----------+---------------+-------+--------+--------+--------+--------+----------------+----------+---------------+-----------+--------+--------+--------+--------+----------------+----------+---------------+
|   11  | 0.00018088 | 0.36482 | 305.44342 | 305.80824 |   PE   |  FPE   |   MC   |   MP   |  MIB   | MeshCompletion | MeshPred | MeshInBetween |     PE    |  FPE   |   MC   |   MP   |  MIB   | MeshCompletion | MeshPred | MeshInBetween |   PE  |  FPE   |   MC   |   MP   |  MIB   | MeshCompletion | MeshPred | MeshInBetween |     PE    |  FPE   |   MC   |   MP   |  MIB   | MeshCompletion | MeshPred | MeshInBetween |
|       |            |         |           |           | 107.56 | 115.10 | 134.65 | 113.37 | 106.94 |     123.10     |  119.05  |     114.17    |   191.95  | 199.54 | 224.81 | 190.26 | 179.57 |     258.56     |  256.54  |     253.78    | 99.54 | 110.71 | 117.87 | 107.48 | 97.27  |     121.55     |  113.12  |     105.33    |   218.34  | 231.15 | 238.08 | 222.36 | 202.83 |     332.41     |  325.93  |     322.75    |
+-------+------------+---------+-----------+-----------+--------+--------+--------+--------+--------+----------------+----------+---------------+-----------+--------+--------+--------+--------+----------------+----------+---------------+-------+--------+--------+--------+--------+----------------+----------+---------------+-----------+--------+--------+--------+--------+----------------+----------+---------------+
	Saving best checkpoints: 

[11 end] Time cost: 163.27min 	| lr: 0.00018088
[12 start]
	Iter: 170/511; time cost: 46.77min; current batch has {'AMASS': 776, 'H36M_MESH': 248} samples; batch_size (total/sub): 1024/128
	query_id: 0, prompt_id: 4496
	Iter: 340/511; time cost: 93.16min; current batch has {'AMASS': 784, 'H36M_MESH': 240} samples; batch_size (total/sub): 1024/128
[12 end] Time cost: 139.30min 	| lr: 0.00017907
[13 start]
	query_id: 0, prompt_id: 22586
	Iter: 170/511; time cost: 46.29min; current batch has {'AMASS': 696, 'H36M_MESH': 328} samples; batch_size (total/sub): 1024/128
	Iter: 340/511; time cost: 92.33min; current batch has {'AMASS': 688, 'H36M_MESH': 336} samples; batch_size (total/sub): 1024/128
	Evaluating [PE] on [AMASS]... costs 128.28s
	Evaluating [FPE] on [AMASS]... costs 128.37s
	Evaluating [MC] on [AMASS]... costs 127.84s
	Evaluating [MP] on [AMASS]... costs 129.27s
	Evaluating [MIB] on [AMASS]... costs 129.53s
	Evaluating [MeshCompletion] on [AMASS]... costs 128.71s
	Evaluating [MeshPred] on [AMASS]... costs 128.57s
	Evaluating [MeshInBetween] on [AMASS]... costs 129.47s
	Evaluating [PE] on [H36M_MESH]... costs 47.80s
	Evaluating [FPE] on [H36M_MESH]... costs 47.72s
	Evaluating [MC] on [H36M_MESH]... costs 47.73s
	Evaluating [MP] on [H36M_MESH]... costs 47.66s
	Evaluating [MIB] on [H36M_MESH]... costs 47.79s
	Evaluating [MeshCompletion] on [H36M_MESH]... costs 47.56s
	Evaluating [MeshPred] on [H36M_MESH]... costs 47.60s
	Evaluating [MeshInBetween] on [H36M_MESH]... costs 48.08s
+-------+------------+---------+-----------+-----------+-------+--------+--------+--------+--------+----------------+----------+---------------+-----------+--------+--------+--------+--------+----------------+----------+---------------+-------+--------+--------+--------+--------+----------------+----------+---------------+-----------+--------+--------+--------+--------+----------------+----------+---------------+
| Epoch |     lr     |  JOINT  |    MESH   |    ALL    | AMASS |        |        |        |        |                |          |               | H36M_MESH |        |        |        |        |                |          |               | AMASS |        |        |        |        |                |          |               | H36M_MESH |        |        |        |        |                |          |               |
+-------+------------+---------+-----------+-----------+-------+--------+--------+--------+--------+----------------+----------+---------------+-----------+--------+--------+--------+--------+----------------+----------+---------------+-------+--------+--------+--------+--------+----------------+----------+---------------+-----------+--------+--------+--------+--------+----------------+----------+---------------+
|   13  | 0.00017728 | 0.36041 | 303.39785 | 303.75826 |   PE  |  FPE   |   MC   |   MP   |  MIB   | MeshCompletion | MeshPred | MeshInBetween |     PE    |  FPE   |   MC   |   MP   |  MIB   | MeshCompletion | MeshPred | MeshInBetween |   PE  |  FPE   |   MC   |   MP   |  MIB   | MeshCompletion | MeshPred | MeshInBetween |     PE    |  FPE   |   MC   |   MP   |  MIB   | MeshCompletion | MeshPred | MeshInBetween |
|       |            |         |           |           | 90.90 | 98.00  | 118.93 | 97.05  | 90.96  |     110.57     |  107.29  |     103.07    |   183.57  | 189.74 | 211.90 | 178.04 | 167.71 |     244.63     |  241.91  |     237.90    | 98.64 | 108.40 | 117.31 | 106.21 | 96.95  |     127.32     |  118.45  |     112.38    |   217.77  | 226.52 | 232.66 | 216.57 | 199.35 |     333.55     |  324.65  |     320.52    |
+-------+------------+---------+-----------+-----------+-------+--------+--------+--------+--------+----------------+----------+---------------+-----------+--------+--------+--------+--------+----------------+----------+---------------+-------+--------+--------+--------+--------+----------------+----------+---------------+-----------+--------+--------+--------+--------+----------------+----------+---------------+
	Saving best checkpoints: [AMASS,PE] [AMASS,FPE] [AMASS,MC] [AMASS,MP] [AMASS,MIB] [AMASS,MeshCompletion] [H36M_MESH,MP] [H36M_MESH,MIB] 

[13 end] Time cost: 162.80min 	| lr: 0.00017728
[14 start]
	query_id: 0, prompt_id: 6907
	Iter: 170/511; time cost: 45.97min; current batch has {'AMASS': 624, 'H36M_MESH': 400} samples; batch_size (total/sub): 1024/128
	Iter: 340/511; time cost: 91.74min; current batch has {'AMASS': 744, 'H36M_MESH': 280} samples; batch_size (total/sub): 1024/128
[14 end] Time cost: 137.59min 	| lr: 0.00017550
[15 start]
	query_id: 0, prompt_id: 11075
	Iter: 170/511; time cost: 46.06min; current batch has {'AMASS': 776, 'H36M_MESH': 248} samples; batch_size (total/sub): 1024/128
	Iter: 340/511; time cost: 91.80min; current batch has {'AMASS': 688, 'H36M_MESH': 336} samples; batch_size (total/sub): 1024/128
	Evaluating [PE] on [AMASS]... costs 128.26s
	Evaluating [FPE] on [AMASS]... costs 127.08s
	Evaluating [MC] on [AMASS]... costs 127.69s
	Evaluating [MP] on [AMASS]... costs 128.39s
	Evaluating [MIB] on [AMASS]... costs 128.96s
	Evaluating [MeshCompletion] on [AMASS]... costs 128.43s
	Evaluating [MeshPred] on [AMASS]... costs 127.80s
	Evaluating [MeshInBetween] on [AMASS]... costs 128.33s
	Evaluating [PE] on [H36M_MESH]... costs 47.55s
	Evaluating [FPE] on [H36M_MESH]... costs 47.59s
	Evaluating [MC] on [H36M_MESH]... costs 47.24s
	Evaluating [MP] on [H36M_MESH]... costs 47.42s
	Evaluating [MIB] on [H36M_MESH]... costs 47.36s
	Evaluating [MeshCompletion] on [H36M_MESH]... costs 47.33s
	Evaluating [MeshPred] on [H36M_MESH]... costs 47.42s
	Evaluating [MeshInBetween] on [H36M_MESH]... costs 47.74s
+-------+------------+---------+-----------+-----------+-------+--------+--------+--------+--------+----------------+----------+---------------+-----------+--------+--------+--------+--------+----------------+----------+---------------+--------+--------+--------+--------+--------+----------------+----------+---------------+-----------+--------+--------+--------+--------+----------------+----------+---------------+
| Epoch |     lr     |  JOINT  |    MESH   |    ALL    | AMASS |        |        |        |        |                |          |               | H36M_MESH |        |        |        |        |                |          |               | AMASS  |        |        |        |        |                |          |               | H36M_MESH |        |        |        |        |                |          |               |
+-------+------------+---------+-----------+-----------+-------+--------+--------+--------+--------+----------------+----------+---------------+-----------+--------+--------+--------+--------+----------------+----------+---------------+--------+--------+--------+--------+--------+----------------+----------+---------------+-----------+--------+--------+--------+--------+----------------+----------+---------------+
|   15  | 0.00017375 | 0.35612 | 301.26364 | 301.61977 |   PE  |  FPE   |   MC   |   MP   |  MIB   | MeshCompletion | MeshPred | MeshInBetween |     PE    |  FPE   |   MC   |   MP   |  MIB   | MeshCompletion | MeshPred | MeshInBetween |   PE   |  FPE   |   MC   |   MP   |  MIB   | MeshCompletion | MeshPred | MeshInBetween |     PE    |  FPE   |   MC   |   MP   |  MIB   | MeshCompletion | MeshPred | MeshInBetween |
|       |            |         |           |           | 85.07 | 95.54  | 112.80 | 93.95  | 84.09  |     102.42     |  99.48   |     93.87     |   175.40  | 188.68 | 205.70 | 180.04 | 162.68 |     239.54     |  238.64  |     234.76    | 102.94 | 116.91 | 119.42 | 110.61 | 97.87  |     121.38     |  112.93  |     103.80    |   209.08  | 230.46 | 228.06 | 223.10 | 194.21 |     329.56     |  322.96  |     318.90    |
+-------+------------+---------+-----------+-----------+-------+--------+--------+--------+--------+----------------+----------+---------------+-----------+--------+--------+--------+--------+----------------+----------+---------------+--------+--------+--------+--------+--------+----------------+----------+---------------+-----------+--------+--------+--------+--------+----------------+----------+---------------+
	Saving best checkpoints: [AMASS,PE] [AMASS,FPE] [AMASS,MC] [AMASS,MP] [AMASS,MIB] [AMASS,MeshCompletion] [AMASS,MeshPred] [AMASS,MeshInBetween] [H36M_MESH,PE] [H36M_MESH,MIB] [H36M_MESH,MeshCompletion] [H36M_MESH,MeshPred] [H36M_MESH,MeshInBetween] 

[15 end] Time cost: 162.04min 	| lr: 0.00017375
[16 start]
	Iter: 170/511; time cost: 45.97min; current batch has {'AMASS': 728, 'H36M_MESH': 296} samples; batch_size (total/sub): 1024/128
	query_id: 0, prompt_id: 39062
	Iter: 340/511; time cost: 91.62min; current batch has {'AMASS': 712, 'H36M_MESH': 312} samples; batch_size (total/sub): 1024/128
[16 end] Time cost: 137.52min 	| lr: 0.00017201
[17 start]
	Iter: 170/511; time cost: 46.13min; current batch has {'AMASS': 664, 'H36M_MESH': 360} samples; batch_size (total/sub): 1024/128
	Iter: 340/511; time cost: 91.96min; current batch has {'AMASS': 792, 'H36M_MESH': 232} samples; batch_size (total/sub): 1024/128
	query_id: 0, prompt_id: 34135
	Evaluating [PE] on [AMASS]... costs 127.50s
	Evaluating [FPE] on [AMASS]... costs 127.21s
	Evaluating [MC] on [AMASS]... costs 127.59s
	Evaluating [MP] on [AMASS]... costs 128.34s
	Evaluating [MIB] on [AMASS]... costs 129.23s
	Evaluating [MeshCompletion] on [AMASS]... costs 128.51s
	Evaluating [MeshPred] on [AMASS]... costs 127.82s
	Evaluating [MeshInBetween] on [AMASS]... costs 128.14s
	Evaluating [PE] on [H36M_MESH]... costs 46.69s
	Evaluating [FPE] on [H36M_MESH]... costs 46.94s
	Evaluating [MC] on [H36M_MESH]... costs 47.09s
	Evaluating [MP] on [H36M_MESH]... costs 46.87s
	Evaluating [MIB] on [H36M_MESH]... costs 47.23s
	Evaluating [MeshCompletion] on [H36M_MESH]... costs 46.79s
	Evaluating [MeshPred] on [H36M_MESH]... costs 46.92s
	Evaluating [MeshInBetween] on [H36M_MESH]... costs 46.95s
+-------+------------+---------+-----------+-----------+-------+--------+--------+--------+--------+----------------+----------+---------------+-----------+--------+--------+--------+--------+----------------+----------+---------------+-------+--------+--------+--------+--------+----------------+----------+---------------+-----------+--------+--------+--------+--------+----------------+----------+---------------+
| Epoch |     lr     |  JOINT  |    MESH   |    ALL    | AMASS |        |        |        |        |                |          |               | H36M_MESH |        |        |        |        |                |          |               | AMASS |        |        |        |        |                |          |               | H36M_MESH |        |        |        |        |                |          |               |
+-------+------------+---------+-----------+-----------+-------+--------+--------+--------+--------+----------------+----------+---------------+-----------+--------+--------+--------+--------+----------------+----------+---------------+-------+--------+--------+--------+--------+----------------+----------+---------------+-----------+--------+--------+--------+--------+----------------+----------+---------------+
|   17  | 0.00017029 | 0.34482 | 294.62525 | 294.97007 |   PE  |  FPE   |   MC   |   MP   |  MIB   | MeshCompletion | MeshPred | MeshInBetween |     PE    |  FPE   |   MC   |   MP   |  MIB   | MeshCompletion | MeshPred | MeshInBetween |   PE  |  FPE   |   MC   |   MP   |  MIB   | MeshCompletion | MeshPred | MeshInBetween |     PE    |  FPE   |   MC   |   MP   |  MIB   | MeshCompletion | MeshPred | MeshInBetween |
|       |            |         |           |           | 84.91 | 96.92  | 112.23 | 94.63  | 84.11  |     103.04     |  98.96   |     92.41     |   153.30  | 172.26 | 187.18 | 162.79 | 142.92 |     224.47     |  225.70  |     218.79    | 93.04 | 110.28 | 112.26 | 107.17 | 91.06  |     118.06     |  108.85  |     99.47     |   190.52  | 217.56 | 212.14 | 205.85 | 175.81 |     320.89     |  314.74  |     308.68    |
+-------+------------+---------+-----------+-----------+-------+--------+--------+--------+--------+----------------+----------+---------------+-----------+--------+--------+--------+--------+----------------+----------+---------------+-------+--------+--------+--------+--------+----------------+----------+---------------+-----------+--------+--------+--------+--------+----------------+----------+---------------+
	Saving best checkpoints: [AMASS,PE] [AMASS,MC] [AMASS,MeshPred] [AMASS,MeshInBetween] [H36M_MESH,PE] [H36M_MESH,FPE] [H36M_MESH,MC] [H36M_MESH,MP] [H36M_MESH,MIB] [H36M_MESH,MeshCompletion] [H36M_MESH,MeshPred] [H36M_MESH,MeshInBetween] 

[17 end] Time cost: 162.07min 	| lr: 0.00017029
[18 start]
	Iter: 170/511; time cost: 46.01min; current batch has {'AMASS': 736, 'H36M_MESH': 288} samples; batch_size (total/sub): 1024/128
	query_id: 0, prompt_id: 30726
	Iter: 340/511; time cost: 91.81min; current batch has {'AMASS': 680, 'H36M_MESH': 344} samples; batch_size (total/sub): 1024/128
[18 end] Time cost: 137.65min 	| lr: 0.00016859
[19 start]
	query_id: 0, prompt_id: 36999
	Iter: 170/511; time cost: 46.20min; current batch has {'AMASS': 680, 'H36M_MESH': 344} samples; batch_size (total/sub): 1024/128
	Iter: 340/511; time cost: 92.16min; current batch has {'AMASS': 704, 'H36M_MESH': 320} samples; batch_size (total/sub): 1024/128
	Evaluating [PE] on [AMASS]... costs 127.96s
	Evaluating [FPE] on [AMASS]... costs 126.68s
	Evaluating [MC] on [AMASS]... costs 128.47s
	Evaluating [MP] on [AMASS]... costs 128.75s
	Evaluating [MIB] on [AMASS]... costs 129.31s
	Evaluating [MeshCompletion] on [AMASS]... costs 128.80s
	Evaluating [MeshPred] on [AMASS]... costs 128.19s
	Evaluating [MeshInBetween] on [AMASS]... costs 130.35s
	Evaluating [PE] on [H36M_MESH]... costs 47.27s
	Evaluating [FPE] on [H36M_MESH]... costs 47.11s
	Evaluating [MC] on [H36M_MESH]... costs 47.69s
	Evaluating [MP] on [H36M_MESH]... costs 47.28s
	Evaluating [MIB] on [H36M_MESH]... costs 47.06s
	Evaluating [MeshCompletion] on [H36M_MESH]... costs 47.60s
	Evaluating [MeshPred] on [H36M_MESH]... costs 47.73s
	Evaluating [MeshInBetween] on [H36M_MESH]... costs 47.72s
+-------+------------+---------+-----------+-----------+-------+--------+--------+--------+--------+----------------+----------+---------------+-----------+--------+--------+--------+--------+----------------+----------+---------------+-------+--------+--------+--------+--------+----------------+----------+---------------+-----------+--------+--------+--------+--------+----------------+----------+---------------+
| Epoch |     lr     |  JOINT  |    MESH   |    ALL    | AMASS |        |        |        |        |                |          |               | H36M_MESH |        |        |        |        |                |          |               | AMASS |        |        |        |        |                |          |               | H36M_MESH |        |        |        |        |                |          |               |
+-------+------------+---------+-----------+-----------+-------+--------+--------+--------+--------+----------------+----------+---------------+-----------+--------+--------+--------+--------+----------------+----------+---------------+-------+--------+--------+--------+--------+----------------+----------+---------------+-----------+--------+--------+--------+--------+----------------+----------+---------------+
|   19  | 0.00016690 | 0.32710 | 284.85647 | 285.18356 |   PE  |  FPE   |   MC   |   MP   |  MIB   | MeshCompletion | MeshPred | MeshInBetween |     PE    |  FPE   |   MC   |   MP   |  MIB   | MeshCompletion | MeshPred | MeshInBetween |   PE  |  FPE   |   MC   |   MP   |  MIB   | MeshCompletion | MeshPred | MeshInBetween |     PE    |  FPE   |   MC   |   MP   |  MIB   | MeshCompletion | MeshPred | MeshInBetween |
|       |            |         |           |           | 84.80 | 97.01  | 109.39 | 87.58  | 78.15  |     98.92      |  93.48   |     86.15     |   130.80  | 163.03 | 155.42 | 144.78 | 111.68 |     219.66     |  223.96  |     215.24    | 91.01 | 107.23 | 103.29 | 92.91  | 79.55  |     109.96     |  96.69   |     86.70     |   165.43  | 209.88 | 170.13 | 182.10 | 131.50 |     312.27     |  309.62  |     297.52    |
+-------+------------+---------+-----------+-----------+-------+--------+--------+--------+--------+----------------+----------+---------------+-----------+--------+--------+--------+--------+----------------+----------+---------------+-------+--------+--------+--------+--------+----------------+----------+---------------+-----------+--------+--------+--------+--------+----------------+----------+---------------+
	Saving best checkpoints: [AMASS,PE] [AMASS,MC] [AMASS,MP] [AMASS,MIB] [AMASS,MeshCompletion] [AMASS,MeshPred] [AMASS,MeshInBetween] [H36M_MESH,PE] [H36M_MESH,FPE] [H36M_MESH,MC] [H36M_MESH,MP] [H36M_MESH,MIB] [H36M_MESH,MeshCompletion] [H36M_MESH,MeshPred] [H36M_MESH,MeshInBetween] 

[19 end] Time cost: 162.73min 	| lr: 0.00016690
[20 start]
	query_id: 0, prompt_id: 36465
	Iter: 170/511; time cost: 46.09min; current batch has {'AMASS': 744, 'H36M_MESH': 280} samples; batch_size (total/sub): 1024/128
	Iter: 340/511; time cost: 91.97min; current batch has {'AMASS': 680, 'H36M_MESH': 344} samples; batch_size (total/sub): 1024/128
[20 end] Time cost: 137.87min 	| lr: 0.00016523
[21 start]
	Iter: 170/511; time cost: 46.55min; current batch has {'AMASS': 640, 'H36M_MESH': 384} samples; batch_size (total/sub): 1024/128
	Iter: 340/511; time cost: 93.07min; current batch has {'AMASS': 696, 'H36M_MESH': 328} samples; batch_size (total/sub): 1024/128
	query_id: 0, prompt_id: 6943
	Evaluating [PE] on [AMASS]... costs 129.77s
	Evaluating [FPE] on [AMASS]... costs 128.13s
	Evaluating [MC] on [AMASS]... costs 129.78s
	Evaluating [MP] on [AMASS]... costs 128.28s
	Evaluating [MIB] on [AMASS]... costs 129.61s
	Evaluating [MeshCompletion] on [AMASS]... costs 130.10s
	Evaluating [MeshPred] on [AMASS]... costs 129.65s
	Evaluating [MeshInBetween] on [AMASS]... costs 130.81s
	Evaluating [PE] on [H36M_MESH]... costs 47.91s
	Evaluating [FPE] on [H36M_MESH]... costs 48.22s
	Evaluating [MC] on [H36M_MESH]... costs 48.62s
	Evaluating [MP] on [H36M_MESH]... costs 48.46s
	Evaluating [MIB] on [H36M_MESH]... costs 51.97s
	Evaluating [MeshCompletion] on [H36M_MESH]... costs 48.55s
	Evaluating [MeshPred] on [H36M_MESH]... costs 47.80s
	Evaluating [MeshInBetween] on [H36M_MESH]... costs 48.86s
+-------+------------+---------+-----------+-----------+-------+--------+--------+--------+--------+----------------+----------+---------------+-----------+--------+--------+--------+--------+----------------+----------+---------------+-------+--------+--------+--------+--------+----------------+----------+---------------+-----------+--------+--------+--------+--------+----------------+----------+---------------+
| Epoch |     lr     |  JOINT  |    MESH   |    ALL    | AMASS |        |        |        |        |                |          |               | H36M_MESH |        |        |        |        |                |          |               | AMASS |        |        |        |        |                |          |               | H36M_MESH |        |        |        |        |                |          |               |
+-------+------------+---------+-----------+-----------+-------+--------+--------+--------+--------+----------------+----------+---------------+-----------+--------+--------+--------+--------+----------------+----------+---------------+-------+--------+--------+--------+--------+----------------+----------+---------------+-----------+--------+--------+--------+--------+----------------+----------+---------------+
|   21  | 0.00016358 | 0.30880 | 275.13477 | 275.44356 |   PE  |  FPE   |   MC   |   MP   |  MIB   | MeshCompletion | MeshPred | MeshInBetween |     PE    |  FPE   |   MC   |   MP   |  MIB   | MeshCompletion | MeshPred | MeshInBetween |   PE  |  FPE   |   MC   |   MP   |  MIB   | MeshCompletion | MeshPred | MeshInBetween |     PE    |  FPE   |   MC   |   MP   |  MIB   | MeshCompletion | MeshPred | MeshInBetween |
|       |            |         |           |           | 76.18 | 86.62  | 95.33  | 74.39  | 66.12  |     91.91      |  84.52   |     77.03     |   129.08  | 160.59 | 133.29 | 134.89 | 94.89  |     205.91     |  216.58  |     198.81    | 92.75 | 105.33 | 96.54  | 87.67  | 77.82  |     108.81     |  93.65   |     82.81     |   155.55  | 201.72 | 137.69 | 167.27 | 107.53 |     287.22     |  294.58  |     270.41    |
+-------+------------+---------+-----------+-----------+-------+--------+--------+--------+--------+----------------+----------+---------------+-----------+--------+--------+--------+--------+----------------+----------+---------------+-------+--------+--------+--------+--------+----------------+----------+---------------+-----------+--------+--------+--------+--------+----------------+----------+---------------+
	Saving best checkpoints: [AMASS,PE] [AMASS,FPE] [AMASS,MC] [AMASS,MP] [AMASS,MIB] [AMASS,MeshCompletion] [AMASS,MeshPred] [AMASS,MeshInBetween] [H36M_MESH,PE] [H36M_MESH,FPE] [H36M_MESH,MC] [H36M_MESH,MP] [H36M_MESH,MIB] [H36M_MESH,MeshCompletion] [H36M_MESH,MeshPred] [H36M_MESH,MeshInBetween] 

[21 end] Time cost: 164.52min 	| lr: 0.00016358
[22 start]
	query_id: 0, prompt_id: 5150
	Iter: 170/511; time cost: 46.10min; current batch has {'AMASS': 688, 'H36M_MESH': 336} samples; batch_size (total/sub): 1024/128
	Iter: 340/511; time cost: 92.48min; current batch has {'AMASS': 752, 'H36M_MESH': 272} samples; batch_size (total/sub): 1024/128
[22 end] Time cost: 138.67min 	| lr: 0.00016195
[23 start]
	Iter: 170/511; time cost: 46.23min; current batch has {'AMASS': 752, 'H36M_MESH': 272} samples; batch_size (total/sub): 1024/128
	query_id: 0, prompt_id: 41633
	Iter: 340/511; time cost: 92.28min; current batch has {'AMASS': 728, 'H36M_MESH': 296} samples; batch_size (total/sub): 1024/128
	Evaluating [PE] on [AMASS]... costs 129.01s
	Evaluating [FPE] on [AMASS]... costs 128.98s
	Evaluating [MC] on [AMASS]... costs 128.89s
	Evaluating [MP] on [AMASS]... costs 129.28s
	Evaluating [MIB] on [AMASS]... costs 129.62s
	Evaluating [MeshCompletion] on [AMASS]... costs 130.19s
	Evaluating [MeshPred] on [AMASS]... costs 128.72s
	Evaluating [MeshInBetween] on [AMASS]... costs 129.57s
	Evaluating [PE] on [H36M_MESH]... costs 48.11s
	Evaluating [FPE] on [H36M_MESH]... costs 48.63s
	Evaluating [MC] on [H36M_MESH]... costs 48.56s
	Evaluating [MP] on [H36M_MESH]... costs 48.39s
	Evaluating [MIB] on [H36M_MESH]... costs 48.53s
	Evaluating [MeshCompletion] on [H36M_MESH]... costs 48.01s
	Evaluating [MeshPred] on [H36M_MESH]... costs 48.35s
	Evaluating [MeshInBetween] on [H36M_MESH]... costs 48.17s
+-------+------------+---------+-----------+-----------+-------+--------+--------+--------+--------+----------------+----------+---------------+-----------+--------+--------+--------+--------+----------------+----------+---------------+-------+--------+--------+--------+--------+----------------+----------+---------------+-----------+--------+--------+--------+--------+----------------+----------+---------------+
| Epoch |     lr     |  JOINT  |    MESH   |    ALL    | AMASS |        |        |        |        |                |          |               | H36M_MESH |        |        |        |        |                |          |               | AMASS |        |        |        |        |                |          |               | H36M_MESH |        |        |        |        |                |          |               |
+-------+------------+---------+-----------+-----------+-------+--------+--------+--------+--------+----------------+----------+---------------+-----------+--------+--------+--------+--------+----------------+----------+---------------+-------+--------+--------+--------+--------+----------------+----------+---------------+-----------+--------+--------+--------+--------+----------------+----------+---------------+
|   23  | 0.00016033 | 0.29393 | 267.96856 | 268.26249 |   PE  |  FPE   |   MC   |   MP   |  MIB   | MeshCompletion | MeshPred | MeshInBetween |     PE    |  FPE   |   MC   |   MP   |  MIB   | MeshCompletion | MeshPred | MeshInBetween |   PE  |  FPE   |   MC   |   MP   |  MIB   | MeshCompletion | MeshPred | MeshInBetween |     PE    |  FPE   |   MC   |   MP   |  MIB   | MeshCompletion | MeshPred | MeshInBetween |
|       |            |         |           |           | 82.15 | 93.30  | 102.15 | 81.35  | 73.16  |     95.03      |  89.81   |     81.50     |   126.37  | 161.15 | 127.94 | 133.50 | 85.73  |     165.11     |  189.74  |     155.19    | 87.31 | 102.48 | 91.76  | 85.31  | 72.82  |     102.01     |  90.21   |     78.11     |   155.73  | 206.81 | 132.56 | 170.48 | 101.86 |     234.47     |  261.99  |     215.24    |
+-------+------------+---------+-----------+-----------+-------+--------+--------+--------+--------+----------------+----------+---------------+-----------+--------+--------+--------+--------+----------------+----------+---------------+-------+--------+--------+--------+--------+----------------+----------+---------------+-----------+--------+--------+--------+--------+----------------+----------+---------------+
	Saving best checkpoints: [H36M_MESH,PE] [H36M_MESH,MC] [H36M_MESH,MP] [H36M_MESH,MIB] [H36M_MESH,MeshCompletion] [H36M_MESH,MeshPred] [H36M_MESH,MeshInBetween] 

[23 end] Time cost: 162.54min 	| lr: 0.00016033
[24 start]
	Iter: 170/511; time cost: 46.30min; current batch has {'AMASS': 624, 'H36M_MESH': 400} samples; batch_size (total/sub): 1024/128
	query_id: 0, prompt_id: 16854
	Iter: 340/511; time cost: 92.37min; current batch has {'AMASS': 704, 'H36M_MESH': 320} samples; batch_size (total/sub): 1024/128
[24 end] Time cost: 138.32min 	| lr: 0.00015872
[25 start]
	query_id: 0, prompt_id: 36758
	Iter: 170/511; time cost: 46.02min; current batch has {'AMASS': 744, 'H36M_MESH': 280} samples; batch_size (total/sub): 1024/128
	Iter: 340/511; time cost: 91.89min; current batch has {'AMASS': 800, 'H36M_MESH': 224} samples; batch_size (total/sub): 1024/128
	Evaluating [PE] on [AMASS]... costs 128.57s
	Evaluating [FPE] on [AMASS]... costs 127.86s
	Evaluating [MC] on [AMASS]... costs 128.10s
	Evaluating [MP] on [AMASS]... costs 127.92s
	Evaluating [MIB] on [AMASS]... costs 129.41s
	Evaluating [MeshCompletion] on [AMASS]... costs 127.25s
	Evaluating [MeshPred] on [AMASS]... costs 128.27s
	Evaluating [MeshInBetween] on [AMASS]... costs 129.54s
	Evaluating [PE] on [H36M_MESH]... costs 47.62s
	Evaluating [FPE] on [H36M_MESH]... costs 47.56s
	Evaluating [MC] on [H36M_MESH]... costs 47.54s
	Evaluating [MP] on [H36M_MESH]... costs 47.40s
	Evaluating [MIB] on [H36M_MESH]... costs 47.98s
	Evaluating [MeshCompletion] on [H36M_MESH]... costs 47.25s
	Evaluating [MeshPred] on [H36M_MESH]... costs 47.06s
	Evaluating [MeshInBetween] on [H36M_MESH]... costs 47.64s
+-------+------------+---------+-----------+-----------+-------+--------+--------+--------+--------+----------------+----------+---------------+-----------+--------+--------+--------+--------+----------------+----------+---------------+-------+--------+--------+--------+--------+----------------+----------+---------------+-----------+--------+--------+--------+--------+----------------+----------+---------------+
| Epoch |     lr     |  JOINT  |    MESH   |    ALL    | AMASS |        |        |        |        |                |          |               | H36M_MESH |        |        |        |        |                |          |               | AMASS |        |        |        |        |                |          |               | H36M_MESH |        |        |        |        |                |          |               |
+-------+------------+---------+-----------+-----------+-------+--------+--------+--------+--------+----------------+----------+---------------+-----------+--------+--------+--------+--------+----------------+----------+---------------+-------+--------+--------+--------+--------+----------------+----------+---------------+-----------+--------+--------+--------+--------+----------------+----------+---------------+
|   25  | 0.00015714 | 0.27468 | 259.15209 | 259.42677 |   PE  |  FPE   |   MC   |   MP   |  MIB   | MeshCompletion | MeshPred | MeshInBetween |     PE    |  FPE   |   MC   |   MP   |  MIB   | MeshCompletion | MeshPred | MeshInBetween |   PE  |  FPE   |   MC   |   MP   |  MIB   | MeshCompletion | MeshPred | MeshInBetween |     PE    |  FPE   |   MC   |   MP   |  MIB   | MeshCompletion | MeshPred | MeshInBetween |
|       |            |         |           |           | 78.00 | 85.67  | 92.70  | 70.43  | 65.13  |     87.12      |  80.31   |     75.00     |   121.39  | 160.14 | 118.11 | 125.76 | 83.06  |     135.14     |  155.24  |     121.48    | 86.75 | 97.64  | 81.86  | 72.06  | 64.10  |     96.13      |  82.26   |     73.67     |   138.68  | 197.43 | 113.28 | 153.98 | 87.12  |     177.11     |  201.65  |     148.99    |
+-------+------------+---------+-----------+-----------+-------+--------+--------+--------+--------+----------------+----------+---------------+-----------+--------+--------+--------+--------+----------------+----------+---------------+-------+--------+--------+--------+--------+----------------+----------+---------------+-----------+--------+--------+--------+--------+----------------+----------+---------------+
	Saving best checkpoints: [AMASS,FPE] [AMASS,MC] [AMASS,MP] [AMASS,MIB] [AMASS,MeshCompletion] [AMASS,MeshPred] [AMASS,MeshInBetween] [H36M_MESH,PE] [H36M_MESH,FPE] [H36M_MESH,MC] [H36M_MESH,MP] [H36M_MESH,MIB] [H36M_MESH,MeshCompletion] [H36M_MESH,MeshPred] [H36M_MESH,MeshInBetween] 

[25 end] Time cost: 162.27min 	| lr: 0.00015714
[26 start]
	Iter: 170/511; time cost: 45.99min; current batch has {'AMASS': 704, 'H36M_MESH': 320} samples; batch_size (total/sub): 1024/128
	Iter: 340/511; time cost: 91.81min; current batch has {'AMASS': 792, 'H36M_MESH': 232} samples; batch_size (total/sub): 1024/128
	query_id: 0, prompt_id: 45235
[26 end] Time cost: 137.57min 	| lr: 0.00015556
[27 start]
	Iter: 170/511; time cost: 46.07min; current batch has {'AMASS': 680, 'H36M_MESH': 344} samples; batch_size (total/sub): 1024/128
	query_id: 0, prompt_id: 15067
	Iter: 340/511; time cost: 91.93min; current batch has {'AMASS': 752, 'H36M_MESH': 272} samples; batch_size (total/sub): 1024/128
	Evaluating [PE] on [AMASS]... costs 128.90s
	Evaluating [FPE] on [AMASS]... costs 128.47s
	Evaluating [MC] on [AMASS]... costs 128.38s
	Evaluating [MP] on [AMASS]... costs 128.77s
	Evaluating [MIB] on [AMASS]... costs 130.00s
	Evaluating [MeshCompletion] on [AMASS]... costs 128.36s
	Evaluating [MeshPred] on [AMASS]... costs 128.62s
	Evaluating [MeshInBetween] on [AMASS]... costs 128.27s
	Evaluating [PE] on [H36M_MESH]... costs 47.75s
	Evaluating [FPE] on [H36M_MESH]... costs 47.80s
	Evaluating [MC] on [H36M_MESH]... costs 47.58s
	Evaluating [MP] on [H36M_MESH]... costs 47.48s
	Evaluating [MIB] on [H36M_MESH]... costs 47.40s
	Evaluating [MeshCompletion] on [H36M_MESH]... costs 47.25s
	Evaluating [MeshPred] on [H36M_MESH]... costs 47.66s
	Evaluating [MeshInBetween] on [H36M_MESH]... costs 47.51s
+-------+------------+---------+-----------+-----------+-------+--------+--------+--------+--------+----------------+----------+---------------+-----------+--------+--------+--------+--------+----------------+----------+---------------+-------+--------+--------+--------+--------+----------------+----------+---------------+-----------+--------+--------+--------+--------+----------------+----------+---------------+
| Epoch |     lr     |  JOINT  |    MESH   |    ALL    | AMASS |        |        |        |        |                |          |               | H36M_MESH |        |        |        |        |                |          |               | AMASS |        |        |        |        |                |          |               | H36M_MESH |        |        |        |        |                |          |               |
+-------+------------+---------+-----------+-----------+-------+--------+--------+--------+--------+----------------+----------+---------------+-----------+--------+--------+--------+--------+----------------+----------+---------------+-------+--------+--------+--------+--------+----------------+----------+---------------+-----------+--------+--------+--------+--------+----------------+----------+---------------+
|   27  | 0.00015401 | 0.26472 | 250.51738 | 250.78210 |   PE  |  FPE   |   MC   |   MP   |  MIB   | MeshCompletion | MeshPred | MeshInBetween |     PE    |  FPE   |   MC   |   MP   |  MIB   | MeshCompletion | MeshPred | MeshInBetween |   PE  |  FPE   |   MC   |   MP   |  MIB   | MeshCompletion | MeshPred | MeshInBetween |     PE    |  FPE   |   MC   |   MP   |  MIB   | MeshCompletion | MeshPred | MeshInBetween |
|       |            |         |           |           | 69.34 | 76.05  | 80.39  | 58.91  | 53.45  |     74.96      |  69.50   |     63.23     |   113.11  | 153.07 | 108.57 | 120.01 | 75.79  |     114.91     |  138.73  |     101.22    | 84.24 | 93.01  | 76.29  | 66.28  | 58.90  |     89.51      |  78.15   |     68.47     |   136.73  | 193.89 | 106.16 | 148.29 | 79.98  |     136.82     |  166.03  |     108.58    |
+-------+------------+---------+-----------+-----------+-------+--------+--------+--------+--------+----------------+----------+---------------+-----------+--------+--------+--------+--------+----------------+----------+---------------+-------+--------+--------+--------+--------+----------------+----------+---------------+-----------+--------+--------+--------+--------+----------------+----------+---------------+
	Saving best checkpoints: [AMASS,PE] [AMASS,FPE] [AMASS,MC] [AMASS,MP] [AMASS,MIB] [AMASS,MeshCompletion] [AMASS,MeshPred] [AMASS,MeshInBetween] [H36M_MESH,PE] [H36M_MESH,FPE] [H36M_MESH,MC] [H36M_MESH,MP] [H36M_MESH,MIB] [H36M_MESH,MeshCompletion] [H36M_MESH,MeshPred] [H36M_MESH,MeshInBetween] 

[27 end] Time cost: 162.46min 	| lr: 0.00015401
[28 start]
	query_id: 0, prompt_id: 8494
	Iter: 170/511; time cost: 45.94min; current batch has {'AMASS': 640, 'H36M_MESH': 384} samples; batch_size (total/sub): 1024/128
	Iter: 340/511; time cost: 91.75min; current batch has {'AMASS': 736, 'H36M_MESH': 288} samples; batch_size (total/sub): 1024/128
[28 end] Time cost: 137.61min 	| lr: 0.00015247
[29 start]
	Iter: 170/511; time cost: 46.01min; current batch has {'AMASS': 664, 'H36M_MESH': 360} samples; batch_size (total/sub): 1024/128
	query_id: 0, prompt_id: 29410
	Iter: 340/511; time cost: 91.84min; current batch has {'AMASS': 736, 'H36M_MESH': 288} samples; batch_size (total/sub): 1024/128
	Evaluating [PE] on [AMASS]... costs 128.26s
	Evaluating [FPE] on [AMASS]... costs 128.35s
	Evaluating [MC] on [AMASS]... costs 127.92s
	Evaluating [MP] on [AMASS]... costs 128.07s
	Evaluating [MIB] on [AMASS]... costs 128.53s
	Evaluating [MeshCompletion] on [AMASS]... costs 128.55s
	Evaluating [MeshPred] on [AMASS]... costs 128.19s
	Evaluating [MeshInBetween] on [AMASS]... costs 128.26s
	Evaluating [PE] on [H36M_MESH]... costs 46.97s
	Evaluating [FPE] on [H36M_MESH]... costs 47.39s
	Evaluating [MC] on [H36M_MESH]... costs 47.75s
	Evaluating [MP] on [H36M_MESH]... costs 48.39s
	Evaluating [MIB] on [H36M_MESH]... costs 47.35s
	Evaluating [MeshCompletion] on [H36M_MESH]... costs 47.86s
	Evaluating [MeshPred] on [H36M_MESH]... costs 47.45s
	Evaluating [MeshInBetween] on [H36M_MESH]... costs 47.72s
+-------+------------+---------+-----------+-----------+-------+--------+--------+--------+--------+----------------+----------+---------------+-----------+--------+--------+--------+--------+----------------+----------+---------------+-------+--------+--------+--------+--------+----------------+----------+---------------+-----------+--------+--------+--------+--------+----------------+----------+---------------+
| Epoch |     lr     |  JOINT  |    MESH   |    ALL    | AMASS |        |        |        |        |                |          |               | H36M_MESH |        |        |        |        |                |          |               | AMASS |        |        |        |        |                |          |               | H36M_MESH |        |        |        |        |                |          |               |
+-------+------------+---------+-----------+-----------+-------+--------+--------+--------+--------+----------------+----------+---------------+-----------+--------+--------+--------+--------+----------------+----------+---------------+-------+--------+--------+--------+--------+----------------+----------+---------------+-----------+--------+--------+--------+--------+----------------+----------+---------------+
|   29  | 0.00015094 | 0.25081 | 242.14146 | 242.39227 |   PE  |  FPE   |   MC   |   MP   |  MIB   | MeshCompletion | MeshPred | MeshInBetween |     PE    |  FPE   |   MC   |   MP   |  MIB   | MeshCompletion | MeshPred | MeshInBetween |   PE  |  FPE   |   MC   |   MP   |  MIB   | MeshCompletion | MeshPred | MeshInBetween |     PE    |  FPE   |   MC   |   MP   |  MIB   | MeshCompletion | MeshPred | MeshInBetween |
|       |            |         |           |           | 70.13 | 77.06  | 80.06  | 59.60  | 55.08  |     73.57      |  68.12   |     63.12     |   109.37  | 153.21 | 104.36 | 115.78 | 72.29  |     106.37     |  132.06  |     95.66     | 82.03 | 92.07  | 73.49  | 64.77  | 57.58  |     88.05      |  76.96   |     68.91     |   128.51  | 195.57 | 102.44 | 145.63 | 77.31  |     125.16     |  159.41  |     100.12    |
+-------+------------+---------+-----------+-----------+-------+--------+--------+--------+--------+----------------+----------+---------------+-----------+--------+--------+--------+--------+----------------+----------+---------------+-------+--------+--------+--------+--------+----------------+----------+---------------+-----------+--------+--------+--------+--------+----------------+----------+---------------+
	Saving best checkpoints: [AMASS,MC] [AMASS,MeshCompletion] [AMASS,MeshPred] [AMASS,MeshInBetween] [H36M_MESH,PE] [H36M_MESH,MC] [H36M_MESH,MP] [H36M_MESH,MIB] [H36M_MESH,MeshCompletion] [H36M_MESH,MeshPred] [H36M_MESH,MeshInBetween] 

[29 end] Time cost: 162.00min 	| lr: 0.00015094
[30 start]
	Iter: 170/511; time cost: 46.07min; current batch has {'AMASS': 696, 'H36M_MESH': 328} samples; batch_size (total/sub): 1024/128
	query_id: 0, prompt_id: 34449
	Iter: 340/511; time cost: 91.79min; current batch has {'AMASS': 736, 'H36M_MESH': 288} samples; batch_size (total/sub): 1024/128
[30 end] Time cost: 138.14min 	| lr: 0.00014943
[31 start]
