Adding new arg: args.config = configs/0501_outputSMPL/config.yaml
Adding new arg: args.checkpoint = ckpt/0501/00_H36MMESH
Adding new arg: args.seed = 0
Adding new arg: args.visualize = 
Adding new arg: args.eval_generalization = False
Adding new arg: args.quick_debug = False
Adding new arg: args.gpu = 6,7
Overriding existing arg: args.batch_size = 256
Adding new arg: args.classifier_type = task
Adding new arg: args.num_class = 4
Adding new arg: args.use_task_id_as_prompt = False
Adding new arg: args.reverse_query_prompt = False
Adding new arg: args.shuffle_batch = False
Adding new arg: args.reverse_query_prompt_per_iter = False

Configs: {'tasks': ['PE', 'MP', 'MC', 'FPE'], 'task_to_flag': {'PE': 0, 'MP': 1, 'FPE': 2, 'MC': 3, '2DAR': 4, 'AR': 5, 'MIB': 6}, 'dataset_to_flag': {'H36M_3D': 0, 'AMASS': 1, 'PW3D_MESH': 2, 'H36M_MESH': 3, 'H36M_MESH_TCMR': 4}, 'flag_to_task': {'0': 'PE', '1': 'MP', '2': 'FPE', '3': 'MC', '4': '2DAR', '5': 'AR', '6': 'MIB'}, 'flag_to_dataset': {'0': 'H36M_3D', '1': 'AMASS', '2': 'PW3D_MESH', '3': 'H36M_MESH', '4': 'H36M_MESH_TCMR'}, 'task_metrics': {'PE': ['PE e1', 'PE e2'], 'MP': ['MP'], 'FPE': ['FPE'], 'MC': ['MC'], '2DAR': ['2DAR'], 'AR': ['AR']}, 'dataset_task_info': {'train': {'H36M_MESH': ['PE', 'MP', 'FPE', 'MC', 'MIB']}, 'test': {'H36M_MESH': ['PE', 'MP', 'FPE', 'MC', 'MIB']}}, 'Mesh': {'enable': True, 'loss_type': 'L1', 'losses': {'loss_3d_pos': 0.5, 'loss_3d_velocity': 10, 'loss_pose': 1000, 'loss_shape': 1, 'loss_norm': 20, 'loss_3d_scale': 0, 'loss_lv': 0, 'loss_lg': 0, 'loss_a': 0, 'loss_av': 0}}, 'dataset_file': {'PW3D_MESH': 'data_icl_gen/VER5_DATA/PW3D_MESH/mesh_det_pw3d_EXTENDED.pkl', 'H36M_MESH': 'data_icl_gen/VER5_DATA/H36M_MESH/mesh_det_h36m_EXTENDED.pkl', 'AMASS': 'data_icl_gen/VER5_DATA/AMASS', 'H36M_3D': 'data_icl_gen/processed_data/H36M_3D/h36m_sh_conf_cam_source_final.pkl', 'H36M_MESH_TCMR': 'data_icl_gen/VER5_DATA/H36M_TCMR/h36m_train_25fps_db_RENAMED.pt'}, 'use_presave_data': True, 'aug': False, 'aug_shuffle_joints': False, 'current_as_history': True, 'clip_len': 16, 'max_len': 16, 'num_joint': 17, 'joint_mask_ratio': 0.4, 'frame_mask_ratio': 0.4, 'presave_folder': 'data_icl_gen/presave_data/', 'dataset_config': {'PW3D_MESH': {'sample_stride': 1, 'data_stride': {'train': 16, 'test': 16}, 'read_confidence': False, 'rootrel_input': True, 'rootrel_target': True, 'flip': True, 'use_global_orient': True}, 'H36M_MESH': {'sample_stride': 1, 'data_stride': {'train': 8, 'test': 16}, 'read_confidence': False, 'rootrel_input': True, 'rootrel_target': True, 'flip': True, 'use_global_orient': True}, 'AMASS': {'sample_stride': 1, 'data_stride': {'train': 64, 'test': 128}, 'read_confidence': False, 'rootrel_input': True, 'rootrel_target': True, 'flip': True, 'use_global_orient': True}, 'H36M_3D': {'sample_stride': 1, 'data_stride': {'train': 16, 'test': 32}, 'read_confidence': False, 'rootrel_input': True, 'rootrel_target': True, 'flip': True, 'scale_3D': 1}, 'H36M_MESH_TCMR': {'sample_stride': 1, 'data_stride': {'train': 16, 'test': 32}, 'read_confidence': False, 'rootrel_input': True, 'rootrel_target': True, 'flip': True, 'use_global_orient': True}}, 'func_ver': {'dataset_action_recognition': None, 'evaluate_action_recognition': None, 'train_epoch_action_recognition': None, 'dataset_non_AR': '5_ICL', 'evaluate_non_AR': '5_ICL', 'train_epoch_non_AR': '5_ICL', 'model_name': 'model_mesh.M01V00_MotionAGFormer'}, 'epochs': 120, 'batch_size': 256, 'test_batch_size': 512, 'learning_rate': 0.0002, 'weight_decay': 0.01, 'lr_decay': 0.99, 'losses': {'loss_mpjpe': 1.0, 'n_mpjpe': 0.5, 'loss_velocity': 20.0, 'loss_limb_var': 0, 'loss_limb_gt': 0, 'loss_angle': 0, 'loss_angle_velocity': 0}, 'no_eval': False, 'use_partial_data': False, 'partial_data': None, 'full_data': None, 'name': 'config', 'config': 'configs/0501_outputSMPL/config.yaml', 'checkpoint': 'ckpt/0501/00_H36MMESH', 'seed': 0, 'visualize': '', 'eval_generalization': False, 'quick_debug': False, 'gpu': '6,7', 'classifier_type': 'task', 'num_class': 4, 'use_task_id_as_prompt': False, 'reverse_query_prompt': False, 'shuffle_batch': False, 'reverse_query_prompt_per_iter': False, 'data': None}

python train.py --config configs/0501_outputSMPL/config.yaml -c ckpt/0501/00_H36MMESH -gpu 6,7 -bs 256

PID:  2540219

Overriding function... Using <prepare_motion> function from [model_mesh.M01V00_MotionAGFormer] instead of default from dataset ...

Overriding function... Using <preprocess> function from [model_mesh.M01V00_MotionAGFormer] instead of default from dataset ...

Loading dataset...
	Loading train data from [H36M_MESH] for task: ['PE', 'MP', 'FPE', 'MC', 'MIB']... Loading presaved... costs 1.86s... has 36972/36972 query/prompt samples
	Training (non-AR) sample count: 36972
	Loading test data from [H36M_MESH] for task: ['PE']... costs 0.00s... has 6076/36972 query/prompt samples
	Loading test data from [H36M_MESH] for task: ['MP']... costs 0.00s... has 6076/36972 query/prompt samples
	Loading test data from [H36M_MESH] for task: ['FPE']... costs 0.00s... has 6076/36972 query/prompt samples
	Loading test data from [H36M_MESH] for task: ['MC']... costs 0.03s... has 6076/36972 query/prompt samples
	Loading test data from [H36M_MESH] for task: ['MIB']... costs 0.03s... has 6076/36972 query/prompt samples

Loading model...
	Model: model_mesh.M01V00_MotionAGFormer
	Trainable parameter count: 59.318483M

Training on [['non_AR', 145]] batches for 120 epochs. batch size: 256
[1 start]
	Iter: 48/145; time cost: 9.89min; current batch has {'H36M_MESH': 1280} samples; batch_size (total/sub): 1280/256
	Iter: 96/145; time cost: 18.85min; current batch has {'H36M_MESH': 1280} samples; batch_size (total/sub): 1280/256
	Evaluating [PE] on [H36M_MESH]... costs 101.98s
	Evaluating [MP] on [H36M_MESH]... costs 110.99s
	Evaluating [FPE] on [H36M_MESH]... costs 117.54s
	Evaluating [MC] on [H36M_MESH]... costs 89.54s
	Evaluating [MIB] on [H36M_MESH]... costs 86.88s
+-------+------------+---------+-----------+-----------+-----------+--------+--------+--------+--------+-----------+--------+--------+--------+--------+
| Epoch |     lr     |  JOINT  |    MESH   |    ALL    | H36M_MESH |        |        |        |        | H36M_MESH |        |        |        |        |
+-------+------------+---------+-----------+-----------+-----------+--------+--------+--------+--------+-----------+--------+--------+--------+--------+
|   1   | 0.00020000 | 0.78069 | 187.17309 | 187.95378 |     PE    |   MP   |  FPE   |   MC   |  MIB   |     PE    |   MP   |  FPE   |   MC   |  MIB   |
|       |            |         |           |           |   234.30  | 241.56 | 240.37 | 252.37 | 243.56 |    0.85   |  0.85  |  0.85  |  0.85  |  0.85  |
+-------+------------+---------+-----------+-----------+-----------+--------+--------+--------+--------+-----------+--------+--------+--------+--------+
	Saving best checkpoints: [H36M_MESH,PE] [H36M_MESH,MP] [H36M_MESH,FPE] [H36M_MESH,MC] [H36M_MESH,MIB] 

[1 end] Time cost: 36.25min 	| lr: 0.00020000
[2 start]
	Iter: 48/145; time cost: 9.28min; current batch has {'H36M_MESH': 1280} samples; batch_size (total/sub): 1280/256
	Iter: 96/145; time cost: 18.19min; current batch has {'H36M_MESH': 1280} samples; batch_size (total/sub): 1280/256
	Evaluating [PE] on [H36M_MESH]... costs 87.16s
	Evaluating [MP] on [H36M_MESH]... costs 85.04s
	Evaluating [FPE] on [H36M_MESH]... costs 86.01s
	Evaluating [MC] on [H36M_MESH]... costs 85.95s
	Evaluating [MIB] on [H36M_MESH]... costs 87.11s
+-------+------------+---------+-----------+-----------+-----------+--------+--------+--------+--------+-----------+--------+--------+--------+--------+
| Epoch |     lr     |  JOINT  |    MESH   |    ALL    | H36M_MESH |        |        |        |        | H36M_MESH |        |        |        |        |
+-------+------------+---------+-----------+-----------+-----------+--------+--------+--------+--------+-----------+--------+--------+--------+--------+
|   2   | 0.00019800 | 0.72664 | 177.33072 | 178.05736 |     PE    |   MP   |  FPE   |   MC   |  MIB   |     PE    |   MP   |  FPE   |   MC   |  MIB   |
|       |            |         |           |           |   215.68  | 226.09 | 225.43 | 239.20 | 229.34 |    0.85   |  0.85  |  0.85  |  0.86  |  0.85  |
+-------+------------+---------+-----------+-----------+-----------+--------+--------+--------+--------+-----------+--------+--------+--------+--------+
	Saving best checkpoints: [H36M_MESH,PE] [H36M_MESH,MP] [H36M_MESH,FPE] [H36M_MESH,MC] [H36M_MESH,MIB] 

[2 end] Time cost: 34.57min 	| lr: 0.00019800
[3 start]
	Iter: 48/145; time cost: 9.49min; current batch has {'H36M_MESH': 1280} samples; batch_size (total/sub): 1280/256
	Iter: 96/145; time cost: 18.86min; current batch has {'H36M_MESH': 1280} samples; batch_size (total/sub): 1280/256
	Evaluating [PE] on [H36M_MESH]... costs 96.86s
	Evaluating [MP] on [H36M_MESH]... costs 96.96s
	Evaluating [FPE] on [H36M_MESH]... costs 98.22s
	Evaluating [MC] on [H36M_MESH]... costs 111.65s
	Evaluating [MIB] on [H36M_MESH]... costs 101.15s
+-------+------------+---------+-----------+-----------+-----------+--------+--------+--------+--------+-----------+--------+--------+--------+--------+
| Epoch |     lr     |  JOINT  |    MESH   |    ALL    | H36M_MESH |        |        |        |        | H36M_MESH |        |        |        |        |
+-------+------------+---------+-----------+-----------+-----------+--------+--------+--------+--------+-----------+--------+--------+--------+--------+
|   3   | 0.00019602 | 0.70387 | 173.43344 | 174.13731 |     PE    |   MP   |  FPE   |   MC   |  MIB   |     PE    |   MP   |  FPE   |   MC   |  MIB   |
|       |            |         |           |           |   189.33  | 201.63 | 208.73 | 201.62 | 229.28 |    0.85   |  0.85  |  0.85  |  0.86  |  0.85  |
+-------+------------+---------+-----------+-----------+-----------+--------+--------+--------+--------+-----------+--------+--------+--------+--------+
	Saving best checkpoints: [H36M_MESH,PE] [H36M_MESH,MP] [H36M_MESH,FPE] [H36M_MESH,MC] [H36M_MESH,MIB] 

[3 end] Time cost: 37.14min 	| lr: 0.00019602
[4 start]
	Iter: 48/145; time cost: 9.87min; current batch has {'H36M_MESH': 1280} samples; batch_size (total/sub): 1280/256
	Iter: 96/145; time cost: 19.77min; current batch has {'H36M_MESH': 1280} samples; batch_size (total/sub): 1280/256
	Evaluating [PE] on [H36M_MESH]... costs 98.13s
	Evaluating [MP] on [H36M_MESH]... costs 99.75s
	Evaluating [FPE] on [H36M_MESH]... costs 100.11s
	Evaluating [MC] on [H36M_MESH]... costs 136.50s
	Evaluating [MIB] on [H36M_MESH]... costs 144.39s
+-------+------------+---------+-----------+-----------+-----------+--------+--------+--------+--------+-----------+--------+--------+--------+--------+
| Epoch |     lr     |  JOINT  |    MESH   |    ALL    | H36M_MESH |        |        |        |        | H36M_MESH |        |        |        |        |
+-------+------------+---------+-----------+-----------+-----------+--------+--------+--------+--------+-----------+--------+--------+--------+--------+
|   4   | 0.00019406 | 0.66835 | 168.95810 | 169.62645 |     PE    |   MP   |  FPE   |   MC   |  MIB   |     PE    |   MP   |  FPE   |   MC   |  MIB   |
|       |            |         |           |           |   147.99  | 179.97 | 183.83 | 170.72 | 229.04 |    0.85   |  0.84  |  0.84  |  0.86  |  0.85  |
+-------+------------+---------+-----------+-----------+-----------+--------+--------+--------+--------+-----------+--------+--------+--------+--------+
	Saving best checkpoints: [H36M_MESH,PE] [H36M_MESH,MP] [H36M_MESH,FPE] [H36M_MESH,MC] [H36M_MESH,MIB] 

[4 end] Time cost: 39.40min 	| lr: 0.00019406
[5 start]
	Iter: 48/145; time cost: 9.88min; current batch has {'H36M_MESH': 1280} samples; batch_size (total/sub): 1280/256
	Iter: 96/145; time cost: 19.62min; current batch has {'H36M_MESH': 1280} samples; batch_size (total/sub): 1280/256
	Evaluating [PE] on [H36M_MESH]... costs 99.15s
	Evaluating [MP] on [H36M_MESH]... costs 99.33s
	Evaluating [FPE] on [H36M_MESH]... costs 99.36s
	Evaluating [MC] on [H36M_MESH]... costs 96.94s
	Evaluating [MIB] on [H36M_MESH]... costs 97.58s
+-------+------------+---------+-----------+-----------+-----------+--------+--------+--------+--------+-----------+--------+--------+--------+--------+
| Epoch |     lr     |  JOINT  |    MESH   |    ALL    | H36M_MESH |        |        |        |        | H36M_MESH |        |        |        |        |
+-------+------------+---------+-----------+-----------+-----------+--------+--------+--------+--------+-----------+--------+--------+--------+--------+
|   5   | 0.00019212 | 0.63116 | 165.14843 | 165.77959 |     PE    |   MP   |  FPE   |   MC   |  MIB   |     PE    |   MP   |  FPE   |   MC   |  MIB   |
|       |            |         |           |           |   127.27  | 169.02 | 172.46 | 150.60 | 222.57 |    0.84   |  0.84  |  0.84  |  0.85  |  0.84  |
+-------+------------+---------+-----------+-----------+-----------+--------+--------+--------+--------+-----------+--------+--------+--------+--------+
	Saving best checkpoints: [H36M_MESH,PE] [H36M_MESH,MP] [H36M_MESH,FPE] [H36M_MESH,MC] [H36M_MESH,MIB] 

[5 end] Time cost: 37.98min 	| lr: 0.00019212
[6 start]
	Iter: 48/145; time cost: 9.83min; current batch has {'H36M_MESH': 1280} samples; batch_size (total/sub): 1280/256
	Iter: 96/145; time cost: 19.46min; current batch has {'H36M_MESH': 1280} samples; batch_size (total/sub): 1280/256
	Evaluating [PE] on [H36M_MESH]... costs 98.08s
	Evaluating [MP] on [H36M_MESH]... costs 100.36s
	Evaluating [FPE] on [H36M_MESH]... costs 100.47s
	Evaluating [MC] on [H36M_MESH]... costs 96.46s
	Evaluating [MIB] on [H36M_MESH]... costs 98.49s
+-------+------------+---------+-----------+-----------+-----------+--------+--------+--------+--------+-----------+--------+--------+--------+--------+
| Epoch |     lr     |  JOINT  |    MESH   |    ALL    | H36M_MESH |        |        |        |        | H36M_MESH |        |        |        |        |
+-------+------------+---------+-----------+-----------+-----------+--------+--------+--------+--------+-----------+--------+--------+--------+--------+
|   6   | 0.00019020 | 0.60868 | 162.31950 | 162.92819 |     PE    |   MP   |  FPE   |   MC   |  MIB   |     PE    |   MP   |  FPE   |   MC   |  MIB   |
|       |            |         |           |           |   109.46  | 159.58 | 163.18 | 133.62 | 217.41 |    0.84   |  0.85  |  0.85  |  0.86  |  0.85  |
+-------+------------+---------+-----------+-----------+-----------+--------+--------+--------+--------+-----------+--------+--------+--------+--------+
	Saving best checkpoints: [H36M_MESH,PE] [H36M_MESH,MP] [H36M_MESH,FPE] [H36M_MESH,MC] [H36M_MESH,MIB] 

[6 end] Time cost: 37.58min 	| lr: 0.00019020
[7 start]
	Iter: 48/145; time cost: 9.97min; current batch has {'H36M_MESH': 1280} samples; batch_size (total/sub): 1280/256
	Iter: 96/145; time cost: 19.56min; current batch has {'H36M_MESH': 1280} samples; batch_size (total/sub): 1280/256
	Evaluating [PE] on [H36M_MESH]... costs 100.14s
	Evaluating [MP] on [H36M_MESH]... costs 98.71s
	Evaluating [FPE] on [H36M_MESH]... costs 96.93s
	Evaluating [MC] on [H36M_MESH]... costs 99.14s
	Evaluating [MIB] on [H36M_MESH]... costs 99.95s
+-------+------------+---------+-----------+-----------+-----------+--------+--------+--------+--------+-----------+--------+--------+--------+--------+
| Epoch |     lr     |  JOINT  |    MESH   |    ALL    | H36M_MESH |        |        |        |        | H36M_MESH |        |        |        |        |
+-------+------------+---------+-----------+-----------+-----------+--------+--------+--------+--------+-----------+--------+--------+--------+--------+
|   7   | 0.00018830 | 0.59192 | 159.57675 | 160.16867 |     PE    |   MP   |  FPE   |   MC   |  MIB   |     PE    |   MP   |  FPE   |   MC   |  MIB   |
|       |            |         |           |           |   109.68  | 156.28 | 159.60 | 129.76 | 216.08 |    0.84   |  0.84  |  0.83  |  0.85  |  0.84  |
+-------+------------+---------+-----------+-----------+-----------+--------+--------+--------+--------+-----------+--------+--------+--------+--------+
	Saving best checkpoints: [H36M_MESH,MP] [H36M_MESH,FPE] [H36M_MESH,MC] [H36M_MESH,MIB] 

[7 end] Time cost: 37.73min 	| lr: 0.00018830
[8 start]
	Iter: 48/145; time cost: 10.46min; current batch has {'H36M_MESH': 1280} samples; batch_size (total/sub): 1280/256
	Iter: 96/145; time cost: 20.45min; current batch has {'H36M_MESH': 1280} samples; batch_size (total/sub): 1280/256
	Evaluating [PE] on [H36M_MESH]... costs 97.17s
	Evaluating [MP] on [H36M_MESH]... costs 99.54s
	Evaluating [FPE] on [H36M_MESH]... costs 99.30s
	Evaluating [MC] on [H36M_MESH]... costs 103.98s
	Evaluating [MIB] on [H36M_MESH]... costs 98.45s
+-------+------------+---------+-----------+-----------+-----------+--------+--------+--------+--------+-----------+--------+--------+--------+--------+
| Epoch |     lr     |  JOINT  |    MESH   |    ALL    | H36M_MESH |        |        |        |        | H36M_MESH |        |        |        |        |
+-------+------------+---------+-----------+-----------+-----------+--------+--------+--------+--------+-----------+--------+--------+--------+--------+
|   8   | 0.00018641 | 0.57919 | 157.38789 | 157.96708 |     PE    |   MP   |  FPE   |   MC   |  MIB   |     PE    |   MP   |  FPE   |   MC   |  MIB   |
|       |            |         |           |           |   98.56   | 151.81 | 154.77 | 119.99 | 207.40 |    0.83   |  0.83  |  0.83  |  0.84  |  0.83  |
+-------+------------+---------+-----------+-----------+-----------+--------+--------+--------+--------+-----------+--------+--------+--------+--------+
	Saving best checkpoints: [H36M_MESH,PE] [H36M_MESH,MP] [H36M_MESH,FPE] [H36M_MESH,MC] [H36M_MESH,MIB] 

[8 end] Time cost: 38.64min 	| lr: 0.00018641
[9 start]
	Iter: 48/145; time cost: 9.81min; current batch has {'H36M_MESH': 1280} samples; batch_size (total/sub): 1280/256
	Iter: 96/145; time cost: 19.41min; current batch has {'H36M_MESH': 1280} samples; batch_size (total/sub): 1280/256
	Evaluating [PE] on [H36M_MESH]... costs 99.73s
	Evaluating [MP] on [H36M_MESH]... costs 98.40s
	Evaluating [FPE] on [H36M_MESH]... costs 97.00s
	Evaluating [MC] on [H36M_MESH]... costs 98.55s
	Evaluating [MIB] on [H36M_MESH]... costs 99.26s
+-------+------------+---------+-----------+-----------+-----------+--------+--------+--------+--------+-----------+--------+--------+--------+--------+
| Epoch |     lr     |  JOINT  |    MESH   |    ALL    | H36M_MESH |        |        |        |        | H36M_MESH |        |        |        |        |
+-------+------------+---------+-----------+-----------+-----------+--------+--------+--------+--------+-----------+--------+--------+--------+--------+
|   9   | 0.00018455 | 0.56800 | 155.54418 | 156.11218 |     PE    |   MP   |  FPE   |   MC   |  MIB   |     PE    |   MP   |  FPE   |   MC   |  MIB   |
|       |            |         |           |           |   96.82   | 151.99 | 151.71 | 122.86 | 195.94 |    0.82   |  0.83  |  0.83  |  0.84  |  0.83  |
+-------+------------+---------+-----------+-----------+-----------+--------+--------+--------+--------+-----------+--------+--------+--------+--------+
	Saving best checkpoints: [H36M_MESH,PE] [H36M_MESH,FPE] [H36M_MESH,MIB] 

[9 end] Time cost: 37.39min 	| lr: 0.00018455
[10 start]
	Iter: 48/145; time cost: 9.89min; current batch has {'H36M_MESH': 1280} samples; batch_size (total/sub): 1280/256
	Iter: 96/145; time cost: 19.51min; current batch has {'H36M_MESH': 1280} samples; batch_size (total/sub): 1280/256
	Evaluating [PE] on [H36M_MESH]... costs 100.04s
	Evaluating [MP] on [H36M_MESH]... costs 97.61s
	Evaluating [FPE] on [H36M_MESH]... costs 99.39s
	Evaluating [MC] on [H36M_MESH]... costs 99.73s
	Evaluating [MIB] on [H36M_MESH]... costs 98.02s
+-------+------------+---------+-----------+-----------+-----------+--------+--------+--------+--------+-----------+--------+--------+--------+--------+
| Epoch |     lr     |  JOINT  |    MESH   |    ALL    | H36M_MESH |        |        |        |        | H36M_MESH |        |        |        |        |
+-------+------------+---------+-----------+-----------+-----------+--------+--------+--------+--------+-----------+--------+--------+--------+--------+
|   10  | 0.00018270 | 0.55799 | 154.09735 | 154.65534 |     PE    |   MP   |  FPE   |   MC   |  MIB   |     PE    |   MP   |  FPE   |   MC   |  MIB   |
|       |            |         |           |           |   98.07   | 150.88 | 152.94 | 120.04 | 178.73 |    0.83   |  0.83  |  0.83  |  0.84  |  0.83  |
+-------+------------+---------+-----------+-----------+-----------+--------+--------+--------+--------+-----------+--------+--------+--------+--------+
	Saving best checkpoints: [H36M_MESH,MP] [H36M_MESH,MIB] 

[10 end] Time cost: 37.40min 	| lr: 0.00018270
[11 start]
	Iter: 48/145; time cost: 9.86min; current batch has {'H36M_MESH': 1280} samples; batch_size (total/sub): 1280/256
	Iter: 96/145; time cost: 19.75min; current batch has {'H36M_MESH': 1280} samples; batch_size (total/sub): 1280/256
	Evaluating [PE] on [H36M_MESH]... costs 113.28s
	Evaluating [MP] on [H36M_MESH]... costs 96.72s
	Evaluating [FPE] on [H36M_MESH]... costs 97.50s
	Evaluating [MC] on [H36M_MESH]... costs 99.26s
	Evaluating [MIB] on [H36M_MESH]... costs 105.77s
+-------+------------+---------+-----------+-----------+-----------+--------+--------+--------+--------+-----------+--------+--------+--------+--------+
| Epoch |     lr     |  JOINT  |    MESH   |    ALL    | H36M_MESH |        |        |        |        | H36M_MESH |        |        |        |        |
+-------+------------+---------+-----------+-----------+-----------+--------+--------+--------+--------+-----------+--------+--------+--------+--------+
|   11  | 0.00018088 | 0.54979 | 152.78885 | 153.33865 |     PE    |   MP   |  FPE   |   MC   |  MIB   |     PE    |   MP   |  FPE   |   MC   |  MIB   |
|       |            |         |           |           |   89.04   | 148.67 | 146.99 | 116.04 | 162.14 |    0.83   |  0.84  |  0.84  |  0.85  |  0.83  |
+-------+------------+---------+-----------+-----------+-----------+--------+--------+--------+--------+-----------+--------+--------+--------+--------+
	Saving best checkpoints: [H36M_MESH,PE] [H36M_MESH,MP] [H36M_MESH,FPE] [H36M_MESH,MC] [H36M_MESH,MIB] 

[11 end] Time cost: 38.30min 	| lr: 0.00018088
[12 start]
	Iter: 48/145; time cost: 10.12min; current batch has {'H36M_MESH': 1280} samples; batch_size (total/sub): 1280/256
	Iter: 96/145; time cost: 19.69min; current batch has {'H36M_MESH': 1280} samples; batch_size (total/sub): 1280/256
[12 end] Time cost: 29.32min 	| lr: 0.00017907
[13 start]
	Iter: 48/145; time cost: 9.79min; current batch has {'H36M_MESH': 1280} samples; batch_size (total/sub): 1280/256
	Iter: 96/145; time cost: 19.33min; current batch has {'H36M_MESH': 1280} samples; batch_size (total/sub): 1280/256
	Evaluating [PE] on [H36M_MESH]... costs 98.20s
	Evaluating [MP] on [H36M_MESH]... costs 98.83s
	Evaluating [FPE] on [H36M_MESH]... costs 100.42s
	Evaluating [MC] on [H36M_MESH]... costs 98.76s
	Evaluating [MIB] on [H36M_MESH]... costs 98.48s
+-------+------------+---------+-----------+-----------+-----------+--------+--------+--------+--------+-----------+--------+--------+--------+--------+
| Epoch |     lr     |  JOINT  |    MESH   |    ALL    | H36M_MESH |        |        |        |        | H36M_MESH |        |        |        |        |
+-------+------------+---------+-----------+-----------+-----------+--------+--------+--------+--------+-----------+--------+--------+--------+--------+
|   13  | 0.00017728 | 0.53459 | 150.48261 | 151.01719 |     PE    |   MP   |  FPE   |   MC   |  MIB   |     PE    |   MP   |  FPE   |   MC   |  MIB   |
|       |            |         |           |           |   86.42   | 141.92 | 143.06 | 109.43 | 139.19 |    0.82   |  0.82  |  0.82  |  0.83  |  0.82  |
+-------+------------+---------+-----------+-----------+-----------+--------+--------+--------+--------+-----------+--------+--------+--------+--------+
	Saving best checkpoints: [H36M_MESH,PE] [H36M_MESH,MP] [H36M_MESH,FPE] [H36M_MESH,MC] [H36M_MESH,MIB] 

[13 end] Time cost: 37.70min 	| lr: 0.00017728
[14 start]
	Iter: 48/145; time cost: 9.85min; current batch has {'H36M_MESH': 1280} samples; batch_size (total/sub): 1280/256
	Iter: 96/145; time cost: 19.50min; current batch has {'H36M_MESH': 1280} samples; batch_size (total/sub): 1280/256
[14 end] Time cost: 29.05min 	| lr: 0.00017550
[15 start]
	Iter: 48/145; time cost: 9.95min; current batch has {'H36M_MESH': 1280} samples; batch_size (total/sub): 1280/256
	Iter: 96/145; time cost: 19.13min; current batch has {'H36M_MESH': 1280} samples; batch_size (total/sub): 1280/256
	Evaluating [PE] on [H36M_MESH]... costs 83.81s
	Evaluating [MP] on [H36M_MESH]... costs 84.06s
	Evaluating [FPE] on [H36M_MESH]... costs 84.12s
	Evaluating [MC] on [H36M_MESH]... costs 84.99s
	Evaluating [MIB] on [H36M_MESH]... 