Adding new arg: args.config = ckpt/0502_AMASS_H36MMESH/00_smalldata/config.yaml
Adding new arg: args.checkpoint = ckpt/0502_AMASS_H36MMESH/00_smalldata/
Adding new arg: args.seed = 0
Adding new arg: args.visualize = 
Adding new arg: args.eval_generalization = False
Adding new arg: args.quick_debug = False
Adding new arg: args.gpu = 0
Overriding existing arg: args.batch_size = 220
Adding new arg: args.classifier_type = task
Adding new arg: args.num_class = 4
Adding new arg: args.use_task_id_as_prompt = False
Adding new arg: args.reverse_query_prompt = False
Adding new arg: args.shuffle_batch = False
Adding new arg: args.reverse_query_prompt_per_iter = False
Adding new arg: args.vertex_x1000 = False
Adding new arg: args.aug2D = False

Configs: {'tasks': ['PE', 'MP', 'MC', 'FPE'], 'task_to_flag': {'PE': 0, 'MP': 1, 'FPE': 2, 'MC': 3, '2DAR': 4, 'AR': 5, 'MIB': 6}, 'dataset_to_flag': {'H36M_3D': 0, 'AMASS': 1, 'PW3D_MESH': 2, 'H36M_MESH': 3, 'H36M_MESH_TCMR': 4}, 'flag_to_task': {'0': 'PE', '1': 'MP', '2': 'FPE', '3': 'MC', '4': '2DAR', '5': 'AR', '6': 'MIB'}, 'flag_to_dataset': {'0': 'H36M_3D', '1': 'AMASS', '2': 'PW3D_MESH', '3': 'H36M_MESH', '4': 'H36M_MESH_TCMR'}, 'task_metrics': {'PE': ['PE e1', 'PE e2'], 'MP': ['MP'], 'FPE': ['FPE'], 'MC': ['MC'], '2DAR': ['2DAR'], 'AR': ['AR']}, 'dataset_task_info': {'train': {'AMASS': ['PE', 'MP', 'FPE', 'MC'], 'H36M_MESH': ['PE', 'MP', 'FPE', 'MC']}, 'test': {'AMASS': ['PE', 'MP', 'FPE', 'MC', 'MIB'], 'H36M_MESH': ['PE', 'MP', 'FPE', 'MC', 'MIB'], 'PW3D_MESH': ['PE', 'MP', 'FPE', 'MC', 'MIB']}}, 'Mesh': {'enable': True, 'loss_type': 'L1', 'losses': {'loss_3d_pos': 0.5, 'loss_3d_velocity': 10, 'loss_pose': 1000, 'loss_shape': 1, 'loss_norm': 20, 'loss_3d_scale': 0, 'loss_lv': 0, 'loss_lg': 0, 'loss_a': 0, 'loss_av': 0}}, 'dataset_file': {'PW3D_MESH': 'data_icl_gen/VER5_DATA/PW3D_MESH/mesh_det_pw3d_EXTENDED.pkl', 'H36M_MESH': 'data_icl_gen/VER5_DATA/H36M_MESH/mesh_det_h36m_EXTENDED.pkl', 'AMASS': 'data_icl_gen/VER5_DATA/AMASS', 'H36M_3D': 'data_icl_gen/processed_data/H36M_3D/h36m_sh_conf_cam_source_final.pkl', 'H36M_MESH_TCMR': 'data_icl_gen/VER5_DATA/H36M_TCMR/h36m_train_25fps_db_RENAMED.pt'}, 'use_presave_data': True, 'aug': False, 'aug_shuffle_joints': False, 'current_as_history': True, 'clip_len': 16, 'max_len': 16, 'num_joint': 17, 'joint_mask_ratio': 0.4, 'frame_mask_ratio': 0.4, 'presave_folder': 'data_icl_gen/presave_data/', 'dataset_config': {'PW3D_MESH': {'sample_stride': 1, 'data_stride': {'train': 16, 'test': 32}, 'read_confidence': False, 'rootrel_input': True, 'rootrel_target': True, 'flip': True, 'use_global_orient': True}, 'H36M_MESH': {'sample_stride': 1, 'data_stride': {'train': 16, 'test': 32}, 'read_confidence': False, 'rootrel_input': True, 'rootrel_target': True, 'flip': True, 'use_global_orient': True}, 'AMASS': {'sample_stride': 1, 'data_stride': {'train': 128, 'test': 256}, 'read_confidence': False, 'rootrel_input': True, 'rootrel_target': True, 'flip': True, 'use_global_orient': True}, 'H36M_3D': {'sample_stride': 1, 'data_stride': {'train': 16, 'test': 32}, 'read_confidence': False, 'rootrel_input': True, 'rootrel_target': True, 'flip': True, 'scale_3D': 1}, 'H36M_MESH_TCMR': {'sample_stride': 1, 'data_stride': {'train': 16, 'test': 32}, 'read_confidence': False, 'rootrel_input': True, 'rootrel_target': True, 'flip': True, 'use_global_orient': True}}, 'func_ver': {'dataset_action_recognition': None, 'evaluate_action_recognition': None, 'train_epoch_action_recognition': None, 'dataset_non_AR': '5_ICL', 'evaluate_non_AR': '5_ICL', 'train_epoch_non_AR': '5_ICL', 'model_name': 'model_mesh.M01V00_MotionAGFormer'}, 'epochs': 120, 'batch_size': 220, 'test_batch_size': 512, 'learning_rate': 0.0002, 'weight_decay': 0.01, 'lr_decay': 0.99, 'losses': {'loss_mpjpe': 1.0, 'n_mpjpe': 0.5, 'loss_velocity': 20.0, 'loss_limb_var': 0, 'loss_limb_gt': 0, 'loss_angle': 0, 'loss_angle_velocity': 0}, 'no_eval': False, 'use_partial_data': False, 'partial_data': None, 'full_data': None, 'name': 'config', 'config': 'ckpt/0502_AMASS_H36MMESH/00_smalldata/config.yaml', 'checkpoint': 'ckpt/0502_AMASS_H36MMESH/00_smalldata/', 'seed': 0, 'visualize': '', 'eval_generalization': False, 'quick_debug': False, 'gpu': '0', 'classifier_type': 'task', 'num_class': 4, 'use_task_id_as_prompt': False, 'reverse_query_prompt': False, 'shuffle_batch': False, 'reverse_query_prompt_per_iter': False, 'vertex_x1000': False, 'aug2D': False, 'data': None}

python train.py --config ckpt/0502_AMASS_H36MMESH/00_smalldata/config.yaml -c ckpt/0502_AMASS_H36MMESH/00_smalldata/ -gpu 0 -bs 220

PID:  893722

Overriding function... Using <prepare_motion> function from [model_mesh.M01V00_MotionAGFormer] instead of default from dataset ...

Overriding function... Using <preprocess> function from [model_mesh.M01V00_MotionAGFormer] instead of default from dataset ...

Loading dataset...
	Loading train data from [AMASS] for task: ['PE', 'MP', 'FPE', 'MC']... Loading presaved... costs 1.50s... has 46726/46726 query/prompt samples
	Loading train data from [H36M_MESH] for task: ['PE', 'MP', 'FPE', 'MC']... Loading presaved... costs 0.76s... has 18644/18644 query/prompt samples
	Training (non-AR) sample count: 65370
	Loading test data from [AMASS] for task: ['PE']... costs 0.00s... has 8492/46726 query/prompt samples
	Loading test data from [AMASS] for task: ['MP']... costs 0.00s... has 8492/46726 query/prompt samples
	Loading test data from [AMASS] for task: ['FPE']... costs 0.00s... has 8492/46726 query/prompt samples
	Loading test data from [AMASS] for task: ['MC']... costs 0.05s... has 8492/46726 query/prompt samples
	Loading test data from [AMASS] for task: ['MIB']... costs 0.05s... has 8492/46726 query/prompt samples
	Loading test data from [H36M_MESH] for task: ['PE']... costs 0.00s... has 3088/18644 query/prompt samples
	Loading test data from [H36M_MESH] for task: ['MP']... costs 0.00s... has 3088/18644 query/prompt samples
	Loading test data from [H36M_MESH] for task: ['FPE']... costs 0.00s... has 3088/18644 query/prompt samples
	Loading test data from [H36M_MESH] for task: ['MC']... costs 0.02s... has 3088/18644 query/prompt samples
	Loading test data from [H36M_MESH] for task: ['MIB']... costs 0.02s... has 3088/18644 query/prompt samples
	Loading test data from [PW3D_MESH] for task: ['PE']... Loading presaved... costs 0.07s... has 1091/1373 query/prompt samples
	Loading test data from [PW3D_MESH] for task: ['MP']... Loading presaved... costs 0.06s... has 1091/1373 query/prompt samples
	Loading test data from [PW3D_MESH] for task: ['FPE']... Loading presaved... costs 0.17s... has 1091/1373 query/prompt samples
	Loading test data from [PW3D_MESH] for task: ['MC']... Loading presaved... costs 0.07s... has 1091/1373 query/prompt samples
	Loading test data from [PW3D_MESH] for task: ['MIB']... Loading presaved... costs 0.07s... has 1091/1373 query/prompt samples

Loading model...
	Model: model_mesh.M01V00_MotionAGFormer
	Trainable parameter count: 59.318483M

Training on [['non_AR', 298]] batches for 120 epochs. batch size: 220
[1 start]
	Iter: 99/298; time cost: 17.04min; current batch has {'AMASS': 604, 'H36M_MESH': 276} samples; batch_size (total/sub): 880/220
	Iter: 198/298; time cost: 33.66min; current batch has {'AMASS': 592, 'H36M_MESH': 288} samples; batch_size (total/sub): 880/220
	Evaluating [PE] on [AMASS]... costs 122.56s
	Evaluating [MP] on [AMASS]... costs 121.40s
	Evaluating [FPE] on [AMASS]... costs 122.30s
	Evaluating [MC] on [AMASS]... costs 122.42s
	Evaluating [MIB] on [AMASS]... costs 123.02s
	Evaluating [PE] on [H36M_MESH]... costs 46.72s
	Evaluating [MP] on [H36M_MESH]... costs 45.09s
	Evaluating [FPE] on [H36M_MESH]... costs 45.15s
	Evaluating [MC] on [H36M_MESH]... costs 45.47s
	Evaluating [MIB] on [H36M_MESH]... costs 46.06s
	Evaluating [PE] on [PW3D_MESH]... costs 17.33s
	Evaluating [MP] on [PW3D_MESH]... costs 17.41s
	Evaluating [FPE] on [PW3D_MESH]... costs 17.32s
	Evaluating [MC] on [PW3D_MESH]... costs 17.74s
	Evaluating [MIB] on [PW3D_MESH]... costs 17.97s
+-------+------------+---------+-----------+-----------+-------+--------+--------+--------+--------+-----------+--------+--------+--------+--------+-----------+--------+--------+--------+--------+--------+--------+--------+--------+--------+-----------+--------+--------+--------+--------+-----------+--------+--------+--------+--------+
| Epoch |     lr     |  JOINT  |    MESH   |    ALL    | AMASS |        |        |        |        | H36M_MESH |        |        |        |        | PW3D_MESH |        |        |        |        | AMASS  |        |        |        |        | H36M_MESH |        |        |        |        | PW3D_MESH |        |        |        |        |
+-------+------------+---------+-----------+-----------+-------+--------+--------+--------+--------+-----------+--------+--------+--------+--------+-----------+--------+--------+--------+--------+--------+--------+--------+--------+--------+-----------+--------+--------+--------+--------+-----------+--------+--------+--------+--------+
|   1   | 0.00020000 | 0.41662 | 153.61294 | 154.02957 |   PE  |   MP   |  FPE   |   MC   |  MIB   |     PE    |   MP   |  FPE   |   MC   |  MIB   |     PE    |   MP   |  FPE   |   MC   |  MIB   |   PE   |   MP   |  FPE   |   MC   |  MIB   |     PE    |   MP   |  FPE   |   MC   |  MIB   |     PE    |   MP   |  FPE   |   MC   |  MIB   |
|       |            |         |           |           | 73.46 | 90.18  | 93.83  | 103.50 | 211.10 |   148.54  | 176.64 | 182.41 | 188.26 | 351.00 |   153.98  | 143.74 | 165.11 | 167.68 | 318.70 | 117.84 | 146.16 | 143.64 | 146.13 | 181.10 |   861.62  | 872.04 | 856.53 | 880.80 | 865.04 |   841.56  | 847.33 | 842.53 | 845.12 | 837.17 |
+-------+------------+---------+-----------+-----------+-------+--------+--------+--------+--------+-----------+--------+--------+--------+--------+-----------+--------+--------+--------+--------+--------+--------+--------+--------+--------+-----------+--------+--------+--------+--------+-----------+--------+--------+--------+--------+
	Saving best checkpoints: [AMASS,PE] [AMASS,MP] [AMASS,FPE] [AMASS,MC] [AMASS,MIB] [H36M_MESH,PE] [H36M_MESH,MP] [H36M_MESH,FPE] [H36M_MESH,MC] [H36M_MESH,MIB] [PW3D_MESH,PE] [PW3D_MESH,MP] [PW3D_MESH,FPE] [PW3D_MESH,MC] [PW3D_MESH,MIB] 

[1 end] Time cost: 65.87min 	| lr: 0.00020000
[2 start]
	Iter: 99/298; time cost: 16.88min; current batch has {'AMASS': 588, 'H36M_MESH': 292} samples; batch_size (total/sub): 880/220
	Iter: 198/298; time cost: 33.55min; current batch has {'AMASS': 616, 'H36M_MESH': 264} samples; batch_size (total/sub): 880/220
	Evaluating [PE] on [AMASS]... costs 120.04s
	Evaluating [MP] on [AMASS]... costs 120.30s
	Evaluating [FPE] on [AMASS]... costs 119.77s
	Evaluating [MC] on [AMASS]... costs 121.63s
	Evaluating [MIB] on [AMASS]... costs 124.60s
	Evaluating [PE] on [H36M_MESH]... costs 45.44s
	Evaluating [MP] on [H36M_MESH]... costs 44.93s
	Evaluating [FPE] on [H36M_MESH]... costs 44.71s
	Evaluating [MC] on [H36M_MESH]... costs 45.88s
	Evaluating [MIB] on [H36M_MESH]... costs 45.16s
	Evaluating [PE] on [PW3D_MESH]... costs 16.55s
	Evaluating [MP] on [PW3D_MESH]... costs 16.63s
	Evaluating [FPE] on [PW3D_MESH]... costs 16.55s
	Evaluating [MC] on [PW3D_MESH]... costs 16.68s
	Evaluating [MIB] on [PW3D_MESH]... costs 16.92s
+-------+------------+---------+-----------+-----------+-------+--------+--------+--------+--------+-----------+--------+--------+--------+--------+-----------+--------+--------+--------+--------+--------+--------+--------+--------+--------+-----------+--------+--------+--------+--------+-----------+--------+--------+--------+--------+
| Epoch |     lr     |  JOINT  |    MESH   |    ALL    | AMASS |        |        |        |        | H36M_MESH |        |        |        |        | PW3D_MESH |        |        |        |        | AMASS  |        |        |        |        | H36M_MESH |        |        |        |        | PW3D_MESH |        |        |        |        |
+-------+------------+---------+-----------+-----------+-------+--------+--------+--------+--------+-----------+--------+--------+--------+--------+-----------+--------+--------+--------+--------+--------+--------+--------+--------+--------+-----------+--------+--------+--------+--------+-----------+--------+--------+--------+--------+
|   2   | 0.00019800 | 0.35264 | 140.35426 | 140.70690 |   PE  |   MP   |  FPE   |   MC   |  MIB   |     PE    |   MP   |  FPE   |   MC   |  MIB   |     PE    |   MP   |  FPE   |   MC   |  MIB   |   PE   |   MP   |  FPE   |   MC   |  MIB   |     PE    |   MP   |  FPE   |   MC   |  MIB   |     PE    |   MP   |  FPE   |   MC   |  MIB   |
|       |            |         |           |           | 68.78 | 76.43  | 82.61  | 92.47  | 180.26 |   154.77  | 160.52 | 184.68 | 156.00 | 314.01 |   160.09  | 131.39 | 171.78 | 141.19 | 281.69 | 118.39 | 126.01 | 130.10 | 139.44 | 210.09 |   844.40  | 846.12 | 840.08 | 861.81 | 844.47 |   833.54  | 840.18 | 835.51 | 838.11 | 829.70 |
+-------+------------+---------+-----------+-----------+-------+--------+--------+--------+--------+-----------+--------+--------+--------+--------+-----------+--------+--------+--------+--------+--------+--------+--------+--------+--------+-----------+--------+--------+--------+--------+-----------+--------+--------+--------+--------+
	Saving best checkpoints: [AMASS,PE] [AMASS,MP] [AMASS,FPE] [AMASS,MC] [AMASS,MIB] [H36M_MESH,MP] [H36M_MESH,MC] [H36M_MESH,MIB] [PW3D_MESH,MP] [PW3D_MESH,MC] [PW3D_MESH,MIB] 

[2 end] Time cost: 66.03min 	| lr: 0.00019800
[3 start]
	Iter: 99/298; time cost: 16.82min; current batch has {'AMASS': 632, 'H36M_MESH': 248} samples; batch_size (total/sub): 880/220
	Iter: 198/298; time cost: 33.43min; current batch has {'AMASS': 656, 'H36M_MESH': 224} samples; batch_size (total/sub): 880/220
	Evaluating [PE] on [AMASS]... costs 121.04s
	Evaluating [MP] on [AMASS]... costs 120.25s
	Evaluating [FPE] on [AMASS]... costs 122.29s
	Evaluating [MC] on [AMASS]... costs 121.53s
	Evaluating [MIB] on [AMASS]... costs 122.96s
	Evaluating [PE] on [H36M_MESH]... costs 44.40s
	Evaluating [MP] on [H36M_MESH]... costs 45.58s
	Evaluating [FPE] on [H36M_MESH]... costs 44.66s
	Evaluating [MC] on [H36M_MESH]... costs 45.69s
	Evaluating [MIB] on [H36M_MESH]... costs 44.47s
	Evaluating [PE] on [PW3D_MESH]... costs 16.93s
	Evaluating [MP] on [PW3D_MESH]... costs 16.82s
	Evaluating [FPE] on [PW3D_MESH]... costs 16.43s
	Evaluating [MC] on [PW3D_MESH]... costs 16.66s
	Evaluating [MIB] on [PW3D_MESH]... costs 16.55s
+-------+------------+---------+-----------+-----------+-------+--------+--------+--------+--------+-----------+--------+--------+--------+--------+-----------+--------+--------+--------+--------+-------+--------+--------+--------+--------+-----------+--------+--------+--------+--------+-----------+--------+--------+--------+--------+
| Epoch |     lr     |  JOINT  |    MESH   |    ALL    | AMASS |        |        |        |        | H36M_MESH |        |        |        |        | PW3D_MESH |        |        |        |        | AMASS |        |        |        |        | H36M_MESH |        |        |        |        | PW3D_MESH |        |        |        |        |
+-------+------------+---------+-----------+-----------+-------+--------+--------+--------+--------+-----------+--------+--------+--------+--------+-----------+--------+--------+--------+--------+-------+--------+--------+--------+--------+-----------+--------+--------+--------+--------+-----------+--------+--------+--------+--------+
|   3   | 0.00019602 | 0.32526 | 134.74873 | 135.07400 |   PE  |   MP   |  FPE   |   MC   |  MIB   |     PE    |   MP   |  FPE   |   MC   |  MIB   |     PE    |   MP   |  FPE   |   MC   |  MIB   |   PE  |   MP   |  FPE   |   MC   |  MIB   |     PE    |   MP   |  FPE   |   MC   |  MIB   |     PE    |   MP   |  FPE   |   MC   |  MIB   |
|       |            |         |           |           | 54.96 | 64.10  | 71.77  | 84.36  | 226.59 |   112.67  | 135.35 | 149.09 | 129.10 | 360.50 |   131.77  | 112.22 | 145.22 | 117.16 | 326.86 | 99.26 | 108.12 | 115.98 | 117.23 | 296.96 |   837.00  | 833.01 | 830.92 | 849.93 | 852.53 |   828.24  | 831.77 | 832.19 | 829.82 | 834.38 |
+-------+------------+---------+-----------+-----------+-------+--------+--------+--------+--------+-----------+--------+--------+--------+--------+-----------+--------+--------+--------+--------+-------+--------+--------+--------+--------+-----------+--------+--------+--------+--------+-----------+--------+--------+--------+--------+
	Saving best checkpoints: [AMASS,PE] [AMASS,MP] [AMASS,FPE] [AMASS,MC] [H36M_MESH,PE] [H36M_MESH,MP] [H36M_MESH,FPE] [H36M_MESH,MC] [PW3D_MESH,PE] [PW3D_MESH,MP] [PW3D_MESH,FPE] [PW3D_MESH,MC] 

[3 end] Time cost: 66.03min 	| lr: 0.00019602
[4 start]
	Iter: 99/298; time cost: 16.81min; current batch has {'AMASS': 656, 'H36M_MESH': 224} samples; batch_size (total/sub): 880/220
	Iter: 198/298; time cost: 33.50min; current batch has {'AMASS': 628, 'H36M_MESH': 252} samples; batch_size (total/sub): 880/220
	Evaluating [PE] on [AMASS]... costs 120.51s
	Evaluating [MP] on [AMASS]... costs 120.71s
	Evaluating [FPE] on [AMASS]... costs 120.85s
	Evaluating [MC] on [AMASS]... costs 121.64s
	Evaluating [MIB] on [AMASS]... costs 120.71s
	Evaluating [PE] on [H36M_MESH]... costs 44.76s
	Evaluating [MP] on [H36M_MESH]... costs 44.65s
	Evaluating [FPE] on [H36M_MESH]... costs 44.55s
	Evaluating [MC] on [H36M_MESH]... costs 44.51s
	Evaluating [MIB] on [H36M_MESH]... costs 45.53s
	Evaluating [PE] on [PW3D_MESH]... costs 16.36s
	Evaluating [MP] on [PW3D_MESH]... costs 16.46s
	Evaluating [FPE] on [PW3D_MESH]... costs 16.52s
	Evaluating [MC] on [PW3D_MESH]... costs 17.00s
	Evaluating [MIB] on [PW3D_MESH]... costs 16.59s
+-------+------------+---------+-----------+-----------+-------+--------+--------+--------+--------+-----------+--------+--------+--------+--------+-----------+--------+--------+--------+--------+-------+--------+--------+--------+--------+-----------+--------+--------+--------+--------+-----------+--------+--------+--------+--------+
| Epoch |     lr     |  JOINT  |    MESH   |    ALL    | AMASS |        |        |        |        | H36M_MESH |        |        |        |        | PW3D_MESH |        |        |        |        | AMASS |        |        |        |        | H36M_MESH |        |        |        |        | PW3D_MESH |        |        |        |        |
+-------+------------+---------+-----------+-----------+-------+--------+--------+--------+--------+-----------+--------+--------+--------+--------+-----------+--------+--------+--------+--------+-------+--------+--------+--------+--------+-----------+--------+--------+--------+--------+-----------+--------+--------+--------+--------+
|   4   | 0.00019406 | 0.30497 | 131.46961 | 131.77458 |   PE  |   MP   |  FPE   |   MC   |  MIB   |     PE    |   MP   |  FPE   |   MC   |  MIB   |     PE    |   MP   |  FPE   |   MC   |  MIB   |   PE  |   MP   |  FPE   |   MC   |  MIB   |     PE    |   MP   |  FPE   |   MC   |  MIB   |     PE    |   MP   |  FPE   |   MC   |  MIB   |
|       |            |         |           |           | 50.03 | 61.04  | 65.96  | 81.17  | 184.84 |   107.26  | 131.50 | 148.17 | 121.50 | 377.32 |   136.66  | 116.38 | 151.02 | 118.79 | 338.84 | 99.84 | 112.21 | 117.79 | 121.26 | 265.86 |   832.20  | 829.76 | 827.74 | 846.42 | 851.53 |   824.48  | 832.42 | 828.84 | 830.74 | 834.07 |
+-------+------------+---------+-----------+-----------+-------+--------+--------+--------+--------+-----------+--------+--------+--------+--------+-----------+--------+--------+--------+--------+-------+--------+--------+--------+--------+-----------+--------+--------+--------+--------+-----------+--------+--------+--------+--------+
	Saving best checkpoints: [AMASS,PE] [AMASS,MP] [AMASS,FPE] [AMASS,MC] [H36M_MESH,PE] [H36M_MESH,MP] [H36M_MESH,FPE] [H36M_MESH,MC] 

[4 end] Time cost: 65.79min 	| lr: 0.00019406
[5 start]
	Iter: 99/298; time cost: 16.81min; current batch has {'AMASS': 616, 'H36M_MESH': 264} samples; batch_size (total/sub): 880/220
	Iter: 198/298; time cost: 33.44min; current batch has {'AMASS': 600, 'H36M_MESH': 280} samples; batch_size (total/sub): 880/220
	Evaluating [PE] on [AMASS]... costs 118.97s
	Evaluating [MP] on [AMASS]... costs 121.10s
	Evaluating [FPE] on [AMASS]... costs 123.06s
	Evaluating [MC] on [AMASS]... costs 121.45s
	Evaluating [MIB] on [AMASS]... costs 123.55s
	Evaluating [PE] on [H36M_MESH]... costs 45.49s
	Evaluating [MP] on [H36M_MESH]... costs 46.35s
	Evaluating [FPE] on [H36M_MESH]... costs 44.55s
	Evaluating [MC] on [H36M_MESH]... costs 44.71s
	Evaluating [MIB] on [H36M_MESH]... costs 46.24s
	Evaluating [PE] on [PW3D_MESH]... costs 16.97s
	Evaluating [MP] on [PW3D_MESH]... costs 16.54s
	Evaluating [FPE] on [PW3D_MESH]... costs 16.67s
	Evaluating [MC] on [PW3D_MESH]... costs 16.45s
	Evaluating [MIB] on [PW3D_MESH]... costs 16.72s
+-------+------------+---------+-----------+-----------+-------+--------+--------+--------+--------+-----------+--------+--------+--------+--------+-----------+--------+--------+--------+--------+-------+--------+--------+--------+--------+-----------+--------+--------+--------+--------+-----------+--------+--------+--------+--------+
| Epoch |     lr     |  JOINT  |    MESH   |    ALL    | AMASS |        |        |        |        | H36M_MESH |        |        |        |        | PW3D_MESH |        |        |        |        | AMASS |        |        |        |        | H36M_MESH |        |        |        |        | PW3D_MESH |        |        |        |        |
+-------+------------+---------+-----------+-----------+-------+--------+--------+--------+--------+-----------+--------+--------+--------+--------+-----------+--------+--------+--------+--------+-------+--------+--------+--------+--------+-----------+--------+--------+--------+--------+-----------+--------+--------+--------+--------+
|   5   | 0.00019212 | 0.29228 | 129.25826 | 129.55054 |   PE  |   MP   |  FPE   |   MC   |  MIB   |     PE    |   MP   |  FPE   |   MC   |  MIB   |     PE    |   MP   |  FPE   |   MC   |  MIB   |   PE  |   MP   |  FPE   |   MC   |  MIB   |     PE    |   MP   |  FPE   |   MC   |  MIB   |     PE    |   MP   |  FPE   |   MC   |  MIB   |
|       |            |         |           |           | 52.92 | 60.69  | 67.15  | 79.61  | 155.56 |   101.11  | 128.61 | 141.34 | 118.01 | 344.19 |   128.68  | 107.86 | 142.35 | 108.59 | 303.63 | 93.78 | 101.97 | 108.30 | 109.04 | 250.31 |   823.16  | 822.17 | 819.57 | 842.52 | 845.66 |   815.48  | 823.95 | 819.62 | 823.49 | 828.59 |
+-------+------------+---------+-----------+-----------+-------+--------+--------+--------+--------+-----------+--------+--------+--------+--------+-----------+--------+--------+--------+--------+-------+--------+--------+--------+--------+-----------+--------+--------+--------+--------+-----------+--------+--------+--------+--------+
	Saving best checkpoints: [AMASS,MP] [AMASS,MC] [AMASS,MIB] [H36M_MESH,PE] [H36M_MESH,MP] [H36M_MESH,FPE] [H36M_MESH,MC] [PW3D_MESH,PE] [PW3D_MESH,MP] [PW3D_MESH,FPE] [PW3D_MESH,MC] 

[5 end] Time cost: 65.99min 	| lr: 0.00019212
[6 start]
	Iter: 99/298; time cost: 16.80min; current batch has {'AMASS': 628, 'H36M_MESH': 252} samples; batch_size (total/sub): 880/220
	Iter: 198/298; time cost: 33.50min; current batch has {'AMASS': 644, 'H36M_MESH': 236} samples; batch_size (total/sub): 880/220
	Evaluating [PE] on [AMASS]... costs 122.94s
	Evaluating [MP] on [AMASS]... costs 122.76s
	Evaluating [FPE] on [AMASS]... costs 122.20s
	Evaluating [MC] on [AMASS]... costs 123.73s
	Evaluating [MIB] on [AMASS]... costs 122.16s
	Evaluating [PE] on [H36M_MESH]... costs 45.32s
	Evaluating [MP] on [H36M_MESH]... costs 44.86s
	Evaluating [FPE] on [H36M_MESH]... costs 46.57s
	Evaluating [MC] on [H36M_MESH]... costs 45.98s
	Evaluating [MIB] on [H36M_MESH]... costs 45.47s
	Evaluating [PE] on [PW3D_MESH]... costs 16.75s
	Evaluating [MP] on [PW3D_MESH]... costs 17.06s
	Evaluating [FPE] on [PW3D_MESH]... costs 16.86s
	Evaluating [MC] on [PW3D_MESH]... costs 16.85s
	Evaluating [MIB] on [PW3D_MESH]... costs 16.72s
+-------+------------+---------+-----------+-----------+-------+--------+--------+--------+--------+-----------+--------+--------+--------+--------+-----------+--------+--------+--------+--------+-------+--------+--------+--------+--------+-----------+--------+--------+--------+--------+-----------+--------+--------+--------+--------+
| Epoch |     lr     |  JOINT  |    MESH   |    ALL    | AMASS |        |        |        |        | H36M_MESH |        |        |        |        | PW3D_MESH |        |        |        |        | AMASS |        |        |        |        | H36M_MESH |        |        |        |        | PW3D_MESH |        |        |        |        |
+-------+------------+---------+-----------+-----------+-------+--------+--------+--------+--------+-----------+--------+--------+--------+--------+-----------+--------+--------+--------+--------+-------+--------+--------+--------+--------+-----------+--------+--------+--------+--------+-----------+--------+--------+--------+--------+
|   6   | 0.00019020 | 0.28369 | 127.63006 | 127.91375 |   PE  |   MP   |  FPE   |   MC   |  MIB   |     PE    |   MP   |  FPE   |   MC   |  MIB   |     PE    |   MP   |  FPE   |   MC   |  MIB   |   PE  |   MP   |  FPE   |   MC   |  MIB   |     PE    |   MP   |  FPE   |   MC   |  MIB   |     PE    |   MP   |  FPE   |   MC   |  MIB   |
|       |            |         |           |           | 48.70 | 56.78  | 61.96  | 74.72  | 152.60 |   99.41   | 127.14 | 142.28 | 109.17 | 378.16 |   122.93  | 103.82 | 138.25 | 100.14 | 329.64 | 92.78 | 101.83 | 107.31 | 103.87 | 257.78 |   835.23  | 831.11 | 830.88 | 844.19 | 856.53 |   826.49  | 830.69 | 830.89 | 826.01 | 838.53 |
+-------+------------+---------+-----------+-----------+-------+--------+--------+--------+--------+-----------+--------+--------+--------+--------+-----------+--------+--------+--------+--------+-------+--------+--------+--------+--------+-----------+--------+--------+--------+--------+-----------+--------+--------+--------+--------+
	Saving best checkpoints: [AMASS,PE] [AMASS,MP] [AMASS,FPE] [AMASS,MC] [AMASS,MIB] [H36M_MESH,PE] [H36M_MESH,MP] [H36M_MESH,MC] [PW3D_MESH,PE] [PW3D_MESH,MP] [PW3D_MESH,FPE] [PW3D_MESH,MC] 

[6 end] Time cost: 66.34min 	| lr: 0.00019020
[7 start]
	Iter: 99/298; time cost: 16.91min; current batch has {'AMASS': 620, 'H36M_MESH': 260} samples; batch_size (total/sub): 880/220
	Iter: 198/298; time cost: 33.63min; current batch has {'AMASS': 628, 'H36M_MESH': 252} samples; batch_size (total/sub): 880/220
	Evaluating [PE] on [AMASS]... costs 122.44s
	Evaluating [MP] on [AMASS]... costs 121.98s
	Evaluating [FPE] on [AMASS]... costs 122.65s
	Evaluating [MC] on [AMASS]... costs 123.00s
	Evaluating [MIB] on [AMASS]... costs 126.31s
	Evaluating [PE] on [H36M_MESH]... costs 46.76s
	Evaluating [MP] on [H36M_MESH]... costs 45.70s
	Evaluating [FPE] on [H36M_MESH]... costs 46.18s
	Evaluating [MC] on [H36M_MESH]... costs 46.45s
	Evaluating [MIB] on [H36M_MESH]... costs 45.76s
	Evaluating [PE] on [PW3D_MESH]... costs 16.86s
	Evaluating [MP] on [PW3D_MESH]... costs 16.98s
	Evaluating [FPE] on [PW3D_MESH]... costs 16.62s
	Evaluating [MC] on [PW3D_MESH]... costs 17.01s
	Evaluating [MIB] on [PW3D_MESH]... costs 16.80s
+-------+------------+---------+-----------+-----------+-------+--------+--------+--------+--------+-----------+--------+--------+--------+--------+-----------+--------+--------+--------+--------+-------+--------+--------+--------+--------+-----------+--------+--------+--------+--------+-----------+--------+--------+--------+--------+
| Epoch |     lr     |  JOINT  |    MESH   |    ALL    | AMASS |        |        |        |        | H36M_MESH |        |        |        |        | PW3D_MESH |        |        |        |        | AMASS |        |        |        |        | H36M_MESH |        |        |        |        | PW3D_MESH |        |        |        |        |
+-------+------------+---------+-----------+-----------+-------+--------+--------+--------+--------+-----------+--------+--------+--------+--------+-----------+--------+--------+--------+--------+-------+--------+--------+--------+--------+-----------+--------+--------+--------+--------+-----------+--------+--------+--------+--------+
|   7   | 0.00018830 | 0.27734 | 126.33142 | 126.60876 |   PE  |   MP   |  FPE   |   MC   |  MIB   |     PE    |   MP   |  FPE   |   MC   |  MIB   |     PE    |   MP   |  FPE   |   MC   |  MIB   |   PE  |   MP   |  FPE   |   MC   |  MIB   |     PE    |   MP   |  FPE   |   MC   |  MIB   |     PE    |   MP   |  FPE   |   MC   |  MIB   |
|       |            |         |           |           | 47.71 | 54.69  | 62.16  | 72.63  | 156.63 |   92.90   | 118.27 | 136.63 | 105.33 | 337.65 |   127.66  | 97.15  | 141.02 | 98.90  | 284.07 | 95.25 | 105.69 | 110.43 | 114.45 | 274.66 |   831.74  | 835.11 | 827.62 | 851.59 | 857.30 |   824.81  | 832.00 | 830.41 | 831.85 | 835.21 |
+-------+------------+---------+-----------+-----------+-------+--------+--------+--------+--------+-----------+--------+--------+--------+--------+-----------+--------+--------+--------+--------+-------+--------+--------+--------+--------+-----------+--------+--------+--------+--------+-----------+--------+--------+--------+--------+
	Saving best checkpoints: [AMASS,PE] [AMASS,MP] [AMASS,MC] [H36M_MESH,PE] [H36M_MESH,MP] [H36M_MESH,FPE] [H36M_MESH,MC] [PW3D_MESH,MP] [PW3D_MESH,MC] 

[7 end] Time cost: 66.30min 	| lr: 0.00018830
[8 start]
	Iter: 99/298; time cost: 16.92min; current batch has {'AMASS': 600, 'H36M_MESH': 280} samples; batch_size (total/sub): 880/220
	Iter: 198/298; time cost: 33.63min; current batch has {'AMASS': 704, 'H36M_MESH': 176} samples; batch_size (total/sub): 880/220
	Evaluating [PE] on [AMASS]... costs 120.51s
	Evaluating [MP] on [AMASS]... costs 120.09s
	Evaluating [FPE] on [AMASS]... costs 123.21s
	Evaluating [MC] on [AMASS]... costs 121.85s
	Evaluating [MIB] on [AMASS]... costs 125.12s
	Evaluating [PE] on [H36M_MESH]... costs 45.66s
	Evaluating [MP] on [H36M_MESH]... costs 44.60s
	Evaluating [FPE] on [H36M_MESH]... costs 44.54s
	Evaluating [MC] on [H36M_MESH]... costs 44.88s
	Evaluating [MIB] on [H36M_MESH]... costs 44.90s
	Evaluating [PE] on [PW3D_MESH]... costs 16.53s
	Evaluating [MP] on [PW3D_MESH]... costs 16.70s
	Evaluating [FPE] on [PW3D_MESH]... costs 16.67s
	Evaluating [MC] on [PW3D_MESH]... costs 16.58s
	Evaluating [MIB] on [PW3D_MESH]... costs 16.80s
+-------+------------+---------+-----------+-----------+-------+--------+--------+--------+--------+-----------+--------+--------+--------+--------+-----------+--------+--------+--------+--------+-------+--------+--------+--------+--------+-----------+--------+--------+--------+--------+-----------+--------+--------+--------+--------+
| Epoch |     lr     |  JOINT  |    MESH   |    ALL    | AMASS |        |        |        |        | H36M_MESH |        |        |        |        | PW3D_MESH |        |        |        |        | AMASS |        |        |        |        | H36M_MESH |        |        |        |        | PW3D_MESH |        |        |        |        |
+-------+------------+---------+-----------+-----------+-------+--------+--------+--------+--------+-----------+--------+--------+--------+--------+-----------+--------+--------+--------+--------+-------+--------+--------+--------+--------+-----------+--------+--------+--------+--------+-----------+--------+--------+--------+--------+
|   8   | 0.00018641 | 0.27310 | 125.22587 | 125.49898 |   PE  |   MP   |  FPE   |   MC   |  MIB   |     PE    |   MP   |  FPE   |   MC   |  MIB   |     PE    |   MP   |  FPE   |   MC   |  MIB   |   PE  |   MP   |  FPE   |   MC   |  MIB   |     PE    |   MP   |  FPE   |   MC   |  MIB   |     PE    |   MP   |  FPE   |   MC   |  MIB   |
|       |            |         |           |           | 49.55 | 58.35  | 63.70  | 74.57  | 149.00 |   93.84   | 121.85 | 135.24 | 106.48 | 285.40 |   131.68  | 103.20 | 144.16 | 101.39 | 243.10 | 86.05 | 96.13  | 99.81  | 100.35 | 260.99 |   828.83  | 825.87 | 823.74 | 842.36 | 852.51 |   823.64  | 827.22 | 826.61 | 826.27 | 837.60 |
+-------+------------+---------+-----------+-----------+-------+--------+--------+--------+--------+-----------+--------+--------+--------+--------+-----------+--------+--------+--------+--------+-------+--------+--------+--------+--------+-----------+--------+--------+--------+--------+-----------+--------+--------+--------+--------+
	Saving best checkpoints: [AMASS,MIB] [H36M_MESH,FPE] [H36M_MESH,MIB] [PW3D_MESH,MIB] 

[8 end] Time cost: 65.79min 	| lr: 0.00018641
[9 start]
	Iter: 99/298; time cost: 16.92min; current batch has {'AMASS': 616, 'H36M_MESH': 264} samples; batch_size (total/sub): 880/220
	Iter: 198/298; time cost: 33.64min; current batch has {'AMASS': 600, 'H36M_MESH': 280} samples; batch_size (total/sub): 880/220
	Evaluating [PE] on [AMASS]... costs 120.49s
	Evaluating [MP] on [AMASS]... costs 120.66s
	Evaluating [FPE] on [AMASS]... costs 121.46s
	Evaluating [MC] on [AMASS]... costs 120.99s
	Evaluating [MIB] on [AMASS]... costs 121.04s
	Evaluating [PE] on [H36M_MESH]... costs 44.30s
	Evaluating [MP] on [H36M_MESH]... costs 44.66s
	Evaluating [FPE] on [H36M_MESH]... costs 45.29s
	Evaluating [MC] on [H36M_MESH]... costs 45.07s
	Evaluating [MIB] on [H36M_MESH]... costs 44.93s
	Evaluating [PE] on [PW3D_MESH]... costs 16.60s
	Evaluating [MP] on [PW3D_MESH]... costs 16.41s
	Evaluating [FPE] on [PW3D_MESH]... costs 16.65s
	Evaluating [MC] on [PW3D_MESH]... costs 16.64s
	Evaluating [MIB] on [PW3D_MESH]... costs 16.62s
+-------+------------+---------+-----------+-----------+-------+--------+--------+--------+--------+-----------+--------+--------+--------+--------+-----------+--------+--------+--------+--------+-------+--------+--------+--------+--------+-----------+--------+--------+--------+--------+-----------+--------+--------+--------+--------+
| Epoch |     lr     |  JOINT  |    MESH   |    ALL    | AMASS |        |        |        |        | H36M_MESH |        |        |        |        | PW3D_MESH |        |        |        |        | AMASS |        |        |        |        | H36M_MESH |        |        |        |        | PW3D_MESH |        |        |        |        |
+-------+------------+---------+-----------+-----------+-------+--------+--------+--------+--------+-----------+--------+--------+--------+--------+-----------+--------+--------+--------+--------+-------+--------+--------+--------+--------+-----------+--------+--------+--------+--------+-----------+--------+--------+--------+--------+
|   9   | 0.00018455 | 0.26912 | 124.20860 | 124.47772 |   PE  |   MP   |  FPE   |   MC   |  MIB   |     PE    |   MP   |  FPE   |   MC   |  MIB   |     PE    |   MP   |  FPE   |   MC   |  MIB   |   PE  |   MP   |  FPE   |   MC   |  MIB   |     PE    |   MP   |  FPE   |   MC   |  MIB   |     PE    |   MP   |  FPE   |   MC   |  MIB   |
|       |            |         |           |           | 44.15 | 51.98  | 57.85  | 68.57  | 149.22 |   92.80   | 116.99 | 135.32 | 99.51  | 319.39 |   126.68  | 96.54  | 139.10 | 92.25  | 275.18 | 80.90 | 87.59  | 94.61  | 92.48  | 257.64 |   826.66  | 823.55 | 821.80 | 836.64 | 844.77 |   818.48  | 827.75 | 822.65 | 825.29 | 831.72 |
+-------+------------+---------+-----------+-----------+-------+--------+--------+--------+--------+-----------+--------+--------+--------+--------+-----------+--------+--------+--------+--------+-------+--------+--------+--------+--------+-----------+--------+--------+--------+--------+-----------+--------+--------+--------+--------+
	Saving best checkpoints: [AMASS,PE] [AMASS,MP] [AMASS,FPE] [AMASS,MC] [H36M_MESH,PE] [H36M_MESH,MP] [H36M_MESH,MC] [PW3D_MESH,MP] [PW3D_MESH,MC] 

[9 end] Time cost: 65.98min 	| lr: 0.00018455
[10 start]
	Iter: 99/298; time cost: 16.91min; current batch has {'AMASS': 628, 'H36M_MESH': 252} samples; batch_size (total/sub): 880/220
	Iter: 198/298; time cost: 33.62min; current batch has {'AMASS': 640, 'H36M_MESH': 240} samples; batch_size (total/sub): 880/220
	Evaluating [PE] on [AMASS]... costs 120.47s
	Evaluating [MP] on [AMASS]... costs 120.60s
	Evaluating [FPE] on [AMASS]... costs 121.39s
	Evaluating [MC] on [AMASS]... costs 122.19s
	Evaluating [MIB] on [AMASS]... costs 122.18s
	Evaluating [PE] on [H36M_MESH]... costs 45.86s
	Evaluating [MP] on [H36M_MESH]... costs 45.91s
	Evaluating [FPE] on [H36M_MESH]... costs 46.06s
	Evaluating [MC] on [H36M_MESH]... costs 45.85s
	Evaluating [MIB] on [H36M_MESH]... costs 45.67s
	Evaluating [PE] on [PW3D_MESH]... costs 17.06s
	Evaluating [MP] on [PW3D_MESH]... costs 16.81s
	Evaluating [FPE] on [PW3D_MESH]... costs 16.91s
	Evaluating [MC] on [PW3D_MESH]... costs 17.03s
	Evaluating [MIB] on [PW3D_MESH]... costs 16.79s
+-------+------------+---------+-----------+-----------+-------+--------+--------+--------+--------+-----------+--------+--------+--------+--------+-----------+--------+--------+--------+--------+-------+--------+--------+--------+--------+-----------+--------+--------+--------+--------+-----------+--------+--------+--------+--------+
| Epoch |     lr     |  JOINT  |    MESH   |    ALL    | AMASS |        |        |        |        | H36M_MESH |        |        |        |        | PW3D_MESH |        |        |        |        | AMASS |        |        |        |        | H36M_MESH |        |        |        |        | PW3D_MESH |        |        |        |        |
+-------+------------+---------+-----------+-----------+-------+--------+--------+--------+--------+-----------+--------+--------+--------+--------+-----------+--------+--------+--------+--------+-------+--------+--------+--------+--------+-----------+--------+--------+--------+--------+-----------+--------+--------+--------+--------+
|   10  | 0.00018270 | 0.26569 | 123.35244 | 123.61813 |   PE  |   MP   |  FPE   |   MC   |  MIB   |     PE    |   MP   |  FPE   |   MC   |  MIB   |     PE    |   MP   |  FPE   |   MC   |  MIB   |   PE  |   MP   |  FPE   |   MC   |  MIB   |     PE    |   MP   |  FPE   |   MC   |  MIB   |     PE    |   MP   |  FPE   |   MC   |  MIB   |
|       |            |         |           |           | 43.20 | 50.14  | 55.36  | 68.24  | 146.83 |   93.24   | 114.20 | 135.21 | 96.84  | 297.64 |   128.50  | 98.68  | 140.89 | 97.33  | 262.99 | 83.32 | 94.00  | 97.10  | 102.03 | 266.63 |   826.43  | 821.96 | 819.71 | 837.39 | 837.83 |   816.85  | 824.35 | 821.05 | 824.26 | 826.78 |
+-------+------------+---------+-----------+-----------+-------+--------+--------+--------+--------+-----------+--------+--------+--------+--------+-----------+--------+--------+--------+--------+-------+--------+--------+--------+--------+-----------+--------+--------+--------+--------+-----------+--------+--------+--------+--------+
	Saving best checkpoints: [AMASS,PE] [AMASS,MP] [AMASS,FPE] [AMASS,MC] [AMASS,MIB] [H36M_MESH,MP] [H36M_MESH,FPE] [H36M_MESH,MC] 

[10 end] Time cost: 66.06min 	| lr: 0.00018270
[11 start]
	Iter: 99/298; time cost: 16.89min; current batch has {'AMASS': 676, 'H36M_MESH': 204} samples; batch_size (total/sub): 880/220
	Iter: 198/298; time cost: 33.55min; current batch has {'AMASS': 656, 'H36M_MESH': 224} samples; batch_size (total/sub): 880/220
	Evaluating [PE] on [AMASS]... costs 121.01s
	Evaluating [MP] on [AMASS]... costs 120.30s
	Evaluating [FPE] on [AMASS]... costs 122.22s
	Evaluating [MC] on [AMASS]... costs 124.45s
	Evaluating [MIB] on [AMASS]... costs 122.01s
	Evaluating [PE] on [H36M_MESH]... costs 44.84s
	Evaluating [MP] on [H36M_MESH]... costs 44.36s
	Evaluating [FPE] on [H36M_MESH]... costs 45.24s
	Evaluating [MC] on [H36M_MESH]... costs 44.87s
	Evaluating [MIB] on [H36M_MESH]... costs 45.35s
	Evaluating [PE] on [PW3D_MESH]... costs 16.83s
	Evaluating [MP] on [PW3D_MESH]... costs 16.50s
	Evaluating [FPE] on [PW3D_MESH]... costs 16.42s
	Evaluating [MC] on [PW3D_MESH]... costs 16.52s
	Evaluating [MIB] on [PW3D_MESH]... costs 16.97s
+-------+------------+---------+-----------+-----------+-------+--------+--------+--------+--------+-----------+--------+--------+--------+--------+-----------+--------+--------+--------+--------+-------+--------+--------+--------+--------+-----------+--------+--------+--------+--------+-----------+--------+--------+--------+--------+
| Epoch |     lr     |  JOINT  |    MESH   |    ALL    | AMASS |        |        |        |        | H36M_MESH |        |        |        |        | PW3D_MESH |        |        |        |        | AMASS |        |        |        |        | H36M_MESH |        |        |        |        | PW3D_MESH |        |        |        |        |
+-------+------------+---------+-----------+-----------+-------+--------+--------+--------+--------+-----------+--------+--------+--------+--------+-----------+--------+--------+--------+--------+-------+--------+--------+--------+--------+-----------+--------+--------+--------+--------+-----------+--------+--------+--------+--------+
|   11  | 0.00018088 | 0.26315 | 122.55994 | 122.82310 |   PE  |   MP   |  FPE   |   MC   |  MIB   |     PE    |   MP   |  FPE   |   MC   |  MIB   |     PE    |   MP   |  FPE   |   MC   |  MIB   |   PE  |   MP   |  FPE   |   MC   |  MIB   |     PE    |   MP   |  FPE   |   MC   |  MIB   |     PE    |   MP   |  FPE   |   MC   |  MIB   |
|       |            |         |           |           | 43.03 | 50.00  | 54.53  | 67.73  | 141.06 |   86.73   | 112.91 | 131.52 | 92.82  | 306.77 |   120.92  | 94.00  | 133.98 | 87.47  | 271.57 | 79.27 | 86.50  | 91.93  | 93.70  | 258.09 |   821.91  | 825.88 | 816.37 | 838.45 | 837.75 |   813.39  | 823.47 | 816.98 | 817.43 | 827.29 |
+-------+------------+---------+-----------+-----------+-------+--------+--------+--------+--------+-----------+--------+--------+--------+--------+-----------+--------+--------+--------+--------+-------+--------+--------+--------+--------+-----------+--------+--------+--------+--------+-----------+--------+--------+--------+--------+
	Saving best checkpoints: [AMASS,PE] [AMASS,MP] [AMASS,FPE] [AMASS,MC] [AMASS,MIB] [H36M_MESH,PE] [H36M_MESH,MP] [H36M_MESH,FPE] [H36M_MESH,MC] [PW3D_MESH,PE] [PW3D_MESH,MP] [PW3D_MESH,FPE] [PW3D_MESH,MC] 

[11 end] Time cost: 66.27min 	| lr: 0.00018088
[12 start]
	Iter: 99/298; time cost: 16.90min; current batch has {'AMASS': 648, 'H36M_MESH': 232} samples; batch_size (total/sub): 880/220
	Iter: 198/298; time cost: 33.63min; current batch has {'AMASS': 636, 'H36M_MESH': 244} samples; batch_size (total/sub): 880/220
[12 end] Time cost: 50.21min 	| lr: 0.00017907
[13 start]
	Iter: 99/298; time cost: 16.84min; current batch has {'AMASS': 584, 'H36M_MESH': 296} samples; batch_size (total/sub): 880/220
	Iter: 198/298; time cost: 33.49min; current batch has {'AMASS': 608, 'H36M_MESH': 272} samples; batch_size (total/sub): 880/220
	Evaluating [PE] on [AMASS]... costs 119.35s
	Evaluating [MP] on [AMASS]... costs 120.10s
	Evaluating [FPE] on [AMASS]... costs 119.97s
	Evaluating [MC] on [AMASS]... costs 125.22s
	Evaluating [MIB] on [AMASS]... costs 123.61s
	Evaluating [PE] on [H36M_MESH]... costs 44.53s
	Evaluating [MP] on [H36M_MESH]... costs 44.02s
	Evaluating [FPE] on [H36M_MESH]... costs 44.64s
	Evaluating [MC] on [H36M_MESH]... costs 45.40s
	Evaluating [MIB] on [H36M_MESH]... costs 44.96s
	Evaluating [PE] on [PW3D_MESH]... costs 16.62s
	Evaluating [MP] on [PW3D_MESH]... costs 16.36s
	Evaluating [FPE] on [PW3D_MESH]... costs 16.44s
	Evaluating [MC] on [PW3D_MESH]... costs 16.46s
	Evaluating [MIB] on [PW3D_MESH]... costs 16.65s
+-------+------------+---------+-----------+-----------+-------+--------+--------+--------+--------+-----------+--------+--------+--------+--------+-----------+--------+--------+--------+--------+-------+--------+--------+--------+--------+-----------+--------+--------+--------+--------+-----------+--------+--------+--------+--------+
| Epoch |     lr     |  JOINT  |    MESH   |    ALL    | AMASS |        |        |        |        | H36M_MESH |        |        |        |        | PW3D_MESH |        |        |        |        | AMASS |        |        |        |        | H36M_MESH |        |        |        |        | PW3D_MESH |        |        |        |        |
+-------+------------+---------+-----------+-----------+-------+--------+--------+--------+--------+-----------+--------+--------+--------+--------+-----------+--------+--------+--------+--------+-------+--------+--------+--------+--------+-----------+--------+--------+--------+--------+-----------+--------+--------+--------+--------+
|   13  | 0.00017728 | 0.25809 | 121.15009 | 121.40817 |   PE  |   MP   |  FPE   |   MC   |  MIB   |     PE    |   MP   |  FPE   |   MC   |  MIB   |     PE    |   MP   |  FPE   |   MC   |  MIB   |   PE  |   MP   |  FPE   |   MC   |  MIB   |     PE    |   MP   |  FPE   |   MC   |  MIB   |     PE    |   MP   |  FPE   |   MC   |  MIB   |
|       |            |         |           |           | 45.09 | 49.31  | 54.06  | 68.02  | 141.80 |   96.33   | 118.76 | 138.71 | 102.59 | 327.48 |   130.03  | 102.88 | 144.77 | 99.87  | 290.77 | 84.22 | 93.53  | 97.38  | 97.11  | 276.19 |   830.07  | 831.90 | 823.07 | 843.38 | 844.64 |   811.71  | 824.95 | 814.39 | 820.76 | 832.95 |
+-------+------------+---------+-----------+-----------+-------+--------+--------+--------+--------+-----------+--------+--------+--------+--------+-----------+--------+--------+--------+--------+-------+--------+--------+--------+--------+-----------+--------+--------+--------+--------+-----------+--------+--------+--------+--------+
	Saving best checkpoints: [AMASS,MP] [AMASS,FPE] 

[13 end] Time cost: 65.39min 	| lr: 0.00017728
[14 start]
	Iter: 99/298; time cost: 16.85min; current batch has {'AMASS': 596, 'H36M_MESH': 284} samples; batch_size (total/sub): 880/220
	Iter: 198/298; time cost: 33.57min; current batch has {'AMASS': 624, 'H36M_MESH': 256} samples; batch_size (total/sub): 880/220
[14 end] Time cost: 50.15min 	| lr: 0.00017550
[15 start]
	Iter: 99/298; time cost: 16.88min; current batch has {'AMASS': 616, 'H36M_MESH': 264} samples; batch_size (total/sub): 880/220
	Iter: 198/298; time cost: 33.56min; current batch has {'AMASS': 628, 'H36M_MESH': 252} samples; batch_size (total/sub): 880/220
	Evaluating [PE] on [AMASS]... costs 119.35s
	Evaluating [MP] on [AMASS]... costs 119.94s
	Evaluating [FPE] on [AMASS]... costs 120.07s
	Evaluating [MC] on [AMASS]... costs 120.21s
	Evaluating [MIB] on [AMASS]... costs 119.75s
	Evaluating [PE] on [H36M_MESH]... costs 44.28s
	Evaluating [MP] on [H36M_MESH]... costs 44.38s
	Evaluating [FPE] on [H36M_MESH]... costs 45.21s
	Evaluating [MC] on [H36M_MESH]... costs 45.83s
	Evaluating [MIB] on [H36M_MESH]... costs 45.75s
	Evaluating [PE] on [PW3D_MESH]... costs 17.09s
	Evaluating [MP] on [PW3D_MESH]... costs 16.54s
	Evaluating [FPE] on [PW3D_MESH]... costs 16.39s
	Evaluating [MC] on [PW3D_MESH]... costs 16.24s
	Evaluating [MIB] on [PW3D_MESH]... costs 16.61s
+-------+------------+---------+-----------+-----------+-------+--------+--------+--------+--------+-----------+--------+--------+--------+--------+-----------+--------+--------+--------+--------+-------+--------+--------+--------+--------+-----------+--------+--------+--------+--------+-----------+--------+--------+--------+--------+
| Epoch |     lr     |  JOINT  |    MESH   |    ALL    | AMASS |        |        |        |        | H36M_MESH |        |        |        |        | PW3D_MESH |        |        |        |        | AMASS |        |        |        |        | H36M_MESH |        |        |        |        | PW3D_MESH |        |        |        |        |
+-------+------------+---------+-----------+-----------+-------+--------+--------+--------+--------+-----------+--------+--------+--------+--------+-----------+--------+--------+--------+--------+-------+--------+--------+--------+--------+-----------+--------+--------+--------+--------+-----------+--------+--------+--------+--------+
|   15  | 0.00017375 | 0.25397 | 119.88672 | 120.14069 |   PE  |   MP   |  FPE   |   MC   |  MIB   |     PE    |   MP   |  FPE   |   MC   |  MIB   |     PE    |   MP   |  FPE   |   MC   |  MIB   |   PE  |   MP   |  FPE   |   MC   |  MIB   |     PE    |   MP   |  FPE   |   MC   |  MIB   |     PE    |   MP   |  FPE   |   MC   |  MIB   |
|       |            |         |           |           | 43.60 | 47.86  | 52.15  | 69.72  | 155.33 |   91.14   | 113.94 | 134.02 | 94.62  | 330.13 |   124.03  | 99.57  | 139.40 | 94.41  | 288.00 | 79.49 | 87.24  | 90.71  | 92.91  | 263.90 |   826.49  | 829.35 | 821.19 | 839.55 | 841.05 |   815.22  | 823.68 | 818.80 | 817.86 | 827.14 |
+-------+------------+---------+-----------+-----------+-------+--------+--------+--------+--------+-----------+--------+--------+--------+--------+-----------+--------+--------+--------+--------+-------+--------+--------+--------+--------+-----------+--------+--------+--------+--------+-----------+--------+--------+--------+--------+
	Saving best checkpoints: [AMASS,MP] [AMASS,FPE] 

[15 end] Time cost: 65.37min 	| lr: 0.00017375
[16 start]
	Iter: 99/298; time cost: 16.92min; current batch has {'AMASS': 660, 'H36M_MESH': 220} samples; batch_size (total/sub): 880/220
	Iter: 198/298; time cost: 33.63min; current batch has {'AMASS': 644, 'H36M_MESH': 236} samples; batch_size (total/sub): 880/220
[16 end] Time cost: 50.24min 	| lr: 0.00017201
[17 start]
	Iter: 99/298; time cost: 16.83min; current batch has {'AMASS': 596, 'H36M_MESH': 284} samples; batch_size (total/sub): 880/220
	Iter: 198/298; time cost: 33.50min; current batch has {'AMASS': 592, 'H36M_MESH': 288} samples; batch_size (total/sub): 880/220
	Evaluating [PE] on [AMASS]... costs 120.92s
	Evaluating [MP] on [AMASS]... costs 120.55s
	Evaluating [FPE] on [AMASS]... costs 122.45s
	Evaluating [MC] on [AMASS]... costs 121.41s
	Evaluating [MIB] on [AMASS]... costs 123.37s
	Evaluating [PE] on [H36M_MESH]... costs 45.35s
	Evaluating [MP] on [H36M_MESH]... costs 45.87s
	Evaluating [FPE] on [H36M_MESH]... costs 44.81s
	Evaluating [MC] on [H36M_MESH]... costs 44.79s
	Evaluating [MIB] on [H36M_MESH]... costs 46.04s
	Evaluating [PE] on [PW3D_MESH]... costs 16.52s
	Evaluating [MP] on [PW3D_MESH]... costs 16.68s
	Evaluating [FPE] on [PW3D_MESH]... costs 16.73s
	Evaluating [MC] on [PW3D_MESH]... costs 16.61s
	Evaluating [MIB] on [PW3D_MESH]... costs 16.75s
+-------+------------+---------+-----------+-----------+-------+--------+--------+--------+--------+-----------+--------+--------+--------+--------+-----------+--------+--------+--------+--------+-------+--------+--------+--------+--------+-----------+--------+--------+--------+--------+-----------+--------+--------+--------+--------+
| Epoch |     lr     |  JOINT  |    MESH   |    ALL    | AMASS |        |        |        |        | H36M_MESH |        |        |        |        | PW3D_MESH |        |        |        |        | AMASS |        |        |        |        | H36M_MESH |        |        |        |        | PW3D_MESH |        |        |        |        |
+-------+------------+---------+-----------+-----------+-------+--------+--------+--------+--------+-----------+--------+--------+--------+--------+-----------+--------+--------+--------+--------+-------+--------+--------+--------+--------+-----------+--------+--------+--------+--------+-----------+--------+--------+--------+--------+
|   17  | 0.00017029 | 0.25081 | 118.84143 | 119.09224 |   PE  |   MP   |  FPE   |   MC   |  MIB   |     PE    |   MP   |  FPE   |   MC   |  MIB   |     PE    |   MP   |  FPE   |   MC   |  MIB   |   PE  |   MP   |  FPE   |   MC   |  MIB   |     PE    |   MP   |  FPE   |   MC   |  MIB   |     PE    |   MP   |  FPE   |   MC   |  MIB   |
|       |            |         |           |           | 41.91 | 44.45  | 49.53  | 64.20  | 143.99 |   88.58   | 112.91 | 132.56 | 93.16  | 299.07 |   127.03  | 97.07  | 139.91 | 90.91  | 259.61 | 77.29 | 85.84  | 88.87  | 93.64  | 267.17 |   819.64  | 823.96 | 815.45 | 834.31 | 842.22 |   811.75  | 821.23 | 815.43 | 815.51 | 833.39 |
+-------+------------+---------+-----------+-----------+-------+--------+--------+--------+--------+-----------+--------+--------+--------+--------+-----------+--------+--------+--------+--------+-------+--------+--------+--------+--------+-----------+--------+--------+--------+--------+-----------+--------+--------+--------+--------+
	Saving best checkpoints: [AMASS,PE] [AMASS,MP] [AMASS,FPE] [AMASS,MC] 

[17 end] Time cost: 65.62min 	| lr: 0.00017029
[18 start]
	Iter: 99/298; time cost: 16.86min; current batch has {'AMASS': 596, 'H36M_MESH': 284} samples; batch_size (total/sub): 880/220
	Iter: 198/298; time cost: 33.54min; current batch has {'AMASS': 592, 'H36M_MESH': 288} samples; batch_size (total/sub): 880/220
[18 end] Time cost: 50.09min 	| lr: 0.00016859
[19 start]
	Iter: 99/298; time cost: 16.89min; current batch has {'AMASS': 636, 'H36M_MESH': 244} samples; batch_size (total/sub): 880/220
