Adding new arg: args.config = ckpt/0502_AMASS_H36MMESH/01_smalldata_h36mNoMPFPE/config.yaml
Adding new arg: args.checkpoint = ckpt/0502_AMASS_H36MMESH/01_smalldata_h36mNoMPFPE/
Adding new arg: args.seed = 0
Adding new arg: args.visualize = 
Adding new arg: args.eval_generalization = False
Adding new arg: args.quick_debug = False
Adding new arg: args.gpu = 0
Overriding existing arg: args.batch_size = 220
Adding new arg: args.classifier_type = task
Adding new arg: args.num_class = 4
Adding new arg: args.use_task_id_as_prompt = False
Adding new arg: args.reverse_query_prompt = False
Adding new arg: args.shuffle_batch = False
Adding new arg: args.reverse_query_prompt_per_iter = False
Adding new arg: args.vertex_x1000 = False
Adding new arg: args.aug2D = False

Configs: {'tasks': ['PE', 'MP', 'MC', 'FPE'], 'task_to_flag': {'PE': 0, 'MP': 1, 'FPE': 2, 'MC': 3, '2DAR': 4, 'AR': 5, 'MIB': 6}, 'dataset_to_flag': {'H36M_3D': 0, 'AMASS': 1, 'PW3D_MESH': 2, 'H36M_MESH': 3, 'H36M_MESH_TCMR': 4}, 'flag_to_task': {'0': 'PE', '1': 'MP', '2': 'FPE', '3': 'MC', '4': '2DAR', '5': 'AR', '6': 'MIB'}, 'flag_to_dataset': {'0': 'H36M_3D', '1': 'AMASS', '2': 'PW3D_MESH', '3': 'H36M_MESH', '4': 'H36M_MESH_TCMR'}, 'task_metrics': {'PE': ['PE e1', 'PE e2'], 'MP': ['MP'], 'FPE': ['FPE'], 'MC': ['MC'], '2DAR': ['2DAR'], 'AR': ['AR']}, 'dataset_task_info': {'train': {'AMASS': ['PE', 'MP', 'FPE', 'MC'], 'H36M_MESH': ['PE', 'MC']}, 'test': {'AMASS': ['PE', 'MP', 'FPE', 'MC', 'MIB'], 'H36M_MESH': ['PE', 'MC', 'MIB']}}, 'Mesh': {'enable': True, 'loss_type': 'L1', 'losses': {'loss_3d_pos': 0.5, 'loss_3d_velocity': 10, 'loss_pose': 1000, 'loss_shape': 1, 'loss_norm': 20, 'loss_3d_scale': 0, 'loss_lv': 0, 'loss_lg': 0, 'loss_a': 0, 'loss_av': 0}}, 'dataset_file': {'PW3D_MESH': 'data_icl_gen/VER5_DATA/PW3D_MESH/mesh_det_pw3d_EXTENDED.pkl', 'H36M_MESH': 'data_icl_gen/VER5_DATA/H36M_MESH/mesh_det_h36m_EXTENDED.pkl', 'AMASS': 'data_icl_gen/VER5_DATA/AMASS', 'H36M_3D': 'data_icl_gen/processed_data/H36M_3D/h36m_sh_conf_cam_source_final.pkl', 'H36M_MESH_TCMR': 'data_icl_gen/VER5_DATA/H36M_TCMR/h36m_train_25fps_db_RENAMED.pt'}, 'use_presave_data': True, 'aug': False, 'aug_shuffle_joints': False, 'current_as_history': True, 'clip_len': 16, 'max_len': 16, 'num_joint': 17, 'joint_mask_ratio': 0.4, 'frame_mask_ratio': 0.4, 'presave_folder': 'data_icl_gen/presave_data/', 'dataset_config': {'PW3D_MESH': {'sample_stride': 1, 'data_stride': {'train': 16, 'test': 32}, 'read_confidence': False, 'rootrel_input': True, 'rootrel_target': True, 'flip': True, 'use_global_orient': True}, 'H36M_MESH': {'sample_stride': 1, 'data_stride': {'train': 16, 'test': 32}, 'read_confidence': False, 'rootrel_input': True, 'rootrel_target': True, 'flip': True, 'use_global_orient': True}, 'AMASS': {'sample_stride': 1, 'data_stride': {'train': 128, 'test': 256}, 'read_confidence': False, 'rootrel_input': True, 'rootrel_target': True, 'flip': True, 'use_global_orient': True}, 'H36M_3D': {'sample_stride': 1, 'data_stride': {'train': 16, 'test': 32}, 'read_confidence': False, 'rootrel_input': True, 'rootrel_target': True, 'flip': True, 'scale_3D': 1}, 'H36M_MESH_TCMR': {'sample_stride': 1, 'data_stride': {'train': 16, 'test': 32}, 'read_confidence': False, 'rootrel_input': True, 'rootrel_target': True, 'flip': True, 'use_global_orient': True}}, 'func_ver': {'dataset_action_recognition': None, 'evaluate_action_recognition': None, 'train_epoch_action_recognition': None, 'dataset_non_AR': '5_ICL', 'evaluate_non_AR': '5_ICL', 'train_epoch_non_AR': '5_ICL', 'model_name': 'model_mesh.M01V00_MotionAGFormer'}, 'epochs': 120, 'batch_size': 220, 'test_batch_size': 512, 'learning_rate': 0.0002, 'weight_decay': 0.01, 'lr_decay': 0.99, 'losses': {'loss_mpjpe': 1.0, 'n_mpjpe': 0.5, 'loss_velocity': 20.0, 'loss_limb_var': 0, 'loss_limb_gt': 0, 'loss_angle': 0, 'loss_angle_velocity': 0}, 'no_eval': False, 'use_partial_data': False, 'partial_data': None, 'full_data': None, 'name': 'config', 'config': 'ckpt/0502_AMASS_H36MMESH/01_smalldata_h36mNoMPFPE/config.yaml', 'checkpoint': 'ckpt/0502_AMASS_H36MMESH/01_smalldata_h36mNoMPFPE/', 'seed': 0, 'visualize': '', 'eval_generalization': False, 'quick_debug': False, 'gpu': '0', 'classifier_type': 'task', 'num_class': 4, 'use_task_id_as_prompt': False, 'reverse_query_prompt': False, 'shuffle_batch': False, 'reverse_query_prompt_per_iter': False, 'vertex_x1000': False, 'aug2D': False, 'data': None}

python train.py --config ckpt/0502_AMASS_H36MMESH/01_smalldata_h36mNoMPFPE/config.yaml -c ckpt/0502_AMASS_H36MMESH/01_smalldata_h36mNoMPFPE/ -gpu 0 -bs 220

PID:  31292

Overriding function... Using <prepare_motion> function from [model_mesh.M01V00_MotionAGFormer] instead of default from dataset ...

Overriding function... Using <preprocess> function from [model_mesh.M01V00_MotionAGFormer] instead of default from dataset ...

Loading dataset...
	Loading train data from [AMASS] for task: ['PE', 'MP', 'FPE', 'MC']... Loading presaved... costs 6.41s... has 46726/46726 query/prompt samples
	Loading train data from [H36M_MESH] for task: ['PE', 'MC']... Loading presaved... costs 5.35s... has 18644/18644 query/prompt samples
	Training (non-AR) sample count: 65370
	Loading test data from [AMASS] for task: ['PE']... costs 0.00s... has 8492/46726 query/prompt samples
	Loading test data from [AMASS] for task: ['MP']... costs 0.00s... has 8492/46726 query/prompt samples
	Loading test data from [AMASS] for task: ['FPE']... costs 0.00s... has 8492/46726 query/prompt samples
	Loading test data from [AMASS] for task: ['MC']... costs 0.05s... has 8492/46726 query/prompt samples
	Loading test data from [AMASS] for task: ['MIB']... costs 0.05s... has 8492/46726 query/prompt samples
	Loading test data from [H36M_MESH] for task: ['PE']... costs 0.00s... has 3088/18644 query/prompt samples
	Loading test data from [H36M_MESH] for task: ['MC']... costs 0.02s... has 3088/18644 query/prompt samples
	Loading test data from [H36M_MESH] for task: ['MIB']... costs 0.02s... has 3088/18644 query/prompt samples

Loading model...
	Model: model_mesh.M01V00_MotionAGFormer
	Trainable parameter count: 59.318483M

Training on [['non_AR', 298]] batches for 120 epochs. batch size: 220
[1 start]
	Iter: 99/298; time cost: 14.90min; current batch has {'AMASS': 604, 'H36M_MESH': 138} samples; batch_size (total/sub): 742/82
	Iter: 198/298; time cost: 29.47min; current batch has {'AMASS': 592, 'H36M_MESH': 144} samples; batch_size (total/sub): 736/76
	Evaluating [PE] on [AMASS]... costs 123.72s
	Evaluating [MP] on [AMASS]... costs 122.66s
	Evaluating [FPE] on [AMASS]... costs 124.36s
	Evaluating [MC] on [AMASS]... costs 125.19s
	Evaluating [MIB] on [AMASS]... costs 125.82s
	Evaluating [PE] on [H36M_MESH]... costs 45.57s
	Evaluating [MC] on [H36M_MESH]... costs 45.84s
	Evaluating [MIB] on [H36M_MESH]... costs 45.81s
+-------+------------+---------+-----------+-----------+-------+--------+--------+--------+--------+-----------+--------+--------+--------+--------+--------+--------+--------+-----------+--------+--------+
| Epoch |     lr     |  JOINT  |    MESH   |    ALL    | AMASS |        |        |        |        | H36M_MESH |        |        | AMASS  |        |        |        |        | H36M_MESH |        |        |
+-------+------------+---------+-----------+-----------+-------+--------+--------+--------+--------+-----------+--------+--------+--------+--------+--------+--------+--------+-----------+--------+--------+
|   1   | 0.00020000 | 0.36297 | 147.40459 | 147.76756 |   PE  |   MP   |  FPE   |   MC   |  MIB   |     PE    |   MC   |  MIB   |   PE   |   MP   |  FPE   |   MC   |  MIB   |     PE    |   MC   |  MIB   |
|       |            |         |           |           | 70.97 | 89.52  | 93.75  | 102.14 | 216.64 |   152.44  | 189.55 | 386.56 | 125.68 | 150.71 | 150.66 | 148.27 | 206.31 |   875.69  | 889.49 | 878.04 |
+-------+------------+---------+-----------+-----------+-------+--------+--------+--------+--------+-----------+--------+--------+--------+--------+--------+--------+--------+-----------+--------+--------+
	Saving best checkpoints: [AMASS,PE] [AMASS,MP] [AMASS,FPE] [AMASS,MC] [AMASS,MIB] [H36M_MESH,PE] [H36M_MESH,MC] [H36M_MESH,MIB] 

[1 end] Time cost: 56.68min 	| lr: 0.00020000
[2 start]
	Iter: 99/298; time cost: 14.73min; current batch has {'AMASS': 624, 'H36M_MESH': 128} samples; batch_size (total/sub): 752/92
	Iter: 198/298; time cost: 29.25min; current batch has {'AMASS': 596, 'H36M_MESH': 142} samples; batch_size (total/sub): 738/78
	Evaluating [PE] on [AMASS]... costs 122.12s
	Evaluating [MP] on [AMASS]... costs 120.15s
	Evaluating [FPE] on [AMASS]... costs 121.46s
	Evaluating [MC] on [AMASS]... costs 121.03s
	Evaluating [MIB] on [AMASS]... costs 120.80s
	Evaluating [PE] on [H36M_MESH]... costs 44.90s
	Evaluating [MC] on [H36M_MESH]... costs 45.15s
	Evaluating [MIB] on [H36M_MESH]... costs 44.88s
+-------+------------+---------+-----------+-----------+-------+--------+--------+--------+--------+-----------+--------+--------+--------+--------+--------+--------+--------+-----------+--------+--------+
| Epoch |     lr     |  JOINT  |    MESH   |    ALL    | AMASS |        |        |        |        | H36M_MESH |        |        | AMASS  |        |        |        |        | H36M_MESH |        |        |
+-------+------------+---------+-----------+-----------+-------+--------+--------+--------+--------+-----------+--------+--------+--------+--------+--------+--------+--------+-----------+--------+--------+
|   2   | 0.00019800 | 0.28860 | 133.87538 | 134.16397 |   PE  |   MP   |  FPE   |   MC   |  MIB   |     PE    |   MC   |  MIB   |   PE   |   MP   |  FPE   |   MC   |  MIB   |     PE    |   MC   |  MIB   |
|       |            |         |           |           | 62.37 | 81.16  | 85.32  | 87.59  | 217.94 |   132.46  | 145.58 | 433.08 | 122.89 | 141.14 | 147.89 | 139.68 | 212.66 |   856.88  | 867.40 | 853.39 |
+-------+------------+---------+-----------+-----------+-------+--------+--------+--------+--------+-----------+--------+--------+--------+--------+--------+--------+--------+-----------+--------+--------+
	Saving best checkpoints: [AMASS,PE] [AMASS,MP] [AMASS,FPE] [AMASS,MC] [H36M_MESH,PE] [H36M_MESH,MC] 

[2 end] Time cost: 56.42min 	| lr: 0.00019800
[3 start]
	Iter: 99/298; time cost: 14.70min; current batch has {'AMASS': 608, 'H36M_MESH': 136} samples; batch_size (total/sub): 744/84
	Iter: 198/298; time cost: 29.21min; current batch has {'AMASS': 632, 'H36M_MESH': 124} samples; batch_size (total/sub): 756/96
	Evaluating [PE] on [AMASS]... costs 120.53s
	Evaluating [MP] on [AMASS]... costs 119.94s
	Evaluating [FPE] on [AMASS]... costs 120.81s
	Evaluating [MC] on [AMASS]... costs 121.32s
	Evaluating [MIB] on [AMASS]... costs 122.61s
	Evaluating [PE] on [H36M_MESH]... costs 45.68s
	Evaluating [MC] on [H36M_MESH]... costs 44.56s
	Evaluating [MIB] on [H36M_MESH]... costs 46.00s
+-------+------------+---------+-----------+-----------+-------+--------+--------+--------+--------+-----------+--------+--------+--------+--------+--------+--------+--------+-----------+--------+--------+
| Epoch |     lr     |  JOINT  |    MESH   |    ALL    | AMASS |        |        |        |        | H36M_MESH |        |        | AMASS  |        |        |        |        | H36M_MESH |        |        |
+-------+------------+---------+-----------+-----------+-------+--------+--------+--------+--------+-----------+--------+--------+--------+--------+--------+--------+--------+-----------+--------+--------+
|   3   | 0.00019602 | 0.26372 | 128.69930 | 128.96301 |   PE  |   MP   |  FPE   |   MC   |  MIB   |     PE    |   MC   |  MIB   |   PE   |   MP   |  FPE   |   MC   |  MIB   |     PE    |   MC   |  MIB   |
|       |            |         |           |           | 66.51 | 79.12  | 84.05  | 87.67  | 196.81 |   107.05  | 124.24 | 402.04 | 114.53 | 125.11 | 130.08 | 126.42 | 223.34 |   845.01  | 861.30 | 884.45 |
+-------+------------+---------+-----------+-----------+-------+--------+--------+--------+--------+-----------+--------+--------+--------+--------+--------+--------+--------+-----------+--------+--------+
	Saving best checkpoints: [AMASS,MP] [AMASS,FPE] [AMASS,MIB] [H36M_MESH,PE] [H36M_MESH,MC] 

[3 end] Time cost: 56.36min 	| lr: 0.00019602
[4 start]
	Iter: 99/298; time cost: 14.73min; current batch has {'AMASS': 632, 'H36M_MESH': 124} samples; batch_size (total/sub): 756/96
	Iter: 198/298; time cost: 29.22min; current batch has {'AMASS': 632, 'H36M_MESH': 124} samples; batch_size (total/sub): 756/96
	Evaluating [PE] on [AMASS]... costs 120.84s
	Evaluating [MP] on [AMASS]... costs 122.08s
	Evaluating [FPE] on [AMASS]... costs 123.88s
	Evaluating [MC] on [AMASS]... costs 123.04s
	Evaluating [MIB] on [AMASS]... costs 122.44s
	Evaluating [PE] on [H36M_MESH]... costs 44.79s
	Evaluating [MC] on [H36M_MESH]... costs 45.79s
	Evaluating [MIB] on [H36M_MESH]... costs 45.50s
+-------+------------+---------+-----------+-----------+-------+--------+--------+--------+--------+-----------+--------+--------+--------+--------+--------+--------+--------+-----------+--------+--------+
| Epoch |     lr     |  JOINT  |    MESH   |    ALL    | AMASS |        |        |        |        | H36M_MESH |        |        | AMASS  |        |        |        |        | H36M_MESH |        |        |
+-------+------------+---------+-----------+-----------+-------+--------+--------+--------+--------+-----------+--------+--------+--------+--------+--------+--------+--------+-----------+--------+--------+
|   4   | 0.00019406 | 0.24860 | 125.45075 | 125.69936 |   PE  |   MP   |  FPE   |   MC   |  MIB   |     PE    |   MC   |  MIB   |   PE   |   MP   |  FPE   |   MC   |  MIB   |     PE    |   MC   |  MIB   |
|       |            |         |           |           | 55.94 | 67.24  | 76.29  | 76.89  | 193.91 |   106.17  | 114.48 | 422.01 | 103.29 | 113.02 | 121.98 | 115.22 | 262.84 |   836.54  | 853.42 | 862.28 |
+-------+------------+---------+-----------+-----------+-------+--------+--------+--------+--------+-----------+--------+--------+--------+--------+--------+--------+--------+-----------+--------+--------+
	Saving best checkpoints: [AMASS,PE] [AMASS,MP] [AMASS,FPE] [AMASS,MC] [AMASS,MIB] [H36M_MESH,PE] [H36M_MESH,MC] 

[4 end] Time cost: 56.54min 	| lr: 0.00019406
[5 start]
	Iter: 99/298; time cost: 14.69min; current batch has {'AMASS': 648, 'H36M_MESH': 116} samples; batch_size (total/sub): 764/104
	Iter: 198/298; time cost: 29.22min; current batch has {'AMASS': 660, 'H36M_MESH': 110} samples; batch_size (total/sub): 770/110
	Evaluating [PE] on [AMASS]... costs 121.93s
	Evaluating [MP] on [AMASS]... costs 121.89s
	Evaluating [FPE] on [AMASS]... costs 122.57s
	Evaluating [MC] on [AMASS]... costs 127.11s
	Evaluating [MIB] on [AMASS]... costs 125.21s
	Evaluating [PE] on [H36M_MESH]... costs 45.99s
	Evaluating [MC] on [H36M_MESH]... costs 46.48s
	Evaluating [MIB] on [H36M_MESH]... costs 45.50s
+-------+------------+---------+-----------+-----------+-------+--------+--------+--------+--------+-----------+--------+--------+-------+--------+--------+--------+--------+-----------+--------+--------+
| Epoch |     lr     |  JOINT  |    MESH   |    ALL    | AMASS |        |        |        |        | H36M_MESH |        |        | AMASS |        |        |        |        | H36M_MESH |        |        |
+-------+------------+---------+-----------+-----------+-------+--------+--------+--------+--------+-----------+--------+--------+-------+--------+--------+--------+--------+-----------+--------+--------+
|   5   | 0.00019212 | 0.23652 | 123.09653 | 123.33306 |   PE  |   MP   |  FPE   |   MC   |  MIB   |     PE    |   MC   |  MIB   |   PE  |   MP   |  FPE   |   MC   |  MIB   |     PE    |   MC   |  MIB   |
|       |            |         |           |           | 56.13 | 64.74  | 73.90  | 77.75  | 211.21 |   105.10  | 113.73 | 442.13 | 94.96 | 101.87 | 112.88 | 107.91 | 287.51 |   838.94  | 852.68 | 877.36 |
+-------+------------+---------+-----------+-----------+-------+--------+--------+--------+--------+-----------+--------+--------+-------+--------+--------+--------+--------+-----------+--------+--------+
	Saving best checkpoints: [AMASS,MP] [AMASS,FPE] [H36M_MESH,PE] [H36M_MESH,MC] 

[5 end] Time cost: 56.51min 	| lr: 0.00019212
[6 start]
	Iter: 99/298; time cost: 14.69min; current batch has {'AMASS': 672, 'H36M_MESH': 104} samples; batch_size (total/sub): 776/116
	Iter: 198/298; time cost: 29.23min; current batch has {'AMASS': 584, 'H36M_MESH': 148} samples; batch_size (total/sub): 732/72
	Evaluating [PE] on [AMASS]... costs 121.98s
	Evaluating [MP] on [AMASS]... costs 120.84s
	Evaluating [FPE] on [AMASS]... costs 122.68s
	Evaluating [MC] on [AMASS]... costs 125.65s
	Evaluating [MIB] on [AMASS]... costs 123.99s
	Evaluating [PE] on [H36M_MESH]... costs 46.02s
	Evaluating [MC] on [H36M_MESH]... costs 49.02s
	Evaluating [MIB] on [H36M_MESH]... costs 44.83s
+-------+------------+---------+-----------+-----------+-------+--------+--------+--------+--------+-----------+--------+--------+--------+--------+--------+--------+--------+-----------+--------+--------+
| Epoch |     lr     |  JOINT  |    MESH   |    ALL    | AMASS |        |        |        |        | H36M_MESH |        |        | AMASS  |        |        |        |        | H36M_MESH |        |        |
+-------+------------+---------+-----------+-----------+-------+--------+--------+--------+--------+-----------+--------+--------+--------+--------+--------+--------+--------+-----------+--------+--------+
|   6   | 0.00019020 | 0.22913 | 121.38562 | 121.61475 |   PE  |   MP   |  FPE   |   MC   |  MIB   |     PE    |   MC   |  MIB   |   PE   |   MP   |  FPE   |   MC   |  MIB   |     PE    |   MC   |  MIB   |
|       |            |         |           |           | 47.59 | 59.89  | 64.62  | 76.54  | 201.46 |   108.90  | 109.49 | 451.04 | 105.91 | 115.32 | 122.83 | 120.05 | 311.73 |   840.23  | 851.19 | 870.17 |
+-------+------------+---------+-----------+-----------+-------+--------+--------+--------+--------+-----------+--------+--------+--------+--------+--------+--------+--------+-----------+--------+--------+
	Saving best checkpoints: [AMASS,PE] [AMASS,MP] [AMASS,FPE] [AMASS,MC] [H36M_MESH,MC] 

[6 end] Time cost: 56.64min 	| lr: 0.00019020
[7 start]
	Iter: 99/298; time cost: 14.69min; current batch has {'AMASS': 580, 'H36M_MESH': 150} samples; batch_size (total/sub): 730/70
	Iter: 198/298; time cost: 29.23min; current batch has {'AMASS': 660, 'H36M_MESH': 110} samples; batch_size (total/sub): 770/110
	Evaluating [PE] on [AMASS]... costs 120.55s
	Evaluating [MP] on [AMASS]... costs 120.99s
	Evaluating [FPE] on [AMASS]... costs 122.47s
	Evaluating [MC] on [AMASS]... costs 124.18s
	Evaluating [MIB] on [AMASS]... costs 121.81s
	Evaluating [PE] on [H36M_MESH]... costs 44.87s
	Evaluating [MC] on [H36M_MESH]... costs 45.11s
	Evaluating [MIB] on [H36M_MESH]... costs 46.25s
+-------+------------+---------+-----------+-----------+-------+--------+--------+--------+--------+-----------+--------+--------+-------+--------+--------+--------+--------+-----------+--------+--------+
| Epoch |     lr     |  JOINT  |    MESH   |    ALL    | AMASS |        |        |        |        | H36M_MESH |        |        | AMASS |        |        |        |        | H36M_MESH |        |        |
+-------+------------+---------+-----------+-----------+-------+--------+--------+--------+--------+-----------+--------+--------+-------+--------+--------+--------+--------+-----------+--------+--------+
|   7   | 0.00018830 | 0.22269 | 119.99448 | 120.21718 |   PE  |   MP   |  FPE   |   MC   |  MIB   |     PE    |   MC   |  MIB   |   PE  |   MP   |  FPE   |   MC   |  MIB   |     PE    |   MC   |  MIB   |
|       |            |         |           |           | 49.36 | 58.34  | 65.16  | 72.43  | 197.71 |   104.66  | 106.90 | 463.85 | 93.23 | 103.40 | 108.46 | 111.16 | 284.85 |   834.24  | 847.03 | 869.74 |
+-------+------------+---------+-----------+-----------+-------+--------+--------+--------+--------+-----------+--------+--------+-------+--------+--------+--------+--------+-----------+--------+--------+
	Saving best checkpoints: [AMASS,MP] [AMASS,MC] [H36M_MESH,PE] [H36M_MESH,MC] 

[7 end] Time cost: 56.33min 	| lr: 0.00018830
[8 start]
	Iter: 99/298; time cost: 14.64min; current batch has {'AMASS': 620, 'H36M_MESH': 130} samples; batch_size (total/sub): 750/90
	Iter: 198/298; time cost: 29.17min; current batch has {'AMASS': 612, 'H36M_MESH': 134} samples; batch_size (total/sub): 746/86
	Evaluating [PE] on [AMASS]... costs 121.17s
	Evaluating [MP] on [AMASS]... costs 123.02s
	Evaluating [FPE] on [AMASS]... costs 122.65s
	Evaluating [MC] on [AMASS]... costs 122.22s
	Evaluating [MIB] on [AMASS]... costs 123.22s
	Evaluating [PE] on [H36M_MESH]... costs 45.89s
	Evaluating [MC] on [H36M_MESH]... costs 45.98s
	Evaluating [MIB] on [H36M_MESH]... costs 45.65s
+-------+------------+---------+-----------+-----------+-------+--------+--------+--------+--------+-----------+--------+--------+-------+--------+--------+--------+--------+-----------+--------+--------+
| Epoch |     lr     |  JOINT  |    MESH   |    ALL    | AMASS |        |        |        |        | H36M_MESH |        |        | AMASS |        |        |        |        | H36M_MESH |        |        |
+-------+------------+---------+-----------+-----------+-------+--------+--------+--------+--------+-----------+--------+--------+-------+--------+--------+--------+--------+-----------+--------+--------+
|   8   | 0.00018641 | 0.21728 | 118.81704 | 119.03433 |   PE  |   MP   |  FPE   |   MC   |  MIB   |     PE    |   MC   |  MIB   |   PE  |   MP   |  FPE   |   MC   |  MIB   |     PE    |   MC   |  MIB   |
|       |            |         |           |           | 48.71 | 55.40  | 61.80  | 70.91  | 204.40 |   102.86  | 105.60 | 434.62 | 94.10 | 101.17 | 108.71 | 105.61 | 290.45 |   840.80  | 849.56 | 873.91 |
+-------+------------+---------+-----------+-----------+-------+--------+--------+--------+--------+-----------+--------+--------+-------+--------+--------+--------+--------+-----------+--------+--------+
	Saving best checkpoints: [AMASS,MP] [AMASS,FPE] [AMASS,MC] [H36M_MESH,PE] [H36M_MESH,MC] 

[8 end] Time cost: 56.45min 	| lr: 0.00018641
[9 start]
	Iter: 99/298; time cost: 14.69min; current batch has {'AMASS': 588, 'H36M_MESH': 146} samples; batch_size (total/sub): 734/74
	Iter: 198/298; time cost: 29.19min; current batch has {'AMASS': 616, 'H36M_MESH': 132} samples; batch_size (total/sub): 748/88
	Evaluating [PE] on [AMASS]... costs 121.21s
	Evaluating [MP] on [AMASS]... costs 119.50s
	Evaluating [FPE] on [AMASS]... costs 121.95s
	Evaluating [MC] on [AMASS]... costs 121.91s
	Evaluating [MIB] on [AMASS]... costs 122.66s
	Evaluating [PE] on [H36M_MESH]... costs 45.09s
	Evaluating [MC] on [H36M_MESH]... costs 46.08s
	Evaluating [MIB] on [H36M_MESH]... costs 45.49s
+-------+------------+---------+-----------+-----------+-------+--------+--------+--------+--------+-----------+--------+--------+-------+--------+--------+--------+--------+-----------+--------+--------+
| Epoch |     lr     |  JOINT  |    MESH   |    ALL    | AMASS |        |        |        |        | H36M_MESH |        |        | AMASS |        |        |        |        | H36M_MESH |        |        |
+-------+------------+---------+-----------+-----------+-------+--------+--------+--------+--------+-----------+--------+--------+-------+--------+--------+--------+--------+-----------+--------+--------+
|   9   | 0.00018455 | 0.21344 | 117.85543 | 118.06887 |   PE  |   MP   |  FPE   |   MC   |  MIB   |     PE    |   MC   |  MIB   |   PE  |   MP   |  FPE   |   MC   |  MIB   |     PE    |   MC   |  MIB   |
|       |            |         |           |           | 46.80 | 53.33  | 61.34  | 67.99  | 200.67 |   103.24  | 104.52 | 458.70 | 93.91 | 99.97  | 108.14 | 104.74 | 278.02 |   830.85  | 844.66 | 854.71 |
+-------+------------+---------+-----------+-----------+-------+--------+--------+--------+--------+-----------+--------+--------+-------+--------+--------+--------+--------+-----------+--------+--------+
	Saving best checkpoints: [AMASS,PE] [AMASS,MP] [AMASS,FPE] [AMASS,MC] [H36M_MESH,MC] 

[9 end] Time cost: 56.27min 	| lr: 0.00018455
[10 start]
	Iter: 99/298; time cost: 14.69min; current batch has {'AMASS': 632, 'H36M_MESH': 124} samples; batch_size (total/sub): 756/96
	Iter: 198/298; time cost: 29.22min; current batch has {'AMASS': 656, 'H36M_MESH': 112} samples; batch_size (total/sub): 768/108
	Evaluating [PE] on [AMASS]... costs 122.94s
	Evaluating [MP] on [AMASS]... costs 118.87s
	Evaluating [FPE] on [AMASS]... costs 124.69s
	Evaluating [MC] on [AMASS]... costs 124.29s
	Evaluating [MIB] on [AMASS]... costs 122.08s
	Evaluating [PE] on [H36M_MESH]... costs 45.92s
	Evaluating [MC] on [H36M_MESH]... costs 47.69s
	Evaluating [MIB] on [H36M_MESH]... costs 45.27s
+-------+------------+---------+-----------+-----------+-------+--------+--------+--------+--------+-----------+--------+--------+-------+--------+--------+--------+--------+-----------+--------+--------+
| Epoch |     lr     |  JOINT  |    MESH   |    ALL    | AMASS |        |        |        |        | H36M_MESH |        |        | AMASS |        |        |        |        | H36M_MESH |        |        |
+-------+------------+---------+-----------+-----------+-------+--------+--------+--------+--------+-----------+--------+--------+-------+--------+--------+--------+--------+-----------+--------+--------+
|   10  | 0.00018270 | 0.20977 | 117.01689 | 117.22667 |   PE  |   MP   |  FPE   |   MC   |  MIB   |     PE    |   MC   |  MIB   |   PE  |   MP   |  FPE   |   MC   |  MIB   |     PE    |   MC   |  MIB   |
|       |            |         |           |           | 45.72 | 52.76  | 59.18  | 67.17  | 202.24 |   100.52  | 102.56 | 401.89 | 84.05 | 93.65  | 98.80  | 98.99  | 277.72 |   832.43  | 843.04 | 864.52 |
+-------+------------+---------+-----------+-----------+-------+--------+--------+--------+--------+-----------+--------+--------+-------+--------+--------+--------+--------+-----------+--------+--------+
	Saving best checkpoints: [AMASS,PE] [AMASS,MP] [AMASS,FPE] [AMASS,MC] [H36M_MESH,PE] [H36M_MESH,MC] 

[10 end] Time cost: 56.48min 	| lr: 0.00018270
[11 start]
	Iter: 99/298; time cost: 14.71min; current batch has {'AMASS': 656, 'H36M_MESH': 112} samples; batch_size (total/sub): 768/108
	Iter: 198/298; time cost: 29.28min; current batch has {'AMASS': 628, 'H36M_MESH': 126} samples; batch_size (total/sub): 754/94
	Evaluating [PE] on [AMASS]... costs 119.48s
	Evaluating [MP] on [AMASS]... costs 119.80s
	Evaluating [FPE] on [AMASS]... costs 118.82s
	Evaluating [MC] on [AMASS]... costs 120.80s
	Evaluating [MIB] on [AMASS]... costs 121.24s
	Evaluating [PE] on [H36M_MESH]... costs 45.74s
	Evaluating [MC] on [H36M_MESH]... costs 45.83s
	Evaluating [MIB] on [H36M_MESH]... costs 46.32s
+-------+------------+---------+-----------+-----------+-------+--------+--------+--------+--------+-----------+--------+--------+-------+--------+--------+--------+--------+-----------+--------+--------+
| Epoch |     lr     |  JOINT  |    MESH   |    ALL    | AMASS |        |        |        |        | H36M_MESH |        |        | AMASS |        |        |        |        | H36M_MESH |        |        |
+-------+------------+---------+-----------+-----------+-------+--------+--------+--------+--------+-----------+--------+--------+-------+--------+--------+--------+--------+-----------+--------+--------+
|   11  | 0.00018088 | 0.20699 | 116.22171 | 116.42870 |   PE  |   MP   |  FPE   |   MC   |  MIB   |     PE    |   MC   |  MIB   |   PE  |   MP   |  FPE   |   MC   |  MIB   |     PE    |   MC   |  MIB   |
|       |            |         |           |           | 46.00 | 52.34  | 57.56  | 67.97  | 185.44 |   94.67   | 97.60  | 453.08 | 86.41 | 94.32  | 100.81 | 98.25  | 283.92 |   826.58  | 842.12 | 868.58 |
+-------+------------+---------+-----------+-----------+-------+--------+--------+--------+--------+-----------+--------+--------+-------+--------+--------+--------+--------+-----------+--------+--------+
	Saving best checkpoints: [AMASS,MP] [AMASS,FPE] [AMASS,MIB] [H36M_MESH,PE] [H36M_MESH,MC] 

[11 end] Time cost: 56.31min 	| lr: 0.00018088
[12 start]
	Iter: 99/298; time cost: 14.69min; current batch has {'AMASS': 616, 'H36M_MESH': 132} samples; batch_size (total/sub): 748/88
	Iter: 198/298; time cost: 29.27min; current batch has {'AMASS': 600, 'H36M_MESH': 140} samples; batch_size (total/sub): 740/80
[12 end] Time cost: 43.79min 	| lr: 0.00017907
[13 start]
	Iter: 99/298; time cost: 14.76min; current batch has {'AMASS': 628, 'H36M_MESH': 126} samples; batch_size (total/sub): 754/94
	Iter: 198/298; time cost: 29.43min; current batch has {'AMASS': 644, 'H36M_MESH': 118} samples; batch_size (total/sub): 762/102
	Evaluating [PE] on [AMASS]... costs 122.37s
	Evaluating [MP] on [AMASS]... costs 121.17s
	Evaluating [FPE] on [AMASS]... costs 124.14s
	Evaluating [MC] on [AMASS]... costs 123.11s
	Evaluating [MIB] on [AMASS]... costs 123.65s
	Evaluating [PE] on [H36M_MESH]... costs 45.13s
	Evaluating [MC] on [H36M_MESH]... costs 47.14s
	Evaluating [MIB] on [H36M_MESH]... costs 45.89s
+-------+------------+---------+-----------+-----------+-------+--------+--------+--------+--------+-----------+--------+--------+-------+--------+--------+--------+--------+-----------+--------+--------+
| Epoch |     lr     |  JOINT  |    MESH   |    ALL    | AMASS |        |        |        |        | H36M_MESH |        |        | AMASS |        |        |        |        | H36M_MESH |        |        |
+-------+------------+---------+-----------+-----------+-------+--------+--------+--------+--------+-----------+--------+--------+-------+--------+--------+--------+--------+-----------+--------+--------+
|   13  | 0.00017728 | 0.20248 | 114.86738 | 115.06986 |   PE  |   MP   |  FPE   |   MC   |  MIB   |     PE    |   MC   |  MIB   |   PE  |   MP   |  FPE   |   MC   |  MIB   |     PE    |   MC   |  MIB   |
|       |            |         |           |           | 41.52 | 47.96  | 53.42  | 62.88  | 170.14 |   91.48   | 93.23  | 427.38 | 87.09 | 93.32  | 101.71 | 97.67  | 280.68 |   831.76  | 843.02 | 873.94 |
+-------+------------+---------+-----------+-----------+-------+--------+--------+--------+--------+-----------+--------+--------+-------+--------+--------+--------+--------+-----------+--------+--------+
	Saving best checkpoints: [AMASS,PE] [AMASS,MP] [AMASS,FPE] [AMASS,MC] [AMASS,MIB] [H36M_MESH,PE] [H36M_MESH,MC] 

[13 end] Time cost: 56.95min 	| lr: 0.00017728
[14 start]
	Iter: 99/298; time cost: 14.86min; current batch has {'AMASS': 620, 'H36M_MESH': 130} samples; batch_size (total/sub): 750/90
	Iter: 198/298; time cost: 29.53min; current batch has {'AMASS': 628, 'H36M_MESH': 126} samples; batch_size (total/sub): 754/94
[14 end] Time cost: 44.09min 	| lr: 0.00017550
[15 start]
	Iter: 99/298; time cost: 14.78min; current batch has {'AMASS': 600, 'H36M_MESH': 140} samples; batch_size (total/sub): 740/80
	Iter: 198/298; time cost: 29.41min; current batch has {'AMASS': 704, 'H36M_MESH': 88} samples; batch_size (total/sub): 792/132
	Evaluating [PE] on [AMASS]... costs 120.84s
	Evaluating [MP] on [AMASS]... costs 121.20s
	Evaluating [FPE] on [AMASS]... costs 122.00s
	Evaluating [MC] on [AMASS]... costs 123.63s
	Evaluating [MIB] on [AMASS]... costs 122.95s
	Evaluating [PE] on [H36M_MESH]... costs 46.79s
	Evaluating [MC] on [H36M_MESH]... costs 46.15s
	Evaluating [MIB] on [H36M_MESH]... costs 44.87s
+-------+------------+---------+-----------+-----------+-------+--------+--------+--------+--------+-----------+--------+--------+-------+--------+--------+--------+--------+-----------+--------+--------+
| Epoch |     lr     |  JOINT  |    MESH   |    ALL    | AMASS |        |        |        |        | H36M_MESH |        |        | AMASS |        |        |        |        | H36M_MESH |        |        |
+-------+------------+---------+-----------+-----------+-------+--------+--------+--------+--------+-----------+--------+--------+-------+--------+--------+--------+--------+-----------+--------+--------+
|   15  | 0.00017375 | 0.19851 | 113.57878 | 113.77729 |   PE  |   MP   |  FPE   |   MC   |  MIB   |     PE    |   MC   |  MIB   |   PE  |   MP   |  FPE   |   MC   |  MIB   |     PE    |   MC   |  MIB   |
|       |            |         |           |           | 44.35 | 49.19  | 54.46  | 66.19  | 178.61 |   93.04   | 98.65  | 410.75 | 82.96 | 87.84  | 95.00  | 95.38  | 274.27 |   818.45  | 836.66 | 860.83 |
+-------+------------+---------+-----------+-----------+-------+--------+--------+--------+--------+-----------+--------+--------+-------+--------+--------+--------+--------+-----------+--------+--------+
	Saving best checkpoints: 

[15 end] Time cost: 56.47min 	| lr: 0.00017375
[16 start]
	Iter: 99/298; time cost: 14.78min; current batch has {'AMASS': 616, 'H36M_MESH': 132} samples; batch_size (total/sub): 748/88
	Iter: 198/298; time cost: 29.44min; current batch has {'AMASS': 600, 'H36M_MESH': 140} samples; batch_size (total/sub): 740/80
[16 end] Time cost: 44.06min 	| lr: 0.00017201
[17 start]
	Iter: 99/298; time cost: 14.80min; current batch has {'AMASS': 628, 'H36M_MESH': 126} samples; batch_size (total/sub): 754/94
	Iter: 198/298; time cost: 29.46min; current batch has {'AMASS': 640, 'H36M_MESH': 120} samples; batch_size (total/sub): 760/100
	Evaluating [PE] on [AMASS]... costs 122.32s
	Evaluating [MP] on [AMASS]... costs 121.95s
	Evaluating [FPE] on [AMASS]... costs 122.36s
	Evaluating [MC] on [AMASS]... costs 122.41s
	Evaluating [MIB] on [AMASS]... costs 124.57s
	Evaluating [PE] on [H36M_MESH]... costs 44.70s
	Evaluating [MC] on [H36M_MESH]... costs 44.29s
	Evaluating [MIB] on [H36M_MESH]... costs 44.64s
+-------+------------+---------+-----------+-----------+-------+--------+--------+--------+--------+-----------+--------+--------+-------+--------+--------+--------+--------+-----------+--------+--------+
| Epoch |     lr     |  JOINT  |    MESH   |    ALL    | AMASS |        |        |        |        | H36M_MESH |        |        | AMASS |        |        |        |        | H36M_MESH |        |        |
+-------+------------+---------+-----------+-----------+-------+--------+--------+--------+--------+-----------+--------+--------+-------+--------+--------+--------+--------+-----------+--------+--------+
|   17  | 0.00017029 | 0.19504 | 112.57815 | 112.77319 |   PE  |   MP   |  FPE   |   MC   |  MIB   |     PE    |   MC   |  MIB   |   PE  |   MP   |  FPE   |   MC   |  MIB   |     PE    |   MC   |  MIB   |
|       |            |         |           |           | 38.58 | 42.59  | 48.52  | 58.70  | 177.56 |   86.51   | 87.37  | 427.48 | 78.88 | 86.85  | 92.14  | 93.43  | 271.34 |   819.93  | 832.32 | 841.72 |
+-------+------------+---------+-----------+-----------+-------+--------+--------+--------+--------+-----------+--------+--------+-------+--------+--------+--------+--------+-----------+--------+--------+
	Saving best checkpoints: [AMASS,PE] [AMASS,MP] [AMASS,FPE] [AMASS,MC] [H36M_MESH,PE] [H36M_MESH,MC] 

[17 end] Time cost: 56.84min 	| lr: 0.00017029
[18 start]
	Iter: 99/298; time cost: 14.82min; current batch has {'AMASS': 676, 'H36M_MESH': 102} samples; batch_size (total/sub): 778/118
	Iter: 198/298; time cost: 29.43min; current batch has {'AMASS': 656, 'H36M_MESH': 112} samples; batch_size (total/sub): 768/108
[18 end] Time cost: 43.96min 	| lr: 0.00016859
[19 start]
	Iter: 99/298; time cost: 14.80min; current batch has {'AMASS': 648, 'H36M_MESH': 116} samples; batch_size (total/sub): 764/104
	Iter: 198/298; time cost: 29.44min; current batch has {'AMASS': 636, 'H36M_MESH': 122} samples; batch_size (total/sub): 758/98
	Evaluating [PE] on [AMASS]... costs 120.34s
	Evaluating [MP] on [AMASS]... costs 121.88s
	Evaluating [FPE] on [AMASS]... costs 125.41s
	Evaluating [MC] on [AMASS]... costs 125.13s
	Evaluating [MIB] on [AMASS]... costs 124.08s
	Evaluating [PE] on [H36M_MESH]... costs 45.13s
	Evaluating [MC] on [H36M_MESH]... costs 45.01s
	Evaluating [MIB] on [H36M_MESH]... costs 44.92s
+-------+------------+---------+-----------+-----------+-------+--------+--------+--------+--------+-----------+--------+--------+-------+--------+--------+--------+--------+-----------+--------+--------+
| Epoch |     lr     |  JOINT  |    MESH   |    ALL    | AMASS |        |        |        |        | H36M_MESH |        |        | AMASS |        |        |        |        | H36M_MESH |        |        |
+-------+------------+---------+-----------+-----------+-------+--------+--------+--------+--------+-----------+--------+--------+-------+--------+--------+--------+--------+-----------+--------+--------+
|   19  | 0.00016690 | 0.19236 | 111.68684 | 111.87920 |   PE  |   MP   |  FPE   |   MC   |  MIB   |     PE    |   MC   |  MIB   |   PE  |   MP   |  FPE   |   MC   |  MIB   |     PE    |   MC   |  MIB   |
|       |            |         |           |           | 41.56 | 44.80  | 50.43  | 61.25  | 172.24 |   86.55   | 88.33  | 418.66 | 78.58 | 84.17  | 90.76  | 90.11  | 263.70 |   818.73  | 833.64 | 854.97 |
+-------+------------+---------+-----------+-----------+-------+--------+--------+--------+--------+-----------+--------+--------+-------+--------+--------+--------+--------+-----------+--------+--------+
	Saving best checkpoints: 

[19 end] Time cost: 56.53min 	| lr: 0.00016690
[20 start]
	Iter: 99/298; time cost: 14.76min; current batch has {'AMASS': 584, 'H36M_MESH': 148} samples; batch_size (total/sub): 732/72
	Iter: 198/298; time cost: 29.37min; current batch has {'AMASS': 608, 'H36M_MESH': 136} samples; batch_size (total/sub): 744/84
[20 end] Time cost: 43.92min 	| lr: 0.00016523
[21 start]
	Iter: 99/298; time cost: 14.81min; current batch has {'AMASS': 596, 'H36M_MESH': 142} samples; batch_size (total/sub): 738/78
	Iter: 198/298; time cost: 29.45min; current batch has {'AMASS': 624, 'H36M_MESH': 128} samples; batch_size (total/sub): 752/92
	Evaluating [PE] on [AMASS]... costs 122.65s
	Evaluating [MP] on [AMASS]... costs 122.89s
	Evaluating [FPE] on [AMASS]... costs 122.28s
	Evaluating [MC] on [AMASS]... costs 124.34s
	Evaluating [MIB] on [AMASS]... costs 122.78s
	Evaluating [PE] on [H36M_MESH]... costs 45.76s
	Evaluating [MC] on [H36M_MESH]... costs 44.97s
	Evaluating [MIB] on [H36M_MESH]... costs 45.63s
+-------+------------+---------+-----------+-----------+-------+--------+--------+--------+--------+-----------+--------+--------+-------+--------+--------+--------+--------+-----------+--------+--------+
| Epoch |     lr     |  JOINT  |    MESH   |    ALL    | AMASS |        |        |        |        | H36M_MESH |        |        | AMASS |        |        |        |        | H36M_MESH |        |        |
+-------+------------+---------+-----------+-----------+-------+--------+--------+--------+--------+-----------+--------+--------+-------+--------+--------+--------+--------+-----------+--------+--------+
|   21  | 0.00016358 | 0.19015 | 110.85510 | 111.04525 |   PE  |   MP   |  FPE   |   MC   |  MIB   |     PE    |   MC   |  MIB   |   PE  |   MP   |  FPE   |   MC   |  MIB   |     PE    |   MC   |  MIB   |
|       |            |         |           |           | 41.38 | 44.29  | 49.41  | 60.13  | 174.14 |   78.77   | 85.36  | 410.10 | 83.18 | 85.96  | 94.47  | 92.93  | 271.74 |   818.80  | 831.15 | 857.78 |
+-------+------------+---------+-----------+-----------+-------+--------+--------+--------+--------+-----------+--------+--------+-------+--------+--------+--------+--------+-----------+--------+--------+
	Saving best checkpoints: [H36M_MESH,PE] [H36M_MESH,MC] 

[21 end] Time cost: 56.67min 	| lr: 0.00016358
[22 start]
	Iter: 99/298; time cost: 14.82min; current batch has {'AMASS': 616, 'H36M_MESH': 132} samples; batch_size (total/sub): 748/88
	Iter: 198/298; time cost: 29.42min; current batch has {'AMASS': 628, 'H36M_MESH': 126} samples; batch_size (total/sub): 754/94
[22 end] Time cost: 43.89min 	| lr: 0.00016195
[23 start]
	Iter: 99/298; time cost: 14.72min; current batch has {'AMASS': 660, 'H36M_MESH': 110} samples; batch_size (total/sub): 770/110
	Iter: 198/298; time cost: 29.30min; current batch has {'AMASS': 644, 'H36M_MESH': 118} samples; batch_size (total/sub): 762/102
	Evaluating [PE] on [AMASS]... costs 120.66s
	Evaluating [MP] on [AMASS]... costs 119.34s
	Evaluating [FPE] on [AMASS]... costs 120.40s
	Evaluating [MC] on [AMASS]... costs 120.37s
	Evaluating [MIB] on [AMASS]... costs 121.43s
	Evaluating [PE] on [H36M_MESH]... costs 44.62s
	Evaluating [MC] on [H36M_MESH]... costs 45.80s
	Evaluating [MIB] on [H36M_MESH]... costs 44.59s
+-------+------------+---------+-----------+-----------+-------+--------+--------+--------+--------+-----------+--------+--------+-------+--------+--------+--------+--------+-----------+--------+--------+
| Epoch |     lr     |  JOINT  |    MESH   |    ALL    | AMASS |        |        |        |        | H36M_MESH |        |        | AMASS |        |        |        |        | H36M_MESH |        |        |
+-------+------------+---------+-----------+-----------+-------+--------+--------+--------+--------+-----------+--------+--------+-------+--------+--------+--------+--------+-----------+--------+--------+
|   23  | 0.00016033 | 0.18850 | 110.18894 | 110.37744 |   PE  |   MP   |  FPE   |   MC   |  MIB   |     PE    |   MC   |  MIB   |   PE  |   MP   |  FPE   |   MC   |  MIB   |     PE    |   MC   |  MIB   |
|       |            |         |           |           | 40.40 | 43.66  | 48.60  | 60.41  | 175.88 |   81.13   | 86.62  | 429.44 | 75.10 | 79.76  | 86.12  | 85.17  | 268.04 |   807.16  | 819.25 | 854.87 |
+-------+------------+---------+-----------+-----------+-------+--------+--------+--------+--------+-----------+--------+--------+-------+--------+--------+--------+--------+-----------+--------+--------+
	Saving best checkpoints: 

[23 end] Time cost: 56.11min 	| lr: 0.00016033
[24 start]
	Iter: 99/298; time cost: 14.73min; current batch has {'AMASS': 596, 'H36M_MESH': 142} samples; batch_size (total/sub): 738/78
	Iter: 198/298; time cost: 29.27min; current batch has {'AMASS': 592, 'H36M_MESH': 144} samples; batch_size (total/sub): 736/76
[24 end] Time cost: 43.74min 	| lr: 0.00015872
[25 start]
	Iter: 99/298; time cost: 14.75min; current batch has {'AMASS': 596, 'H36M_MESH': 142} samples; batch_size (total/sub): 738/78
	Iter: 198/298; time cost: 29.28min; current batch has {'AMASS': 592, 'H36M_MESH': 144} samples; batch_size (total/sub): 736/76
	Evaluating [PE] on [AMASS]... costs 119.82s
	Evaluating [MP] on [AMASS]... costs 120.45s
	Evaluating [FPE] on [AMASS]... costs 120.10s
	Evaluating [MC] on [AMASS]... costs 120.87s
	Evaluating [MIB] on [AMASS]... costs 122.04s
	Evaluating [PE] on [H36M_MESH]... costs 44.83s
	Evaluating [MC] on [H36M_MESH]... costs 45.35s
	Evaluating [MIB] on [H36M_MESH]... costs 44.76s
+-------+------------+---------+-----------+-----------+-------+--------+--------+--------+--------+-----------+--------+--------+-------+--------+--------+--------+--------+-----------+--------+--------+
| Epoch |     lr     |  JOINT  |    MESH   |    ALL    | AMASS |        |        |        |        | H36M_MESH |        |        | AMASS |        |        |        |        | H36M_MESH |        |        |
+-------+------------+---------+-----------+-----------+-------+--------+--------+--------+--------+-----------+--------+--------+-------+--------+--------+--------+--------+-----------+--------+--------+
|   25  | 0.00015714 | 0.18665 | 109.48707 | 109.67372 |   PE  |   MP   |  FPE   |   MC   |  MIB   |     PE    |   MC   |  MIB   |   PE  |   MP   |  FPE   |   MC   |  MIB   |     PE    |   MC   |  MIB   |
|       |            |         |           |           | 38.08 | 41.36  | 46.23  | 57.91  | 170.39 |   82.74   | 81.47  | 409.25 | 77.67 | 84.17  | 88.98  | 90.98  | 268.31 |   803.57  | 816.09 | 845.51 |
+-------+------------+---------+-----------+-----------+-------+--------+--------+--------+--------+-----------+--------+--------+-------+--------+--------+--------+--------+-----------+--------+--------+
	Saving best checkpoints: [AMASS,PE] [AMASS,MP] [AMASS,FPE] [AMASS,MC] [H36M_MESH,MC] 

[25 end] Time cost: 56.33min 	| lr: 0.00015714
[26 start]
	Iter: 99/298; time cost: 14.73min; current batch has {'AMASS': 636, 'H36M_MESH': 122} samples; batch_size (total/sub): 758/98
	Iter: 198/298; time cost: 29.25min; current batch has {'AMASS': 628, 'H36M_MESH': 126} samples; batch_size (total/sub): 754/94
[26 end] Time cost: 43.73min 	| lr: 0.00015556
[27 start]
	Iter: 99/298; time cost: 14.67min; current batch has {'AMASS': 624, 'H36M_MESH': 128} samples; batch_size (total/sub): 752/92
	Iter: 198/298; time cost: 29.23min; current batch has {'AMASS': 636, 'H36M_MESH': 122} samples; batch_size (total/sub): 758/98
	Evaluating [PE] on [AMASS]... costs 119.61s
	Evaluating [MP] on [AMASS]... costs 120.46s
	Evaluating [FPE] on [AMASS]... costs 122.51s
	Evaluating [MC] on [AMASS]... costs 130.75s
	Evaluating [MIB] on [AMASS]... costs 120.27s
	Evaluating [PE] on [H36M_MESH]... costs 45.65s
	Evaluating [MC] on [H36M_MESH]... costs 45.24s
	Evaluating [MIB] on [H36M_MESH]... costs 44.45s
+-------+------------+---------+-----------+-----------+-------+--------+--------+--------+--------+-----------+--------+--------+-------+--------+--------+--------+--------+-----------+--------+--------+
| Epoch |     lr     |  JOINT  |    MESH   |    ALL    | AMASS |        |        |        |        | H36M_MESH |        |        | AMASS |        |        |        |        | H36M_MESH |        |        |
+-------+------------+---------+-----------+-----------+-------+--------+--------+--------+--------+-----------+--------+--------+-------+--------+--------+--------+--------+-----------+--------+--------+
|   27  | 0.00015401 | 0.18513 | 108.84163 | 109.02675 |   PE  |   MP   |  FPE   |   MC   |  MIB   |     PE    |   MC   |  MIB   |   PE  |   MP   |  FPE   |   MC   |  MIB   |     PE    |   MC   |  MIB   |
|       |            |         |           |           | 38.18 | 40.30  | 45.84  | 57.58  | 171.20 |   79.48   | 83.05  | 420.88 | 77.32 | 83.88  | 87.14  | 89.62  | 270.60 |   805.48  | 822.94 | 856.69 |
+-------+------------+---------+-----------+-----------+-------+--------+--------+--------+--------+-----------+--------+--------+-------+--------+--------+--------+--------+-----------+--------+--------+
	Saving best checkpoints: [AMASS,MP] [AMASS,FPE] [AMASS,MC] 

[27 end] Time cost: 56.32min 	| lr: 0.00015401
[28 start]
	Iter: 99/298; time cost: 14.76min; current batch has {'AMASS': 632, 'H36M_MESH': 124} samples; batch_size (total/sub): 756/96
	Iter: 198/298; time cost: 29.26min; current batch has {'AMASS': 624, 'H36M_MESH': 128} samples; batch_size (total/sub): 752/92
[28 end] Time cost: 43.70min 	| lr: 0.00015247
[29 start]
