Adding new arg: args.config = ckpt/0702_base070100/211_TrC_applyMask/config.yaml
Adding new arg: args.checkpoint = ckpt/0702_base070100/211_TrC_applyMask
Adding new arg: args.seed = 0
Adding new arg: args.visualize = 
Adding new arg: args.eval_generalization = False
Adding new arg: args.quick_debug = False
Adding new arg: args.gpu = 0
Overriding existing arg: args.batch_size = 164
Adding new arg: args.classifier_type = task
Adding new arg: args.num_class = 4
Adding new arg: args.use_task_id_as_prompt = False
Adding new arg: args.reverse_query_prompt = False
Adding new arg: args.shuffle_batch = False
Adding new arg: args.reverse_query_prompt_per_iter = False
Adding new arg: args.aug2D = False
Adding new arg: args.deactivate_prompt_branch = False
Adding new arg: args.gpu0_bs = 0
Adding new arg: args.train_simultaneously = False
Adding new arg: args.local_rank = -1
Adding new arg: args.master_port = 8888
Adding new arg: args.apply_attnmask = True
Adding new arg: args.data_efficient = True
Adding new arg: args.vertex_x1000 = True
Adding new arg: args.fully_connected_graph = True

Configs: {'tasks': ['PE', 'MP', 'MC', 'FPE'], 'task_to_flag': {'PE': 0, 'MP': 1, 'FPE': 2, 'MC': 3, '2DAR': 4, 'AR': 5, 'MIB': 6, 'MeshRecover': 7, 'FutureMeshRecover': 8, 'MeshPred': 9, 'MeshCompletion': 10, 'MeshInBetween': 11}, 'dataset_to_flag': {'H36M_3D': 0, 'AMASS': 1, 'PW3D_MESH': 2, 'H36M_MESH': 3, 'H36M_MESH_TCMR': 4, 'COCO': 5}, 'flag_to_task': {'0': 'PE', '1': 'MP', '2': 'FPE', '3': 'MC', '4': '2DAR', '5': 'AR', '6': 'MIB', '7': 'MeshRecover', '8': 'FutureMeshRecover', '9': 'MeshPred', '10': 'MeshCompletion', '11': 'MeshInBetween'}, 'flag_to_dataset': {'0': 'H36M_3D', '1': 'AMASS', '2': 'PW3D_MESH', '3': 'H36M_MESH', '4': 'H36M_MESH_TCMR', '5': 'COCO'}, 'task_metrics': {'PE': ['PE e1', 'PE e2'], 'MP': ['MP'], 'FPE': ['FPE'], 'MC': ['MC'], '2DAR': ['2DAR'], 'AR': ['AR']}, 'dataset_task_info': {'train': {'COCO': ['PE', 'MC', 'MeshCompletion']}, 'test': {'COCO': ['PE', 'MC', 'MeshCompletion']}}, 'Mesh': {'enable': True, 'loss_type': 'L1', 'losses': {'loss_3d_pos': 0.5, 'loss_3d_velocity': 10, 'loss_pose': 1000, 'loss_shape': 1, 'loss_norm': 20, 'loss_3d_scale': 0, 'loss_lv': 0, 'loss_lg': 0, 'loss_a': 0, 'loss_av': 0}}, 'dataset_file': {'PW3D_MESH': 'data_icl_gen/VER5_DATA/PW3D_MESH/mesh_det_pw3d_EXTENDED.pkl', 'H36M_MESH': 'data_icl_gen/VER5_DATA/H36M_MESH/mesh_det_h36m_EXTENDED.pkl', 'AMASS': 'data_icl_gen/VER5_DATA/AMASS', 'COCO': 'data_icl_gen/VER5_DATA/COCO/mesh_det_coco_EXTENDED.pkl', 'H36M_3D': 'data_icl_gen/processed_data/H36M_3D/h36m_sh_conf_cam_source_final.pkl', 'H36M_MESH_TCMR': 'data_icl_gen/VER5_DATA/H36M_TCMR/h36m_train_25fps_db_RENAMED.pt'}, 'use_presave_data': True, 'aug': False, 'aug_shuffle_joints': False, 'current_as_history': True, 'clip_len': 16, 'max_len': 16, 'num_joint': 17, 'joint_mask_ratio': 0.4, 'frame_mask_ratio': 0.4, 'mesh_joint_mask_ratio': 0.4, 'presave_folder': 'data_icl_gen/presave_data/', 'dataset_config': {'PW3D_MESH': {'sample_stride': 1, 'data_stride': {'train': 1, 'test': 16}, 'read_confidence': False, 'rootrel_input': True, 'rootrel_target': True, 'flip': True, 'use_global_orient': True}, 'H36M_MESH': {'sample_stride': 1, 'data_stride': {'train': 16, 'test': 32}, 'read_confidence': False, 'rootrel_input': True, 'rootrel_target': True, 'flip': True, 'use_global_orient': True}, 'AMASS': {'sample_stride': 1, 'data_stride': {'train': 128, 'test': 256}, 'read_confidence': False, 'rootrel_input': True, 'rootrel_target': True, 'flip': True, 'use_global_orient': True}, 'COCO': {'sample_stride': 2, 'data_stride': {'train': 16, 'test': 32}, 'read_confidence': False, 'rootrel_input': True, 'rootrel_target': True, 'flip': True, 'use_global_orient': True}, 'H36M_3D': {'sample_stride': 1, 'data_stride': {'train': 16, 'test': 32}, 'read_confidence': False, 'rootrel_input': True, 'rootrel_target': True, 'flip': True, 'scale_3D': 1}, 'H36M_MESH_TCMR': {'sample_stride': 1, 'data_stride': {'train': 16, 'test': 32}, 'read_confidence': False, 'rootrel_input': True, 'rootrel_target': True, 'flip': True, 'use_global_orient': True}}, 'func_ver': {'dataset_action_recognition': None, 'evaluate_action_recognition': None, 'train_epoch_action_recognition': None, 'dataset_non_AR': '7_ICL', 'evaluate_non_AR': '7_ICL', 'train_epoch_non_AR': '7_ICL', 'model_name': 'model_mesh_VER7.M01V02_MotionAGFormer'}, 'epochs': 120, 'batch_size': 164, 'test_batch_size': 512, 'learning_rate': 0.0002, 'weight_decay': 0.01, 'lr_decay': 0.99, 'losses': {'loss_mpjpe': 1.0, 'n_mpjpe': 0.5, 'loss_velocity': 20.0, 'loss_limb_var': 0, 'loss_limb_gt': 0, 'loss_angle': 0, 'loss_angle_velocity': 0}, 'no_eval': False, 'use_partial_data': False, 'partial_data': None, 'full_data': None, 'name': 'config', 'config': 'ckpt/0702_base070100/211_TrC_applyMask/config.yaml', 'checkpoint': 'ckpt/0702_base070100/211_TrC_applyMask', 'seed': 0, 'visualize': '', 'eval_generalization': False, 'quick_debug': False, 'gpu': '0', 'classifier_type': 'task', 'num_class': 4, 'use_task_id_as_prompt': False, 'reverse_query_prompt': False, 'shuffle_batch': False, 'reverse_query_prompt_per_iter': False, 'aug2D': False, 'deactivate_prompt_branch': False, 'gpu0_bs': 0, 'train_simultaneously': False, 'local_rank': -1, 'master_port': '8888', 'apply_attnmask': True, 'data_efficient': True, 'vertex_x1000': True, 'fully_connected_graph': True, 'data': None}

python train_DDP.py --config ckpt/0702_base070100/211_TrC_applyMask/config.yaml -c ckpt/0702_base070100/211_TrC_applyMask -vertex_x1000 -fully_connected_graph -data_efficient -apply_attnmask -gpu 0 -bs 164 -mp 8888

PID:  659764
Linked folder: ckpt/0702_base070100/211_TrC_applyMask/all_epochs
Linked folder: ckpt/0702_base070100/211_TrC_applyMask/best_epochs
Linked folder: ckpt/0702_base070100/211_TrC_applyMask/latest_epoch

Loading dataset...
	Loading train data from [COCO] for task: ['PE', 'MC', 'MeshCompletion']... Loading presaved... Loading joint masks... costs 1.51s... has 37416/37416 query/prompt samples
	Preparing train [mesh joint masks] from [COCO] for task: [MeshCompletion]... Loading mesh joint masks...
	Loading train data from [COCO] for task: ['PE', 'MC', 'MeshCompletion']... Loading presaved... Loading joint masks... costs 1.52s... has 37416/37416 query/prompt samples
	Preparing train [mesh joint masks] from [COCO] for task: [MeshCompletion]... Loading mesh joint masks...
	Training (non-AR) sample count: 37416
	Loading test data from [COCO] for task: ['PE']... costs 0.00s... has 5254/37416 query/prompt samples
	Loading test data from [COCO] for task: ['MC']... Loading joint masks... costs 0.00s... has 5254/37416 query/prompt samples
	Loading test data from [COCO] for task: ['MeshCompletion']... costs 0.00s... has 5254/37416 query/prompt samples
	Preparing test [mesh joint masks] from [COCO] for task: [MeshCompletion]... Loading mesh joint masks...

Loading model...
	Model: model_mesh_VER7.M01V02_MotionAGFormer
	Trainable parameter count: 48.895466M

Training on [['non_AR', 229]] batches for 120 epochs. batch size: 164
[1 start]
	Total sub-batch: 3
	DDP is being applied.
	Iter: 76/229; time cost: 9.59min; current batch has {'COCO': 492} samples; batch_size (total/sub): 492/164
	[check randomness] query_id: 0, prompt_id: 3032
	Iter: 152/229; time cost: 19.00min; current batch has {'COCO': 492} samples; batch_size (total/sub): 492/164
	Evaluating [PE] on [COCO]... costs 83.13s
	Evaluating [MC] on [COCO]... costs 83.96s
	Evaluating [MeshCompletion] on [COCO]... costs 84.07s
+-------+------------+---------+-----------+-----------+------+--------+----------------+------+--------+----------------+
| Epoch |     lr     |  JOINT  |    MESH   |    ALL    | COCO |        |                | COCO |        |                |
+-------+------------+---------+-----------+-----------+------+--------+----------------+------+--------+----------------+
|   1   | 0.00020000 | 0.24330 | 204.02102 | 204.26432 |  PE  |   MC   | MeshCompletion |  PE  |   MC   | MeshCompletion |
|       |            |         |           |           | 9.00 |  9.25  |      9.69      | 9.65 |  8.55  |     10.85      |
+-------+------------+---------+-----------+-----------+------+--------+----------------+------+--------+----------------+
	Saving best checkpoints: [COCO,PE] [COCO,MC] [COCO,MeshCompletion] 

[1 end] Time cost: 32.92min 	| lr: 0.00020000
[2 start]
	Total sub-batch: 3
	DDP is being applied.
	Iter: 76/229; time cost: 9.57min; current batch has {'COCO': 492} samples; batch_size (total/sub): 492/164
	Iter: 152/229; time cost: 18.93min; current batch has {'COCO': 492} samples; batch_size (total/sub): 492/164
	[check randomness] query_id: 0, prompt_id: 10574
	Evaluating [PE] on [COCO]... costs 82.48s
	Evaluating [MC] on [COCO]... costs 84.48s
	Evaluating [MeshCompletion] on [COCO]... costs 83.39s
+-------+------------+---------+-----------+-----------+------+--------+----------------+------+--------+----------------+
| Epoch |     lr     |  JOINT  |    MESH   |    ALL    | COCO |        |                | COCO |        |                |
+-------+------------+---------+-----------+-----------+------+--------+----------------+------+--------+----------------+
|   2   | 0.00019800 | 0.16369 | 159.61470 | 159.77839 |  PE  |   MC   | MeshCompletion |  PE  |   MC   | MeshCompletion |
|       |            |         |           |           | 8.47 |  8.97  |      8.97      | 6.99 |  6.02  |      7.71      |
+-------+------------+---------+-----------+-----------+------+--------+----------------+------+--------+----------------+
	Saving best checkpoints: [COCO,PE] [COCO,MC] [COCO,MeshCompletion] 

[2 end] Time cost: 33.03min 	| lr: 0.00019800
[3 start]
	Total sub-batch: 3
	DDP is being applied.
	[check randomness] query_id: 0, prompt_id: 29519
	Iter: 76/229; time cost: 9.61min; current batch has {'COCO': 492} samples; batch_size (total/sub): 492/164
	Iter: 152/229; time cost: 19.10min; current batch has {'COCO': 492} samples; batch_size (total/sub): 492/164
	Evaluating [PE] on [COCO]... costs 78.18s
	Evaluating [MC] on [COCO]... costs 79.02s
	Evaluating [MeshCompletion] on [COCO]... costs 82.73s
+-------+------------+---------+-----------+-----------+------+--------+----------------+------+--------+----------------+
| Epoch |     lr     |  JOINT  |    MESH   |    ALL    | COCO |        |                | COCO |        |                |
+-------+------------+---------+-----------+-----------+------+--------+----------------+------+--------+----------------+
|   3   | 0.00019602 | 0.13936 | 149.21348 | 149.35284 |  PE  |   MC   | MeshCompletion |  PE  |   MC   | MeshCompletion |
|       |            |         |           |           | 6.33 |  6.56  |      6.24      | 6.79 |  5.50  |      6.77      |
+-------+------------+---------+-----------+-----------+------+--------+----------------+------+--------+----------------+
	Saving best checkpoints: [COCO,PE] [COCO,MC] [COCO,MeshCompletion] 

[3 end] Time cost: 32.90min 	| lr: 0.00019602
[4 start]
	Total sub-batch: 3
	DDP is being applied.
	Iter: 76/229; time cost: 9.61min; current batch has {'COCO': 492} samples; batch_size (total/sub): 492/164
	[check randomness] query_id: 0, prompt_id: 20257
	Iter: 152/229; time cost: 19.10min; current batch has {'COCO': 492} samples; batch_size (total/sub): 492/164
	Evaluating [PE] on [COCO]... costs 82.01s
	Evaluating [MC] on [COCO]... costs 83.79s
	Evaluating [MeshCompletion] on [COCO]... costs 83.54s
+-------+------------+---------+-----------+-----------+------+--------+----------------+------+--------+----------------+
| Epoch |     lr     |  JOINT  |    MESH   |    ALL    | COCO |        |                | COCO |        |                |
+-------+------------+---------+-----------+-----------+------+--------+----------------+------+--------+----------------+
|   4   | 0.00019406 | 0.12591 | 142.15456 | 142.28047 |  PE  |   MC   | MeshCompletion |  PE  |   MC   | MeshCompletion |
|       |            |         |           |           | 7.86 |  8.43  |      7.49      | 6.23 |  4.86  |      5.69      |
+-------+------------+---------+-----------+-----------+------+--------+----------------+------+--------+----------------+
	Saving best checkpoints: 

[4 end] Time cost: 32.99min 	| lr: 0.00019406
[5 start]
	Total sub-batch: 3
	DDP is being applied.
	Iter: 76/229; time cost: 9.53min; current batch has {'COCO': 492} samples; batch_size (total/sub): 492/164
	[check randomness] query_id: 0, prompt_id: 29551
	Iter: 152/229; time cost: 18.95min; current batch has {'COCO': 492} samples; batch_size (total/sub): 492/164
	Evaluating [PE] on [COCO]... costs 81.15s
	Evaluating [MC] on [COCO]... costs 82.02s
	Evaluating [MeshCompletion] on [COCO]... costs 82.52s
+-------+------------+---------+-----------+-----------+------+--------+----------------+------+--------+----------------+
| Epoch |     lr     |  JOINT  |    MESH   |    ALL    | COCO |        |                | COCO |        |                |
+-------+------------+---------+-----------+-----------+------+--------+----------------+------+--------+----------------+
|   5   | 0.00019212 | 0.12123 | 138.29344 | 138.41466 |  PE  |   MC   | MeshCompletion |  PE  |   MC   | MeshCompletion |
|       |            |         |           |           | 6.05 |  6.51  |      5.15      | 5.94 |  4.63  |      4.93      |
+-------+------------+---------+-----------+-----------+------+--------+----------------+------+--------+----------------+
	Saving best checkpoints: [COCO,PE] [COCO,MC] [COCO,MeshCompletion] 

[5 end] Time cost: 32.96min 	| lr: 0.00019212
[6 start]
	Total sub-batch: 3
	DDP is being applied.
	[check randomness] query_id: 0, prompt_id: 25494
	Iter: 76/229; time cost: 9.60min; current batch has {'COCO': 492} samples; batch_size (total/sub): 492/164
	Iter: 152/229; time cost: 19.02min; current batch has {'COCO': 492} samples; batch_size (total/sub): 492/164
	Evaluating [PE] on [COCO]... costs 83.29s
	Evaluating [MC] on [COCO]... costs 83.88s
	Evaluating [MeshCompletion] on [COCO]... costs 83.69s
+-------+------------+---------+-----------+-----------+------+--------+----------------+------+--------+----------------+
| Epoch |     lr     |  JOINT  |    MESH   |    ALL    | COCO |        |                | COCO |        |                |
+-------+------------+---------+-----------+-----------+------+--------+----------------+------+--------+----------------+
|   6   | 0.00019020 | 0.11427 | 135.49499 | 135.60926 |  PE  |   MC   | MeshCompletion |  PE  |   MC   | MeshCompletion |
|       |            |         |           |           | 6.27 |  6.66  |      5.57      | 5.92 |  4.43  |      4.92      |
+-------+------------+---------+-----------+-----------+------+--------+----------------+------+--------+----------------+
	Saving best checkpoints: 

[6 end] Time cost: 32.84min 	| lr: 0.00019020
[7 start]
	Total sub-batch: 3
	DDP is being applied.
	[check randomness] query_id: 0, prompt_id: 30393
	Iter: 76/229; time cost: 9.64min; current batch has {'COCO': 492} samples; batch_size (total/sub): 492/164
	Iter: 152/229; time cost: 19.12min; current batch has {'COCO': 492} samples; batch_size (total/sub): 492/164
	Evaluating [PE] on [COCO]... costs 82.98s
	Evaluating [MC] on [COCO]... costs 84.14s
	Evaluating [MeshCompletion] on [COCO]... costs 82.73s
+-------+------------+---------+-----------+-----------+------+--------+----------------+------+--------+----------------+
| Epoch |     lr     |  JOINT  |    MESH   |    ALL    | COCO |        |                | COCO |        |                |
+-------+------------+---------+-----------+-----------+------+--------+----------------+------+--------+----------------+
|   7   | 0.00018830 | 0.11079 | 133.62811 | 133.73889 |  PE  |   MC   | MeshCompletion |  PE  |   MC   | MeshCompletion |
|       |            |         |           |           | 6.31 |  6.52  |      5.36      | 5.83 |  4.35  |      4.54      |
+-------+------------+---------+-----------+-----------+------+--------+----------------+------+--------+----------------+
	Saving best checkpoints: 

[7 end] Time cost: 33.01min 	| lr: 0.00018830
[8 start]
	Total sub-batch: 3
	DDP is being applied.
	Iter: 76/229; time cost: 9.51min; current batch has {'COCO': 492} samples; batch_size (total/sub): 492/164
	Iter: 152/229; time cost: 18.97min; current batch has {'COCO': 492} samples; batch_size (total/sub): 492/164
	[check randomness] query_id: 0, prompt_id: 18080
	Evaluating [PE] on [COCO]... costs 81.51s
	Evaluating [MC] on [COCO]... costs 83.08s
	Evaluating [MeshCompletion] on [COCO]... costs 84.23s
+-------+------------+---------+-----------+-----------+------+--------+----------------+------+--------+----------------+
| Epoch |     lr     |  JOINT  |    MESH   |    ALL    | COCO |        |                | COCO |        |                |
+-------+------------+---------+-----------+-----------+------+--------+----------------+------+--------+----------------+
|   8   | 0.00018641 | 0.10745 | 132.35069 | 132.45814 |  PE  |   MC   | MeshCompletion |  PE  |   MC   | MeshCompletion |
|       |            |         |           |           | 7.71 |  8.02  |      6.84      | 5.80 |  4.19  |      4.12      |
+-------+------------+---------+-----------+-----------+------+--------+----------------+------+--------+----------------+
	Saving best checkpoints: 

[8 end] Time cost: 32.89min 	| lr: 0.00018641
[9 start]
	Total sub-batch: 3
	DDP is being applied.
	[check randomness] query_id: 0, prompt_id: 19568
	Iter: 76/229; time cost: 9.63min; current batch has {'COCO': 492} samples; batch_size (total/sub): 492/164
	Iter: 152/229; time cost: 19.04min; current batch has {'COCO': 492} samples; batch_size (total/sub): 492/164
	Evaluating [PE] on [COCO]... costs 82.40s
	Evaluating [MC] on [COCO]... costs 82.32s
	Evaluating [MeshCompletion] on [COCO]... costs 82.41s
+-------+------------+---------+-----------+-----------+------+--------+----------------+------+--------+----------------+
| Epoch |     lr     |  JOINT  |    MESH   |    ALL    | COCO |        |                | COCO |        |                |
+-------+------------+---------+-----------+-----------+------+--------+----------------+------+--------+----------------+
|   9   | 0.00018455 | 0.10268 | 131.27736 | 131.38004 |  PE  |   MC   | MeshCompletion |  PE  |   MC   | MeshCompletion |
|       |            |         |           |           | 6.98 |  7.19  |      6.01      | 5.65 |  4.13  |      4.20      |
+-------+------------+---------+-----------+-----------+------+--------+----------------+------+--------+----------------+
	Saving best checkpoints: 

[9 end] Time cost: 32.89min 	| lr: 0.00018455
[10 start]
	Total sub-batch: 3
	DDP is being applied.
	Iter: 76/229; time cost: 9.60min; current batch has {'COCO': 492} samples; batch_size (total/sub): 492/164
	Iter: 152/229; time cost: 19.08min; current batch has {'COCO': 492} samples; batch_size (total/sub): 492/164
	[check randomness] query_id: 0, prompt_id: 12528
	Evaluating [PE] on [COCO]... costs 79.55s
	Evaluating [MC] on [COCO]... costs 80.56s
	Evaluating [MeshCompletion] on [COCO]... costs 79.58s
+-------+------------+---------+-----------+-----------+------+--------+----------------+------+--------+----------------+
| Epoch |     lr     |  JOINT  |    MESH   |    ALL    | COCO |        |                | COCO |        |                |
+-------+------------+---------+-----------+-----------+------+--------+----------------+------+--------+----------------+
|   10  | 0.00018270 | 0.10160 | 130.33100 | 130.43260 |  PE  |   MC   | MeshCompletion |  PE  |   MC   | MeshCompletion |
|       |            |         |           |           | 6.67 |  6.90  |      5.75      | 5.53 |  4.06  |      3.96      |
+-------+------------+---------+-----------+-----------+------+--------+----------------+------+--------+----------------+
	Saving best checkpoints: 

[10 end] Time cost: 32.82min 	| lr: 0.00018270
[11 start]
	Total sub-batch: 3
	DDP is being applied.
	[check randomness] query_id: 0, prompt_id: 11759
	Iter: 76/229; time cost: 9.57min; current batch has {'COCO': 492} samples; batch_size (total/sub): 492/164
	Iter: 152/229; time cost: 19.03min; current batch has {'COCO': 492} samples; batch_size (total/sub): 492/164
	Evaluating [PE] on [COCO]... costs 83.20s
	Evaluating [MC] on [COCO]... costs 84.75s
	Evaluating [MeshCompletion] on [COCO]... costs 82.88s
+-------+------------+---------+-----------+-----------+------+--------+----------------+------+--------+----------------+
| Epoch |     lr     |  JOINT  |    MESH   |    ALL    | COCO |        |                | COCO |        |                |
+-------+------------+---------+-----------+-----------+------+--------+----------------+------+--------+----------------+
|   11  | 0.00018088 | 0.09860 | 129.38586 | 129.48445 |  PE  |   MC   | MeshCompletion |  PE  |   MC   | MeshCompletion |
|       |            |         |           |           | 7.60 |  7.87  |      6.66      | 5.63 |  4.08  |      3.84      |
+-------+------------+---------+-----------+-----------+------+--------+----------------+------+--------+----------------+
	Saving best checkpoints: 

[11 end] Time cost: 32.97min 	| lr: 0.00018088
[12 start]
	Total sub-batch: 3
	DDP is being applied.
	Iter: 76/229; time cost: 9.59min; current batch has {'COCO': 492} samples; batch_size (total/sub): 492/164
	[check randomness] query_id: 0, prompt_id: 1866
	Iter: 152/229; time cost: 18.94min; current batch has {'COCO': 492} samples; batch_size (total/sub): 492/164
[12 end] Time cost: 28.67min 	| lr: 0.00017907
[13 start]
	Total sub-batch: 3
	DDP is being applied.
	Iter: 76/229; time cost: 9.58min; current batch has {'COCO': 492} samples; batch_size (total/sub): 492/164
	Iter: 152/229; time cost: 19.04min; current batch has {'COCO': 492} samples; batch_size (total/sub): 492/164
	[check randomness] query_id: 0, prompt_id: 28239
	Evaluating [PE] on [COCO]... costs 79.38s
	Evaluating [MC] on [COCO]... costs 79.45s
	Evaluating [MeshCompletion] on [COCO]... costs 80.25s
+-------+------------+---------+-----------+-----------+------+--------+----------------+------+--------+----------------+
| Epoch |     lr     |  JOINT  |    MESH   |    ALL    | COCO |        |                | COCO |        |                |
+-------+------------+---------+-----------+-----------+------+--------+----------------+------+--------+----------------+
|   13  | 0.00017728 | 0.09598 | 127.93926 | 128.03525 |  PE  |   MC   | MeshCompletion |  PE  |   MC   | MeshCompletion |
|       |            |         |           |           | 5.33 |  5.68  |      4.05      | 5.39 |  3.94  |      3.72      |
+-------+------------+---------+-----------+-----------+------+--------+----------------+------+--------+----------------+
	Saving best checkpoints: [COCO,PE] [COCO,MC] [COCO,MeshCompletion] 

[13 end] Time cost: 32.90min 	| lr: 0.00017728
[14 start]
	Total sub-batch: 3
	DDP is being applied.
	Iter: 76/229; time cost: 9.55min; current batch has {'COCO': 492} samples; batch_size (total/sub): 492/164
	Iter: 152/229; time cost: 19.00min; current batch has {'COCO': 492} samples; batch_size (total/sub): 492/164
	[check randomness] query_id: 0, prompt_id: 25669
[14 end] Time cost: 28.74min 	| lr: 0.00017550
[15 start]
	Total sub-batch: 3
	DDP is being applied.
	Iter: 76/229; time cost: 9.59min; current batch has {'COCO': 492} samples; batch_size (total/sub): 492/164
	[check randomness] query_id: 0, prompt_id: 7132
	Iter: 152/229; time cost: 18.96min; current batch has {'COCO': 492} samples; batch_size (total/sub): 492/164
	Evaluating [PE] on [COCO]... costs 81.86s
	Evaluating [MC] on [COCO]... costs 84.04s
	Evaluating [MeshCompletion] on [COCO]... costs 83.72s
+-------+------------+---------+-----------+-----------+------+--------+----------------+------+--------+----------------+
| Epoch |     lr     |  JOINT  |    MESH   |    ALL    | COCO |        |                | COCO |        |                |
+-------+------------+---------+-----------+-----------+------+--------+----------------+------+--------+----------------+
|   15  | 0.00017375 | 0.09707 | 127.06519 | 127.16226 |  PE  |   MC   | MeshCompletion |  PE  |   MC   | MeshCompletion |
|       |            |         |           |           | 7.04 |  7.62  |      6.17      | 5.35 |  3.81  |      3.56      |
+-------+------------+---------+-----------+-----------+------+--------+----------------+------+--------+----------------+
	Saving best checkpoints: 

[15 end] Time cost: 32.81min 	| lr: 0.00017375
[16 start]
	Total sub-batch: 3
	DDP is being applied.
	Iter: 76/229; time cost: 9.61min; current batch has {'COCO': 492} samples; batch_size (total/sub): 492/164
	Iter: 152/229; time cost: 19.07min; current batch has {'COCO': 492} samples; batch_size (total/sub): 492/164
	[check randomness] query_id: 0, prompt_id: 31341
[16 end] Time cost: 28.81min 	| lr: 0.00017201
[17 start]
	Total sub-batch: 3
	DDP is being applied.
	[check randomness] query_id: 0, prompt_id: 27902
	Iter: 76/229; time cost: 9.48min; current batch has {'COCO': 492} samples; batch_size (total/sub): 492/164
	Iter: 152/229; time cost: 18.94min; current batch has {'COCO': 492} samples; batch_size (total/sub): 492/164
	Evaluating [PE] on [COCO]... costs 83.03s
	Evaluating [MC] on [COCO]... costs 85.47s
	Evaluating [MeshCompletion] on [COCO]... costs 83.09s
+-------+------------+---------+-----------+-----------+------+--------+----------------+------+--------+----------------+
| Epoch |     lr     |  JOINT  |    MESH   |    ALL    | COCO |        |                | COCO |        |                |
+-------+------------+---------+-----------+-----------+------+--------+----------------+------+--------+----------------+
|   17  | 0.00017029 | 0.09100 | 126.02388 | 126.11489 |  PE  |   MC   | MeshCompletion |  PE  |   MC   | MeshCompletion |
|       |            |         |           |           | 5.39 |  5.50  |      4.06      | 5.27 |  3.83  |      3.52      |
+-------+------------+---------+-----------+-----------+------+--------+----------------+------+--------+----------------+
	Saving best checkpoints: [COCO,MC] 

[17 end] Time cost: 32.93min 	| lr: 0.00017029
[18 start]
	Total sub-batch: 3
	DDP is being applied.
	Iter: 76/229; time cost: 9.61min; current batch has {'COCO': 492} samples; batch_size (total/sub): 492/164
	Iter: 152/229; time cost: 19.03min; current batch has {'COCO': 492} samples; batch_size (total/sub): 492/164
	[check randomness] query_id: 0, prompt_id: 9241
[18 end] Time cost: 28.76min 	| lr: 0.00016859
[19 start]
	Total sub-batch: 3
	DDP is being applied.
	Iter: 76/229; time cost: 9.59min; current batch has {'COCO': 492} samples; batch_size (total/sub): 492/164
	[check randomness] query_id: 0, prompt_id: 27989
	Iter: 152/229; time cost: 19.04min; current batch has {'COCO': 492} samples; batch_size (total/sub): 492/164
	Evaluating [PE] on [COCO]... costs 80.13s
	Evaluating [MC] on [COCO]... costs 79.54s
	Evaluating [MeshCompletion] on [COCO]... costs 78.24s
+-------+------------+---------+-----------+-----------+------+--------+----------------+------+--------+----------------+
| Epoch |     lr     |  JOINT  |    MESH   |    ALL    | COCO |        |                | COCO |        |                |
+-------+------------+---------+-----------+-----------+------+--------+----------------+------+--------+----------------+
|   19  | 0.00016690 | 0.09080 | 125.22771 | 125.31851 |  PE  |   MC   | MeshCompletion |  PE  |   MC   | MeshCompletion |
|       |            |         |           |           | 6.76 |  7.38  |      5.94      | 5.14 |  3.72  |      3.46      |
+-------+------------+---------+-----------+-----------+------+--------+----------------+------+--------+----------------+
	Saving best checkpoints: 

[19 end] Time cost: 32.71min 	| lr: 0.00016690
[20 start]
	Total sub-batch: 3
	DDP is being applied.
	[check randomness] query_id: 0, prompt_id: 24187
	Iter: 76/229; time cost: 9.59min; current batch has {'COCO': 492} samples; batch_size (total/sub): 492/164
/home/wxs/anaconda3/envs/mdm/lib/python3.7/multiprocessing/semaphore_tracker.py:144: UserWarning: semaphore_tracker: There appear to be 2 leaked semaphores to clean up at shutdown
  len(cache))
/home/wxs/anaconda3/envs/mdm/lib/python3.7/multiprocessing/semaphore_tracker.py:144: UserWarning: semaphore_tracker: There appear to be 3 leaked semaphores to clean up at shutdown
  len(cache))
