Adding new arg: args.config = configs/0401_outputSMPL/config.yaml
Adding new arg: args.checkpoint = ckpt/0401/00_toy_noJointLoss
Adding new arg: args.seed = 0
Adding new arg: args.visualize = 
Adding new arg: args.eval_generalization = False
Adding new arg: args.quick_debug = False
Adding new arg: args.gpu = 4,5,6,7
Overriding existing arg: args.batch_size = 512
Adding new arg: args.classifier_type = task
Adding new arg: args.num_class = 4
Adding new arg: args.use_task_id_as_prompt = False
Adding new arg: args.reverse_query_prompt = False
Adding new arg: args.shuffle_batch = False
Adding new arg: args.reverse_query_prompt_per_iter = False
Configs: {'tasks': ['PE', 'MP', 'MC', 'FPE'], 'task_to_flag': {'PE': 0, 'MP': 1, 'FPE': 2, 'MC': 3, '2DAR': 4, 'AR': 5, 'MIB': 6}, 'dataset_to_flag': {'H36M_3D': 0, 'AMASS': 1, 'PW3D_MESH': 2, 'H36M_MESH': 3}, 'flag_to_task': {'0': 'PE', '1': 'MP', '2': 'FPE', '3': 'MC', '4': '2DAR', '5': 'AR', '6': 'MIB'}, 'flag_to_dataset': {'0': 'H36M_3D', '1': 'AMASS', '2': 'PW3D_MESH', '3': 'H36M_MESH'}, 'task_metrics': {'PE': ['PE e1', 'PE e2'], 'MP': ['MP'], 'FPE': ['FPE'], 'MC': ['MC'], '2DAR': ['2DAR'], 'AR': ['AR']}, 'dataset_task_info': {'train': {'H36M_MESH': ['PE', 'MP', 'FPE', 'MC'], 'PW3D_MESH': ['PE', 'MP', 'FPE', 'MC']}, 'test': {'H36M_MESH': ['PE', 'MP', 'FPE', 'MC', 'MIB'], 'PW3D_MESH': ['PE', 'MP', 'FPE', 'MC', 'MIB']}}, 'Mesh': {'enable': True, 'loss_type': 'L1', 'lambda_3d': 0.5, 'lambda_scale': 0, 'lambda_3dv': 10, 'lambda_lv': 0, 'lambda_lg': 0, 'lambda_a': 0, 'lambda_av': 0, 'lambda_pose': 1000, 'lambda_shape': 1, 'lambda_norm': 20}, 'dataset_file': {'PW3D_MESH': 'data_icl_gen/processed_data/PW3D/mesh_det_pw3d_EXTENDED_woVertex.pkl', 'H36M_MESH': 'data_icl_gen/processed_data/H36M_MESH/mesh_det_h36m_EXTENDED_woVertex.pkl', 'AMASS': 'data_icl_gen/processed_data/AMASS/EXTENDED_DATA', 'H36M_3D': 'data_icl_gen/processed_data/H36M_3D/h36m_sh_conf_cam_source_final.pkl'}, 'use_presave_data': True, 'normalize_2d': False, 'normalize_3d': False, 'aug': False, 'aug_shuffle_joints': False, 'clip_len': 16, 'max_len': 16, 'num_joint': 17, 'joint_mask_ratio': 0.4, 'frame_mask_ratio': 0.4, 'presave_folder': 'data_icl_gen/presave_data/', 'dataset_config': {'PW3D_MESH': {'sample_stride': 1, 'data_stride': {'train': 16, 'test': 16}, 'read_confidence': False, 'rootrel_input': True, 'rootrel_target': True, 'flip': True, 'return_type': 'all', 'use_global_orient': True}, 'AMASS': {'sample_stride': 1, 'data_stride': {'train': 64, 'test': 128}, 'read_confidence': False, 'rootrel_input': True, 'rootrel_target': True, 'flip': True, 'return_type': 'all', 'use_global_orient': True}, 'H36M_MESH': {'sample_stride': 1, 'data_stride': {'train': 16, 'test': 32}, 'read_confidence': False, 'rootrel_input': True, 'rootrel_target': True, 'flip': True, 'return_type': 'all', 'use_global_orient': True}}, 'data_root_path': 'data/non_default_ICL', 'func_ver': {'dataset_action_recognition': None, 'evaluate_action_recognition': None, 'train_epoch_action_recognition': None, 'dataset_non_AR': '4_ICL', 'evaluate_non_AR': '4_ICL', 'train_epoch_non_AR': '4_ICL', 'model_name': 'M17_MixSTE_v0_maxlen_Mesh'}, 'current_as_history': True, 'rotate_prob': 0.25, 'keep_original_joints': True, 'use_partial_data': False, 'partial_data': {'datasets': {'PE': None, 'MP': None, 'FPE': None, 'MC': None}, 'train_stride': None, 'sample_stride': None, 'clip_len': None, 'num_joints': None, 'drop_ratios_MC': None, 'root_path': None, 'source_file_h36m': None, 'clip_len_2DAR': None, 'batch_size_2DAR': None, 'label_stride_2DAR': None}, 'full_data': {'datasets': {'PE': 'H36M', 'MP': 'AMASS', 'FPE': 'H36M_FPE', 'MC': '3DPW_MC', '2DAR': 'NTU60_2DAR'}, 'train_stride': 16, 'sample_stride': 1, 'clip_len': 16, 'num_joints': 17, 'drop_ratios_MC': [0.5], 'drop_ratios_MIB': [0.5], 'root_path': 'data', 'source_file_h36m': 'source_data/H36M.pkl', 'clip_len_2DAR': 9999999, 'batch_size_2DAR': 9999999, 'label_stride_2DAR': 9999999}, 'maxlen': 16, 'dim_in': 3, 'dim_out': 3, 'dim_feat': 256, 'mlp_ratio': 2, 'depth': 5, 'dim_rep': 256, 'num_heads': 8, 'att_fuse': True, 'merge_idx': 2, 'epochs': 120, 'batch_size': 512, 'test_batch_size': 512, 'dropout': 0.0, 'learning_rate': 0.0002, 'weight_decay': 0.01, 'lr_decay': 0.99, 'losses': {'mpjpe': 0.0, 'n_mpjpe': 0.0, 'velocity': 0.0, 'limb_var': 0.0, 'limb_gt': 0.0, 'angle': 0.0, 'angle_velocity': 0.0}, 'label_type_2DAR': 'default', 'rootrel_input': True, 'rootrel_input_2DAR': False, 'rootrel_target_MP': True, 'rootrel_target_PE': True, 'rootrel_target_FPE': True, 'flip_h36m_y_axis': False, 'flip_h36mFPE_y_axis': False, 'scale_h36m_skeleton': 2.0, 'scale_h36mFPE_skeleton': 2.0, 'no_eval': False, 'amass_to_h36m': [[2], [0], [3], [6], [1], [4], [7], [5], [8], [8, 11], [11], [10], [13], [15], [9], [12], [14]], 'name': 'config', 'config': 'configs/0401_outputSMPL/config.yaml', 'checkpoint': 'ckpt/0401/00_toy_noJointLoss', 'seed': 0, 'visualize': '', 'eval_generalization': False, 'quick_debug': False, 'gpu': '4,5,6,7', 'classifier_type': 'task', 'num_class': 4, 'use_task_id_as_prompt': False, 'reverse_query_prompt': False, 'shuffle_batch': False, 'reverse_query_prompt_per_iter': False, 'data': {'datasets': {'PE': 'H36M', 'MP': 'AMASS', 'FPE': 'H36M_FPE', 'MC': '3DPW_MC', '2DAR': 'NTU60_2DAR'}, 'train_stride': 16, 'sample_stride': 1, 'clip_len': 16, 'num_joints': 17, 'drop_ratios_MC': [0.5], 'drop_ratios_MIB': [0.5], 'root_path': 'data', 'source_file_h36m': 'source_data/H36M.pkl', 'clip_len_2DAR': 9999999, 'batch_size_2DAR': 9999999, 'label_stride_2DAR': 9999999}}

python train.py --config configs/0401_outputSMPL/config.yaml -c ckpt/0401/00_toy_noJointLoss -gpu 4,5,6,7 -bs 512

PID:  2529639

Loading dataset...
	Dataset global attribute [normalize_2d=False]
	Dataset global attribute [normalize_3d=False]
	Loading train data from [H36M_MESH] for task: ['PE', 'MP', 'FPE', 'MC']... Loading presaved... costs 2.16s... has 18644/18644 query/prompt samples
	Loading train data from [PW3D_MESH] for task: ['PE', 'MP', 'FPE', 'MC']... Loading presaved... costs 0.28s... has 1373/1373 query/prompt samples
	Training (non-AR) sample count: 20017
	Loading test data from [H36M_MESH] for task: ['PE']... costs 0.10s... has 3088/18644 query/prompt samples
	Loading test data from [H36M_MESH] for task: ['MP']... costs 0.00s... has 3088/18644 query/prompt samples
	Loading test data from [H36M_MESH] for task: ['FPE']... costs 0.00s... has 3088/18644 query/prompt samples
	Loading test data from [H36M_MESH] for task: ['MC']... costs 0.02s... has 3088/18644 query/prompt samples
	Loading test data from [H36M_MESH] for task: ['MIB']... costs 0.02s... has 3088/18644 query/prompt samples
	Loading test data from [PW3D_MESH] for task: ['PE']... costs 0.00s... has 2165/1373 query/prompt samples
	Loading test data from [PW3D_MESH] for task: ['MP']... costs 0.00s... has 2165/1373 query/prompt samples
	Loading test data from [PW3D_MESH] for task: ['FPE']... costs 0.00s... has 2165/1373 query/prompt samples
	Loading test data from [PW3D_MESH] for task: ['MC']... costs 0.01s... has 2165/1373 query/prompt samples
	Loading test data from [PW3D_MESH] for task: ['MIB']... costs 0.01s... has 2165/1373 query/prompt samples

Loading model...
	Model: M17_MixSTE_v0_maxlen_Mesh
	Trainable parameter count: 253.73443M

Training on [['non_AR', 40]] batches for 120 epochs. batch size: 512
[1 start]
	Iter: 13/40; time cost: 5.31min; current batch has {'H36M_MESH': 1924, 'PW3D_MESH': 124} samples
	loss_3d_pos 247.005 (255.177)	loss_3d_scale 232.737 (243.314)	loss_3d_velocity 18.978 (20.031)	loss_lv 0.000 (0.019)	loss_lg 11.500 (11.984)	loss_a 0.213 (0.215)	loss_av 0.025 (0.026)	loss_shape 0.663 (0.691)	loss_pose 0.154 (0.155)	loss_norm 3.664 (3.790)	
	Iter: 26/40; time cost: 7.38min; current batch has {'H36M_MESH': 1912, 'PW3D_MESH': 136} samples
	loss_3d_pos 257.287 (253.781)	loss_3d_scale 245.225 (241.680)	loss_3d_velocity 19.568 (19.584)	loss_lv 0.000 (0.010)	loss_lg 11.267 (11.815)	loss_a 0.214 (0.216)	loss_av 0.024 (0.025)	loss_shape 0.688 (0.688)	loss_pose 0.155 (0.155)	loss_norm 3.597 (3.703)	
	Evaluating [3D Pose Estimation] on [H36M_MESH]... costs 66.47s
	Evaluating [Motion Prediction] on [H36M_MESH]... costs 64.77s
	Evaluating [Future Pose Estimation] on [H36M_MESH]... costs 698.23s
	Evaluating [Motion Completion] on [H36M_MESH]... costs 2145.32s
	Evaluating [Motion In Between] on [H36M_MESH]... 