Adding new arg: args.config = ckpt/0301/11_base05_ModelRes/config.yaml
Adding new arg: args.checkpoint = ckpt/0301/11_base05_ModelRes/
Adding new arg: args.seed = 0
Adding new arg: args.visualize = 
Adding new arg: args.eval_generalization = False
Adding new arg: args.quick_debug = False
Adding new arg: args.gpu = 6,7
Overriding existing arg: args.batch_size = 384
Adding new arg: args.classifier_type = task
Adding new arg: args.num_class = 4
Overriding existing arg: args.normalize_2d = 0
Overriding existing arg: args.normalize_3d = 0
Adding new arg: args.use_task_id_as_prompt = False
Adding new arg: args.reverse_query_prompt = False
Adding new arg: args.shuffle_batch = False
Configs: {'tasks': ['PE', 'MP', 'MC', 'FPE'], 'task_to_flag': {'PE': 0, 'MP': 1, 'FPE': 2, 'MC': 3, '2DAR': 4, 'AR': 5, 'MIB': 6}, 'dataset_to_flag': {'H36M_3D': 0, 'AMASS': 1, 'PW3D_MESH': 2, 'H36M_MESH': 3}, 'flag_to_task': {'0': 'PE', '1': 'MP', '2': 'FPE', '3': 'MC', '4': '2DAR', '5': 'AR', '6': 'MIB'}, 'flag_to_dataset': {'0': 'H36M_3D', '1': 'AMASS', '2': 'PW3D_MESH', '3': 'H36M_MESH'}, 'task_metrics': {'PE': ['PE e1', 'PE e2'], 'MP': ['MP'], 'FPE': ['FPE'], 'MC': ['MC'], '2DAR': ['2DAR'], 'AR': ['AR']}, 'dataset_task_info': {'train': {'H36M_3D': ['PE', 'MP', 'FPE', 'MC'], 'AMASS': ['PE', 'MP', 'FPE', 'MC']}, 'test': {'H36M_3D': ['PE', 'MP', 'FPE', 'MC', 'MIB'], 'AMASS': ['PE', 'MP', 'FPE', 'MC', 'MIB'], 'PW3D_MESH': ['PE', 'MP', 'FPE', 'MC', 'MIB']}}, 'dataset_file': {'PW3D_MESH': 'data_icl_gen/processed_data/PW3D/mesh_det_pw3d.pkl', 'H36M_MESH': 'data_icl_gen/processed_data/H36M_MESH/mesh_det_h36m.pkl', 'H36M_3D': 'data_icl_gen/processed_data/H36M_3D/h36m_sh_conf_cam_source_final.pkl', 'AMASS': 'data_icl_gen/processed_data/AMASS/amass_joints_h36m_60.pkl'}, 'use_presave_data': True, 'normalize_2d': 0, 'normalize_3d': 0, 'aug': False, 'aug_shuffle_joints': False, 'clip_len': 16, 'max_len': 16, 'num_joint': 17, 'joint_mask_ratio': 0.4, 'frame_mask_ratio': 0.4, 'presave_folder': 'data_icl_gen/presave_data', 'dataset_config': {'H36M_3D': {'sample_stride': 1, 'data_stride_train': 16, 'data_stride_test': 32, 'read_confidence': False, 'rootrel_input': True, 'rootrel_target': True, 'flip': True, 'scale_3D': 1}, 'PW3D_MESH': {'sample_stride': 1, 'data_stride_train': 1, 'data_stride_test': 16, 'read_confidence': False, 'rootrel_input': True, 'rootrel_target': True, 'flip': True, 'return_3d': True}, 'AMASS': {'sample_stride': 1, 'data_stride_train': 64, 'data_stride_test': 128, 'read_confidence': False, 'rootrel_input': True, 'rootrel_target': True, 'flip': True, 'return_3d': True}, 'H36M_MESH': {'sample_stride': 1, 'data_stride_train': 32, 'data_stride_test': 32, 'read_confidence': False, 'rootrel_input': True, 'rootrel_target': True, 'flip': True, 'return_3d': True}}, 'data_root_path': 'data/non_default_ICL', 'func_ver': {'dataset_action_recognition': None, 'evaluate_action_recognition': None, 'train_epoch_action_recognition': None, 'dataset_non_AR': '3_ICL', 'evaluate_non_AR': '3_ICL', 'train_epoch_non_AR': '3_ICL', 'model_name': 'M06_MixSTE_v0_maxlen_res'}, 'current_as_history': True, 'rotate_prob': 0.25, 'keep_original_joints': True, 'use_partial_data': False, 'partial_data': {'datasets': {'PE': None, 'MP': None, 'FPE': None, 'MC': None}, 'train_stride': None, 'sample_stride': None, 'clip_len': None, 'num_joints': None, 'drop_ratios_MC': None, 'root_path': None, 'source_file_h36m': None, 'clip_len_2DAR': None, 'batch_size_2DAR': None, 'label_stride_2DAR': None}, 'full_data': {'datasets': {'PE': 'H36M', 'MP': 'AMASS', 'FPE': 'H36M_FPE', 'MC': '3DPW_MC', '2DAR': 'NTU60_2DAR'}, 'train_stride': 16, 'sample_stride': 1, 'clip_len': 16, 'num_joints': 17, 'drop_ratios_MC': [0.5], 'drop_ratios_MIB': [0.5], 'root_path': 'data', 'source_file_h36m': 'source_data/H36M.pkl', 'clip_len_2DAR': 9999999, 'batch_size_2DAR': 9999999, 'label_stride_2DAR': 9999999}, 'maxlen': 16, 'dim_in': 3, 'dim_out': 3, 'dim_feat': 256, 'mlp_ratio': 2, 'depth': 5, 'dim_rep': 256, 'num_heads': 8, 'att_fuse': True, 'merge_idx': 2, 'epochs': 120, 'batch_size': 384, 'test_batch_size': 512, 'dropout': 0.0, 'learning_rate': 0.0002, 'weight_decay': 0.01, 'lr_decay': 0.99, 'losses': {'mpjpe': 1.0, 'n_mpjpe': 0.0, 'velocity': 0.0, 'limb_var': 0.0, 'limb_gt': 0.0, 'angle': 0.0, 'angle_velocity': 0.0}, 'label_type_2DAR': 'default', 'rootrel_input': True, 'rootrel_input_2DAR': False, 'rootrel_target_MP': True, 'rootrel_target_PE': True, 'rootrel_target_FPE': True, 'flip_h36m_y_axis': False, 'flip_h36mFPE_y_axis': False, 'scale_h36m_skeleton': 2.0, 'scale_h36mFPE_skeleton': 2.0, 'no_eval': False, 'amass_to_h36m': [[2], [0], [3], [6], [1], [4], [7], [5], [8], [8, 11], [11], [10], [13], [15], [9], [12], [14]], 'name': 'config', 'config': 'ckpt/0301/11_base05_ModelRes/config.yaml', 'checkpoint': 'ckpt/0301/11_base05_ModelRes/', 'seed': 0, 'visualize': '', 'eval_generalization': False, 'quick_debug': False, 'gpu': '6,7', 'classifier_type': 'task', 'num_class': 4, 'use_task_id_as_prompt': False, 'reverse_query_prompt': False, 'shuffle_batch': False, 'data': {'datasets': {'PE': 'H36M', 'MP': 'AMASS', 'FPE': 'H36M_FPE', 'MC': '3DPW_MC', '2DAR': 'NTU60_2DAR'}, 'train_stride': 16, 'sample_stride': 1, 'clip_len': 16, 'num_joints': 17, 'drop_ratios_MC': [0.5], 'drop_ratios_MIB': [0.5], 'root_path': 'data', 'source_file_h36m': 'source_data/H36M.pkl', 'clip_len_2DAR': 9999999, 'batch_size_2DAR': 9999999, 'label_stride_2DAR': 9999999}}

python train.py --config ckpt/0301/11_base05_ModelRes/config.yaml -c ckpt/0301/11_base05_ModelRes/ -gpu 6,7 -bs 384 -normalize_2d 0 -normalize_3d 0

PID:  846380

Loading dataset...
	Loading train data from [H36M_3D] for task: ['PE', 'MP', 'FPE', 'MC']... costs 3.87s... has 96596 samples
	Loading train data from [AMASS] for task: ['PE', 'MP', 'FPE', 'MC']... costs 5.02s... has 89678 samples
	Training (non-AR) sample count: 186274
	Loading test data from [H36M_3D] for task: ['PE']... costs 2.84s... has 17596 samples
	Loading test data from [H36M_3D] for task: ['MP']... costs 2.87s... has 17596 samples
	Loading test data from [H36M_3D] for task: ['FPE']... costs 2.84s... has 17596 samples
	Loading test data from [H36M_3D] for task: ['MC']... costs 3.03s... has 17596 samples
	Loading test data from [H36M_3D] for task: ['MIB']... costs 2.88s... has 17596 samples
	Loading test data from [AMASS] for task: ['PE']... costs 3.75s... has 15516 samples
	Loading test data from [AMASS] for task: ['MP']... costs 3.32s... has 15516 samples
	Loading test data from [AMASS] for task: ['FPE']... costs 3.31s... has 15516 samples
	Loading test data from [AMASS] for task: ['MC']... costs 3.39s... has 15516 samples
	Loading test data from [AMASS] for task: ['MIB']... costs 3.40s... has 15516 samples
	Loading test data from [PW3D_MESH] for task: ['PE']... costs 0.45s... has 2165 samples
	Loading test data from [PW3D_MESH] for task: ['MP']... costs 0.43s... has 2165 samples
	Loading test data from [PW3D_MESH] for task: ['FPE']... costs 0.43s... has 2165 samples
	Loading test data from [PW3D_MESH] for task: ['MC']... costs 0.44s... has 2165 samples
	Loading test data from [PW3D_MESH] for task: ['MIB']... costs 0.45s... has 2165 samples

Loading model...
	Model: M06_MixSTE_v0_maxlen_res
	Trainable parameter count: 235.739396M

Training on [['non_AR', 486]] batches for 120 epochs. batch size: 384
[1 start]
	Iter: 162/486; time cost: 21.81min; current batch has {'H36M_3D': 812, 'AMASS': 724} samples
	Iter: 324/486; time cost: 43.34min; current batch has {'H36M_3D': 812, 'AMASS': 724} samples
	Evaluating [3D Pose Estimation] on [H36M_3D]... costs 38.93s
	Evaluating [Motion Prediction] on [H36M_3D]... costs 32.07s
	Evaluating [Future Pose Estimation] on [H36M_3D]... costs 32.46s
	Evaluating [Motion Completion] on [H36M_3D]... costs 34.45s
	Evaluating [Motion In Between] on [H36M_3D]... costs 34.10s
	Evaluating [3D Pose Estimation] on [AMASS]... costs 28.61s
	Evaluating [Motion Prediction] on [AMASS]... costs 28.43s
	Evaluating [Future Pose Estimation] on [AMASS]... costs 28.86s
	Evaluating [Motion Completion] on [AMASS]... costs 30.26s
	Evaluating [Motion In Between] on [AMASS]... costs 30.69s
	Evaluating [3D Pose Estimation] on [PW3D_MESH]... costs 6.82s
	Evaluating [Motion Prediction] on [PW3D_MESH]... costs 6.59s
	Evaluating [Future Pose Estimation] on [PW3D_MESH]... costs 6.45s
	Evaluating [Motion Completion] on [PW3D_MESH]... costs 7.13s
	Evaluating [Motion In Between] on [PW3D_MESH]... costs 6.96s
+-------+------------+------------+--------------+--------------+---------------+--------------+---------------+------------+------------+-------------+------------+-------------+----------------+----------------+-----------------+----------------+-----------------+
| Epoch |     lr     | train_loss | H36M_3D | PE | H36M_3D | MP | H36M_3D | FPE | H36M_3D | MC | H36M_3D | MIB | AMASS | PE | AMASS | MP | AMASS | FPE | AMASS | MC | AMASS | MIB | PW3D_MESH | PE | PW3D_MESH | MP | PW3D_MESH | FPE | PW3D_MESH | MC | PW3D_MESH | MIB |
+-------+------------+------------+--------------+--------------+---------------+--------------+---------------+------------+------------+-------------+------------+-------------+----------------+----------------+-----------------+----------------+-----------------+
|   1   | 0.00020000 |  0.16838   |    178.56    |    44.80     |     91.04     |    380.91    |     213.61    |   124.60   |   89.08    |    158.53   |   780.62   |    424.05   |     253.92     |     71.71      |      257.93     |     455.77     |      430.41     |
+-------+------------+------------+--------------+--------------+---------------+--------------+---------------+------------+------------+-------------+------------+-------------+----------------+----------------+-----------------+----------------+-----------------+
	Saving best checkpoints: [H36M_3D,PE] [H36M_3D,MP] [H36M_3D,FPE] [H36M_3D,MC] [H36M_3D,MIB] [AMASS,PE] [AMASS,MP] [AMASS,FPE] [AMASS,MC] [AMASS,MIB] [PW3D_MESH,PE] [PW3D_MESH,MP] [PW3D_MESH,FPE] [PW3D_MESH,MC] [PW3D_MESH,MIB] 

[1 end] Time cost: 70.92min 	| lr: 0.00020000 	| train loss: 0.1683846101633118
[2 start]
	Iter: 162/486; time cost: 21.67min; current batch has {'H36M_3D': 796, 'AMASS': 740} samples
	Iter: 324/486; time cost: 43.20min; current batch has {'H36M_3D': 824, 'AMASS': 712} samples
	Evaluating [3D Pose Estimation] on [H36M_3D]... costs 34.97s
	Evaluating [Motion Prediction] on [H36M_3D]... costs 29.43s
	Evaluating [Future Pose Estimation] on [H36M_3D]... costs 29.60s
	Evaluating [Motion Completion] on [H36M_3D]... costs 32.09s
	Evaluating [Motion In Between] on [H36M_3D]... costs 31.91s
	Evaluating [3D Pose Estimation] on [AMASS]... costs 26.21s
	Evaluating [Motion Prediction] on [AMASS]... costs 26.11s
	Evaluating [Future Pose Estimation] on [AMASS]... costs 26.07s
	Evaluating [Motion Completion] on [AMASS]... costs 28.20s
	Evaluating [Motion In Between] on [AMASS]... costs 28.07s
	Evaluating [3D Pose Estimation] on [PW3D_MESH]... costs 4.16s
	Evaluating [Motion Prediction] on [PW3D_MESH]... costs 4.16s
	Evaluating [Future Pose Estimation] on [PW3D_MESH]... costs 4.23s
	Evaluating [Motion Completion] on [PW3D_MESH]... costs 4.51s
	Evaluating [Motion In Between] on [PW3D_MESH]... costs 4.62s
+-------+------------+------------+--------------+--------------+---------------+--------------+---------------+------------+------------+-------------+------------+-------------+----------------+----------------+-----------------+----------------+-----------------+
| Epoch |     lr     | train_loss | H36M_3D | PE | H36M_3D | MP | H36M_3D | FPE | H36M_3D | MC | H36M_3D | MIB | AMASS | PE | AMASS | MP | AMASS | FPE | AMASS | MC | AMASS | MIB | PW3D_MESH | PE | PW3D_MESH | MP | PW3D_MESH | FPE | PW3D_MESH | MC | PW3D_MESH | MIB |
+-------+------------+------------+--------------+--------------+---------------+--------------+---------------+------------+------------+-------------+------------+-------------+----------------+----------------+-----------------+----------------+-----------------+
|   2   | 0.00019800 |  0.12686   |    172.25    |    45.40     |     86.88     |    374.74    |     209.52    |   127.90   |   90.08    |    161.00   |  1039.66   |    422.65   |     247.93     |     72.41      |      251.97     |     454.71     |      425.34     |
+-------+------------+------------+--------------+--------------+---------------+--------------+---------------+------------+------------+-------------+------------+-------------+----------------+----------------+-----------------+----------------+-----------------+
	Saving best checkpoints: [H36M_3D,PE] [H36M_3D,FPE] [H36M_3D,MC] [H36M_3D,MIB] [AMASS,MIB] [PW3D_MESH,PE] [PW3D_MESH,FPE] [PW3D_MESH,MC] [PW3D_MESH,MIB] 

[2 end] Time cost: 71.31min 	| lr: 0.00019800 	| train loss: 0.12685607968302254
[3 start]
