Adding new arg: args.config = ckpt/0301/06_base05_ModelGlobal/config.yaml
Adding new arg: args.checkpoint = ckpt/0301/06_base05_ModelGlobal
Adding new arg: args.seed = 0
Adding new arg: args.visualize = 
Adding new arg: args.eval_generalization = False
Adding new arg: args.quick_debug = False
Adding new arg: args.gpu = 6,7
Overriding existing arg: args.batch_size = 360
Adding new arg: args.classifier_type = task
Adding new arg: args.num_class = 4
Overriding existing arg: args.normalize_2d = 0
Overriding existing arg: args.normalize_3d = 0
Adding new arg: args.use_task_id_as_prompt = False
Adding new arg: args.reverse_query_prompt = False
Configs: {'tasks': ['PE', 'MP', 'MC', 'FPE'], 'task_to_flag': {'PE': 0, 'MP': 1, 'FPE': 2, 'MC': 3, '2DAR': 4, 'AR': 5, 'MIB': 6}, 'dataset_to_flag': {'H36M_3D': 0, 'AMASS': 1, 'PW3D_MESH': 2, 'H36M_MESH': 3}, 'flag_to_task': {'0': 'PE', '1': 'MP', '2': 'FPE', '3': 'MC', '4': '2DAR', '5': 'AR', '6': 'MIB'}, 'flag_to_dataset': {'0': 'H36M_3D', '1': 'AMASS', '2': 'PW3D_MESH', '3': 'H36M_MESH'}, 'task_metrics': {'PE': ['PE e1', 'PE e2'], 'MP': ['MP'], 'FPE': ['FPE'], 'MC': ['MC'], '2DAR': ['2DAR'], 'AR': ['AR']}, 'dataset_task_info': {'train': {'H36M_3D': ['PE', 'MP', 'FPE', 'MC'], 'AMASS': ['PE', 'MP', 'FPE', 'MC']}, 'test': {'H36M_3D': ['PE', 'MP', 'FPE', 'MC', 'MIB'], 'AMASS': ['PE', 'MP', 'FPE', 'MC', 'MIB'], 'PW3D_MESH': ['PE', 'MP', 'FPE', 'MC', 'MIB']}}, 'dataset_file': {'PW3D_MESH': 'data_icl_gen/processed_data/PW3D/mesh_det_pw3d.pkl', 'H36M_MESH': 'data_icl_gen/processed_data/H36M_MESH/mesh_det_h36m.pkl', 'H36M_3D': 'data_icl_gen/processed_data/H36M_3D/h36m_sh_conf_cam_source_final.pkl', 'AMASS': 'data_icl_gen/processed_data/AMASS/amass_joints_h36m_60.pkl'}, 'use_presave_data': True, 'normalize_2d': 0, 'normalize_3d': 0, 'aug': False, 'aug_shuffle_joints': False, 'clip_len': 16, 'max_len': 16, 'num_joint': 17, 'joint_mask_ratio': 0.4, 'frame_mask_ratio': 0.4, 'presave_folder': 'data_icl_gen/presave_data', 'dataset_config': {'H36M_3D': {'sample_stride': 1, 'data_stride_train': 16, 'data_stride_test': 32, 'read_confidence': False, 'rootrel_input': True, 'rootrel_target': True, 'flip': True, 'scale_3D': 1}, 'PW3D_MESH': {'sample_stride': 1, 'data_stride_train': 1, 'data_stride_test': 16, 'read_confidence': False, 'rootrel_input': True, 'rootrel_target': True, 'flip': True, 'return_3d': True}, 'AMASS': {'sample_stride': 1, 'data_stride_train': 64, 'data_stride_test': 128, 'read_confidence': False, 'rootrel_input': True, 'rootrel_target': True, 'flip': True}, 'H36M_MESH': {'sample_stride': 1, 'data_stride_train': 32, 'data_stride_test': 32, 'read_confidence': False, 'rootrel_input': True, 'rootrel_target': True, 'flip': True, 'return_3d': True}}, 'data_root_path': 'data/non_default_ICL', 'func_ver': {'dataset_action_recognition': None, 'evaluate_action_recognition': None, 'train_epoch_action_recognition': None, 'dataset_non_AR': '3_ICL', 'evaluate_non_AR': '3_ICL', 'train_epoch_non_AR': '3_ICL', 'model_name': 'M06_MixSTE_v0_maxlen_global'}, 'current_as_history': True, 'rotate_prob': 0.25, 'keep_original_joints': True, 'use_partial_data': False, 'partial_data': {'datasets': {'PE': None, 'MP': None, 'FPE': None, 'MC': None}, 'train_stride': None, 'sample_stride': None, 'clip_len': None, 'num_joints': None, 'drop_ratios_MC': None, 'root_path': None, 'source_file_h36m': None, 'clip_len_2DAR': None, 'batch_size_2DAR': None, 'label_stride_2DAR': None}, 'full_data': {'datasets': {'PE': 'H36M', 'MP': 'AMASS', 'FPE': 'H36M_FPE', 'MC': '3DPW_MC', '2DAR': 'NTU60_2DAR'}, 'train_stride': 16, 'sample_stride': 1, 'clip_len': 16, 'num_joints': 17, 'drop_ratios_MC': [0.5], 'drop_ratios_MIB': [0.5], 'root_path': 'data', 'source_file_h36m': 'source_data/H36M.pkl', 'clip_len_2DAR': 9999999, 'batch_size_2DAR': 9999999, 'label_stride_2DAR': 9999999}, 'maxlen': 16, 'dim_in': 3, 'dim_out': 3, 'dim_feat': 256, 'mlp_ratio': 2, 'depth': 5, 'dim_rep': 256, 'num_heads': 8, 'att_fuse': True, 'merge_idx': 2, 'epochs': 120, 'batch_size': 360, 'test_batch_size': 512, 'dropout': 0.0, 'learning_rate': 0.0002, 'weight_decay': 0.01, 'lr_decay': 0.99, 'losses': {'mpjpe': 1.0, 'n_mpjpe': 0.0, 'velocity': 0.0, 'limb_var': 0.0, 'limb_gt': 0.0, 'angle': 0.0, 'angle_velocity': 0.0}, 'label_type_2DAR': 'default', 'rootrel_input': True, 'rootrel_input_2DAR': False, 'rootrel_target_MP': True, 'rootrel_target_PE': True, 'rootrel_target_FPE': True, 'flip_h36m_y_axis': False, 'flip_h36mFPE_y_axis': False, 'scale_h36m_skeleton': 2.0, 'scale_h36mFPE_skeleton': 2.0, 'no_eval': False, 'amass_to_h36m': [[2], [0], [3], [6], [1], [4], [7], [5], [8], [8, 11], [11], [10], [13], [15], [9], [12], [14]], 'name': 'config', 'config': 'ckpt/0301/06_base05_ModelGlobal/config.yaml', 'checkpoint': 'ckpt/0301/06_base05_ModelGlobal', 'seed': 0, 'visualize': '', 'eval_generalization': False, 'quick_debug': False, 'gpu': '6,7', 'classifier_type': 'task', 'num_class': 4, 'use_task_id_as_prompt': False, 'reverse_query_prompt': False, 'data': {'datasets': {'PE': 'H36M', 'MP': 'AMASS', 'FPE': 'H36M_FPE', 'MC': '3DPW_MC', '2DAR': 'NTU60_2DAR'}, 'train_stride': 16, 'sample_stride': 1, 'clip_len': 16, 'num_joints': 17, 'drop_ratios_MC': [0.5], 'drop_ratios_MIB': [0.5], 'root_path': 'data', 'source_file_h36m': 'source_data/H36M.pkl', 'clip_len_2DAR': 9999999, 'batch_size_2DAR': 9999999, 'label_stride_2DAR': 9999999}}

python train.py --config ckpt/0301/06_base05_ModelGlobal/config.yaml -c ckpt/0301/06_base05_ModelGlobal -gpu 6,7 -bs 360 -normalize_2d 0 -normalize_3d 0

PID:  3035362

Loading dataset...
	Loading train data from [H36M_3D] for task: ['PE', 'MP', 'FPE', 'MC']... costs 4.01s... has 96596 samples
	Loading train data from [AMASS] for task: ['PE', 'MP', 'FPE', 'MC']... costs 5.29s... has 89678 samples
	Training (non-AR) sample count: 186274
	Loading test data from [H36M_3D] for task: ['PE']... costs 3.00s... has 17596 samples
	Loading test data from [H36M_3D] for task: ['MP']... costs 2.96s... has 17596 samples
	Loading test data from [H36M_3D] for task: ['FPE']... costs 3.01s... has 17596 samples
	Loading test data from [H36M_3D] for task: ['MC']... costs 3.15s... has 17596 samples
	Loading test data from [H36M_3D] for task: ['MIB']... costs 2.99s... has 17596 samples
	Loading test data from [AMASS] for task: ['PE']... costs 3.95s... has 15516 samples
	Loading test data from [AMASS] for task: ['MP']... costs 3.46s... has 15516 samples
	Loading test data from [AMASS] for task: ['FPE']... costs 3.46s... has 15516 samples
	Loading test data from [AMASS] for task: ['MC']... costs 3.54s... has 15516 samples
	Loading test data from [AMASS] for task: ['MIB']... costs 3.55s... has 15516 samples
	Loading test data from [PW3D_MESH] for task: ['PE']... costs 0.47s... has 2165 samples
	Loading test data from [PW3D_MESH] for task: ['MP']... costs 0.45s... has 2165 samples
	Loading test data from [PW3D_MESH] for task: ['FPE']... costs 0.44s... has 2165 samples
	Loading test data from [PW3D_MESH] for task: ['MC']... costs 0.45s... has 2165 samples
	Loading test data from [PW3D_MESH] for task: ['MIB']... costs 0.45s... has 2165 samples

Loading model...
	Model: M06_MixSTE_v0_maxlen_global
	Trainable parameter count: 303.05306M

Training on [['non_AR', 518]] batches for 120 epochs. batch size: 360
[1 start]
	Iter: 172/518; time cost: 24.75min; current batch has {'H36M_3D': 740, 'AMASS': 700} samples
	Iter: 345/518; time cost: 48.74min; current batch has {'H36M_3D': 692, 'AMASS': 748} samples
	Evaluating [3D Pose Estimation] on [H36M_3D]... costs 43.17s
	Evaluating [Motion Prediction] on [H36M_3D]... costs 36.48s
	Evaluating [Future Pose Estimation] on [H36M_3D]... costs 36.74s
	Evaluating [Motion Completion] on [H36M_3D]... costs 38.93s
	Evaluating [Motion In Between] on [H36M_3D]... costs 39.16s
	Evaluating [Future Pose Estimation] on [AMASS]... costs 33.49s
	Evaluating [Motion Prediction] on [AMASS]... costs 32.53s
	Evaluating [Future Pose Estimation] on [AMASS]... costs 32.72s
	Evaluating [Motion Completion] on [AMASS]... costs 34.95s
	Evaluating [Motion In Between] on [AMASS]... costs 34.60s
	Evaluating [Future Pose Estimation] on [PW3D_MESH]... costs 8.03s
	Evaluating [Motion Prediction] on [PW3D_MESH]... costs 8.04s
	Evaluating [Future Pose Estimation] on [PW3D_MESH]... costs 8.28s
	Evaluating [Motion Completion] on [PW3D_MESH]... costs 8.34s
	Evaluating [Motion In Between] on [PW3D_MESH]... costs 8.51s
+-------+------------+------------+--------------+--------------+---------------+--------------+---------------+------------+------------+-------------+------------+-------------+----------------+----------------+-----------------+----------------+-----------------+
| Epoch |     lr     | train_loss | H36M_3D | PE | H36M_3D | MP | H36M_3D | FPE | H36M_3D | MC | H36M_3D | MIB | AMASS | PE | AMASS | MP | AMASS | FPE | AMASS | MC | AMASS | MIB | PW3D_MESH | PE | PW3D_MESH | MP | PW3D_MESH | FPE | PW3D_MESH | MC | PW3D_MESH | MIB |
+-------+------------+------------+--------------+--------------+---------------+--------------+---------------+------------+------------+-------------+------------+-------------+----------------+----------------+-----------------+----------------+-----------------+
|   1   | 0.00020000 |  0.15615   |    311.33    |    34.55     |     63.21     |    105.23    |     65.42     |   130.83   |   75.58    |    141.96   |   217.07   |    151.26   |     185.72     |     94.83      |      195.28     |     327.45     |      154.31     |
+-------+------------+------------+--------------+--------------+---------------+--------------+---------------+------------+------------+-------------+------------+-------------+----------------+----------------+-----------------+----------------+-----------------+
	Saving best checkpoints: [H36M_3D,PE] [H36M_3D,MP] [H36M_3D,FPE] [H36M_3D,MC] [H36M_3D,MIB] [AMASS,PE] [AMASS,MP] [AMASS,FPE] [AMASS,MC] [AMASS,MIB] [PW3D_MESH,PE] [PW3D_MESH,MP] [PW3D_MESH,FPE] [PW3D_MESH,MC] [PW3D_MESH,MIB] 

[1 end] Time cost: 79.91min 	| lr: 0.00020000 	| train loss: 0.15615303837806707
[2 start]
	Iter: 172/518; time cost: 24.33min; current batch has {'H36M_3D': 712, 'AMASS': 728} samples
	Iter: 345/518; time cost: 48.35min; current batch has {'H36M_3D': 836, 'AMASS': 604} samples
	Evaluating [3D Pose Estimation] on [H36M_3D]... costs 38.06s
	Evaluating [Motion Prediction] on [H36M_3D]... costs 32.56s
	Evaluating [Future Pose Estimation] on [H36M_3D]... costs 32.66s
	Evaluating [Motion Completion] on [H36M_3D]... costs 35.14s
	Evaluating [Motion In Between] on [H36M_3D]... costs 35.28s
	Evaluating [Future Pose Estimation] on [AMASS]... costs 28.82s
	Evaluating [Motion Prediction] on [AMASS]... costs 28.81s
	Evaluating [Future Pose Estimation] on [AMASS]... costs 28.91s
	Evaluating [Motion Completion] on [AMASS]... costs 30.67s
	Evaluating [Motion In Between] on [AMASS]... costs 30.64s
	Evaluating [Future Pose Estimation] on [PW3D_MESH]... costs 4.20s
	Evaluating [Motion Prediction] on [PW3D_MESH]... costs 4.30s
	Evaluating [Future Pose Estimation] on [PW3D_MESH]... costs 4.15s
	Evaluating [Motion Completion] on [PW3D_MESH]... costs 4.45s
	Evaluating [Motion In Between] on [PW3D_MESH]... costs 4.64s
+-------+------------+------------+--------------+--------------+---------------+--------------+---------------+------------+------------+-------------+------------+-------------+----------------+----------------+-----------------+----------------+-----------------+
| Epoch |     lr     | train_loss | H36M_3D | PE | H36M_3D | MP | H36M_3D | FPE | H36M_3D | MC | H36M_3D | MIB | AMASS | PE | AMASS | MP | AMASS | FPE | AMASS | MC | AMASS | MIB | PW3D_MESH | PE | PW3D_MESH | MP | PW3D_MESH | FPE | PW3D_MESH | MC | PW3D_MESH | MIB |
+-------+------------+------------+--------------+--------------+---------------+--------------+---------------+------------+------------+-------------+------------+-------------+----------------+----------------+-----------------+----------------+-----------------+
|   2   | 0.00019800 |  0.06212   |    329.59    |    30.70     |     42.97     |    63.37     |     73.62     |   73.20    |   71.30    |    90.93    |   112.16   |    154.21   |     165.23     |     87.99      |      180.11     |     233.35     |      155.79     |
+-------+------------+------------+--------------+--------------+---------------+--------------+---------------+------------+------------+-------------+------------+-------------+----------------+----------------+-----------------+----------------+-----------------+
	Saving best checkpoints: [H36M_3D,MP] [H36M_3D,FPE] [H36M_3D,MC] [AMASS,PE] [AMASS,MP] [AMASS,FPE] [AMASS,MC] [PW3D_MESH,PE] [PW3D_MESH,MP] [PW3D_MESH,FPE] [PW3D_MESH,MC] 

[2 end] Time cost: 81.77min 	| lr: 0.00019800 	| train loss: 0.0621198911651753
[3 start]
	Iter: 172/518; time cost: 24.05min; current batch has {'H36M_3D': 752, 'AMASS': 688} samples
	Iter: 345/518; time cost: 48.10min; current batch has {'H36M_3D': 756, 'AMASS': 684} samples
	Evaluating [3D Pose Estimation] on [H36M_3D]... costs 37.72s
	Evaluating [Motion Prediction] on [H36M_3D]... costs 32.79s
	Evaluating [Future Pose Estimation] on [H36M_3D]... costs 32.50s
	Evaluating [Motion Completion] on [H36M_3D]... costs 35.14s
	Evaluating [Motion In Between] on [H36M_3D]... costs 35.15s
	Evaluating [Future Pose Estimation] on [AMASS]... costs 29.00s
	Evaluating [Motion Prediction] on [AMASS]... costs 28.90s
	Evaluating [Future Pose Estimation] on [AMASS]... costs 29.08s
	Evaluating [Motion Completion] on [AMASS]... costs 30.67s
	Evaluating [Motion In Between] on [AMASS]... costs 30.52s
	Evaluating [Future Pose Estimation] on [PW3D_MESH]... costs 4.29s
	Evaluating [Motion Prediction] on [PW3D_MESH]... costs 4.15s
	Evaluating [Future Pose Estimation] on [PW3D_MESH]... costs 4.28s
	Evaluating [Motion Completion] on [PW3D_MESH]... costs 4.47s
	Evaluating [Motion In Between] on [PW3D_MESH]... costs 4.60s
+-------+------------+------------+--------------+--------------+---------------+--------------+---------------+------------+------------+-------------+------------+-------------+----------------+----------------+-----------------+----------------+-----------------+
| Epoch |     lr     | train_loss | H36M_3D | PE | H36M_3D | MP | H36M_3D | FPE | H36M_3D | MC | H36M_3D | MIB | AMASS | PE | AMASS | MP | AMASS | FPE | AMASS | MC | AMASS | MIB | PW3D_MESH | PE | PW3D_MESH | MP | PW3D_MESH | FPE | PW3D_MESH | MC | PW3D_MESH | MIB |
+-------+------------+------------+--------------+--------------+---------------+--------------+---------------+------------+------------+-------------+------------+-------------+----------------+----------------+-----------------+----------------+-----------------+
|   3   | 0.00019602 |  0.04665   |    326.00    |    25.05     |     36.27     |    51.82     |     71.43     |   61.71    |   65.18    |    80.26    |   87.12    |    161.24   |     165.65     |     86.56      |      180.67     |     205.84     |      158.99     |
+-------+------------+------------+--------------+--------------+---------------+--------------+---------------+------------+------------+-------------+------------+-------------+----------------+----------------+-----------------+----------------+-----------------+
	Saving best checkpoints: [H36M_3D,MP] [H36M_3D,FPE] [H36M_3D,MC] [AMASS,PE] [AMASS,MP] [AMASS,FPE] [AMASS,MC] [PW3D_MESH,MP] [PW3D_MESH,MC] 

[3 end] Time cost: 79.96min 	| lr: 0.00019602 	| train loss: 0.04664663775387594
[4 start]
	Iter: 172/518; time cost: 24.04min; current batch has {'H36M_3D': 788, 'AMASS': 652} samples
	Iter: 345/518; time cost: 48.08min; current batch has {'H36M_3D': 716, 'AMASS': 724} samples
	Evaluating [3D Pose Estimation] on [H36M_3D]... costs 38.07s
	Evaluating [Motion Prediction] on [H36M_3D]... costs 32.80s
	Evaluating [Future Pose Estimation] on [H36M_3D]... costs 32.58s
	Evaluating [Motion Completion] on [H36M_3D]... costs 34.99s
	Evaluating [Motion In Between] on [H36M_3D]... costs 35.25s
	Evaluating [Future Pose Estimation] on [AMASS]... costs 28.74s
	Evaluating [Motion Prediction] on [AMASS]... costs 28.89s
	Evaluating [Future Pose Estimation] on [AMASS]... costs 28.76s
	Evaluating [Motion Completion] on [AMASS]... costs 30.68s
	Evaluating [Motion In Between] on [AMASS]... costs 30.65s
	Evaluating [Future Pose Estimation] on [PW3D_MESH]... costs 4.17s
	Evaluating [Motion Prediction] on [PW3D_MESH]... costs 4.32s
	Evaluating [Future Pose Estimation] on [PW3D_MESH]... costs 4.17s
	Evaluating [Motion Completion] on [PW3D_MESH]... costs 4.57s
	Evaluating [Motion In Between] on [PW3D_MESH]... costs 4.45s
+-------+------------+------------+--------------+--------------+---------------+--------------+---------------+------------+------------+-------------+------------+-------------+----------------+----------------+-----------------+----------------+-----------------+
| Epoch |     lr     | train_loss | H36M_3D | PE | H36M_3D | MP | H36M_3D | FPE | H36M_3D | MC | H36M_3D | MIB | AMASS | PE | AMASS | MP | AMASS | FPE | AMASS | MC | AMASS | MIB | PW3D_MESH | PE | PW3D_MESH | MP | PW3D_MESH | FPE | PW3D_MESH | MC | PW3D_MESH | MIB |
+-------+------------+------------+--------------+--------------+---------------+--------------+---------------+------------+------------+-------------+------------+-------------+----------------+----------------+-----------------+----------------+-----------------+
|   4   | 0.00019406 |  0.04124   |    329.97    |    23.68     |     33.65     |    45.27     |     68.98     |   56.17    |   62.84    |    75.73    |   75.90    |    157.51   |     162.26     |     84.86      |      177.78     |     205.17     |      155.02     |
+-------+------------+------------+--------------+--------------+---------------+--------------+---------------+------------+------------+-------------+------------+-------------+----------------+----------------+-----------------+----------------+-----------------+
	Saving best checkpoints: [H36M_3D,MP] [H36M_3D,FPE] [H36M_3D,MC] [AMASS,PE] [AMASS,MP] [AMASS,FPE] [AMASS,MC] [PW3D_MESH,PE] [PW3D_MESH,MP] [PW3D_MESH,FPE] [PW3D_MESH,MC] 

[4 end] Time cost: 80.32min 	| lr: 0.00019406 	| train loss: 0.04124037018360723
[5 start]
	Iter: 172/518; time cost: 24.02min; current batch has {'H36M_3D': 712, 'AMASS': 728} samples
	Iter: 345/518; time cost: 48.07min; current batch has {'H36M_3D': 708, 'AMASS': 732} samples
	Evaluating [3D Pose Estimation] on [H36M_3D]... costs 37.89s
	Evaluating [Motion Prediction] on [H36M_3D]... costs 32.55s
	Evaluating [Future Pose Estimation] on [H36M_3D]... costs 32.51s
	Evaluating [Motion Completion] on [H36M_3D]... costs 35.11s
	Evaluating [Motion In Between] on [H36M_3D]... costs 34.89s
	Evaluating [Future Pose Estimation] on [AMASS]... costs 28.82s
	Evaluating [Motion Prediction] on [AMASS]... costs 28.72s
	Evaluating [Future Pose Estimation] on [AMASS]... costs 28.75s
	Evaluating [Motion Completion] on [AMASS]... costs 30.69s
	Evaluating [Motion In Between] on [AMASS]... costs 30.87s
	Evaluating [Future Pose Estimation] on [PW3D_MESH]... costs 4.17s
	Evaluating [Motion Prediction] on [PW3D_MESH]... costs 4.17s
	Evaluating [Future Pose Estimation] on [PW3D_MESH]... costs 4.27s
	Evaluating [Motion Completion] on [PW3D_MESH]... costs 4.46s
	Evaluating [Motion In Between] on [PW3D_MESH]... costs 4.59s
+-------+------------+------------+--------------+--------------+---------------+--------------+---------------+------------+------------+-------------+------------+-------------+----------------+----------------+-----------------+----------------+-----------------+
| Epoch |     lr     | train_loss | H36M_3D | PE | H36M_3D | MP | H36M_3D | FPE | H36M_3D | MC | H36M_3D | MIB | AMASS | PE | AMASS | MP | AMASS | FPE | AMASS | MC | AMASS | MIB | PW3D_MESH | PE | PW3D_MESH | MP | PW3D_MESH | FPE | PW3D_MESH | MC | PW3D_MESH | MIB |
+-------+------------+------------+--------------+--------------+---------------+--------------+---------------+------------+------------+-------------+------------+-------------+----------------+----------------+-----------------+----------------+-----------------+
|   5   | 0.00019212 |  0.03794   |    330.59    |    23.37     |     32.87     |    42.26     |     70.47     |   53.44    |   61.27    |    73.52    |   69.37    |    160.46   |     161.40     |     84.24      |      176.56     |     194.60     |      157.83     |
+-------+------------+------------+--------------+--------------+---------------+--------------+---------------+------------+------------+-------------+------------+-------------+----------------+----------------+-----------------+----------------+-----------------+
	Saving best checkpoints: [H36M_3D,MP] [H36M_3D,FPE] [H36M_3D,MC] [AMASS,PE] [AMASS,MP] [AMASS,FPE] [AMASS,MC] [PW3D_MESH,PE] [PW3D_MESH,MP] [PW3D_MESH,FPE] [PW3D_MESH,MC] 

[5 end] Time cost: 80.32min 	| lr: 0.00019212 	| train loss: 0.03794121126855773
[6 start]
	Iter: 172/518; time cost: 24.04min; current batch has {'H36M_3D': 792, 'AMASS': 648} samples
	Iter: 345/518; time cost: 48.06min; current batch has {'H36M_3D': 712, 'AMASS': 728} samples
	Evaluating [3D Pose Estimation] on [H36M_3D]... costs 37.93s
	Evaluating [Motion Prediction] on [H36M_3D]... costs 32.53s
	Evaluating [Future Pose Estimation] on [H36M_3D]... costs 32.52s
	Evaluating [Motion Completion] on [H36M_3D]... costs 35.02s
	Evaluating [Motion In Between] on [H36M_3D]... costs 34.81s
	Evaluating [Future Pose Estimation] on [AMASS]... costs 28.90s
	Evaluating [Motion Prediction] on [AMASS]... costs 28.82s
	Evaluating [Future Pose Estimation] on [AMASS]... costs 28.68s
	Evaluating [Motion Completion] on [AMASS]... costs 30.62s
	Evaluating [Motion In Between] on [AMASS]... costs 30.61s
	Evaluating [Future Pose Estimation] on [PW3D_MESH]... costs 4.28s
	Evaluating [Motion Prediction] on [PW3D_MESH]... costs 4.15s
	Evaluating [Future Pose Estimation] on [PW3D_MESH]... costs 4.28s
	Evaluating [Motion Completion] on [PW3D_MESH]... costs 4.46s
	Evaluating [Motion In Between] on [PW3D_MESH]... costs 4.57s
+-------+------------+------------+--------------+--------------+---------------+--------------+---------------+------------+------------+-------------+------------+-------------+----------------+----------------+-----------------+----------------+-----------------+
| Epoch |     lr     | train_loss | H36M_3D | PE | H36M_3D | MP | H36M_3D | FPE | H36M_3D | MC | H36M_3D | MIB | AMASS | PE | AMASS | MP | AMASS | FPE | AMASS | MC | AMASS | MIB | PW3D_MESH | PE | PW3D_MESH | MP | PW3D_MESH | FPE | PW3D_MESH | MC | PW3D_MESH | MIB |
+-------+------------+------------+--------------+--------------+---------------+--------------+---------------+------------+------------+-------------+------------+-------------+----------------+----------------+-----------------+----------------+-----------------+
|   6   | 0.00019020 |  0.03635   |    330.74    |    26.20     |     34.25     |    41.14     |     74.98     |   54.49    |   63.27    |    74.18    |   66.95    |    164.45   |     165.08     |     86.25      |      180.13     |     137.80     |      162.30     |
+-------+------------+------------+--------------+--------------+---------------+--------------+---------------+------------+------------+-------------+------------+-------------+----------------+----------------+-----------------+----------------+-----------------+
	Saving best checkpoints: [H36M_3D,MC] [AMASS,MC] [PW3D_MESH,MC] 

[6 end] Time cost: 78.61min 	| lr: 0.00019020 	| train loss: 0.03634664173539422
[7 start]
	Iter: 172/518; time cost: 24.03min; current batch has {'H36M_3D': 784, 'AMASS': 656} samples
	Iter: 345/518; time cost: 48.08min; current batch has {'H36M_3D': 748, 'AMASS': 692} samples
	Evaluating [3D Pose Estimation] on [H36M_3D]... costs 37.86s
	Evaluating [Motion Prediction] on [H36M_3D]... costs 32.52s
	Evaluating [Future Pose Estimation] on [H36M_3D]... costs 32.55s
	Evaluating [Motion Completion] on [H36M_3D]... costs 35.24s
	Evaluating [Motion In Between] on [H36M_3D]... costs 35.04s
	Evaluating [Future Pose Estimation] on [AMASS]... costs 28.83s
	Evaluating [Motion Prediction] on [AMASS]... costs 28.65s
	Evaluating [Future Pose Estimation] on [AMASS]... costs 28.82s
	Evaluating [Motion Completion] on [AMASS]... costs 30.64s
	Evaluating [Motion In Between] on [AMASS]... costs 30.72s
	Evaluating [Future Pose Estimation] on [PW3D_MESH]... costs 4.19s
	Evaluating [Motion Prediction] on [PW3D_MESH]... costs 4.14s
	Evaluating [Future Pose Estimation] on [PW3D_MESH]... costs 4.30s
	Evaluating [Motion Completion] on [PW3D_MESH]... costs 4.45s
	Evaluating [Motion In Between] on [PW3D_MESH]... costs 4.56s
+-------+------------+------------+--------------+--------------+---------------+--------------+---------------+------------+------------+-------------+------------+-------------+----------------+----------------+-----------------+----------------+-----------------+
| Epoch |     lr     | train_loss | H36M_3D | PE | H36M_3D | MP | H36M_3D | FPE | H36M_3D | MC | H36M_3D | MIB | AMASS | PE | AMASS | MP | AMASS | FPE | AMASS | MC | AMASS | MIB | PW3D_MESH | PE | PW3D_MESH | MP | PW3D_MESH | FPE | PW3D_MESH | MC | PW3D_MESH | MIB |
+-------+------------+------------+--------------+--------------+---------------+--------------+---------------+------------+------------+-------------+------------+-------------+----------------+----------------+-----------------+----------------+-----------------+
|   7   | 0.00018830 |  0.03489   |    330.29    |    22.72     |     30.05     |    37.66     |     75.20     |   51.25    |   61.10    |    71.35    |   63.49    |    168.14   |     161.98     |     84.16      |      177.36     |     143.26     |      164.06     |
+-------+------------+------------+--------------+--------------+---------------+--------------+---------------+------------+------------+-------------+------------+-------------+----------------+----------------+-----------------+----------------+-----------------+
	Saving best checkpoints: [H36M_3D,MP] [H36M_3D,FPE] [H36M_3D,MC] [AMASS,PE] [AMASS,MP] [AMASS,FPE] [AMASS,MC] [PW3D_MESH,MP] 

[7 end] Time cost: 79.73min 	| lr: 0.00018830 	| train loss: 0.034892021573108174
[8 start]
	Iter: 172/518; time cost: 24.02min; current batch has {'H36M_3D': 716, 'AMASS': 724} samples
	Iter: 345/518; time cost: 48.06min; current batch has {'H36M_3D': 760, 'AMASS': 680} samples
	Evaluating [3D Pose Estimation] on [H36M_3D]... costs 38.03s
	Evaluating [Motion Prediction] on [H36M_3D]... costs 32.58s
	Evaluating [Future Pose Estimation] on [H36M_3D]... costs 32.54s
	Evaluating [Motion Completion] on [H36M_3D]... costs 35.17s
	Evaluating [Motion In Between] on [H36M_3D]... costs 34.90s
	Evaluating [Future Pose Estimation] on [AMASS]... costs 28.91s
	Evaluating [Motion Prediction] on [AMASS]... costs 28.67s
	Evaluating [Future Pose Estimation] on [AMASS]... costs 28.88s
	Evaluating [Motion Completion] on [AMASS]... costs 30.60s
	Evaluating [Motion In Between] on [AMASS]... costs 30.63s
	Evaluating [Future Pose Estimation] on [PW3D_MESH]... costs 4.16s
	Evaluating [Motion Prediction] on [PW3D_MESH]... costs 4.18s
	Evaluating [Future Pose Estimation] on [PW3D_MESH]... costs 4.30s
	Evaluating [Motion Completion] on [PW3D_MESH]... costs 4.44s
	Evaluating [Motion In Between] on [PW3D_MESH]... costs 4.54s
+-------+------------+------------+--------------+--------------+---------------+--------------+---------------+------------+------------+-------------+------------+-------------+----------------+----------------+-----------------+----------------+-----------------+
| Epoch |     lr     | train_loss | H36M_3D | PE | H36M_3D | MP | H36M_3D | FPE | H36M_3D | MC | H36M_3D | MIB | AMASS | PE | AMASS | MP | AMASS | FPE | AMASS | MC | AMASS | MIB | PW3D_MESH | PE | PW3D_MESH | MP | PW3D_MESH | FPE | PW3D_MESH | MC | PW3D_MESH | MIB |
+-------+------------+------------+--------------+--------------+---------------+--------------+---------------+------------+------------+-------------+------------+-------------+----------------+----------------+-----------------+----------------+-----------------+
|   8   | 0.00018641 |  0.03290   |    331.20    |    20.84     |     28.87     |    35.71     |     76.88     |   47.86    |   58.40    |    67.98    |   60.27    |    169.08   |     167.67     |     83.42      |      182.36     |     123.70     |      165.30     |
+-------+------------+------------+--------------+--------------+---------------+--------------+---------------+------------+------------+-------------+------------+-------------+----------------+----------------+-----------------+----------------+-----------------+
	Saving best checkpoints: [H36M_3D,MP] [H36M_3D,FPE] [H36M_3D,MC] [AMASS,PE] [AMASS,MP] [AMASS,FPE] [AMASS,MC] [PW3D_MESH,MP] [PW3D_MESH,MC] 

[8 end] Time cost: 79.89min 	| lr: 0.00018641 	| train loss: 0.03290064768316809
[9 start]
	Iter: 172/518; time cost: 24.04min; current batch has {'H36M_3D': 784, 'AMASS': 656} samples
