Overriding config: batch_size = 256
Configs: {'tasks': ['PE', 'MP', 'MC', 'FPE'], 'task_to_flag': {'PE': 0, 'MP': 1, 'FPE': 2, 'MC': 3, '2DAR': 4, 'AR': 5, 'MIB': 6}, 'dataset_to_flag': {'H36M_3D': 0, 'AMASS': 1, 'PW3D_MESH': 2, 'H36M_MESH': 3}, 'flag_to_task': {'0': 'PE', '1': 'MP', '2': 'FPE', '3': 'MC', '4': '2DAR', '5': 'AR', '6': 'MIB'}, 'flag_to_dataset': {'0': 'H36M_3D', '1': 'AMASS', '2': 'PW3D_MESH', '3': 'H36M_MESH'}, 'task_metrics': {'PE': ['PE e1', 'PE e2'], 'MP': ['MP'], 'FPE': ['FPE'], 'MC': ['MC'], '2DAR': ['2DAR'], 'AR': ['AR']}, 'dataset_task_info': {'train': {'PW3D_MESH': ['PE', 'MP', 'FPE', 'MC'], 'H36M_MESH': ['PE', 'MP', 'FPE', 'MC'], 'H36M_3D': ['PE', 'MP', 'FPE', 'MC'], 'AMASS': ['PE', 'MP', 'FPE', 'MC']}, 'test': {'PW3D_MESH': ['PE', 'MP', 'FPE', 'MC', 'MIB'], 'H36M_3D': ['PE', 'MP', 'FPE', 'MC', 'MIB'], 'AMASS': ['PE', 'MP', 'FPE', 'MC', 'MIB']}}, 'dataset_file': {'PW3D_MESH': 'data_icl_gen/processed_data/PW3D/mesh_det_pw3d.pkl', 'H36M_MESH': 'data_icl_gen/processed_data/H36M_MESH/mesh_det_h36m.pkl', 'H36M_3D': 'data_icl_gen/processed_data/H36M_3D/h36m_sh_conf_cam_source_final.pkl', 'AMASS': 'data_icl_gen/processed_data/AMASS/amass_joints_h36m_60.pkl'}, 'aug': True, 'aug_shuffle_joints': False, 'clip_len': 16, 'max_len': 16, 'num_joint': 17, 'joint_mask_ratio': 0.4, 'frame_mask_ratio': 0.4, 'presave_folder': 'data_icl_gen/presave_data', 'dataset_config': {'H36M_3D': {'sample_stride': 1, 'data_stride_train': 64, 'data_stride_test': 16, 'read_confidence': False, 'rootrel_input': True, 'rootrel_target': True, 'flip': True, 'scale_3D': 1}, 'PW3D_MESH': {'sample_stride': 1, 'data_stride_train': 1, 'data_stride_test': 32, 'read_confidence': False, 'rootrel_input': True, 'rootrel_target': True, 'flip': True}, 'H36M_MESH': {'sample_stride': 1, 'data_stride_train': 32, 'data_stride_test': 32, 'read_confidence': False, 'rootrel_input': True, 'rootrel_target': True, 'flip': True}, 'AMASS': {'sample_stride': 1, 'data_stride_train': 256, 'data_stride_test': 256, 'read_confidence': False, 'rootrel_input': True, 'rootrel_target': True, 'flip': True}}, 'data_root_path': 'data/non_default_ICL', 'func_ver': {'dataset_action_recognition': None, 'evaluate_action_recognition': None, 'train_epoch_action_recognition': None, 'dataset_non_AR': '3_ICL', 'evaluate_non_AR': '3_ICL', 'train_epoch_non_AR': '3_ICL', 'model_name': 'M06_MixSTE_v0_maxlen'}, 'current_as_history': True, 'rotate_prob': 0.25, 'keep_original_joints': True, 'use_partial_data': False, 'partial_data': {'datasets': {'PE': None, 'MP': None, 'FPE': None, 'MC': None}, 'train_stride': None, 'sample_stride': None, 'clip_len': None, 'num_joints': None, 'drop_ratios_MC': None, 'root_path': None, 'source_file_h36m': None, 'clip_len_2DAR': None, 'batch_size_2DAR': None, 'label_stride_2DAR': None}, 'full_data': {'datasets': {'PE': 'H36M', 'MP': 'AMASS', 'FPE': 'H36M_FPE', 'MC': '3DPW_MC', '2DAR': 'NTU60_2DAR'}, 'train_stride': 16, 'sample_stride': 1, 'clip_len': 16, 'num_joints': 17, 'drop_ratios_MC': [0.5], 'drop_ratios_MIB': [0.5], 'root_path': 'data', 'source_file_h36m': 'source_data/H36M.pkl', 'clip_len_2DAR': 9999999, 'batch_size_2DAR': 9999999, 'label_stride_2DAR': 9999999}, 'maxlen': 16, 'dim_in': 3, 'dim_out': 3, 'dim_feat': 256, 'mlp_ratio': 2, 'depth': 5, 'dim_rep': 256, 'num_heads': 8, 'att_fuse': True, 'merge_idx': 2, 'epochs': 120, 'batch_size': 256, 'test_batch_size': 512, 'dropout': 0.0, 'learning_rate': 0.0002, 'weight_decay': 0.01, 'lr_decay': 0.99, 'losses': {'mpjpe': 1.0, 'n_mpjpe': 0.0, 'velocity': 0.0, 'limb_var': 0.0, 'limb_gt': 0.0, 'angle': 0.0, 'angle_velocity': 0.0}, 'label_type_2DAR': 'default', 'rootrel_input': True, 'rootrel_input_2DAR': False, 'rootrel_target_MP': True, 'rootrel_target_PE': True, 'rootrel_target_FPE': True, 'flip_h36m_y_axis': False, 'flip_h36mFPE_y_axis': False, 'scale_h36m_skeleton': 2.0, 'scale_h36mFPE_skeleton': 2.0, 'no_eval': False, 'amass_to_h36m': [[2], [0], [3], [6], [1], [4], [7], [5], [8], [8, 11], [11], [10], [13], [15], [9], [12], [14]], 'name': '01_func333_model06_T16_DataTask00', 'data': {'datasets': {'PE': 'H36M', 'MP': 'AMASS', 'FPE': 'H36M_FPE', 'MC': '3DPW_MC', '2DAR': 'NTU60_2DAR'}, 'train_stride': 16, 'sample_stride': 1, 'clip_len': 16, 'num_joints': 17, 'drop_ratios_MC': [0.5], 'drop_ratios_MIB': [0.5], 'root_path': 'data', 'source_file_h36m': 'source_data/H36M.pkl', 'clip_len_2DAR': 9999999, 'batch_size_2DAR': 9999999, 'label_stride_2DAR': 9999999}}

python train.py --config configs/03_train_on_non_AR_ICL/01_func333_model06_T16_DataTask00.yaml -c ckpt/03_train_on_non_AR_ICL/01_func333_model06_T16_DataTask00 -gpu 6,7 -bs 256

PID:  2923062

Loading dataset...
	Loading train data from [PW3D_MESH] for task: ['PE', 'MP', 'FPE', 'MC']... costs 0.90s... has 21678 samples
	Loading train data from [H36M_MESH] for task: ['PE', 'MP', 'FPE', 'MC']... costs 1.52s... has 9464 samples
	Loading train data from [H36M_3D] for task: ['PE', 'MP', 'FPE', 'MC']... costs 2.39s... has 24376 samples
	Loading train data from [AMASS] for task: ['PE', 'MP', 'FPE', 'MC']... costs 2.76s... has 25106 samples
	Training (non-AR) sample count: 80624
	Loading test data from [PW3D_MESH] for task: ['PE']... costs 0.69s... has 1091 samples
	Loading test data from [PW3D_MESH] for task: ['MP']... costs 0.66s... has 1091 samples
	Loading test data from [PW3D_MESH] for task: ['FPE']... costs 0.68s... has 1091 samples
	Loading test data from [PW3D_MESH] for task: ['MC']... costs 0.69s... has 1091 samples
	Loading test data from [PW3D_MESH] for task: ['MIB']... costs 0.68s... has 1091 samples
	Loading test data from [H36M_3D] for task: ['PE']... costs 1.99s... has 35088 samples
	Loading test data from [H36M_3D] for task: ['MP']... costs 2.06s... has 35088 samples
	Loading test data from [H36M_3D] for task: ['FPE']... costs 2.03s... has 35088 samples
	Loading test data from [H36M_3D] for task: ['MC']... costs 2.18s... has 35088 samples
	Loading test data from [H36M_3D] for task: ['MIB']... costs 2.31s... has 35088 samples
	Loading test data from [AMASS] for task: ['PE']... costs 2.22s... has 8492 samples
	Loading test data from [AMASS] for task: ['MP']... costs 1.93s... has 8492 samples
	Loading test data from [AMASS] for task: ['FPE']... costs 2.03s... has 8492 samples
	Loading test data from [AMASS] for task: ['MC']... costs 1.85s... has 8492 samples
	Loading test data from [AMASS] for task: ['MIB']... costs 1.77s... has 8492 samples

Loading model...
Model: M06_MixSTE_v0_maxlen
[MODEL INFO] prompt_enabled: True
Trainable parameter count: 235.739396M

Training on [['non_AR', 315]] batches for 120 epochs. batch size: 256
[1 start]
	Iter: 105/315; time cost: 10.03min; current batch has {'PW3D_MESH': 240, 'H36M_MESH': 116, 'H36M_3D': 364, 'AMASS': 304} samples
	Iter: 210/315; time cost: 19.75min; current batch has {'PW3D_MESH': 276, 'H36M_MESH': 124, 'H36M_3D': 328, 'AMASS': 296} samples
	Iter: 105/315; time cost: 39.26min; current batch has {'PW3D_MESH': 260, 'H36M_MESH': 140, 'H36M_3D': 308, 'AMASS': 316} samples
	Iter: 210/315; time cost: 48.97min; current batch has {'PW3D_MESH': 300, 'H36M_MESH': 144, 'H36M_3D': 248, 'AMASS': 332} samples
	Evaluating [Future Pose Estimation] on [PW3D_MESH]... costs 26.62s
	Evaluating [Motion Prediction] on [PW3D_MESH]... costs 26.61s
	Evaluating [Future Pose Estimation] on [PW3D_MESH]... costs 26.89s
	Evaluating [Motion Completion] on [PW3D_MESH]... costs 26.82s
	Evaluating [Motion In Between] on [PW3D_MESH]... costs 26.96s
	Evaluating [3D Pose Estimation] on [H36M_3D]... costs 70.97s
	Evaluating [Motion Prediction] on [H36M_3D]... costs 61.29s
	Evaluating [Future Pose Estimation] on [H36M_3D]... costs 61.33s
	Evaluating [Motion Completion] on [H36M_3D]... costs 65.64s
	Evaluating [Motion In Between] on [H36M_3D]... costs 65.68s
	Evaluating [Future Pose Estimation] on [AMASS]... costs 16.95s
	Evaluating [Motion Prediction] on [AMASS]... costs 16.83s
	Evaluating [Future Pose Estimation] on [AMASS]... costs 16.87s
	Evaluating [Motion Completion] on [AMASS]... costs 17.86s
	Evaluating [Motion In Between] on [AMASS]... costs 18.27s
	Saving checkpoint to ckpt/03_train_on_non_AR_ICL/01_func333_model06_T16_DataTask00/all_epochs/epoch_0.bin
	Saving checkpoint to ckpt/03_train_on_non_AR_ICL/01_func333_model06_T16_DataTask00/latest_epoch.bin
	Saving checkpoint to ckpt/03_train_on_non_AR_ICL/01_func333_model06_T16_DataTask00/best_epoch_PW3D_MESH_PE.bin
	Saving checkpoint to ckpt/03_train_on_non_AR_ICL/01_func333_model06_T16_DataTask00/best_epoch_PW3D_MESH_MP.bin
	Saving checkpoint to ckpt/03_train_on_non_AR_ICL/01_func333_model06_T16_DataTask00/best_epoch_PW3D_MESH_FPE.bin
	Saving checkpoint to ckpt/03_train_on_non_AR_ICL/01_func333_model06_T16_DataTask00/best_epoch_PW3D_MESH_MC.bin
	Saving checkpoint to ckpt/03_train_on_non_AR_ICL/01_func333_model06_T16_DataTask00/best_epoch_PW3D_MESH_MIB.bin
	Saving checkpoint to ckpt/03_train_on_non_AR_ICL/01_func333_model06_T16_DataTask00/best_epoch_H36M_3D_PE.bin
	Saving checkpoint to ckpt/03_train_on_non_AR_ICL/01_func333_model06_T16_DataTask00/best_epoch_H36M_3D_MP.bin
	Saving checkpoint to ckpt/03_train_on_non_AR_ICL/01_func333_model06_T16_DataTask00/best_epoch_H36M_3D_FPE.bin
	Saving checkpoint to ckpt/03_train_on_non_AR_ICL/01_func333_model06_T16_DataTask00/best_epoch_H36M_3D_MC.bin
	Saving checkpoint to ckpt/03_train_on_non_AR_ICL/01_func333_model06_T16_DataTask00/best_epoch_H36M_3D_MIB.bin
	Saving checkpoint to ckpt/03_train_on_non_AR_ICL/01_func333_model06_T16_DataTask00/best_epoch_AMASS_PE.bin
	Saving checkpoint to ckpt/03_train_on_non_AR_ICL/01_func333_model06_T16_DataTask00/best_epoch_AMASS_MP.bin
	Saving checkpoint to ckpt/03_train_on_non_AR_ICL/01_func333_model06_T16_DataTask00/best_epoch_AMASS_FPE.bin
	Saving checkpoint to ckpt/03_train_on_non_AR_ICL/01_func333_model06_T16_DataTask00/best_epoch_AMASS_MC.bin
	Saving checkpoint to ckpt/03_train_on_non_AR_ICL/01_func333_model06_T16_DataTask00/best_epoch_AMASS_MIB.bin
+----------------+--------+--------+--------+
| PE | PW3D_MESH |  Avg   |   0    |   15   |
+----------------+--------+--------+--------+
|     MPJPE      | 213.11 | 213.03 | 213.18 |
+----------------+--------+--------+--------+
+----------------+--------+--------+--------+--------+--------+
| MP | PW3D_MESH |  Avg   |   0    |   5    |   10   |   15   |
+----------------+--------+--------+--------+--------+--------+
|     MPJPE      | 177.70 | 183.94 | 180.21 | 176.06 | 170.61 |
+----------------+--------+--------+--------+--------+--------+
+-----------------+--------+--------+--------+--------+--------+
| FPE | PW3D_MESH |  Avg   |   0    |   5    |   10   |   15   |
+-----------------+--------+--------+--------+--------+--------+
|      MPJPE      | 218.96 | 214.86 | 217.45 | 220.51 | 223.00 |
+-----------------+--------+--------+--------+--------+--------+
+----------------+--------+--------+
| MC | PW3D_MESH |  Avg   |  0.5   |
+----------------+--------+--------+
|     MPJPE      | 412.98 | 412.98 |
+----------------+--------+--------+
+-----------------+--------+--------+
| MIB | PW3D_MESH |  Avg   |  0.5   |
+-----------------+--------+--------+
|      MPJPE      | 241.35 | 241.35 |
+-----------------+--------+--------+
+--------------+--------+-----------+---------+--------+--------+--------+--------+--------+----------+---------+-------------+--------+--------+--------+---------+---------+
| PE | H36M_3D |  Avg   | Direction | Discuss | Eating | Greet  | Phone  | Photo  |  Pose  | Purchase | Sitting | SittingDown | Smoke  |  Wait  |  Walk  | WalkDog | WalkTwo |
+--------------+--------+-----------+---------+--------+--------+--------+--------+--------+----------+---------+-------------+--------+--------+--------+---------+---------+
|    MPJPE     | 289.27 |   272.52  |  279.40 | 303.27 | 281.38 | 289.62 | 301.25 | 266.06 |  310.69  |  319.77 |    338.94   | 285.60 | 278.53 | 257.42 |  284.48 |  270.11 |
|   P-MPJPE    | 115.14 |   99.71   |  109.62 | 123.52 | 104.33 | 114.90 | 121.81 | 84.02  |  119.53  |  142.61 |    179.10   | 111.60 | 96.15  | 96.64  |  121.47 |  102.10 |
+--------------+--------+-----------+---------+--------+--------+--------+--------+--------+----------+---------+-------------+--------+--------+--------+---------+---------+
+--------------+--------+--------+--------+--------+--------+
| MP | H36M_3D |  Avg   |   0    |   5    |   10   |   15   |
+--------------+--------+--------+--------+--------+--------+
|    MPJPE     | 140.08 | 142.08 | 140.72 | 139.35 | 138.16 |
+--------------+--------+--------+--------+--------+--------+
+---------------+--------+--------+--------+--------+--------+
| FPE | H36M_3D |  Avg   |   0    |   5    |   10   |   15   |
+---------------+--------+--------+--------+--------+--------+
|     MPJPE     | 138.83 | 136.61 | 138.06 | 139.57 | 141.09 |
+---------------+--------+--------+--------+--------+--------+
+--------------+--------+--------+
| MC | H36M_3D |  Avg   |  0.5   |
+--------------+--------+--------+
|    MPJPE     | 405.02 | 405.02 |
+--------------+--------+--------+
+---------------+--------+--------+
| MIB | H36M_3D |  Avg   |  0.5   |
+---------------+--------+--------+
|     MPJPE     | 123.78 | 123.78 |
+---------------+--------+--------+
+------------+--------+--------+--------+
| PE | AMASS |  Avg   |   0    |   15   |
+------------+--------+--------+--------+
|   MPJPE    | 150.70 | 150.45 | 150.95 |
+------------+--------+--------+--------+
+------------+--------+--------+--------+--------+--------+
| MP | AMASS |  Avg   |   0    |   5    |   10   |   15   |
+------------+--------+--------+--------+--------+--------+
|   MPJPE    | 167.27 | 176.87 | 170.73 | 164.53 | 156.96 |
+------------+--------+--------+--------+--------+--------+
+-------------+--------+--------+--------+--------+--------+
| FPE | AMASS |  Avg   |   0    |   5    |   10   |   15   |
+-------------+--------+--------+--------+--------+--------+
|    MPJPE    | 167.07 | 156.39 | 164.32 | 170.75 | 176.82 |
+-------------+--------+--------+--------+--------+--------+
+------------+--------+--------+
| MC | AMASS |  Avg   |  0.5   |
+------------+--------+--------+
|   MPJPE    | 840.43 | 840.43 |
+------------+--------+--------+
+-------------+--------+--------+
| MIB | AMASS |  Avg   |  0.5   |
+-------------+--------+--------+
|    MPJPE    | 223.70 | 223.70 |
+-------------+--------+--------+
[1 end] Time cost: 68.08min 	| lr: 0.00020000 	| train loss: 0.18407097395568614
[2 start]
	Iter: 105/315; time cost: 9.90min; current batch has {'PW3D_MESH': 256, 'H36M_MESH': 116, 'H36M_3D': 368, 'AMASS': 284} samples
	Iter: 210/315; time cost: 19.63min; current batch has {'PW3D_MESH': 244, 'H36M_MESH': 144, 'H36M_3D': 312, 'AMASS': 324} samples
	Iter: 105/315; time cost: 39.11min; current batch has {'PW3D_MESH': 328, 'H36M_MESH': 112, 'H36M_3D': 280, 'AMASS': 304} samples
	Iter: 210/315; time cost: 48.84min; current batch has {'PW3D_MESH': 340, 'H36M_MESH': 120, 'H36M_3D': 324, 'AMASS': 240} samples
	Evaluating [Future Pose Estimation] on [PW3D_MESH]... costs 23.63s
	Evaluating [Motion Prediction] on [PW3D_MESH]... costs 24.19s
	Evaluating [Future Pose Estimation] on [PW3D_MESH]... costs 24.18s
	Evaluating [Motion Completion] on [PW3D_MESH]... costs 24.18s
	Evaluating [Motion In Between] on [PW3D_MESH]... costs 24.12s
	Evaluating [3D Pose Estimation] on [H36M_3D]... costs 68.34s
	Evaluating [Motion Prediction] on [H36M_3D]... costs 58.96s
	Evaluating [Future Pose Estimation] on [H36M_3D]... costs 58.94s
	Evaluating [Motion Completion] on [H36M_3D]... costs 63.71s
	Evaluating [Motion In Between] on [H36M_3D]... costs 63.53s
	Evaluating [Future Pose Estimation] on [AMASS]... costs 14.29s
	Evaluating [Motion Prediction] on [AMASS]... costs 14.40s
	Evaluating [Future Pose Estimation] on [AMASS]... costs 14.42s
	Evaluating [Motion Completion] on [AMASS]... costs 15.33s
	Evaluating [Motion In Between] on [AMASS]... costs 15.31s
	Saving checkpoint to ckpt/03_train_on_non_AR_ICL/01_func333_model06_T16_DataTask00/all_epochs/epoch_1.bin
	Saving checkpoint to ckpt/03_train_on_non_AR_ICL/01_func333_model06_T16_DataTask00/latest_epoch.bin
	Saving checkpoint to ckpt/03_train_on_non_AR_ICL/01_func333_model06_T16_DataTask00/best_epoch_PW3D_MESH_PE.bin
	Saving checkpoint to ckpt/03_train_on_non_AR_ICL/01_func333_model06_T16_DataTask00/best_epoch_PW3D_MESH_MP.bin
	Saving checkpoint to ckpt/03_train_on_non_AR_ICL/01_func333_model06_T16_DataTask00/best_epoch_PW3D_MESH_FPE.bin
	Saving checkpoint to ckpt/03_train_on_non_AR_ICL/01_func333_model06_T16_DataTask00/best_epoch_PW3D_MESH_MIB.bin
	Saving checkpoint to ckpt/03_train_on_non_AR_ICL/01_func333_model06_T16_DataTask00/best_epoch_H36M_3D_PE.bin
	Saving checkpoint to ckpt/03_train_on_non_AR_ICL/01_func333_model06_T16_DataTask00/best_epoch_H36M_3D_MP.bin
	Saving checkpoint to ckpt/03_train_on_non_AR_ICL/01_func333_model06_T16_DataTask00/best_epoch_H36M_3D_FPE.bin
	Saving checkpoint to ckpt/03_train_on_non_AR_ICL/01_func333_model06_T16_DataTask00/best_epoch_H36M_3D_MIB.bin
	Saving checkpoint to ckpt/03_train_on_non_AR_ICL/01_func333_model06_T16_DataTask00/best_epoch_AMASS_PE.bin
	Saving checkpoint to ckpt/03_train_on_non_AR_ICL/01_func333_model06_T16_DataTask00/best_epoch_AMASS_MP.bin
	Saving checkpoint to ckpt/03_train_on_non_AR_ICL/01_func333_model06_T16_DataTask00/best_epoch_AMASS_FPE.bin
	Saving checkpoint to ckpt/03_train_on_non_AR_ICL/01_func333_model06_T16_DataTask00/best_epoch_AMASS_MC.bin
	Saving checkpoint to ckpt/03_train_on_non_AR_ICL/01_func333_model06_T16_DataTask00/best_epoch_AMASS_MIB.bin
+----------------+--------+--------+--------+
| PE | PW3D_MESH |  Avg   |   0    |   15   |
+----------------+--------+--------+--------+
|     MPJPE      | 204.65 | 207.22 | 202.08 |
+----------------+--------+--------+--------+
+----------------+--------+--------+--------+--------+--------+
| MP | PW3D_MESH |  Avg   |   0    |   5    |   10   |   15   |
+----------------+--------+--------+--------+--------+--------+
|     MPJPE      | 158.78 | 167.76 | 162.60 | 155.65 | 149.12 |
+----------------+--------+--------+--------+--------+--------+
+-----------------+--------+--------+--------+--------+--------+
| FPE | PW3D_MESH |  Avg   |   0    |   5    |   10   |   15   |
+-----------------+--------+--------+--------+--------+--------+
|      MPJPE      | 209.74 | 206.08 | 207.30 | 211.32 | 214.27 |
+-----------------+--------+--------+--------+--------+--------+
+----------------+--------+--------+
| MC | PW3D_MESH |  Avg   |  0.5   |
+----------------+--------+--------+
|     MPJPE      | 430.80 | 430.80 |
+----------------+--------+--------+
+-----------------+--------+--------+
| MIB | PW3D_MESH |  Avg   |  0.5   |
+-----------------+--------+--------+
|      MPJPE      | 223.53 | 223.53 |
+-----------------+--------+--------+
+--------------+--------+-----------+---------+--------+--------+--------+--------+--------+----------+---------+-------------+--------+--------+--------+---------+---------+
| PE | H36M_3D |  Avg   | Direction | Discuss | Eating | Greet  | Phone  | Photo  |  Pose  | Purchase | Sitting | SittingDown | Smoke  |  Wait  |  Walk  | WalkDog | WalkTwo |
+--------------+--------+-----------+---------+--------+--------+--------+--------+--------+----------+---------+-------------+--------+--------+--------+---------+---------+
|    MPJPE     | 243.57 |   231.54  |  231.90 | 260.57 | 236.31 | 245.29 | 255.57 | 224.91 |  266.18  |  276.71 |    289.50   | 240.44 | 236.23 | 205.27 |  234.03 |  219.13 |
|   P-MPJPE    | 115.46 |   99.99   |  110.52 | 122.73 | 104.27 | 116.16 | 121.80 | 83.63  |  120.20  |  143.80 |    179.76   | 112.41 | 96.24  | 96.14  |  121.99 |  102.27 |
+--------------+--------+-----------+---------+--------+--------+--------+--------+--------+----------+---------+-------------+--------+--------+--------+---------+---------+
+--------------+-------+-------+-------+-------+-------+
| MP | H36M_3D |  Avg  |   0   |   5   |   10  |   15  |
+--------------+-------+-------+-------+-------+-------+
|    MPJPE     | 94.31 | 95.51 | 94.80 | 93.53 | 93.39 |
+--------------+-------+-------+-------+-------+-------+
+---------------+--------+--------+--------+--------+--------+
| FPE | H36M_3D |  Avg   |   0    |   5    |   10   |   15   |
+---------------+--------+--------+--------+--------+--------+
|     MPJPE     | 123.30 | 120.31 | 122.36 | 124.01 | 126.52 |
+---------------+--------+--------+--------+--------+--------+
+--------------+--------+--------+
| MC | H36M_3D |  Avg   |  0.5   |
+--------------+--------+--------+
|    MPJPE     | 418.79 | 418.79 |
+--------------+--------+--------+
+---------------+--------+--------+
| MIB | H36M_3D |  Avg   |  0.5   |
+---------------+--------+--------+
|     MPJPE     | 118.86 | 118.86 |
+---------------+--------+--------+
+------------+--------+--------+--------+
| PE | AMASS |  Avg   |   0    |   15   |
+------------+--------+--------+--------+
|   MPJPE    | 140.75 | 141.83 | 139.67 |
+------------+--------+--------+--------+
+------------+--------+--------+--------+--------+--------+
| MP | AMASS |  Avg   |   0    |   5    |   10   |   15   |
+------------+--------+--------+--------+--------+--------+
|   MPJPE    | 157.41 | 163.28 | 160.02 | 155.43 | 150.92 |
+------------+--------+--------+--------+--------+--------+
+-------------+--------+--------+--------+--------+--------+
| FPE | AMASS |  Avg   |   0    |   5    |   10   |   15   |
+-------------+--------+--------+--------+--------+--------+
|    MPJPE    | 152.66 | 145.19 | 148.56 | 155.18 | 161.72 |
+-------------+--------+--------+--------+--------+--------+
+------------+--------+--------+
| MC | AMASS |  Avg   |  0.5   |
+------------+--------+--------+
|   MPJPE    | 691.25 | 691.25 |
+------------+--------+--------+
+-------------+--------+--------+
| MIB | AMASS |  Avg   |  0.5   |
+-------------+--------+--------+
|    MPJPE    | 179.65 | 179.65 |
+-------------+--------+--------+
[2 end] Time cost: 68.83min 	| lr: 0.00019800 	| train loss: 0.08296682134950681
[3 start]
	Iter: 105/315; time cost: 9.90min; current batch has {'PW3D_MESH': 304, 'H36M_MESH': 136, 'H36M_3D': 268, 'AMASS': 316} samples
	Iter: 210/315; time cost: 19.63min; current batch has {'PW3D_MESH': 216, 'H36M_MESH': 144, 'H36M_3D': 276, 'AMASS': 388} samples
	Iter: 105/315; time cost: 39.16min; current batch has {'PW3D_MESH': 272, 'H36M_MESH': 100, 'H36M_3D': 340, 'AMASS': 312} samples
	Iter: 210/315; time cost: 48.87min; current batch has {'PW3D_MESH': 248, 'H36M_MESH': 128, 'H36M_3D': 308, 'AMASS': 340} samples
	Evaluating [Future Pose Estimation] on [PW3D_MESH]... costs 23.74s
	Evaluating [Motion Prediction] on [PW3D_MESH]... costs 23.93s
	Evaluating [Future Pose Estimation] on [PW3D_MESH]... costs 23.93s
	Evaluating [Motion Completion] on [PW3D_MESH]... costs 24.01s
	Evaluating [Motion In Between] on [PW3D_MESH]... costs 24.22s
	Evaluating [3D Pose Estimation] on [H36M_3D]... costs 68.39s
	Evaluating [Motion Prediction] on [H36M_3D]... costs 58.79s
	Evaluating [Future Pose Estimation] on [H36M_3D]... costs 59.21s
	Evaluating [Motion Completion] on [H36M_3D]... costs 63.35s
	Evaluating [Motion In Between] on [H36M_3D]... costs 62.97s
	Evaluating [Future Pose Estimation] on [AMASS]... costs 14.41s
	Evaluating [Motion Prediction] on [AMASS]... costs 14.40s
	Evaluating [Future Pose Estimation] on [AMASS]... costs 14.42s
	Evaluating [Motion Completion] on [AMASS]... costs 15.36s
	Evaluating [Motion In Between] on [AMASS]... costs 15.27s
	Saving checkpoint to ckpt/03_train_on_non_AR_ICL/01_func333_model06_T16_DataTask00/all_epochs/epoch_2.bin
	Saving checkpoint to ckpt/03_train_on_non_AR_ICL/01_func333_model06_T16_DataTask00/latest_epoch.bin
	Saving checkpoint to ckpt/03_train_on_non_AR_ICL/01_func333_model06_T16_DataTask00/best_epoch_PW3D_MESH_MP.bin
	Saving checkpoint to ckpt/03_train_on_non_AR_ICL/01_func333_model06_T16_DataTask00/best_epoch_PW3D_MESH_FPE.bin
	Saving checkpoint to ckpt/03_train_on_non_AR_ICL/01_func333_model06_T16_DataTask00/best_epoch_PW3D_MESH_MIB.bin
	Saving checkpoint to ckpt/03_train_on_non_AR_ICL/01_func333_model06_T16_DataTask00/best_epoch_H36M_3D_PE.bin
	Saving checkpoint to ckpt/03_train_on_non_AR_ICL/01_func333_model06_T16_DataTask00/best_epoch_H36M_3D_MP.bin
	Saving checkpoint to ckpt/03_train_on_non_AR_ICL/01_func333_model06_T16_DataTask00/best_epoch_H36M_3D_FPE.bin
	Saving checkpoint to ckpt/03_train_on_non_AR_ICL/01_func333_model06_T16_DataTask00/best_epoch_H36M_3D_MIB.bin
	Saving checkpoint to ckpt/03_train_on_non_AR_ICL/01_func333_model06_T16_DataTask00/best_epoch_AMASS_PE.bin
	Saving checkpoint to ckpt/03_train_on_non_AR_ICL/01_func333_model06_T16_DataTask00/best_epoch_AMASS_MP.bin
	Saving checkpoint to ckpt/03_train_on_non_AR_ICL/01_func333_model06_T16_DataTask00/best_epoch_AMASS_MIB.bin
+----------------+--------+--------+--------+
| PE | PW3D_MESH |  Avg   |   0    |   15   |
+----------------+--------+--------+--------+
|     MPJPE      | 209.20 | 212.92 | 205.47 |
+----------------+--------+--------+--------+
+----------------+--------+--------+--------+--------+--------+
| MP | PW3D_MESH |  Avg   |   0    |   5    |   10   |   15   |
+----------------+--------+--------+--------+--------+--------+
|     MPJPE      | 155.90 | 166.16 | 159.69 | 152.02 | 145.72 |
+----------------+--------+--------+--------+--------+--------+
+-----------------+--------+--------+--------+--------+--------+
| FPE | PW3D_MESH |  Avg   |   0    |   5    |   10   |   15   |
+-----------------+--------+--------+--------+--------+--------+
|      MPJPE      | 209.25 | 203.11 | 206.82 | 211.41 | 215.68 |
+-----------------+--------+--------+--------+--------+--------+
+----------------+--------+--------+
| MC | PW3D_MESH |  Avg   |  0.5   |
+----------------+--------+--------+
|     MPJPE      | 447.92 | 447.92 |
+----------------+--------+--------+
+-----------------+--------+--------+
| MIB | PW3D_MESH |  Avg   |  0.5   |
+-----------------+--------+--------+
|      MPJPE      | 161.46 | 161.46 |
+-----------------+--------+--------+
+--------------+--------+-----------+---------+--------+--------+--------+--------+--------+----------+---------+-------------+--------+--------+--------+---------+---------+
| PE | H36M_3D |  Avg   | Direction | Discuss | Eating | Greet  | Phone  | Photo  |  Pose  | Purchase | Sitting | SittingDown | Smoke  |  Wait  |  Walk  | WalkDog | WalkTwo |
+--------------+--------+-----------+---------+--------+--------+--------+--------+--------+----------+---------+-------------+--------+--------+--------+---------+---------+
|    MPJPE     | 221.31 |   208.84  |  215.24 | 230.53 | 218.09 | 218.20 | 234.77 | 197.93 |  251.94  |  250.11 |    268.10   | 214.02 | 213.99 | 182.26 |  219.04 |  196.61 |
|   P-MPJPE    | 115.36 |   98.69   |  110.34 | 123.23 | 103.91 | 116.21 | 122.12 | 82.73  |  120.89  |  145.49 |    181.09   | 112.33 | 95.46  | 95.57  |  121.69 |  100.66 |
+--------------+--------+-----------+---------+--------+--------+--------+--------+--------+----------+---------+-------------+--------+--------+--------+---------+---------+
+--------------+-------+-------+-------+-------+-------+
| MP | H36M_3D |  Avg  |   0   |   5   |   10  |   15  |
+--------------+-------+-------+-------+-------+-------+
|    MPJPE     | 92.62 | 94.56 | 93.04 | 91.59 | 91.27 |
+--------------+-------+-------+-------+-------+-------+
+---------------+--------+--------+--------+--------+--------+
| FPE | H36M_3D |  Avg   |   0    |   5    |   10   |   15   |
+---------------+--------+--------+--------+--------+--------+
|     MPJPE     | 116.61 | 116.24 | 115.94 | 117.09 | 117.15 |
+---------------+--------+--------+--------+--------+--------+
+--------------+--------+--------+
| MC | H36M_3D |  Avg   |  0.5   |
+--------------+--------+--------+
|    MPJPE     | 482.09 | 482.09 |
+--------------+--------+--------+
+---------------+-------+-------+
| MIB | H36M_3D |  Avg  |  0.5  |
+---------------+-------+-------+
|     MPJPE     | 95.47 | 95.47 |
+---------------+-------+-------+
+------------+--------+--------+--------+
| PE | AMASS |  Avg   |   0    |   15   |
+------------+--------+--------+--------+
|   MPJPE    | 138.03 | 137.06 | 138.99 |
+------------+--------+--------+--------+
+------------+--------+--------+--------+--------+--------+
| MP | AMASS |  Avg   |   0    |   5    |   10   |   15   |
+------------+--------+--------+--------+--------+--------+
|   MPJPE    | 154.08 | 161.91 | 156.19 | 150.32 | 147.88 |
+------------+--------+--------+--------+--------+--------+
+-------------+--------+--------+--------+--------+--------+
| FPE | AMASS |  Avg   |   0    |   5    |   10   |   15   |
+-------------+--------+--------+--------+--------+--------+
|    MPJPE    | 156.97 | 150.13 | 153.22 | 159.15 | 165.38 |
+-------------+--------+--------+--------+--------+--------+
+------------+--------+--------+
| MC | AMASS |  Avg   |  0.5   |
+------------+--------+--------+
|   MPJPE    | 809.76 | 809.76 |
+------------+--------+--------+
+-------------+--------+--------+
| MIB | AMASS |  Avg   |  0.5   |
+-------------+--------+--------+
|    MPJPE    | 150.41 | 150.41 |
+-------------+--------+--------+
[3 end] Time cost: 68.43min 	| lr: 0.00019602 	| train loss: 0.06839482696165168
[4 start]
	Iter: 105/315; time cost: 9.90min; current batch has {'PW3D_MESH': 308, 'H36M_MESH': 100, 'H36M_3D': 344, 'AMASS': 272} samples
	Iter: 210/315; time cost: 19.63min; current batch has {'PW3D_MESH': 288, 'H36M_MESH': 116, 'H36M_3D': 340, 'AMASS': 280} samples
	Iter: 105/315; time cost: 39.15min; current batch has {'PW3D_MESH': 320, 'H36M_MESH': 160, 'H36M_3D': 256, 'AMASS': 288} samples
	Iter: 210/315; time cost: 48.87min; current batch has {'PW3D_MESH': 292, 'H36M_MESH': 140, 'H36M_3D': 312, 'AMASS': 280} samples
	Evaluating [Future Pose Estimation] on [PW3D_MESH]... costs 23.66s
	Evaluating [Motion Prediction] on [PW3D_MESH]... costs 23.81s
	Evaluating [Future Pose Estimation] on [PW3D_MESH]... costs 23.81s
	Evaluating [Motion Completion] on [PW3D_MESH]... costs 24.10s
	Evaluating [Motion In Between] on [PW3D_MESH]... costs 23.79s
	Evaluating [3D Pose Estimation] on [H36M_3D]... costs 68.30s
	Evaluating [Motion Prediction] on [H36M_3D]... costs 58.84s
	Evaluating [Future Pose Estimation] on [H36M_3D]... costs 59.11s
	Evaluating [Motion Completion] on [H36M_3D]... costs 63.26s
	Evaluating [Motion In Between] on [H36M_3D]... costs 62.91s
	Evaluating [Future Pose Estimation] on [AMASS]... costs 14.39s
	Evaluating [Motion Prediction] on [AMASS]... costs 14.40s
	Evaluating [Future Pose Estimation] on [AMASS]... costs 14.41s
	Evaluating [Motion Completion] on [AMASS]... costs 15.30s
	Evaluating [Motion In Between] on [AMASS]... costs 15.29s
	Saving checkpoint to ckpt/03_train_on_non_AR_ICL/01_func333_model06_T16_DataTask00/all_epochs/epoch_3.bin
	Saving checkpoint to ckpt/03_train_on_non_AR_ICL/01_func333_model06_T16_DataTask00/latest_epoch.bin
	Saving checkpoint to ckpt/03_train_on_non_AR_ICL/01_func333_model06_T16_DataTask00/best_epoch_PW3D_MESH_MP.bin
	Saving checkpoint to ckpt/03_train_on_non_AR_ICL/01_func333_model06_T16_DataTask00/best_epoch_PW3D_MESH_FPE.bin
	Saving checkpoint to ckpt/03_train_on_non_AR_ICL/01_func333_model06_T16_DataTask00/best_epoch_AMASS_PE.bin
	Saving checkpoint to ckpt/03_train_on_non_AR_ICL/01_func333_model06_T16_DataTask00/best_epoch_AMASS_MP.bin
	Saving checkpoint to ckpt/03_train_on_non_AR_ICL/01_func333_model06_T16_DataTask00/best_epoch_AMASS_FPE.bin
+----------------+--------+--------+--------+
| PE | PW3D_MESH |  Avg   |   0    |   15   |
+----------------+--------+--------+--------+
|     MPJPE      | 208.44 | 213.11 | 203.78 |
+----------------+--------+--------+--------+
+----------------+--------+--------+--------+--------+--------+
| MP | PW3D_MESH |  Avg   |   0    |   5    |   10   |   15   |
+----------------+--------+--------+--------+--------+--------+
|     MPJPE      | 155.05 | 163.97 | 158.27 | 151.65 | 146.29 |
+----------------+--------+--------+--------+--------+--------+
+-----------------+--------+--------+--------+--------+--------+
| FPE | PW3D_MESH |  Avg   |   0    |   5    |   10   |   15   |
+-----------------+--------+--------+--------+--------+--------+
|      MPJPE      | 204.15 | 199.66 | 201.17 | 205.31 | 210.45 |
+-----------------+--------+--------+--------+--------+--------+
+----------------+--------+--------+
| MC | PW3D_MESH |  Avg   |  0.5   |
+----------------+--------+--------+
|     MPJPE      | 457.29 | 457.29 |
+----------------+--------+--------+
+-----------------+--------+--------+
| MIB | PW3D_MESH |  Avg   |  0.5   |
+-----------------+--------+--------+
|      MPJPE      | 178.61 | 178.61 |
+-----------------+--------+--------+
+--------------+--------+-----------+---------+--------+--------+--------+--------+--------+----------+---------+-------------+--------+--------+--------+---------+---------+
| PE | H36M_3D |  Avg   | Direction | Discuss | Eating | Greet  | Phone  | Photo  |  Pose  | Purchase | Sitting | SittingDown | Smoke  |  Wait  |  Walk  | WalkDog | WalkTwo |
+--------------+--------+-----------+---------+--------+--------+--------+--------+--------+----------+---------+-------------+--------+--------+--------+---------+---------+
|    MPJPE     | 258.80 |   254.52  |  250.42 | 267.52 | 262.89 | 255.73 | 276.78 | 243.85 |  287.26  |  280.80 |    287.39   | 249.89 | 253.57 | 221.03 |  252.43 |  237.98 |
|   P-MPJPE    | 114.92 |   98.92   |  110.78 | 122.60 | 104.56 | 114.66 | 122.15 | 83.62  |  120.87  |  140.02 |    177.32   | 111.27 | 95.94  | 95.78  |  122.89 |  102.46 |
+--------------+--------+-----------+---------+--------+--------+--------+--------+--------+----------+---------+-------------+--------+--------+--------+---------+---------+
+--------------+--------+--------+--------+--------+-------+
| MP | H36M_3D |  Avg   |   0    |   5    |   10   |   15  |
+--------------+--------+--------+--------+--------+-------+
|    MPJPE     | 101.13 | 102.93 | 101.56 | 100.28 | 99.73 |
+--------------+--------+--------+--------+--------+-------+
+---------------+--------+--------+--------+--------+--------+
| FPE | H36M_3D |  Avg   |   0    |   5    |   10   |   15   |
+---------------+--------+--------+--------+--------+--------+
|     MPJPE     | 136.16 | 137.02 | 136.61 | 136.53 | 134.49 |
+---------------+--------+--------+--------+--------+--------+
+--------------+--------+--------+
| MC | H36M_3D |  Avg   |  0.5   |
+--------------+--------+--------+
|    MPJPE     | 440.43 | 440.43 |
+--------------+--------+--------+
+---------------+--------+--------+
| MIB | H36M_3D |  Avg   |  0.5   |
+---------------+--------+--------+
|     MPJPE     | 110.32 | 110.32 |
+---------------+--------+--------+
+------------+--------+--------+--------+
| PE | AMASS |  Avg   |   0    |   15   |
+------------+--------+--------+--------+
|   MPJPE    | 131.87 | 131.82 | 131.92 |
+------------+--------+--------+--------+
+------------+--------+--------+--------+--------+--------+
| MP | AMASS |  Avg   |   0    |   5    |   10   |   15   |
+------------+--------+--------+--------+--------+--------+
|   MPJPE    | 149.43 | 154.62 | 150.43 | 146.92 | 145.75 |
+------------+--------+--------+--------+--------+--------+
+-------------+--------+--------+--------+--------+--------+
| FPE | AMASS |  Avg   |   0    |   5    |   10   |   15   |
+-------------+--------+--------+--------+--------+--------+
|    MPJPE    | 148.79 | 144.14 | 145.74 | 149.74 | 155.54 |
+-------------+--------+--------+--------+--------+--------+
+------------+--------+--------+
| MC | AMASS |  Avg   |  0.5   |
+------------+--------+--------+
|   MPJPE    | 831.97 | 831.97 |
+------------+--------+--------+
+-------------+--------+--------+
| MIB | AMASS |  Avg   |  0.5   |
+-------------+--------+--------+
|    MPJPE    | 170.48 | 170.48 |
+-------------+--------+--------+
[4 end] Time cost: 67.80min 	| lr: 0.00019406 	| train loss: 0.0625857925190339
[5 start]
	Iter: 105/315; time cost: 9.90min; current batch has {'PW3D_MESH': 320, 'H36M_MESH': 104, 'H36M_3D': 292, 'AMASS': 308} samples
	Iter: 210/315; time cost: 19.63min; current batch has {'PW3D_MESH': 300, 'H36M_MESH': 108, 'H36M_3D': 324, 'AMASS': 292} samples
	Iter: 105/315; time cost: 39.17min; current batch has {'PW3D_MESH': 276, 'H36M_MESH': 168, 'H36M_3D': 272, 'AMASS': 308} samples
	Iter: 210/315; time cost: 48.90min; current batch has {'PW3D_MESH': 268, 'H36M_MESH': 100, 'H36M_3D': 340, 'AMASS': 316} samples
	Evaluating [Future Pose Estimation] on [PW3D_MESH]... costs 23.63s
	Evaluating [Motion Prediction] on [PW3D_MESH]... costs 23.63s
	Evaluating [Future Pose Estimation] on [PW3D_MESH]... costs 23.61s
	Evaluating [Motion Completion] on [PW3D_MESH]... costs 24.03s
	Evaluating [Motion In Between] on [PW3D_MESH]... costs 23.86s
	Evaluating [3D Pose Estimation] on [H36M_3D]... costs 68.47s
	Evaluating [Motion Prediction] on [H36M_3D]... costs 58.73s
	Evaluating [Future Pose Estimation] on [H36M_3D]... costs 59.08s
	Evaluating [Motion Completion] on [H36M_3D]... costs 63.62s
	Evaluating [Motion In Between] on [H36M_3D]... costs 63.16s
	Evaluating [Future Pose Estimation] on [AMASS]... costs 14.40s
	Evaluating [Motion Prediction] on [AMASS]... costs 14.37s
	Evaluating [Future Pose Estimation] on [AMASS]... costs 14.31s
	Evaluating [Motion Completion] on [AMASS]... costs 15.34s
	Evaluating [Motion In Between] on [AMASS]... costs 15.34s
	Saving checkpoint to ckpt/03_train_on_non_AR_ICL/01_func333_model06_T16_DataTask00/all_epochs/epoch_4.bin
	Saving checkpoint to ckpt/03_train_on_non_AR_ICL/01_func333_model06_T16_DataTask00/latest_epoch.bin
	Saving checkpoint to ckpt/03_train_on_non_AR_ICL/01_func333_model06_T16_DataTask00/best_epoch_PW3D_MESH_FPE.bin
	Saving checkpoint to ckpt/03_train_on_non_AR_ICL/01_func333_model06_T16_DataTask00/best_epoch_H36M_3D_PE.bin
	Saving checkpoint to ckpt/03_train_on_non_AR_ICL/01_func333_model06_T16_DataTask00/best_epoch_H36M_3D_MP.bin
	Saving checkpoint to ckpt/03_train_on_non_AR_ICL/01_func333_model06_T16_DataTask00/best_epoch_H36M_3D_MIB.bin
	Saving checkpoint to ckpt/03_train_on_non_AR_ICL/01_func333_model06_T16_DataTask00/best_epoch_AMASS_MP.bin
	Saving checkpoint to ckpt/03_train_on_non_AR_ICL/01_func333_model06_T16_DataTask00/best_epoch_AMASS_FPE.bin
+----------------+--------+--------+--------+
| PE | PW3D_MESH |  Avg   |   0    |   15   |
+----------------+--------+--------+--------+
|     MPJPE      | 208.66 | 214.62 | 202.71 |
+----------------+--------+--------+--------+
+----------------+--------+--------+--------+--------+--------+
| MP | PW3D_MESH |  Avg   |   0    |   5    |   10   |   15   |
+----------------+--------+--------+--------+--------+--------+
|     MPJPE      | 155.24 | 163.20 | 158.50 | 152.48 | 146.76 |
+----------------+--------+--------+--------+--------+--------+
+-----------------+--------+--------+--------+--------+--------+
| FPE | PW3D_MESH |  Avg   |   0    |   5    |   10   |   15   |
+-----------------+--------+--------+--------+--------+--------+
|      MPJPE      | 202.22 | 201.73 | 199.76 | 201.96 | 205.45 |
+-----------------+--------+--------+--------+--------+--------+
+----------------+--------+--------+
| MC | PW3D_MESH |  Avg   |  0.5   |
+----------------+--------+--------+
|     MPJPE      | 451.60 | 451.60 |
+----------------+--------+--------+
+-----------------+--------+--------+
| MIB | PW3D_MESH |  Avg   |  0.5   |
+-----------------+--------+--------+
|      MPJPE      | 203.52 | 203.52 |
+-----------------+--------+--------+
+--------------+--------+-----------+---------+--------+--------+--------+--------+--------+----------+---------+-------------+--------+--------+--------+---------+---------+
| PE | H36M_3D |  Avg   | Direction | Discuss | Eating | Greet  | Phone  | Photo  |  Pose  | Purchase | Sitting | SittingDown | Smoke  |  Wait  |  Walk  | WalkDog | WalkTwo |
+--------------+--------+-----------+---------+--------+--------+--------+--------+--------+----------+---------+-------------+--------+--------+--------+---------+---------+
|    MPJPE     | 216.51 |   200.68  |  208.83 | 226.31 | 213.09 | 215.93 | 227.45 | 193.47 |  247.34  |  244.92 |    262.23   | 210.04 | 207.04 | 180.55 |  215.97 |  193.76 |
|   P-MPJPE    | 115.18 |   99.73   |  110.19 | 122.78 | 105.10 | 115.02 | 121.94 | 83.42  |  120.46  |  142.26 |    178.97   | 111.18 | 94.99  | 97.07  |  122.29 |  102.31 |
+--------------+--------+-----------+---------+--------+--------+--------+--------+--------+----------+---------+-------------+--------+--------+--------+---------+---------+
+--------------+-------+-------+-------+-------+-------+
| MP | H36M_3D |  Avg  |   0   |   5   |   10  |   15  |
+--------------+-------+-------+-------+-------+-------+
|    MPJPE     | 83.56 | 87.01 | 84.26 | 82.04 | 80.93 |
+--------------+-------+-------+-------+-------+-------+
+---------------+--------+--------+--------+--------+--------+
| FPE | H36M_3D |  Avg   |   0    |   5    |   10   |   15   |
+---------------+--------+--------+--------+--------+--------+
|     MPJPE     | 119.32 | 118.80 | 119.59 | 119.72 | 119.15 |
+---------------+--------+--------+--------+--------+--------+
+--------------+--------+--------+
| MC | H36M_3D |  Avg   |  0.5   |
+--------------+--------+--------+
|    MPJPE     | 440.99 | 440.99 |
+--------------+--------+--------+
+---------------+-------+-------+
| MIB | H36M_3D |  Avg  |  0.5  |
+---------------+-------+-------+
|     MPJPE     | 93.66 | 93.66 |
+---------------+-------+-------+
+------------+--------+--------+--------+
| PE | AMASS |  Avg   |   0    |   15   |
+------------+--------+--------+--------+
|   MPJPE    | 133.32 | 133.10 | 133.55 |
+------------+--------+--------+--------+
+------------+--------+--------+--------+--------+--------+
| MP | AMASS |  Avg   |   0    |   5    |   10   |   15   |
+------------+--------+--------+--------+--------+--------+
|   MPJPE    | 145.64 | 150.53 | 146.77 | 143.59 | 141.68 |
+------------+--------+--------+--------+--------+--------+
+-------------+--------+--------+--------+--------+--------+
| FPE | AMASS |  Avg   |   0    |   5    |   10   |   15   |
+-------------+--------+--------+--------+--------+--------+
|    MPJPE    | 146.16 | 141.05 | 143.61 | 147.64 | 152.34 |
+-------------+--------+--------+--------+--------+--------+
+------------+--------+--------+
| MC | AMASS |  Avg   |  0.5   |
+------------+--------+--------+
|   MPJPE    | 828.73 | 828.73 |
+------------+--------+--------+
+-------------+--------+--------+
| MIB | AMASS |  Avg   |  0.5   |
+-------------+--------+--------+
|    MPJPE    | 179.29 | 179.29 |
+-------------+--------+--------+
[5 end] Time cost: 67.94min 	| lr: 0.00019212 	| train loss: 0.05948608916341549
[6 start]
	Iter: 105/315; time cost: 9.89min; current batch has {'PW3D_MESH': 260, 'H36M_MESH': 68, 'H36M_3D': 296, 'AMASS': 400} samples
	Iter: 210/315; time cost: 19.60min; current batch has {'PW3D_MESH': 300, 'H36M_MESH': 96, 'H36M_3D': 300, 'AMASS': 328} samples
	Iter: 105/315; time cost: 39.12min; current batch has {'PW3D_MESH': 260, 'H36M_MESH': 112, 'H36M_3D': 364, 'AMASS': 288} samples
	Iter: 210/315; time cost: 48.83min; current batch has {'PW3D_MESH': 256, 'H36M_MESH': 96, 'H36M_3D': 312, 'AMASS': 360} samples
	Evaluating [Future Pose Estimation] on [PW3D_MESH]... costs 23.59s
	Evaluating [Motion Prediction] on [PW3D_MESH]... costs 23.76s
	Evaluating [Future Pose Estimation] on [PW3D_MESH]... costs 23.87s
	Evaluating [Motion Completion] on [PW3D_MESH]... costs 24.06s
	Evaluating [Motion In Between] on [PW3D_MESH]... costs 23.75s
	Evaluating [3D Pose Estimation] on [H36M_3D]... costs 68.58s
	Evaluating [Motion Prediction] on [H36M_3D]... costs 58.62s
	Evaluating [Future Pose Estimation] on [H36M_3D]... costs 59.00s
	Evaluating [Motion Completion] on [H36M_3D]... costs 63.39s
	Evaluating [Motion In Between] on [H36M_3D]... costs 62.99s
	Evaluating [Future Pose Estimation] on [AMASS]... costs 14.35s
	Evaluating [Motion Prediction] on [AMASS]... costs 14.25s
	Evaluating [Future Pose Estimation] on [AMASS]... costs 14.36s
	Evaluating [Motion Completion] on [AMASS]... costs 15.36s
	Evaluating [Motion In Between] on [AMASS]... costs 15.25s
	Saving checkpoint to ckpt/03_train_on_non_AR_ICL/01_func333_model06_T16_DataTask00/all_epochs/epoch_5.bin
	Saving checkpoint to ckpt/03_train_on_non_AR_ICL/01_func333_model06_T16_DataTask00/latest_epoch.bin
	Saving checkpoint to ckpt/03_train_on_non_AR_ICL/01_func333_model06_T16_DataTask00/best_epoch_PW3D_MESH_MP.bin
	Saving checkpoint to ckpt/03_train_on_non_AR_ICL/01_func333_model06_T16_DataTask00/best_epoch_AMASS_PE.bin
	Saving checkpoint to ckpt/03_train_on_non_AR_ICL/01_func333_model06_T16_DataTask00/best_epoch_AMASS_FPE.bin
+----------------+--------+--------+--------+
| PE | PW3D_MESH |  Avg   |   0    |   15   |
+----------------+--------+--------+--------+
|     MPJPE      | 211.86 | 216.70 | 207.03 |
+----------------+--------+--------+--------+
+----------------+--------+--------+--------+--------+--------+
| MP | PW3D_MESH |  Avg   |   0    |   5    |   10   |   15   |
+----------------+--------+--------+--------+--------+--------+
|     MPJPE      | 153.57 | 162.11 | 156.75 | 150.51 | 144.91 |
+----------------+--------+--------+--------+--------+--------+
+-----------------+--------+--------+--------+--------+--------+
| FPE | PW3D_MESH |  Avg   |   0    |   5    |   10   |   15   |
+-----------------+--------+--------+--------+--------+--------+
|      MPJPE      | 208.15 | 206.70 | 205.99 | 208.62 | 211.31 |
+-----------------+--------+--------+--------+--------+--------+
+----------------+--------+--------+
| MC | PW3D_MESH |  Avg   |  0.5   |
+----------------+--------+--------+
|     MPJPE      | 467.99 | 467.99 |
+----------------+--------+--------+
+-----------------+--------+--------+
| MIB | PW3D_MESH |  Avg   |  0.5   |
+-----------------+--------+--------+
|      MPJPE      | 172.16 | 172.16 |
+-----------------+--------+--------+
+--------------+--------+-----------+---------+--------+--------+--------+--------+--------+----------+---------+-------------+--------+--------+--------+---------+---------+
| PE | H36M_3D |  Avg   | Direction | Discuss | Eating | Greet  | Phone  | Photo  |  Pose  | Purchase | Sitting | SittingDown | Smoke  |  Wait  |  Walk  | WalkDog | WalkTwo |
+--------------+--------+-----------+---------+--------+--------+--------+--------+--------+----------+---------+-------------+--------+--------+--------+---------+---------+
|    MPJPE     | 297.71 |   291.92  |  295.01 | 306.76 | 300.67 | 292.97 | 315.30 | 288.05 |  322.09  |  320.01 |    326.25   | 288.67 | 290.51 | 257.37 |  294.46 |  275.64 |
|   P-MPJPE    | 115.56 |   99.47   |  110.12 | 123.64 | 104.24 | 116.27 | 122.11 | 82.99  |  120.86  |  145.26 |    180.37   | 112.44 | 95.38  | 96.21  |  121.94 |  102.05 |
+--------------+--------+-----------+---------+--------+--------+--------+--------+--------+----------+---------+-------------+--------+--------+--------+---------+---------+
+--------------+--------+--------+--------+--------+--------+
| MP | H36M_3D |  Avg   |   0    |   5    |   10   |   15   |
+--------------+--------+--------+--------+--------+--------+
|    MPJPE     | 109.82 | 111.31 | 110.60 | 109.05 | 108.33 |
+--------------+--------+--------+--------+--------+--------+
+---------------+--------+--------+--------+--------+--------+
| FPE | H36M_3D |  Avg   |   0    |   5    |   10   |   15   |
+---------------+--------+--------+--------+--------+--------+
|     MPJPE     | 150.40 | 148.86 | 151.24 | 150.83 | 150.67 |
+---------------+--------+--------+--------+--------+--------+
+--------------+--------+--------+
| MC | H36M_3D |  Avg   |  0.5   |
+--------------+--------+--------+
|    MPJPE     | 490.47 | 490.47 |
+--------------+--------+--------+
+---------------+--------+--------+
| MIB | H36M_3D |  Avg   |  0.5   |
+---------------+--------+--------+
|     MPJPE     | 100.02 | 100.02 |
+---------------+--------+--------+
+------------+--------+--------+--------+
| PE | AMASS |  Avg   |   0    |   15   |
+------------+--------+--------+--------+
|   MPJPE    | 131.05 | 131.52 | 130.59 |
+------------+--------+--------+--------+
+------------+--------+--------+--------+--------+--------+
| MP | AMASS |  Avg   |   0    |   5    |   10   |   15   |
+------------+--------+--------+--------+--------+--------+
|   MPJPE    | 146.32 | 149.92 | 146.88 | 144.55 | 143.93 |
+------------+--------+--------+--------+--------+--------+
+-------------+--------+--------+--------+--------+--------+
| FPE | AMASS |  Avg   |   0    |   5    |   10   |   15   |
+-------------+--------+--------+--------+--------+--------+
|    MPJPE    | 145.19 | 142.75 | 142.56 | 145.61 | 149.84 |
+-------------+--------+--------+--------+--------+--------+
+------------+--------+--------+
| MC | AMASS |  Avg   |  0.5   |
+------------+--------+--------+
|   MPJPE    | 845.98 | 845.98 |
+------------+--------+--------+
+-------------+--------+--------+
| MIB | AMASS |  Avg   |  0.5   |
+-------------+--------+--------+
|    MPJPE    | 162.63 | 162.63 |
+-------------+--------+--------+
[6 end] Time cost: 67.40min 	| lr: 0.00019020 	| train loss: 0.057065114930331236
[7 start]
	Iter: 105/315; time cost: 9.91min; current batch has {'PW3D_MESH': 292, 'H36M_MESH': 120, 'H36M_3D': 264, 'AMASS': 348} samples
	Iter: 210/315; time cost: 19.63min; current batch has {'PW3D_MESH': 264, 'H36M_MESH': 80, 'H36M_3D': 344, 'AMASS': 336} samples
	Iter: 105/315; time cost: 39.14min; current batch has {'PW3D_MESH': 280, 'H36M_MESH': 116, 'H36M_3D': 280, 'AMASS': 348} samples
	Iter: 210/315; time cost: 48.87min; current batch has {'PW3D_MESH': 276, 'H36M_MESH': 136, 'H36M_3D': 304, 'AMASS': 308} samples
	Evaluating [Future Pose Estimation] on [PW3D_MESH]... costs 23.67s
	Evaluating [Motion Prediction] on [PW3D_MESH]... costs 23.82s
	Evaluating [Future Pose Estimation] on [PW3D_MESH]... costs 24.05s
	Evaluating [Motion Completion] on [PW3D_MESH]... costs 23.82s
	Evaluating [Motion In Between] on [PW3D_MESH]... costs 23.87s
	Evaluating [3D Pose Estimation] on [H36M_3D]... costs 68.18s
	Evaluating [Motion Prediction] on [H36M_3D]... costs 58.53s
	Evaluating [Future Pose Estimation] on [H36M_3D]... costs 58.96s
	Evaluating [Motion Completion] on [H36M_3D]... costs 63.45s
	Evaluating [Motion In Between] on [H36M_3D]... costs 63.00s
	Evaluating [Future Pose Estimation] on [AMASS]... costs 14.35s
	Evaluating [Motion Prediction] on [AMASS]... costs 14.35s
	Evaluating [Future Pose Estimation] on [AMASS]... costs 14.41s
	Evaluating [Motion Completion] on [AMASS]... costs 15.31s
	Evaluating [Motion In Between] on [AMASS]... costs 15.26s
	Saving checkpoint to ckpt/03_train_on_non_AR_ICL/01_func333_model06_T16_DataTask00/all_epochs/epoch_6.bin
	Saving checkpoint to ckpt/03_train_on_non_AR_ICL/01_func333_model06_T16_DataTask00/latest_epoch.bin
	Saving checkpoint to ckpt/03_train_on_non_AR_ICL/01_func333_model06_T16_DataTask00/best_epoch_PW3D_MESH_MP.bin
	Saving checkpoint to ckpt/03_train_on_non_AR_ICL/01_func333_model06_T16_DataTask00/best_epoch_AMASS_FPE.bin
+----------------+--------+--------+--------+
| PE | PW3D_MESH |  Avg   |   0    |   15   |
+----------------+--------+--------+--------+
|     MPJPE      | 215.83 | 222.68 | 208.98 |
+----------------+--------+--------+--------+
+----------------+--------+--------+--------+--------+--------+
| MP | PW3D_MESH |  Avg   |   0    |   5    |   10   |   15   |
+----------------+--------+--------+--------+--------+--------+
|     MPJPE      | 153.46 | 162.27 | 156.45 | 150.14 | 145.00 |
+----------------+--------+--------+--------+--------+--------+
+-----------------+--------+--------+--------+--------+--------+
| FPE | PW3D_MESH |  Avg   |   0    |   5    |   10   |   15   |
+-----------------+--------+--------+--------+--------+--------+
|      MPJPE      | 208.84 | 208.81 | 207.43 | 208.19 | 210.91 |
+-----------------+--------+--------+--------+--------+--------+
+----------------+--------+--------+
| MC | PW3D_MESH |  Avg   |  0.5   |
+----------------+--------+--------+
|     MPJPE      | 466.25 | 466.25 |
+----------------+--------+--------+
+-----------------+--------+--------+
| MIB | PW3D_MESH |  Avg   |  0.5   |
+-----------------+--------+--------+
|      MPJPE      | 168.64 | 168.64 |
+-----------------+--------+--------+
+--------------+--------+-----------+---------+--------+--------+--------+--------+--------+----------+---------+-------------+--------+--------+--------+---------+---------+
| PE | H36M_3D |  Avg   | Direction | Discuss | Eating | Greet  | Phone  | Photo  |  Pose  | Purchase | Sitting | SittingDown | Smoke  |  Wait  |  Walk  | WalkDog | WalkTwo |
+--------------+--------+-----------+---------+--------+--------+--------+--------+--------+----------+---------+-------------+--------+--------+--------+---------+---------+
|    MPJPE     | 230.97 |   220.05  |  224.50 | 240.12 | 226.33 | 229.08 | 243.08 | 209.08 |  256.16  |  256.79 |    269.50   | 224.30 | 220.79 | 201.10 |  231.85 |  211.81 |
|   P-MPJPE    | 117.19 |   101.88  |  112.43 | 124.88 | 107.28 | 116.54 | 123.46 | 85.41  |  123.35  |  143.27 |    179.66   | 112.63 | 96.83  | 100.50 |  124.52 |  105.26 |
+--------------+--------+-----------+---------+--------+--------+--------+--------+--------+----------+---------+-------------+--------+--------+--------+---------+---------+
+--------------+-------+-------+-------+-------+-------+
| MP | H36M_3D |  Avg  |   0   |   5   |   10  |   15  |
+--------------+-------+-------+-------+-------+-------+
|    MPJPE     | 87.00 | 89.20 | 88.02 | 86.07 | 84.72 |
+--------------+-------+-------+-------+-------+-------+
+---------------+--------+--------+--------+--------+--------+
| FPE | H36M_3D |  Avg   |   0    |   5    |   10   |   15   |
+---------------+--------+--------+--------+--------+--------+
|     MPJPE     | 130.78 | 130.86 | 131.26 | 130.38 | 130.63 |
+---------------+--------+--------+--------+--------+--------+
+--------------+--------+--------+
| MC | H36M_3D |  Avg   |  0.5   |
+--------------+--------+--------+
|    MPJPE     | 473.23 | 473.23 |
+--------------+--------+--------+
+---------------+-------+-------+
| MIB | H36M_3D |  Avg  |  0.5  |
+---------------+-------+-------+
|     MPJPE     | 93.87 | 93.87 |
+---------------+-------+-------+
+------------+--------+--------+--------+
| PE | AMASS |  Avg   |   0    |   15   |
+------------+--------+--------+--------+
|   MPJPE    | 134.46 | 134.33 | 134.58 |
+------------+--------+--------+--------+
+------------+--------+--------+--------+--------+--------+
| MP | AMASS |  Avg   |   0    |   5    |   10   |   15   |
+------------+--------+--------+--------+--------+--------+
|   MPJPE    | 146.45 | 150.49 | 147.10 | 144.89 | 143.31 |
+------------+--------+--------+--------+--------+--------+
+-------------+--------+--------+--------+--------+--------+
| FPE | AMASS |  Avg   |   0    |   5    |   10   |   15   |
+-------------+--------+--------+--------+--------+--------+
|    MPJPE    | 140.62 | 136.51 | 138.62 | 141.74 | 145.59 |
+-------------+--------+--------+--------+--------+--------+
+------------+--------+--------+
| MC | AMASS |  Avg   |  0.5   |
+------------+--------+--------+
|   MPJPE    | 872.66 | 872.66 |
+------------+--------+--------+
+-------------+--------+--------+
| MIB | AMASS |  Avg   |  0.5   |
+-------------+--------+--------+
|    MPJPE    | 159.61 | 159.61 |
+-------------+--------+--------+
[7 end] Time cost: 67.30min 	| lr: 0.00018830 	| train loss: 0.05514840981996958
[8 start]
	Iter: 105/315; time cost: 9.91min; current batch has {'PW3D_MESH': 256, 'H36M_MESH': 140, 'H36M_3D': 296, 'AMASS': 332} samples
	Iter: 210/315; time cost: 19.64min; current batch has {'PW3D_MESH': 272, 'H36M_MESH': 136, 'H36M_3D': 280, 'AMASS': 336} samples
	Iter: 105/315; time cost: 39.14min; current batch has {'PW3D_MESH': 188, 'H36M_MESH': 140, 'H36M_3D': 296, 'AMASS': 400} samples
	Iter: 210/315; time cost: 48.85min; current batch has {'PW3D_MESH': 272, 'H36M_MESH': 108, 'H36M_3D': 308, 'AMASS': 336} samples
	Evaluating [Future Pose Estimation] on [PW3D_MESH]... costs 23.86s
	Evaluating [Motion Prediction] on [PW3D_MESH]... costs 24.11s
	Evaluating [Future Pose Estimation] on [PW3D_MESH]... costs 23.92s
	Evaluating [Motion Completion] on [PW3D_MESH]... costs 23.77s
	Evaluating [Motion In Between] on [PW3D_MESH]... costs 23.68s
	Evaluating [3D Pose Estimation] on [H36M_3D]... costs 68.34s
	Evaluating [Motion Prediction] on [H36M_3D]... costs 58.48s
	Evaluating [Future Pose Estimation] on [H36M_3D]... costs 58.92s
	Evaluating [Motion Completion] on [H36M_3D]... costs 63.49s
	Evaluating [Motion In Between] on [H36M_3D]... costs 62.97s
	Evaluating [Future Pose Estimation] on [AMASS]... costs 14.37s
	Evaluating [Motion Prediction] on [AMASS]... costs 14.35s
	Evaluating [Future Pose Estimation] on [AMASS]... costs 14.35s
	Evaluating [Motion Completion] on [AMASS]... costs 15.33s
	Evaluating [Motion In Between] on [AMASS]... costs 15.26s
	Saving checkpoint to ckpt/03_train_on_non_AR_ICL/01_func333_model06_T16_DataTask00/all_epochs/epoch_7.bin
	Saving checkpoint to ckpt/03_train_on_non_AR_ICL/01_func333_model06_T16_DataTask00/latest_epoch.bin
	Saving checkpoint to ckpt/03_train_on_non_AR_ICL/01_func333_model06_T16_DataTask00/best_epoch_PW3D_MESH_MP.bin
	Saving checkpoint to ckpt/03_train_on_non_AR_ICL/01_func333_model06_T16_DataTask00/best_epoch_H36M_3D_PE.bin
	Saving checkpoint to ckpt/03_train_on_non_AR_ICL/01_func333_model06_T16_DataTask00/best_epoch_AMASS_PE.bin
	Saving checkpoint to ckpt/03_train_on_non_AR_ICL/01_func333_model06_T16_DataTask00/best_epoch_AMASS_FPE.bin
+----------------+--------+--------+--------+
| PE | PW3D_MESH |  Avg   |   0    |   15   |
+----------------+--------+--------+--------+
|     MPJPE      | 215.79 | 223.15 | 208.42 |
+----------------+--------+--------+--------+
+----------------+--------+--------+--------+--------+--------+
| MP | PW3D_MESH |  Avg   |   0    |   5    |   10   |   15   |
+----------------+--------+--------+--------+--------+--------+
|     MPJPE      | 151.03 | 159.97 | 153.98 | 147.71 | 142.46 |
+----------------+--------+--------+--------+--------+--------+
+-----------------+--------+--------+--------+--------+--------+
| FPE | PW3D_MESH |  Avg   |   0    |   5    |   10   |   15   |
+-----------------+--------+--------+--------+--------+--------+
|      MPJPE      | 208.80 | 209.89 | 207.63 | 207.86 | 209.82 |
+-----------------+--------+--------+--------+--------+--------+
+----------------+--------+--------+
| MC | PW3D_MESH |  Avg   |  0.5   |
+----------------+--------+--------+
|     MPJPE      | 449.86 | 449.86 |
+----------------+--------+--------+
+-----------------+--------+--------+
| MIB | PW3D_MESH |  Avg   |  0.5   |
+-----------------+--------+--------+
|      MPJPE      | 176.32 | 176.32 |
+-----------------+--------+--------+
+--------------+--------+-----------+---------+--------+--------+--------+--------+--------+----------+---------+-------------+--------+--------+--------+---------+---------+
| PE | H36M_3D |  Avg   | Direction | Discuss | Eating | Greet  | Phone  | Photo  |  Pose  | Purchase | Sitting | SittingDown | Smoke  |  Wait  |  Walk  | WalkDog | WalkTwo |
+--------------+--------+-----------+---------+--------+--------+--------+--------+--------+----------+---------+-------------+--------+--------+--------+---------+---------+
|    MPJPE     | 213.29 |   198.98  |  204.97 | 220.91 | 207.41 | 209.86 | 228.14 | 188.44 |  243.39  |  243.15 |    258.59   | 206.33 | 200.58 | 181.11 |  214.94 |  192.52 |
|   P-MPJPE    | 116.19 |   100.80  |  111.18 | 123.69 | 107.02 | 115.44 | 123.48 | 84.60  |  121.97  |  142.17 |    177.93   | 111.60 | 95.96  | 99.19  |  123.96 |  103.81 |
+--------------+--------+-----------+---------+--------+--------+--------+--------+--------+----------+---------+-------------+--------+--------+--------+---------+---------+
+--------------+-------+-------+-------+-------+-------+
| MP | H36M_3D |  Avg  |   0   |   5   |   10  |   15  |
+--------------+-------+-------+-------+-------+-------+
|    MPJPE     | 84.01 | 86.61 | 84.41 | 82.75 | 82.27 |
+--------------+-------+-------+-------+-------+-------+
+---------------+--------+--------+--------+--------+--------+
| FPE | H36M_3D |  Avg   |   0    |   5    |   10   |   15   |
+---------------+--------+--------+--------+--------+--------+
|     MPJPE     | 126.46 | 125.03 | 125.51 | 126.32 | 128.98 |
+---------------+--------+--------+--------+--------+--------+
+--------------+--------+--------+
| MC | H36M_3D |  Avg   |  0.5   |
+--------------+--------+--------+
|    MPJPE     | 460.54 | 460.54 |
+--------------+--------+--------+
+---------------+-------+-------+
| MIB | H36M_3D |  Avg  |  0.5  |
+---------------+-------+-------+
|     MPJPE     | 98.62 | 98.62 |
+---------------+-------+-------+
+------------+--------+--------+--------+
| PE | AMASS |  Avg   |   0    |   15   |
+------------+--------+--------+--------+
|   MPJPE    | 130.51 | 130.27 | 130.75 |
+------------+--------+--------+--------+
+------------+--------+--------+--------+--------+--------+
| MP | AMASS |  Avg   |   0    |   5    |   10   |   15   |
+------------+--------+--------+--------+--------+--------+
|   MPJPE    | 147.51 | 150.80 | 148.05 | 146.07 | 145.14 |
+------------+--------+--------+--------+--------+--------+
+-------------+--------+--------+--------+--------+--------+
| FPE | AMASS |  Avg   |   0    |   5    |   10   |   15   |
+-------------+--------+--------+--------+--------+--------+
|    MPJPE    | 139.52 | 136.53 | 137.57 | 140.21 | 143.77 |
+-------------+--------+--------+--------+--------+--------+
+------------+--------+--------+
| MC | AMASS |  Avg   |  0.5   |
+------------+--------+--------+
|   MPJPE    | 874.63 | 874.63 |
+------------+--------+--------+
+-------------+--------+--------+
| MIB | AMASS |  Avg   |  0.5   |
+-------------+--------+--------+
|    MPJPE    | 170.17 | 170.17 |
+-------------+--------+--------+
[8 end] Time cost: 67.65min 	| lr: 0.00018641 	| train loss: 0.05353875259262702
[9 start]
	Iter: 105/315; time cost: 9.90min; current batch has {'PW3D_MESH': 292, 'H36M_MESH': 120, 'H36M_3D': 320, 'AMASS': 292} samples
	Iter: 210/315; time cost: 19.64min; current batch has {'PW3D_MESH': 340, 'H36M_MESH': 112, 'H36M_3D': 320, 'AMASS': 252} samples
	Iter: 105/315; time cost: 39.16min; current batch has {'PW3D_MESH': 316, 'H36M_MESH': 156, 'H36M_3D': 296, 'AMASS': 256} samples
	Iter: 210/315; time cost: 48.89min; current batch has {'PW3D_MESH': 300, 'H36M_MESH': 124, 'H36M_3D': 284, 'AMASS': 316} samples
	Evaluating [Future Pose Estimation] on [PW3D_MESH]... costs 23.66s
	Evaluating [Motion Prediction] on [PW3D_MESH]... costs 24.02s
	Evaluating [Future Pose Estimation] on [PW3D_MESH]... costs 23.75s
	Evaluating [Motion Completion] on [PW3D_MESH]... costs 24.20s
	Evaluating [Motion In Between] on [PW3D_MESH]... costs 23.73s
	Evaluating [3D Pose Estimation] on [H36M_3D]... costs 68.29s
	Evaluating [Motion Prediction] on [H36M_3D]... costs 58.69s
	Evaluating [Future Pose Estimation] on [H36M_3D]... costs 58.97s
	Evaluating [Motion Completion] on [H36M_3D]... costs 63.62s
	Evaluating [Motion In Between] on [H36M_3D]... costs 63.22s
	Evaluating [Future Pose Estimation] on [AMASS]... costs 14.32s
	Evaluating [Motion Prediction] on [AMASS]... costs 14.38s
	Evaluating [Future Pose Estimation] on [AMASS]... costs 14.48s
	Evaluating [Motion Completion] on [AMASS]... costs 15.31s
	Evaluating [Motion In Between] on [AMASS]... costs 15.27s
	Saving checkpoint to ckpt/03_train_on_non_AR_ICL/01_func333_model06_T16_DataTask00/all_epochs/epoch_8.bin
	Saving checkpoint to ckpt/03_train_on_non_AR_ICL/01_func333_model06_T16_DataTask00/latest_epoch.bin
+----------------+--------+--------+--------+
| PE | PW3D_MESH |  Avg   |   0    |   15   |
+----------------+--------+--------+--------+
|     MPJPE      | 212.67 | 220.06 | 205.28 |
+----------------+--------+--------+--------+
+----------------+--------+--------+--------+--------+--------+
| MP | PW3D_MESH |  Avg   |   0    |   5    |   10   |   15   |
+----------------+--------+--------+--------+--------+--------+
|     MPJPE      | 155.70 | 163.30 | 158.36 | 153.02 | 148.10 |
+----------------+--------+--------+--------+--------+--------+
+-----------------+--------+--------+--------+--------+--------+
| FPE | PW3D_MESH |  Avg   |   0    |   5    |   10   |   15   |
+-----------------+--------+--------+--------+--------+--------+
|      MPJPE      | 204.99 | 207.45 | 205.18 | 202.72 | 204.64 |
+-----------------+--------+--------+--------+--------+--------+
+----------------+--------+--------+
| MC | PW3D_MESH |  Avg   |  0.5   |
+----------------+--------+--------+
|     MPJPE      | 459.42 | 459.42 |
+----------------+--------+--------+
+-----------------+--------+--------+
| MIB | PW3D_MESH |  Avg   |  0.5   |
+-----------------+--------+--------+
|      MPJPE      | 322.33 | 322.33 |
+-----------------+--------+--------+
+--------------+--------+-----------+---------+--------+--------+--------+--------+--------+----------+---------+-------------+--------+--------+--------+---------+---------+
| PE | H36M_3D |  Avg   | Direction | Discuss | Eating | Greet  | Phone  | Photo  |  Pose  | Purchase | Sitting | SittingDown | Smoke  |  Wait  |  Walk  | WalkDog | WalkTwo |
+--------------+--------+-----------+---------+--------+--------+--------+--------+--------+----------+---------+-------------+--------+--------+--------+---------+---------+
|    MPJPE     | 268.56 |   259.28  |  263.29 | 274.75 | 268.86 | 262.51 | 286.39 | 255.01 |  299.94  |  290.17 |    299.61   | 259.07 | 258.69 | 234.72 |  266.59 |  249.60 |
|   P-MPJPE    | 116.29 |   99.93   |  111.68 | 123.73 | 106.59 | 115.56 | 123.87 | 83.96  |  122.30  |  141.62 |    178.69   | 111.45 | 95.59  | 99.35  |  125.48 |  104.56 |
+--------------+--------+-----------+---------+--------+--------+--------+--------+--------+----------+---------+-------------+--------+--------+--------+---------+---------+
+--------------+-------+--------+-------+-------+-------+
| MP | H36M_3D |  Avg  |   0    |   5   |   10  |   15  |
+--------------+-------+--------+-------+-------+-------+
|    MPJPE     | 99.12 | 101.16 | 99.54 | 98.07 | 97.73 |
+--------------+-------+--------+-------+-------+-------+
+---------------+--------+--------+--------+--------+--------+
| FPE | H36M_3D |  Avg   |   0    |   5    |   10   |   15   |
+---------------+--------+--------+--------+--------+--------+
|     MPJPE     | 141.89 | 137.79 | 139.05 | 143.13 | 147.60 |
+---------------+--------+--------+--------+--------+--------+
+--------------+--------+--------+
| MC | H36M_3D |  Avg   |  0.5   |
+--------------+--------+--------+
|    MPJPE     | 485.47 | 485.47 |
+--------------+--------+--------+
+---------------+--------+--------+
| MIB | H36M_3D |  Avg   |  0.5   |
+---------------+--------+--------+
|     MPJPE     | 107.27 | 107.27 |
+---------------+--------+--------+
+------------+--------+--------+--------+
| PE | AMASS |  Avg   |   0    |   15   |
+------------+--------+--------+--------+
|   MPJPE    | 134.35 | 134.22 | 134.47 |
+------------+--------+--------+--------+
+------------+--------+--------+--------+--------+--------+
| MP | AMASS |  Avg   |   0    |   5    |   10   |   15   |
+------------+--------+--------+--------+--------+--------+
|   MPJPE    | 147.14 | 150.06 | 147.56 | 145.87 | 145.09 |
+------------+--------+--------+--------+--------+--------+
+-------------+--------+--------+--------+--------+--------+
| FPE | AMASS |  Avg   |   0    |   5    |   10   |   15   |
+-------------+--------+--------+--------+--------+--------+
|    MPJPE    | 143.14 | 139.89 | 141.47 | 144.04 | 147.15 |
+-------------+--------+--------+--------+--------+--------+
+------------+--------+--------+
| MC | AMASS |  Avg   |  0.5   |
+------------+--------+--------+
|   MPJPE    | 846.02 | 846.02 |
+------------+--------+--------+
+-------------+--------+--------+
| MIB | AMASS |  Avg   |  0.5   |
+-------------+--------+--------+
|    MPJPE    | 297.34 | 297.34 |
+-------------+--------+--------+
[9 end] Time cost: 67.09min 	| lr: 0.00018455 	| train loss: 0.05289086178832111
[10 start]
