Adding new arg: args.config = ckpt/0301/14_base13_dumbCOPY/config.yaml
Adding new arg: args.checkpoint = ckpt/0301/14_base13_dumbCOPY/
Adding new arg: args.seed = 0
Adding new arg: args.visualize = 
Adding new arg: args.eval_generalization = False
Adding new arg: args.quick_debug = False
Adding new arg: args.gpu = 4,5
Overriding existing arg: args.batch_size = 384
Adding new arg: args.classifier_type = task
Adding new arg: args.num_class = 4
Overriding existing arg: args.normalize_2d = 0
Overriding existing arg: args.normalize_3d = 0
Adding new arg: args.use_task_id_as_prompt = False
Adding new arg: args.dumb_task = COPY
Adding new arg: args.reverse_query_prompt = False
Adding new arg: args.shuffle_batch = False
Adding new arg: args.fix_prompt = largest_velo
Configs: {'tasks': ['PE', 'MP', 'MC', 'FPE'], 'task_to_flag': {'PE': 0, 'MP': 1, 'FPE': 2, 'MC': 3, '2DAR': 4, 'AR': 5, 'MIB': 6}, 'dataset_to_flag': {'H36M_3D': 0, 'AMASS': 1, 'PW3D_MESH': 2, 'H36M_MESH': 3}, 'flag_to_task': {'0': 'PE', '1': 'MP', '2': 'FPE', '3': 'MC', '4': '2DAR', '5': 'AR', '6': 'MIB'}, 'flag_to_dataset': {'0': 'H36M_3D', '1': 'AMASS', '2': 'PW3D_MESH', '3': 'H36M_MESH'}, 'task_metrics': {'PE': ['PE e1', 'PE e2'], 'MP': ['MP'], 'FPE': ['FPE'], 'MC': ['MC'], '2DAR': ['2DAR'], 'AR': ['AR']}, 'dataset_task_info': {'train': {'H36M_3D': ['PE', 'MP', 'FPE', 'MC'], 'AMASS': ['PE', 'MP', 'FPE', 'MC']}, 'test': {'H36M_3D': ['PE', 'MP', 'FPE', 'MC', 'MIB'], 'AMASS': ['PE', 'MP', 'FPE', 'MC', 'MIB'], 'PW3D_MESH': ['PE', 'MP', 'FPE', 'MC', 'MIB']}}, 'dataset_file': {'PW3D_MESH': 'data_icl_gen/processed_data/PW3D/mesh_det_pw3d.pkl', 'H36M_MESH': 'data_icl_gen/processed_data/H36M_MESH/mesh_det_h36m.pkl', 'H36M_3D': 'data_icl_gen/processed_data/H36M_3D/h36m_sh_conf_cam_source_final.pkl', 'AMASS': 'data_icl_gen/processed_data/AMASS/amass_joints_h36m_60.pkl'}, 'use_presave_data': True, 'normalize_2d': 0, 'normalize_3d': 0, 'aug': False, 'aug_shuffle_joints': False, 'clip_len': 16, 'max_len': 16, 'num_joint': 17, 'joint_mask_ratio': 0.4, 'frame_mask_ratio': 0.4, 'presave_folder': 'data_icl_gen/presave_data', 'dataset_config': {'H36M_3D': {'sample_stride': 1, 'data_stride_train': 16, 'data_stride_test': 32, 'read_confidence': False, 'rootrel_input': True, 'rootrel_target': True, 'flip': True, 'scale_3D': 1}, 'PW3D_MESH': {'sample_stride': 1, 'data_stride_train': 1, 'data_stride_test': 16, 'read_confidence': False, 'rootrel_input': True, 'rootrel_target': True, 'flip': True, 'return_3d': True}, 'AMASS': {'sample_stride': 1, 'data_stride_train': 64, 'data_stride_test': 128, 'read_confidence': False, 'rootrel_input': True, 'rootrel_target': True, 'flip': True, 'return_3d': True}, 'H36M_MESH': {'sample_stride': 1, 'data_stride_train': 32, 'data_stride_test': 32, 'read_confidence': False, 'rootrel_input': True, 'rootrel_target': True, 'flip': True, 'return_3d': True}}, 'data_root_path': 'data/non_default_ICL', 'func_ver': {'dataset_action_recognition': None, 'evaluate_action_recognition': None, 'train_epoch_action_recognition': None, 'dataset_non_AR': '3_ICL', 'evaluate_non_AR': '3_ICL', 'train_epoch_non_AR': '3_ICL', 'model_name': 'M06_MixSTE_v0_maxlen'}, 'current_as_history': True, 'rotate_prob': 0.25, 'keep_original_joints': True, 'use_partial_data': False, 'partial_data': {'datasets': {'PE': None, 'MP': None, 'FPE': None, 'MC': None}, 'train_stride': None, 'sample_stride': None, 'clip_len': None, 'num_joints': None, 'drop_ratios_MC': None, 'root_path': None, 'source_file_h36m': None, 'clip_len_2DAR': None, 'batch_size_2DAR': None, 'label_stride_2DAR': None}, 'full_data': {'datasets': {'PE': 'H36M', 'MP': 'AMASS', 'FPE': 'H36M_FPE', 'MC': '3DPW_MC', '2DAR': 'NTU60_2DAR'}, 'train_stride': 16, 'sample_stride': 1, 'clip_len': 16, 'num_joints': 17, 'drop_ratios_MC': [0.5], 'drop_ratios_MIB': [0.5], 'root_path': 'data', 'source_file_h36m': 'source_data/H36M.pkl', 'clip_len_2DAR': 9999999, 'batch_size_2DAR': 9999999, 'label_stride_2DAR': 9999999}, 'maxlen': 16, 'dim_in': 3, 'dim_out': 3, 'dim_feat': 256, 'mlp_ratio': 2, 'depth': 5, 'dim_rep': 256, 'num_heads': 8, 'att_fuse': True, 'merge_idx': 2, 'epochs': 120, 'batch_size': 384, 'test_batch_size': 512, 'dropout': 0.0, 'learning_rate': 0.0002, 'weight_decay': 0.01, 'lr_decay': 0.99, 'losses': {'mpjpe': 1.0, 'n_mpjpe': 0.0, 'velocity': 0.0, 'limb_var': 0.0, 'limb_gt': 0.0, 'angle': 0.0, 'angle_velocity': 0.0}, 'label_type_2DAR': 'default', 'rootrel_input': True, 'rootrel_input_2DAR': False, 'rootrel_target_MP': True, 'rootrel_target_PE': True, 'rootrel_target_FPE': True, 'flip_h36m_y_axis': False, 'flip_h36mFPE_y_axis': False, 'scale_h36m_skeleton': 2.0, 'scale_h36mFPE_skeleton': 2.0, 'no_eval': False, 'amass_to_h36m': [[2], [0], [3], [6], [1], [4], [7], [5], [8], [8, 11], [11], [10], [13], [15], [9], [12], [14]], 'name': 'config', 'config': 'ckpt/0301/14_base13_dumbCOPY/config.yaml', 'checkpoint': 'ckpt/0301/14_base13_dumbCOPY/', 'seed': 0, 'visualize': '', 'eval_generalization': False, 'quick_debug': False, 'gpu': '4,5', 'classifier_type': 'task', 'num_class': 4, 'use_task_id_as_prompt': False, 'dumb_task': 'COPY', 'reverse_query_prompt': False, 'shuffle_batch': False, 'fix_prompt': 'largest_velo', 'data': {'datasets': {'PE': 'H36M', 'MP': 'AMASS', 'FPE': 'H36M_FPE', 'MC': '3DPW_MC', '2DAR': 'NTU60_2DAR'}, 'train_stride': 16, 'sample_stride': 1, 'clip_len': 16, 'num_joints': 17, 'drop_ratios_MC': [0.5], 'drop_ratios_MIB': [0.5], 'root_path': 'data', 'source_file_h36m': 'source_data/H36M.pkl', 'clip_len_2DAR': 9999999, 'batch_size_2DAR': 9999999, 'label_stride_2DAR': 9999999}}

python train.py --config ckpt/0301/14_base13_dumbCOPY/config.yaml -c ckpt/0301/14_base13_dumbCOPY/ -gpu 4,5 -bs 384 -normalize_2d 0 -normalize_3d 0 -fix_prompt largest_velo -dumb_task COPY

PID:  1653119

Loading dataset...
	Loading train data from [H36M_3D] for task: ['PE', 'MP', 'FPE', 'MC']... costs 5.10s... has 96596 samples
	Loading train data from [AMASS] for task: ['PE', 'MP', 'FPE', 'MC']... costs 6.70s... has 89678 samples
	Training (non-AR) sample count: 186274
	Loading test data from [H36M_3D] for task: ['PE']... costs 4.34s... has 17596 samples
	Loading test data from [H36M_3D] for task: ['MP']... costs 4.22s... has 17596 samples
	Loading test data from [H36M_3D] for task: ['FPE']... costs 4.25s... has 17596 samples
	Loading test data from [H36M_3D] for task: ['MC']... costs 4.42s... has 17596 samples
	Loading test data from [H36M_3D] for task: ['MIB']... costs 4.27s... has 17596 samples
	Loading test data from [AMASS] for task: ['PE']... costs 5.42s... has 15516 samples
	Loading test data from [AMASS] for task: ['MP']... costs 5.20s... has 15516 samples
	Loading test data from [AMASS] for task: ['FPE']... costs 5.27s... has 15516 samples
	Loading test data from [AMASS] for task: ['MC']... costs 5.07s... has 15516 samples
	Loading test data from [AMASS] for task: ['MIB']... costs 5.08s... has 15516 samples
	Loading test data from [PW3D_MESH] for task: ['PE']... costs 0.73s... has 2165 samples
	Loading test data from [PW3D_MESH] for task: ['MP']... costs 0.71s... has 2165 samples
	Loading test data from [PW3D_MESH] for task: ['FPE']... costs 0.70s... has 2165 samples
	Loading test data from [PW3D_MESH] for task: ['MC']... costs 0.71s... has 2165 samples
	Loading test data from [PW3D_MESH] for task: ['MIB']... costs 0.72s... has 2165 samples

Loading model...
	Model: M06_MixSTE_v0_maxlen
	Trainable parameter count: 235.739396M

Training on [['non_AR', 486]] batches for 120 epochs. batch size: 384
[1 start]
Traceback (most recent call last):
  File "train.py", line 798, in <module>
    train_with_config(args, opts)
  File "train.py", line 499, in train_with_config
    train_epoch(args, model_pos, train_loader, losses, optimizer, epoch=epoch, if_viz=opts.visualize, if_debug=opts.quick_debug)
  File "/home/wxs/Skeleton-in-Context-tpami/funcs_and_classes/Non_AR/train_epoch/ver3_ICL.py", line 15, in train_epoch
    for idx, (QUERY_INPUT, QUERY_TARGET, PROMPT_INPUT, PROMPT_TARGET, INFO) in enumerate(train_loader['non_AR']):
  File "/home/wxs/anaconda3/envs/mdm/lib/python3.7/site-packages/torch/utils/data/dataloader.py", line 628, in __next__
    data = self._next_data()
  File "/home/wxs/anaconda3/envs/mdm/lib/python3.7/site-packages/torch/utils/data/dataloader.py", line 1333, in _next_data
    return self._process_data(data)
  File "/home/wxs/anaconda3/envs/mdm/lib/python3.7/site-packages/torch/utils/data/dataloader.py", line 1359, in _process_data
    data.reraise()
  File "/home/wxs/anaconda3/envs/mdm/lib/python3.7/site-packages/torch/_utils.py", line 543, in reraise
    raise exception
TypeError: Caught TypeError in DataLoader worker process 0.
Original Traceback (most recent call last):
  File "/home/wxs/anaconda3/envs/mdm/lib/python3.7/site-packages/torch/utils/data/_utils/worker.py", line 302, in _worker_loop
    data = fetcher.fetch(index)
  File "/home/wxs/anaconda3/envs/mdm/lib/python3.7/site-packages/torch/utils/data/_utils/fetch.py", line 58, in fetch
    data = [self.dataset[idx] for idx in possibly_batched_index]
  File "/home/wxs/anaconda3/envs/mdm/lib/python3.7/site-packages/torch/utils/data/_utils/fetch.py", line 58, in <listcomp>
    data = [self.dataset[idx] for idx in possibly_batched_index]
  File "/home/wxs/Skeleton-in-Context-tpami/funcs_and_classes/Non_AR/dataset/ver3_ICL.py", line 704, in __getitem__
    query_input, query_target = self.prepare_motion(query_chunk_2d.clone(), query_chunk_3d.clone(), dumb_task, None, None)
TypeError: prepare_motion() missing 1 required positional argument: 'frame_mask'

