Adding new arg: args.config = ckpt/0301/16_base05_ModelMaskRecon/config.yaml
Adding new arg: args.checkpoint = ckpt/0301/16_base05_ModelMaskRecon/
Adding new arg: args.seed = 0
Adding new arg: args.visualize = 
Adding new arg: args.eval_generalization = False
Adding new arg: args.quick_debug = False
Adding new arg: args.gpu = 4,5,6,7
Overriding existing arg: args.batch_size = 768
Adding new arg: args.classifier_type = task
Adding new arg: args.num_class = 4
Overriding existing arg: args.normalize_2d = 0
Overriding existing arg: args.normalize_3d = 0
Adding new arg: args.use_task_id_as_prompt = False
Adding new arg: args.reverse_query_prompt = False
Adding new arg: args.shuffle_batch = False
Configs: {'tasks': ['PE', 'MP', 'MC', 'FPE'], 'task_to_flag': {'PE': 0, 'MP': 1, 'FPE': 2, 'MC': 3, '2DAR': 4, 'AR': 5, 'MIB': 6}, 'dataset_to_flag': {'H36M_3D': 0, 'AMASS': 1, 'PW3D_MESH': 2, 'H36M_MESH': 3}, 'flag_to_task': {'0': 'PE', '1': 'MP', '2': 'FPE', '3': 'MC', '4': '2DAR', '5': 'AR', '6': 'MIB'}, 'flag_to_dataset': {'0': 'H36M_3D', '1': 'AMASS', '2': 'PW3D_MESH', '3': 'H36M_MESH'}, 'task_metrics': {'PE': ['PE e1', 'PE e2'], 'MP': ['MP'], 'FPE': ['FPE'], 'MC': ['MC'], '2DAR': ['2DAR'], 'AR': ['AR']}, 'dataset_task_info': {'train': {'H36M_3D': ['PE', 'MP', 'FPE', 'MC'], 'AMASS': ['PE', 'MP', 'FPE', 'MC']}, 'test': {'H36M_3D': ['PE', 'MP', 'FPE', 'MC', 'MIB'], 'AMASS': ['PE', 'MP', 'FPE', 'MC', 'MIB'], 'PW3D_MESH': ['PE', 'MP', 'FPE', 'MC', 'MIB']}}, 'dataset_file': {'PW3D_MESH': 'data_icl_gen/processed_data/PW3D/mesh_det_pw3d.pkl', 'H36M_MESH': 'data_icl_gen/processed_data/H36M_MESH/mesh_det_h36m.pkl', 'H36M_3D': 'data_icl_gen/processed_data/H36M_3D/h36m_sh_conf_cam_source_final.pkl', 'AMASS': 'data_icl_gen/processed_data/AMASS/amass_joints_h36m_60.pkl'}, 'use_presave_data': True, 'normalize_2d': 0, 'normalize_3d': 0, 'aug': False, 'aug_shuffle_joints': False, 'clip_len': 16, 'max_len': 16, 'num_joint': 17, 'joint_mask_ratio': 0.4, 'frame_mask_ratio': 0.4, 'presave_folder': 'data_icl_gen/presave_data', 'dataset_config': {'H36M_3D': {'sample_stride': 1, 'data_stride_train': 16, 'data_stride_test': 32, 'read_confidence': False, 'rootrel_input': True, 'rootrel_target': True, 'flip': True, 'scale_3D': 1}, 'PW3D_MESH': {'sample_stride': 1, 'data_stride_train': 1, 'data_stride_test': 16, 'read_confidence': False, 'rootrel_input': True, 'rootrel_target': True, 'flip': True, 'return_3d': True}, 'AMASS': {'sample_stride': 1, 'data_stride_train': 64, 'data_stride_test': 128, 'read_confidence': False, 'rootrel_input': True, 'rootrel_target': True, 'flip': True, 'return_3d': True}, 'H36M_MESH': {'sample_stride': 1, 'data_stride_train': 32, 'data_stride_test': 32, 'read_confidence': False, 'rootrel_input': True, 'rootrel_target': True, 'flip': True, 'return_3d': True}}, 'data_root_path': 'data/non_default_ICL', 'func_ver': {'dataset_action_recognition': None, 'evaluate_action_recognition': None, 'train_epoch_action_recognition': None, 'dataset_non_AR': '3_ICL', 'evaluate_non_AR': '3_ICL', 'train_epoch_non_AR': '3_ICL', 'model_name': 'M06_MixSTE_v0_maxlen_mask_recon'}, 'current_as_history': True, 'rotate_prob': 0.25, 'keep_original_joints': True, 'use_partial_data': False, 'partial_data': {'datasets': {'PE': None, 'MP': None, 'FPE': None, 'MC': None}, 'train_stride': None, 'sample_stride': None, 'clip_len': None, 'num_joints': None, 'drop_ratios_MC': None, 'root_path': None, 'source_file_h36m': None, 'clip_len_2DAR': None, 'batch_size_2DAR': None, 'label_stride_2DAR': None}, 'full_data': {'datasets': {'PE': 'H36M', 'MP': 'AMASS', 'FPE': 'H36M_FPE', 'MC': '3DPW_MC', '2DAR': 'NTU60_2DAR'}, 'train_stride': 16, 'sample_stride': 1, 'clip_len': 16, 'num_joints': 17, 'drop_ratios_MC': [0.5], 'drop_ratios_MIB': [0.5], 'root_path': 'data', 'source_file_h36m': 'source_data/H36M.pkl', 'clip_len_2DAR': 9999999, 'batch_size_2DAR': 9999999, 'label_stride_2DAR': 9999999}, 'maxlen': 16, 'dim_in': 3, 'dim_out': 3, 'dim_feat': 256, 'mlp_ratio': 2, 'depth': 5, 'dim_rep': 256, 'num_heads': 8, 'att_fuse': True, 'merge_idx': 2, 'epochs': 120, 'batch_size': 768, 'test_batch_size': 512, 'dropout': 0.0, 'learning_rate': 0.0002, 'weight_decay': 0.01, 'lr_decay': 0.99, 'losses': {'mpjpe': 1.0, 'n_mpjpe': 0.0, 'velocity': 0.0, 'limb_var': 0.0, 'limb_gt': 0.0, 'angle': 0.0, 'angle_velocity': 0.0}, 'label_type_2DAR': 'default', 'rootrel_input': True, 'rootrel_input_2DAR': False, 'rootrel_target_MP': True, 'rootrel_target_PE': True, 'rootrel_target_FPE': True, 'flip_h36m_y_axis': False, 'flip_h36mFPE_y_axis': False, 'scale_h36m_skeleton': 2.0, 'scale_h36mFPE_skeleton': 2.0, 'no_eval': False, 'amass_to_h36m': [[2], [0], [3], [6], [1], [4], [7], [5], [8], [8, 11], [11], [10], [13], [15], [9], [12], [14]], 'name': 'config', 'config': 'ckpt/0301/16_base05_ModelMaskRecon/config.yaml', 'checkpoint': 'ckpt/0301/16_base05_ModelMaskRecon/', 'seed': 0, 'visualize': '', 'eval_generalization': False, 'quick_debug': False, 'gpu': '4,5,6,7', 'classifier_type': 'task', 'num_class': 4, 'use_task_id_as_prompt': False, 'reverse_query_prompt': False, 'shuffle_batch': False, 'data': {'datasets': {'PE': 'H36M', 'MP': 'AMASS', 'FPE': 'H36M_FPE', 'MC': '3DPW_MC', '2DAR': 'NTU60_2DAR'}, 'train_stride': 16, 'sample_stride': 1, 'clip_len': 16, 'num_joints': 17, 'drop_ratios_MC': [0.5], 'drop_ratios_MIB': [0.5], 'root_path': 'data', 'source_file_h36m': 'source_data/H36M.pkl', 'clip_len_2DAR': 9999999, 'batch_size_2DAR': 9999999, 'label_stride_2DAR': 9999999}}

python train.py --config ckpt/0301/16_base05_ModelMaskRecon/config.yaml -c ckpt/0301/16_base05_ModelMaskRecon/ -gpu 4,5,6,7 -bs 768 -normalize_2d 0 -normalize_3d 0

PID:  1094737

Loading dataset...
	Loading train data from [H36M_3D] for task: ['PE', 'MP', 'FPE', 'MC']... costs 3.94s... has 96596 samples
	Loading train data from [AMASS] for task: ['PE', 'MP', 'FPE', 'MC']... costs 5.22s... has 89678 samples
	Training (non-AR) sample count: 186274
	Loading test data from [H36M_3D] for task: ['PE']... costs 3.42s... has 17596 samples
	Loading test data from [H36M_3D] for task: ['MP']... costs 3.12s... has 17596 samples
	Loading test data from [H36M_3D] for task: ['FPE']... costs 3.07s... has 17596 samples
	Loading test data from [H36M_3D] for task: ['MC']... costs 3.39s... has 17596 samples
	Loading test data from [H36M_3D] for task: ['MIB']... costs 3.08s... has 17596 samples
	Loading test data from [AMASS] for task: ['PE']... costs 4.65s... has 15516 samples
	Loading test data from [AMASS] for task: ['MP']... costs 3.86s... has 15516 samples
	Loading test data from [AMASS] for task: ['FPE']... costs 3.95s... has 15516 samples
	Loading test data from [AMASS] for task: ['MC']... costs 3.70s... has 15516 samples
	Loading test data from [AMASS] for task: ['MIB']... costs 3.66s... has 15516 samples
	Loading test data from [PW3D_MESH] for task: ['PE']... costs 0.45s... has 2165 samples
	Loading test data from [PW3D_MESH] for task: ['MP']... costs 0.44s... has 2165 samples
	Loading test data from [PW3D_MESH] for task: ['FPE']... costs 0.45s... has 2165 samples
	Loading test data from [PW3D_MESH] for task: ['MC']... costs 0.46s... has 2165 samples
	Loading test data from [PW3D_MESH] for task: ['MIB']... costs 0.47s... has 2165 samples

Loading model...
	Model: M06_MixSTE_v0_maxlen_mask_recon
	Trainable parameter count: 235.741959M

Training on [['non_AR', 243]] batches for 120 epochs. batch size: 768
[1 start]
	Iter: 81/243; time cost: 11.70min; current batch has {'H36M_3D': 1472, 'AMASS': 1600} samples
	Iter: 162/243; time cost: 23.08min; current batch has {'H36M_3D': 1612, 'AMASS': 1460} samples
	Evaluating [3D Pose Estimation] on [H36M_3D]... costs 29.20s
	Evaluating [Motion Prediction] on [H36M_3D]... costs 23.58s
	Evaluating [Future Pose Estimation] on [H36M_3D]... costs 23.08s
	Evaluating [Motion Completion] on [H36M_3D]... costs 25.72s
	Evaluating [Motion In Between] on [H36M_3D]... costs 26.38s
	Evaluating [3D Pose Estimation] on [AMASS]... costs 21.33s
	Evaluating [Motion Prediction] on [AMASS]... costs 21.44s
	Evaluating [Future Pose Estimation] on [AMASS]... costs 21.84s
	Evaluating [Motion Completion] on [AMASS]... costs 23.26s
	Evaluating [Motion In Between] on [AMASS]... costs 23.23s
	Evaluating [3D Pose Estimation] on [PW3D_MESH]... costs 7.35s
	Evaluating [Motion Prediction] on [PW3D_MESH]... costs 6.87s
	Evaluating [Future Pose Estimation] on [PW3D_MESH]... costs 7.02s
	Evaluating [Motion Completion] on [PW3D_MESH]... costs 7.19s
	Evaluating [Motion In Between] on [PW3D_MESH]... costs 7.08s
+-------+------------+------------+--------------+--------------+---------------+--------------+---------------+------------+------------+-------------+------------+-------------+----------------+----------------+-----------------+----------------+-----------------+
| Epoch |     lr     | train_loss | H36M_3D | PE | H36M_3D | MP | H36M_3D | FPE | H36M_3D | MC | H36M_3D | MIB | AMASS | PE | AMASS | MP | AMASS | FPE | AMASS | MC | AMASS | MIB | PW3D_MESH | PE | PW3D_MESH | MP | PW3D_MESH | FPE | PW3D_MESH | MC | PW3D_MESH | MIB |
+-------+------------+------------+--------------+--------------+---------------+--------------+---------------+------------+------------+-------------+------------+-------------+----------------+----------------+-----------------+----------------+-----------------+
|   1   | 0.00020000 |  0.33150   |    178.67    |    56.23     |     87.59     |    167.01    |     53.08     |   149.39   |   92.61    |    163.02   |   232.76   |    70.16    |     243.52     |     85.05      |      245.82     |     380.35     |      74.76      |
+-------+------------+------------+--------------+--------------+---------------+--------------+---------------+------------+------------+-------------+------------+-------------+----------------+----------------+-----------------+----------------+-----------------+
	Saving best checkpoints: [H36M_3D,PE] [H36M_3D,MP] [H36M_3D,FPE] [H36M_3D,MC] [H36M_3D,MIB] [AMASS,PE] [AMASS,MP] [AMASS,FPE] [AMASS,MC] [AMASS,MIB] [PW3D_MESH,PE] [PW3D_MESH,MP] [PW3D_MESH,FPE] [PW3D_MESH,MC] [PW3D_MESH,MIB] 

[1 end] Time cost: 39.26min 	| lr: 0.00020000 	| train loss: 0.33150099513306064
[2 start]
	Iter: 81/243; time cost: 11.56min; current batch has {'H36M_3D': 1592, 'AMASS': 1480} samples
	Iter: 162/243; time cost: 22.95min; current batch has {'H36M_3D': 1664, 'AMASS': 1408} samples
	Evaluating [3D Pose Estimation] on [H36M_3D]... costs 25.13s
	Evaluating [Motion Prediction] on [H36M_3D]... costs 19.60s
	Evaluating [Future Pose Estimation] on [H36M_3D]... costs 19.67s
	Evaluating [Motion Completion] on [H36M_3D]... costs 22.19s
	Evaluating [Motion In Between] on [H36M_3D]... costs 22.23s
	Evaluating [3D Pose Estimation] on [AMASS]... costs 17.44s
	Evaluating [Motion Prediction] on [AMASS]... costs 17.12s
	Evaluating [Future Pose Estimation] on [AMASS]... costs 17.14s
	Evaluating [Motion Completion] on [AMASS]... costs 19.28s
	Evaluating [Motion In Between] on [AMASS]... costs 19.26s
	Evaluating [3D Pose Estimation] on [PW3D_MESH]... costs 3.14s
	Evaluating [Motion Prediction] on [PW3D_MESH]... costs 2.99s
	Evaluating [Future Pose Estimation] on [PW3D_MESH]... costs 3.13s
	Evaluating [Motion Completion] on [PW3D_MESH]... costs 3.43s
	Evaluating [Motion In Between] on [PW3D_MESH]... costs 3.42s
+-------+------------+------------+--------------+--------------+---------------+--------------+---------------+------------+------------+-------------+------------+-------------+----------------+----------------+-----------------+----------------+-----------------+
| Epoch |     lr     | train_loss | H36M_3D | PE | H36M_3D | MP | H36M_3D | FPE | H36M_3D | MC | H36M_3D | MIB | AMASS | PE | AMASS | MP | AMASS | FPE | AMASS | MC | AMASS | MIB | PW3D_MESH | PE | PW3D_MESH | MP | PW3D_MESH | FPE | PW3D_MESH | MC | PW3D_MESH | MIB |
+-------+------------+------------+--------------+--------------+---------------+--------------+---------------+------------+------------+-------------+------------+-------------+----------------+----------------+-----------------+----------------+-----------------+
|   2   | 0.00019800 |  0.14019   |    196.26    |    65.56     |     95.62     |    148.38    |     60.46     |   152.64   |   97.85    |    165.42   |   221.80   |    71.80    |     245.77     |     86.50      |      247.83     |     369.79     |      69.09      |
+-------+------------+------------+--------------+--------------+---------------+--------------+---------------+------------+------------+-------------+------------+-------------+----------------+----------------+-----------------+----------------+-----------------+
	Saving best checkpoints: [H36M_3D,MC] [AMASS,MC] [PW3D_MESH,MC] [PW3D_MESH,MIB] 

[2 end] Time cost: 38.59min 	| lr: 0.00019800 	| train loss: 0.1401862419765715
[3 start]
	Iter: 81/243; time cost: 11.52min; current batch has {'H36M_3D': 1752, 'AMASS': 1320} samples
