Adding new arg: args.config = ckpt/0301/21_base05_trainstride8/config.yaml
Adding new arg: args.checkpoint = ckpt/0301/21_base05_trainstride8/
Adding new arg: args.seed = 0
Adding new arg: args.visualize = 
Adding new arg: args.eval_generalization = False
Adding new arg: args.quick_debug = False
Adding new arg: args.gpu = 0
Overriding existing arg: args.batch_size = 320
Adding new arg: args.classifier_type = task
Adding new arg: args.num_class = 4
Overriding existing arg: args.normalize_2d = 0
Overriding existing arg: args.normalize_3d = 0
Adding new arg: args.use_task_id_as_prompt = False
Adding new arg: args.reverse_query_prompt = False
Adding new arg: args.shuffle_batch = False
Adding new arg: args.reverse_query_prompt_per_iter = False
Configs: {'tasks': ['PE', 'MP', 'MC', 'FPE'], 'task_to_flag': {'PE': 0, 'MP': 1, 'FPE': 2, 'MC': 3, '2DAR': 4, 'AR': 5, 'MIB': 6}, 'dataset_to_flag': {'H36M_3D': 0, 'AMASS': 1, 'PW3D_MESH': 2, 'H36M_MESH': 3}, 'flag_to_task': {'0': 'PE', '1': 'MP', '2': 'FPE', '3': 'MC', '4': '2DAR', '5': 'AR', '6': 'MIB'}, 'flag_to_dataset': {'0': 'H36M_3D', '1': 'AMASS', '2': 'PW3D_MESH', '3': 'H36M_MESH'}, 'task_metrics': {'PE': ['PE e1', 'PE e2'], 'MP': ['MP'], 'FPE': ['FPE'], 'MC': ['MC'], '2DAR': ['2DAR'], 'AR': ['AR']}, 'dataset_task_info': {'train': {'H36M_3D': ['PE', 'MP', 'FPE', 'MC'], 'AMASS': ['PE', 'MP', 'FPE', 'MC']}, 'test': {'H36M_3D': ['PE', 'MP', 'FPE', 'MC', 'MIB'], 'AMASS': ['PE', 'MP', 'FPE', 'MC', 'MIB'], 'PW3D_MESH': ['PE', 'MP', 'FPE', 'MC', 'MIB']}}, 'dataset_file': {'PW3D_MESH': 'data_icl_gen/processed_data/PW3D/mesh_det_pw3d.pkl', 'H36M_MESH': 'data_icl_gen/processed_data/H36M_MESH/mesh_det_h36m.pkl', 'H36M_3D': 'data_icl_gen/processed_data/H36M_3D/h36m_sh_conf_cam_source_final.pkl', 'AMASS': 'data_icl_gen/processed_data/AMASS/amass_joints_h36m_60.pkl'}, 'use_presave_data': True, 'normalize_2d': 0, 'normalize_3d': 0, 'aug': False, 'aug_shuffle_joints': False, 'clip_len': 16, 'max_len': 16, 'num_joint': 17, 'joint_mask_ratio': 0.4, 'frame_mask_ratio': 0.4, 'presave_folder': 'data_icl_gen/presave_data', 'dataset_config': {'H36M_3D': {'sample_stride': 1, 'data_stride_train': 8, 'data_stride_test': 32, 'read_confidence': False, 'rootrel_input': True, 'rootrel_target': True, 'flip': True, 'scale_3D': 1}, 'PW3D_MESH': {'sample_stride': 1, 'data_stride_train': 1, 'data_stride_test': 16, 'read_confidence': False, 'rootrel_input': True, 'rootrel_target': True, 'flip': True, 'return_3d': True}, 'AMASS': {'sample_stride': 1, 'data_stride_train': 8, 'data_stride_test': 128, 'read_confidence': False, 'rootrel_input': True, 'rootrel_target': True, 'flip': True, 'return_3d': True}, 'H36M_MESH': {'sample_stride': 1, 'data_stride_train': 32, 'data_stride_test': 32, 'read_confidence': False, 'rootrel_input': True, 'rootrel_target': True, 'flip': True, 'return_3d': True}}, 'data_root_path': 'data/non_default_ICL', 'func_ver': {'dataset_action_recognition': None, 'evaluate_action_recognition': None, 'train_epoch_action_recognition': None, 'dataset_non_AR': '3_ICL', 'evaluate_non_AR': '3_ICL', 'train_epoch_non_AR': '3_ICL', 'model_name': 'M06_MixSTE_v0_maxlen'}, 'current_as_history': True, 'rotate_prob': 0.25, 'keep_original_joints': True, 'use_partial_data': False, 'partial_data': {'datasets': {'PE': None, 'MP': None, 'FPE': None, 'MC': None}, 'train_stride': None, 'sample_stride': None, 'clip_len': None, 'num_joints': None, 'drop_ratios_MC': None, 'root_path': None, 'source_file_h36m': None, 'clip_len_2DAR': None, 'batch_size_2DAR': None, 'label_stride_2DAR': None}, 'full_data': {'datasets': {'PE': 'H36M', 'MP': 'AMASS', 'FPE': 'H36M_FPE', 'MC': '3DPW_MC', '2DAR': 'NTU60_2DAR'}, 'train_stride': 16, 'sample_stride': 1, 'clip_len': 16, 'num_joints': 17, 'drop_ratios_MC': [0.5], 'drop_ratios_MIB': [0.5], 'root_path': 'data', 'source_file_h36m': 'source_data/H36M.pkl', 'clip_len_2DAR': 9999999, 'batch_size_2DAR': 9999999, 'label_stride_2DAR': 9999999}, 'maxlen': 16, 'dim_in': 3, 'dim_out': 3, 'dim_feat': 256, 'mlp_ratio': 2, 'depth': 5, 'dim_rep': 256, 'num_heads': 8, 'att_fuse': True, 'merge_idx': 2, 'epochs': 120, 'batch_size': 320, 'test_batch_size': 512, 'dropout': 0.0, 'learning_rate': 0.0002, 'weight_decay': 0.01, 'lr_decay': 0.99, 'losses': {'mpjpe': 1.0, 'n_mpjpe': 0.0, 'velocity': 0.0, 'limb_var': 0.0, 'limb_gt': 0.0, 'angle': 0.0, 'angle_velocity': 0.0}, 'label_type_2DAR': 'default', 'rootrel_input': True, 'rootrel_input_2DAR': False, 'rootrel_target_MP': True, 'rootrel_target_PE': True, 'rootrel_target_FPE': True, 'flip_h36m_y_axis': False, 'flip_h36mFPE_y_axis': False, 'scale_h36m_skeleton': 2.0, 'scale_h36mFPE_skeleton': 2.0, 'no_eval': False, 'amass_to_h36m': [[2], [0], [3], [6], [1], [4], [7], [5], [8], [8, 11], [11], [10], [13], [15], [9], [12], [14]], 'name': 'config', 'config': 'ckpt/0301/21_base05_trainstride8/config.yaml', 'checkpoint': 'ckpt/0301/21_base05_trainstride8/', 'seed': 0, 'visualize': '', 'eval_generalization': False, 'quick_debug': False, 'gpu': '0', 'classifier_type': 'task', 'num_class': 4, 'use_task_id_as_prompt': False, 'reverse_query_prompt': False, 'shuffle_batch': False, 'reverse_query_prompt_per_iter': False, 'data': {'datasets': {'PE': 'H36M', 'MP': 'AMASS', 'FPE': 'H36M_FPE', 'MC': '3DPW_MC', '2DAR': 'NTU60_2DAR'}, 'train_stride': 16, 'sample_stride': 1, 'clip_len': 16, 'num_joints': 17, 'drop_ratios_MC': [0.5], 'drop_ratios_MIB': [0.5], 'root_path': 'data', 'source_file_h36m': 'source_data/H36M.pkl', 'clip_len_2DAR': 9999999, 'batch_size_2DAR': 9999999, 'label_stride_2DAR': 9999999}}

python train.py --config ckpt/0301/21_base05_trainstride8/config.yaml -c ckpt/0301/21_base05_trainstride8/ -gpu 0 -bs 320 -normalize_2d 0 -normalize_3d 0

PID:  605673

Loading dataset...
	Loading train data from [H36M_3D] for task: ['PE', 'MP', 'FPE', 'MC']... costs 43.74s... has 192880 samples
	Loading train data from [AMASS] for task: ['PE', 'MP', 'FPE', 'MC']... costs 41.65s... has 688382 samples
	Training (non-AR) sample count: 881262
	Loading test data from [H36M_3D] for task: ['PE']... costs 4.39s... has 17596 samples
	Loading test data from [H36M_3D] for task: ['MP']... costs 4.53s... has 17596 samples
	Loading test data from [H36M_3D] for task: ['FPE']... costs 4.36s... has 17596 samples
	Loading test data from [H36M_3D] for task: ['MC']... costs 4.45s... has 17596 samples
	Loading test data from [H36M_3D] for task: ['MIB']... costs 4.88s... has 17596 samples
	Loading test data from [AMASS] for task: ['PE']... costs 16.93s... has 15516 samples
	Loading test data from [AMASS] for task: ['MP']... costs 17.42s... has 15516 samples
	Loading test data from [AMASS] for task: ['FPE']... costs 16.65s... has 15516 samples
	Loading test data from [AMASS] for task: ['MC']... costs 17.06s... has 15516 samples
	Loading test data from [AMASS] for task: ['MIB']... costs 16.55s... has 15516 samples
	Loading test data from [PW3D_MESH] for task: ['PE']... costs 0.48s... has 2165 samples
	Loading test data from [PW3D_MESH] for task: ['MP']... costs 0.44s... has 2165 samples
	Loading test data from [PW3D_MESH] for task: ['FPE']... costs 0.44s... has 2165 samples
	Loading test data from [PW3D_MESH] for task: ['MC']... costs 0.45s... has 2165 samples
	Loading test data from [PW3D_MESH] for task: ['MIB']... costs 0.51s... has 2165 samples

Loading model...
	Model: M06_MixSTE_v0_maxlen
	Trainable parameter count: 235.739396M

Training on [['non_AR', 2754]] batches for 120 epochs. batch size: 320
[1 start]
	Iter: 918/2754; time cost: 192.22min; current batch has {'H36M_3D': 280, 'AMASS': 1000} samples
	Iter: 1836/2754; time cost: 386.59min; current batch has {'H36M_3D': 272, 'AMASS': 1008} samples
	Evaluating [3D Pose Estimation] on [H36M_3D]... costs 67.32s
	Evaluating [Motion Prediction] on [H36M_3D]... costs 61.08s
	Evaluating [Future Pose Estimation] on [H36M_3D]... costs 61.24s
	Evaluating [Motion Completion] on [H36M_3D]... costs 63.66s
	Evaluating [Motion In Between] on [H36M_3D]... costs 63.62s
	Evaluating [3D Pose Estimation] on [AMASS]... costs 54.72s
	Evaluating [Motion Prediction] on [AMASS]... costs 54.69s
	Evaluating [Future Pose Estimation] on [AMASS]... costs 55.08s
	Evaluating [Motion Completion] on [AMASS]... costs 56.66s
	Evaluating [Motion In Between] on [AMASS]... costs 56.66s
	Evaluating [3D Pose Estimation] on [PW3D_MESH]... costs 13.24s
	Evaluating [Motion Prediction] on [PW3D_MESH]... costs 13.04s
	Evaluating [Future Pose Estimation] on [PW3D_MESH]... costs 13.06s
	Evaluating [Motion Completion] on [PW3D_MESH]... costs 13.45s
	Evaluating [Motion In Between] on [PW3D_MESH]... costs 13.35s
+-------+------------+------------+--------------+--------------+---------------+--------------+---------------+------------+------------+-------------+------------+-------------+----------------+----------------+-----------------+----------------+-----------------+
| Epoch |     lr     | train_loss | H36M_3D | PE | H36M_3D | MP | H36M_3D | FPE | H36M_3D | MC | H36M_3D | MIB | AMASS | PE | AMASS | MP | AMASS | FPE | AMASS | MC | AMASS | MIB | PW3D_MESH | PE | PW3D_MESH | MP | PW3D_MESH | FPE | PW3D_MESH | MC | PW3D_MESH | MIB |
+-------+------------+------------+--------------+--------------+---------------+--------------+---------------+------------+------------+-------------+------------+-------------+----------------+----------------+-----------------+----------------+-----------------+
|   1   | 0.00020000 |  0.08239   |    68.69     |    18.57     |     36.36     |    47.15     |     88.83     |   36.34    |   35.72    |    48.48    |   61.30    |    137.75   |     222.48     |     57.50      |      222.72     |     225.61     |      157.31     |
+-------+------------+------------+--------------+--------------+---------------+--------------+---------------+------------+------------+-------------+------------+-------------+----------------+----------------+-----------------+----------------+-----------------+
	Saving best checkpoints: [H36M_3D,PE] [H36M_3D,MP] [H36M_3D,FPE] [H36M_3D,MC] [H36M_3D,MIB] [AMASS,PE] [AMASS,MP] [AMASS,FPE] [AMASS,MC] [AMASS,MIB] [PW3D_MESH,PE] [PW3D_MESH,MP] [PW3D_MESH,FPE] [PW3D_MESH,MC] [PW3D_MESH,MIB] 

[1 end] Time cost: 592.82min 	| lr: 0.00020000 	| train loss: 0.0823865689722092
[2 start]
	Iter: 918/2754; time cost: 193.50min; current batch has {'H36M_3D': 284, 'AMASS': 996} samples
	Iter: 1836/2754; time cost: 388.03min; current batch has {'H36M_3D': 240, 'AMASS': 1040} samples
	Evaluating [3D Pose Estimation] on [H36M_3D]... costs 60.56s
	Evaluating [Motion Prediction] on [H36M_3D]... costs 55.13s
	Evaluating [Future Pose Estimation] on [H36M_3D]... costs 55.15s
	Evaluating [Motion Completion] on [H36M_3D]... costs 57.69s
	Evaluating [Motion In Between] on [H36M_3D]... costs 57.57s
	Evaluating [3D Pose Estimation] on [AMASS]... costs 48.65s
	Evaluating [Motion Prediction] on [AMASS]... costs 48.59s
	Evaluating [Future Pose Estimation] on [AMASS]... costs 48.62s
	Evaluating [Motion Completion] on [AMASS]... costs 50.54s
	Evaluating [Motion In Between] on [AMASS]... costs 50.56s
	Evaluating [3D Pose Estimation] on [PW3D_MESH]... costs 7.04s
	Evaluating [Motion Prediction] on [PW3D_MESH]... costs 6.92s
	Evaluating [Future Pose Estimation] on [PW3D_MESH]... costs 6.93s
	Evaluating [Motion Completion] on [PW3D_MESH]... costs 7.21s
	Evaluating [Motion In Between] on [PW3D_MESH]... costs 7.46s
+-------+------------+------------+--------------+--------------+---------------+--------------+---------------+------------+------------+-------------+------------+-------------+----------------+----------------+-----------------+----------------+-----------------+
| Epoch |     lr     | train_loss | H36M_3D | PE | H36M_3D | MP | H36M_3D | FPE | H36M_3D | MC | H36M_3D | MIB | AMASS | PE | AMASS | MP | AMASS | FPE | AMASS | MC | AMASS | MIB | PW3D_MESH | PE | PW3D_MESH | MP | PW3D_MESH | FPE | PW3D_MESH | MC | PW3D_MESH | MIB |
+-------+------------+------------+--------------+--------------+---------------+--------------+---------------+------------+------------+-------------+------------+-------------+----------------+----------------+-----------------+----------------+-----------------+
|   2   | 0.00019800 |  0.02479   |    55.23     |    10.19     |     31.60     |    34.46     |     68.08     |   22.42    |   19.36    |    32.68    |   44.78    |    105.61   |     224.66     |     46.46      |      221.38     |     243.12     |      125.86     |
+-------+------------+------------+--------------+--------------+---------------+--------------+---------------+------------+------------+-------------+------------+-------------+----------------+----------------+-----------------+----------------+-----------------+
	Saving best checkpoints: [H36M_3D,PE] [H36M_3D,MP] [H36M_3D,FPE] [H36M_3D,MC] [H36M_3D,MIB] [AMASS,PE] [AMASS,MP] [AMASS,FPE] [AMASS,MC] [AMASS,MIB] [PW3D_MESH,MP] [PW3D_MESH,FPE] [PW3D_MESH,MIB] 

[2 end] Time cost: 594.32min 	| lr: 0.00019800 	| train loss: 0.02479152662659939
[3 start]
	Iter: 918/2754; time cost: 193.52min; current batch has {'H36M_3D': 316, 'AMASS': 964} samples
	Iter: 1836/2754; time cost: 385.57min; current batch has {'H36M_3D': 280, 'AMASS': 1000} samples
	Evaluating [3D Pose Estimation] on [H36M_3D]... costs 59.62s
	Evaluating [Motion Prediction] on [H36M_3D]... costs 54.21s
	Evaluating [Future Pose Estimation] on [H36M_3D]... costs 54.23s
	Evaluating [Motion Completion] on [H36M_3D]... costs 56.80s
	Evaluating [Motion In Between] on [H36M_3D]... costs 56.77s
	Evaluating [3D Pose Estimation] on [AMASS]... costs 47.86s
	Evaluating [Motion Prediction] on [AMASS]... costs 47.85s
	Evaluating [Future Pose Estimation] on [AMASS]... costs 47.85s
	Evaluating [Motion Completion] on [AMASS]... costs 49.99s
	Evaluating [Motion In Between] on [AMASS]... costs 49.88s
	Evaluating [3D Pose Estimation] on [PW3D_MESH]... costs 6.82s
	Evaluating [Motion Prediction] on [PW3D_MESH]... costs 6.82s
	Evaluating [Future Pose Estimation] on [PW3D_MESH]... costs 6.83s
	Evaluating [Motion Completion] on [PW3D_MESH]... costs 7.11s
	Evaluating [Motion In Between] on [PW3D_MESH]... costs 7.10s
+-------+------------+------------+--------------+--------------+---------------+--------------+---------------+------------+------------+-------------+------------+-------------+----------------+----------------+-----------------+----------------+-----------------+
| Epoch |     lr     | train_loss | H36M_3D | PE | H36M_3D | MP | H36M_3D | FPE | H36M_3D | MC | H36M_3D | MIB | AMASS | PE | AMASS | MP | AMASS | FPE | AMASS | MC | AMASS | MIB | PW3D_MESH | PE | PW3D_MESH | MP | PW3D_MESH | FPE | PW3D_MESH | MC | PW3D_MESH | MIB |
+-------+------------+------------+--------------+--------------+---------------+--------------+---------------+------------+------------+-------------+------------+-------------+----------------+----------------+-----------------+----------------+-----------------+
|   3   | 0.00019602 |  0.01840   |    54.61     |     9.14     |     29.96     |    31.02     |     54.92     |   20.25    |   17.43    |    29.57    |   40.53    |    129.73   |     225.38     |     45.64      |      221.30     |     211.25     |      147.37     |
+-------+------------+------------+--------------+--------------+---------------+--------------+---------------+------------+------------+-------------+------------+-------------+----------------+----------------+-----------------+----------------+-----------------+
	Saving best checkpoints: [H36M_3D,PE] [H36M_3D,MP] [H36M_3D,FPE] [H36M_3D,MC] [H36M_3D,MIB] [AMASS,PE] [AMASS,MP] [AMASS,FPE] [AMASS,MC] [PW3D_MESH,MP] [PW3D_MESH,FPE] [PW3D_MESH,MC] 

[3 end] Time cost: 588.66min 	| lr: 0.00019602 	| train loss: 0.018400875945100745
[4 start]
Traceback (most recent call last):
  File "train.py", line 799, in <module>
    train_with_config(args, opts)
  File "train.py", line 500, in train_with_config
    train_epoch(args, model_pos, train_loader, losses, optimizer, epoch=epoch, if_viz=opts.visualize, if_debug=opts.quick_debug)
  File "/home/wxs/Skeleton-in-Context-tpami/funcs_and_classes/Non_AR/train_epoch/ver3_ICL.py", line 133, in train_epoch
    losses['total']['loss_logger'].update(loss_total.item(), batch_size)
  File "/home/wxs/anaconda3/envs/mdm/lib/python3.7/site-packages/torch/optim/optimizer.py", line 140, in wrapper
    out = func(*args, **kwargs)
  File "/home/wxs/anaconda3/envs/mdm/lib/python3.7/site-packages/torch/autograd/grad_mode.py", line 27, in decorate_context
    return func(*args, **kwargs)
  File "/home/wxs/anaconda3/envs/mdm/lib/python3.7/site-packages/torch/optim/adamw.py", line 176, in step
    capturable=group['capturable'])
  File "/home/wxs/anaconda3/envs/mdm/lib/python3.7/site-packages/torch/optim/adamw.py", line 232, in adamw
    capturable=capturable)
  File "/home/wxs/anaconda3/envs/mdm/lib/python3.7/site-packages/torch/optim/adamw.py", line 316, in _single_tensor_adamw
    denom = (exp_avg_sq.sqrt() / bias_correction2_sqrt).add_(eps)
  File "/home/wxs/anaconda3/envs/mdm/lib/python3.7/site-packages/torch/utils/data/_utils/signal_handling.py", line 66, in handler
    _error_if_any_worker_fails()
RuntimeError: DataLoader worker (pid 2226433) is killed by signal: Killed. 
