Adding new arg: args.config = ckpt/0301/15_base05_dumbTask1/config.yaml
Adding new arg: args.checkpoint = ckpt/0301/15_base05_dumbTask1/
Adding new arg: args.seed = 0
Adding new arg: args.visualize = 
Adding new arg: args.eval_generalization = False
Adding new arg: args.quick_debug = False
Adding new arg: args.gpu = 4,5,6,7
Overriding existing arg: args.batch_size = 768
Adding new arg: args.classifier_type = task
Adding new arg: args.num_class = 4
Overriding existing arg: args.normalize_2d = 0
Overriding existing arg: args.normalize_3d = 0
Adding new arg: args.use_task_id_as_prompt = False
Adding new arg: args.dumb_task = COPY,COPY2D,FPEhis,MPhis,MP2D,MC2D
Adding new arg: args.reverse_query_prompt = False
Adding new arg: args.shuffle_batch = False
Configs: {'tasks': ['PE', 'MP', 'MC', 'FPE'], 'task_to_flag': {'PE': 0, 'MP': 1, 'FPE': 2, 'MC': 3, '2DAR': 4, 'AR': 5, 'MIB': 6}, 'dataset_to_flag': {'H36M_3D': 0, 'AMASS': 1, 'PW3D_MESH': 2, 'H36M_MESH': 3}, 'flag_to_task': {'0': 'PE', '1': 'MP', '2': 'FPE', '3': 'MC', '4': '2DAR', '5': 'AR', '6': 'MIB'}, 'flag_to_dataset': {'0': 'H36M_3D', '1': 'AMASS', '2': 'PW3D_MESH', '3': 'H36M_MESH'}, 'task_metrics': {'PE': ['PE e1', 'PE e2'], 'MP': ['MP'], 'FPE': ['FPE'], 'MC': ['MC'], '2DAR': ['2DAR'], 'AR': ['AR']}, 'dataset_task_info': {'train': {'H36M_3D': ['PE', 'MP', 'FPE', 'MC'], 'AMASS': ['PE', 'MP', 'FPE', 'MC']}, 'test': {'H36M_3D': ['PE', 'MP', 'FPE', 'MC', 'MIB'], 'AMASS': ['PE', 'MP', 'FPE', 'MC', 'MIB'], 'PW3D_MESH': ['PE', 'MP', 'FPE', 'MC', 'MIB']}}, 'dataset_file': {'PW3D_MESH': 'data_icl_gen/processed_data/PW3D/mesh_det_pw3d.pkl', 'H36M_MESH': 'data_icl_gen/processed_data/H36M_MESH/mesh_det_h36m.pkl', 'H36M_3D': 'data_icl_gen/processed_data/H36M_3D/h36m_sh_conf_cam_source_final.pkl', 'AMASS': 'data_icl_gen/processed_data/AMASS/amass_joints_h36m_60.pkl'}, 'use_presave_data': True, 'normalize_2d': 0, 'normalize_3d': 0, 'aug': False, 'aug_shuffle_joints': False, 'clip_len': 16, 'max_len': 16, 'num_joint': 17, 'joint_mask_ratio': 0.4, 'frame_mask_ratio': 0.4, 'presave_folder': 'data_icl_gen/presave_data', 'dataset_config': {'H36M_3D': {'sample_stride': 1, 'data_stride_train': 16, 'data_stride_test': 32, 'read_confidence': False, 'rootrel_input': True, 'rootrel_target': True, 'flip': True, 'scale_3D': 1}, 'PW3D_MESH': {'sample_stride': 1, 'data_stride_train': 1, 'data_stride_test': 16, 'read_confidence': False, 'rootrel_input': True, 'rootrel_target': True, 'flip': True, 'return_3d': True}, 'AMASS': {'sample_stride': 1, 'data_stride_train': 64, 'data_stride_test': 128, 'read_confidence': False, 'rootrel_input': True, 'rootrel_target': True, 'flip': True, 'return_3d': True}, 'H36M_MESH': {'sample_stride': 1, 'data_stride_train': 32, 'data_stride_test': 32, 'read_confidence': False, 'rootrel_input': True, 'rootrel_target': True, 'flip': True, 'return_3d': True}}, 'data_root_path': 'data/non_default_ICL', 'func_ver': {'dataset_action_recognition': None, 'evaluate_action_recognition': None, 'train_epoch_action_recognition': None, 'dataset_non_AR': '3_ICL', 'evaluate_non_AR': '3_ICL', 'train_epoch_non_AR': '3_ICL', 'model_name': 'M06_MixSTE_v0_maxlen'}, 'current_as_history': True, 'rotate_prob': 0.25, 'keep_original_joints': True, 'use_partial_data': False, 'partial_data': {'datasets': {'PE': None, 'MP': None, 'FPE': None, 'MC': None}, 'train_stride': None, 'sample_stride': None, 'clip_len': None, 'num_joints': None, 'drop_ratios_MC': None, 'root_path': None, 'source_file_h36m': None, 'clip_len_2DAR': None, 'batch_size_2DAR': None, 'label_stride_2DAR': None}, 'full_data': {'datasets': {'PE': 'H36M', 'MP': 'AMASS', 'FPE': 'H36M_FPE', 'MC': '3DPW_MC', '2DAR': 'NTU60_2DAR'}, 'train_stride': 16, 'sample_stride': 1, 'clip_len': 16, 'num_joints': 17, 'drop_ratios_MC': [0.5], 'drop_ratios_MIB': [0.5], 'root_path': 'data', 'source_file_h36m': 'source_data/H36M.pkl', 'clip_len_2DAR': 9999999, 'batch_size_2DAR': 9999999, 'label_stride_2DAR': 9999999}, 'maxlen': 16, 'dim_in': 3, 'dim_out': 3, 'dim_feat': 256, 'mlp_ratio': 2, 'depth': 5, 'dim_rep': 256, 'num_heads': 8, 'att_fuse': True, 'merge_idx': 2, 'epochs': 120, 'batch_size': 768, 'test_batch_size': 512, 'dropout': 0.0, 'learning_rate': 0.0002, 'weight_decay': 0.01, 'lr_decay': 0.99, 'losses': {'mpjpe': 1.0, 'n_mpjpe': 0.0, 'velocity': 0.0, 'limb_var': 0.0, 'limb_gt': 0.0, 'angle': 0.0, 'angle_velocity': 0.0}, 'label_type_2DAR': 'default', 'rootrel_input': True, 'rootrel_input_2DAR': False, 'rootrel_target_MP': True, 'rootrel_target_PE': True, 'rootrel_target_FPE': True, 'flip_h36m_y_axis': False, 'flip_h36mFPE_y_axis': False, 'scale_h36m_skeleton': 2.0, 'scale_h36mFPE_skeleton': 2.0, 'no_eval': False, 'amass_to_h36m': [[2], [0], [3], [6], [1], [4], [7], [5], [8], [8, 11], [11], [10], [13], [15], [9], [12], [14]], 'name': 'config', 'config': 'ckpt/0301/15_base05_dumbTask1/config.yaml', 'checkpoint': 'ckpt/0301/15_base05_dumbTask1/', 'seed': 0, 'visualize': '', 'eval_generalization': False, 'quick_debug': False, 'gpu': '4,5,6,7', 'classifier_type': 'task', 'num_class': 4, 'use_task_id_as_prompt': False, 'dumb_task': 'COPY,COPY2D,FPEhis,MPhis,MP2D,MC2D', 'reverse_query_prompt': False, 'shuffle_batch': False, 'data': {'datasets': {'PE': 'H36M', 'MP': 'AMASS', 'FPE': 'H36M_FPE', 'MC': '3DPW_MC', '2DAR': 'NTU60_2DAR'}, 'train_stride': 16, 'sample_stride': 1, 'clip_len': 16, 'num_joints': 17, 'drop_ratios_MC': [0.5], 'drop_ratios_MIB': [0.5], 'root_path': 'data', 'source_file_h36m': 'source_data/H36M.pkl', 'clip_len_2DAR': 9999999, 'batch_size_2DAR': 9999999, 'label_stride_2DAR': 9999999}}

python train.py --config ckpt/0301/15_base05_dumbTask1/config.yaml -c ckpt/0301/15_base05_dumbTask1/ -gpu 4,5,6,7 -bs 768 -normalize_2d 0 -normalize_3d 0 -dumb_task COPY,COPY2D,FPEhis,MPhis,MP2D,MC2D

PID:  3604542

Loading dataset...
	Loading train data from [H36M_3D] for task: ['PE', 'MP', 'FPE', 'MC']... costs 3.81s... has 96596 samples
	Loading train data from [AMASS] for task: ['PE', 'MP', 'FPE', 'MC']... costs 4.95s... has 89678 samples
	Training (non-AR) sample count: 186274
	Loading test data from [H36M_3D] for task: ['PE']... costs 3.11s... has 17596 samples
	Loading test data from [H36M_3D] for task: ['MP']... costs 3.03s... has 17596 samples
	Loading test data from [H36M_3D] for task: ['FPE']... costs 3.06s... has 17596 samples
	Loading test data from [H36M_3D] for task: ['MC']... costs 3.20s... has 17596 samples
	Loading test data from [H36M_3D] for task: ['MIB']... costs 3.07s... has 17596 samples
	Loading test data from [AMASS] for task: ['PE']... costs 3.90s... has 15516 samples
	Loading test data from [AMASS] for task: ['MP']... costs 3.45s... has 15516 samples
	Loading test data from [AMASS] for task: ['FPE']... costs 3.51s... has 15516 samples
	Loading test data from [AMASS] for task: ['MC']... costs 3.80s... has 15516 samples
	Loading test data from [AMASS] for task: ['MIB']... costs 3.71s... has 15516 samples
	Loading test data from [PW3D_MESH] for task: ['PE']... costs 0.46s... has 2165 samples
	Loading test data from [PW3D_MESH] for task: ['MP']... costs 0.44s... has 2165 samples
	Loading test data from [PW3D_MESH] for task: ['FPE']... costs 0.44s... has 2165 samples
	Loading test data from [PW3D_MESH] for task: ['MC']... costs 0.45s... has 2165 samples
	Loading test data from [PW3D_MESH] for task: ['MIB']... costs 0.45s... has 2165 samples

Loading model...
	Model: M06_MixSTE_v0_maxlen
	Trainable parameter count: 235.739396M

Training on [['non_AR', 243]] batches for 120 epochs. batch size: 768
[1 start]
	Iter: 81/243; time cost: 29.07min; current batch has {'H36M_3D': 3990, 'AMASS': 3690} samples
	Iter: 162/243; time cost: 57.40min; current batch has {'H36M_3D': 4060, 'AMASS': 3620} samples
	Evaluating [3D Pose Estimation] on [H36M_3D]... costs 28.35s
	Evaluating [Motion Prediction] on [H36M_3D]... costs 22.39s
	Evaluating [Future Pose Estimation] on [H36M_3D]... costs 22.74s
	Evaluating [Motion Completion] on [H36M_3D]... costs 24.84s
	Evaluating [Motion In Between] on [H36M_3D]... costs 25.19s
	Evaluating [3D Pose Estimation] on [AMASS]... costs 20.27s
	Evaluating [Motion Prediction] on [AMASS]... costs 20.08s
	Evaluating [Future Pose Estimation] on [AMASS]... costs 20.58s
	Evaluating [Motion Completion] on [AMASS]... costs 22.34s
	Evaluating [Motion In Between] on [AMASS]... costs 22.17s
	Evaluating [3D Pose Estimation] on [PW3D_MESH]... costs 6.29s
	Evaluating [Motion Prediction] on [PW3D_MESH]... costs 6.09s
	Evaluating [Future Pose Estimation] on [PW3D_MESH]... costs 6.24s
	Evaluating [Motion Completion] on [PW3D_MESH]... costs 6.17s
	Evaluating [Motion In Between] on [PW3D_MESH]... costs 6.41s
+-------+------------+------------+--------------+--------------+---------------+--------------+---------------+------------+------------+-------------+------------+-------------+----------------+----------------+-----------------+----------------+-----------------+
| Epoch |     lr     | train_loss | H36M_3D | PE | H36M_3D | MP | H36M_3D | FPE | H36M_3D | MC | H36M_3D | MIB | AMASS | PE | AMASS | MP | AMASS | FPE | AMASS | MC | AMASS | MIB | PW3D_MESH | PE | PW3D_MESH | MP | PW3D_MESH | FPE | PW3D_MESH | MC | PW3D_MESH | MIB |
+-------+------------+------------+--------------+--------------+---------------+--------------+---------------+------------+------------+-------------+------------+-------------+----------------+----------------+-----------------+----------------+-----------------+
|   1   | 0.00020000 |  0.15215   |    166.16    |    79.09     |     80.72     |    120.83    |     113.45    |   140.71   |   152.07   |    152.29   |   186.94   |    204.45   |     250.75     |     152.13     |      252.43     |     308.19     |      209.02     |
+-------+------------+------------+--------------+--------------+---------------+--------------+---------------+------------+------------+-------------+------------+-------------+----------------+----------------+-----------------+----------------+-----------------+
	Saving best checkpoints: [H36M_3D,PE] [H36M_3D,MP] [H36M_3D,FPE] [H36M_3D,MC] [H36M_3D,MIB] [AMASS,PE] [AMASS,MP] [AMASS,FPE] [AMASS,MC] [AMASS,MIB] [PW3D_MESH,PE] [PW3D_MESH,MP] [PW3D_MESH,FPE] [PW3D_MESH,MC] [PW3D_MESH,MIB] 

[1 end] Time cost: 89.94min 	| lr: 0.00020000 	| train loss: 0.15214794526538472
[2 start]
	Iter: 81/243; time cost: 28.74min; current batch has {'H36M_3D': 3980, 'AMASS': 3700} samples
	Iter: 162/243; time cost: 57.06min; current batch has {'H36M_3D': 3930, 'AMASS': 3750} samples
	Evaluating [3D Pose Estimation] on [H36M_3D]... costs 24.72s
	Evaluating [Motion Prediction] on [H36M_3D]... costs 19.22s
	Evaluating [Future Pose Estimation] on [H36M_3D]... costs 19.24s
	Evaluating [Motion Completion] on [H36M_3D]... costs 21.90s
	Evaluating [Motion In Between] on [H36M_3D]... costs 21.62s
	Evaluating [3D Pose Estimation] on [AMASS]... costs 17.19s
	Evaluating [Motion Prediction] on [AMASS]... costs 17.21s
	Evaluating [Future Pose Estimation] on [AMASS]... costs 17.29s
	Evaluating [Motion Completion] on [AMASS]... costs 19.23s
	Evaluating [Motion In Between] on [AMASS]... costs 19.06s
	Evaluating [3D Pose Estimation] on [PW3D_MESH]... costs 3.01s
	Evaluating [Motion Prediction] on [PW3D_MESH]... costs 2.95s
	Evaluating [Future Pose Estimation] on [PW3D_MESH]... costs 3.01s
	Evaluating [Motion Completion] on [PW3D_MESH]... costs 3.31s
	Evaluating [Motion In Between] on [PW3D_MESH]... costs 3.23s
+-------+------------+------------+--------------+--------------+---------------+--------------+---------------+------------+------------+-------------+------------+-------------+----------------+----------------+-----------------+----------------+-----------------+
| Epoch |     lr     | train_loss | H36M_3D | PE | H36M_3D | MP | H36M_3D | FPE | H36M_3D | MC | H36M_3D | MIB | AMASS | PE | AMASS | MP | AMASS | FPE | AMASS | MC | AMASS | MIB | PW3D_MESH | PE | PW3D_MESH | MP | PW3D_MESH | FPE | PW3D_MESH | MC | PW3D_MESH | MIB |
+-------+------------+------------+--------------+--------------+---------------+--------------+---------------+------------+------------+-------------+------------+-------------+----------------+----------------+-----------------+----------------+-----------------+
|   2   | 0.00019800 |  0.06225   |    94.65     |    32.82     |     51.66     |    82.39     |     95.11     |   64.34    |   74.10    |    85.04    |   110.86   |    146.00   |     224.77     |     64.23      |      227.86     |     246.02     |      170.12     |
+-------+------------+------------+--------------+--------------+---------------+--------------+---------------+------------+------------+-------------+------------+-------------+----------------+----------------+-----------------+----------------+-----------------+
	Saving best checkpoints: [H36M_3D,PE] [H36M_3D,MP] [H36M_3D,FPE] [H36M_3D,MC] [H36M_3D,MIB] [AMASS,PE] [AMASS,MP] [AMASS,FPE] [AMASS,MC] [AMASS,MIB] [PW3D_MESH,PE] [PW3D_MESH,MP] [PW3D_MESH,FPE] [PW3D_MESH,MC] [PW3D_MESH,MIB] 

[2 end] Time cost: 90.89min 	| lr: 0.00019800 	| train loss: 0.06225051412394198
[3 start]
	Iter: 81/243; time cost: 28.73min; current batch has {'H36M_3D': 3930, 'AMASS': 3750} samples
	Iter: 162/243; time cost: 57.06min; current batch has {'H36M_3D': 3810, 'AMASS': 3870} samples
	Evaluating [3D Pose Estimation] on [H36M_3D]... costs 24.77s
	Evaluating [Motion Prediction] on [H36M_3D]... costs 19.17s
	Evaluating [Future Pose Estimation] on [H36M_3D]... costs 19.11s
	Evaluating [Motion Completion] on [H36M_3D]... costs 21.80s
	Evaluating [Motion In Between] on [H36M_3D]... costs 21.91s
	Evaluating [3D Pose Estimation] on [AMASS]... costs 16.98s
	Evaluating [Motion Prediction] on [AMASS]... costs 17.00s
	Evaluating [Future Pose Estimation] on [AMASS]... costs 17.09s
	Evaluating [Motion Completion] on [AMASS]... costs 19.12s
	Evaluating [Motion In Between] on [AMASS]... costs 19.01s
	Evaluating [3D Pose Estimation] on [PW3D_MESH]... costs 2.97s
	Evaluating [Motion Prediction] on [PW3D_MESH]... costs 2.96s
	Evaluating [Future Pose Estimation] on [PW3D_MESH]... costs 2.98s
	Evaluating [Motion Completion] on [PW3D_MESH]... costs 3.28s
	Evaluating [Motion In Between] on [PW3D_MESH]... costs 3.31s
+-------+------------+------------+--------------+--------------+---------------+--------------+---------------+------------+------------+-------------+------------+-------------+----------------+----------------+-----------------+----------------+-----------------+
| Epoch |     lr     | train_loss | H36M_3D | PE | H36M_3D | MP | H36M_3D | FPE | H36M_3D | MC | H36M_3D | MIB | AMASS | PE | AMASS | MP | AMASS | FPE | AMASS | MC | AMASS | MIB | PW3D_MESH | PE | PW3D_MESH | MP | PW3D_MESH | FPE | PW3D_MESH | MC | PW3D_MESH | MIB |
+-------+------------+------------+--------------+--------------+---------------+--------------+---------------+------------+------------+-------------+------------+-------------+----------------+----------------+-----------------+----------------+-----------------+
|   3   | 0.00019602 |  0.04177   |    73.28     |    22.55     |     39.48     |    55.68     |     65.70     |   50.24    |   55.09    |    63.67    |   86.80    |    128.06   |     227.32     |     44.33      |      229.66     |     253.48     |      121.16     |
+-------+------------+------------+--------------+--------------+---------------+--------------+---------------+------------+------------+-------------+------------+-------------+----------------+----------------+-----------------+----------------+-----------------+
	Saving best checkpoints: [H36M_3D,PE] [H36M_3D,MP] [H36M_3D,FPE] [H36M_3D,MC] [H36M_3D,MIB] [AMASS,PE] [AMASS,MP] [AMASS,FPE] [AMASS,MC] [AMASS,MIB] [PW3D_MESH,MP] [PW3D_MESH,MIB] 

[3 end] Time cost: 90.43min 	| lr: 0.00019602 	| train loss: 0.04177127322159026
[4 start]
	Iter: 81/243; time cost: 28.74min; current batch has {'H36M_3D': 4010, 'AMASS': 3670} samples
	Iter: 162/243; time cost: 57.07min; current batch has {'H36M_3D': 3990, 'AMASS': 3690} samples
	Evaluating [3D Pose Estimation] on [H36M_3D]... costs 24.50s
	Evaluating [Motion Prediction] on [H36M_3D]... costs 19.15s
	Evaluating [Future Pose Estimation] on [H36M_3D]... costs 19.23s
	Evaluating [Motion Completion] on [H36M_3D]... costs 21.76s
	Evaluating [Motion In Between] on [H36M_3D]... costs 21.83s
	Evaluating [3D Pose Estimation] on [AMASS]... costs 16.99s
	Evaluating [Motion Prediction] on [AMASS]... costs 17.04s
	Evaluating [Future Pose Estimation] on [AMASS]... costs 17.02s
	Evaluating [Motion Completion] on [AMASS]... costs 19.00s
	Evaluating [Motion In Between] on [AMASS]... costs 18.98s
	Evaluating [3D Pose Estimation] on [PW3D_MESH]... costs 2.94s
	Evaluating [Motion Prediction] on [PW3D_MESH]... costs 2.98s
	Evaluating [Future Pose Estimation] on [PW3D_MESH]... costs 3.00s
	Evaluating [Motion Completion] on [PW3D_MESH]... costs 3.29s
	Evaluating [Motion In Between] on [PW3D_MESH]... costs 3.29s
+-------+------------+------------+--------------+--------------+---------------+--------------+---------------+------------+------------+-------------+------------+-------------+----------------+----------------+-----------------+----------------+-----------------+
| Epoch |     lr     | train_loss | H36M_3D | PE | H36M_3D | MP | H36M_3D | FPE | H36M_3D | MC | H36M_3D | MIB | AMASS | PE | AMASS | MP | AMASS | FPE | AMASS | MC | AMASS | MIB | PW3D_MESH | PE | PW3D_MESH | MP | PW3D_MESH | FPE | PW3D_MESH | MC | PW3D_MESH | MIB |
+-------+------------+------------+--------------+--------------+---------------+--------------+---------------+------------+------------+-------------+------------+-------------+----------------+----------------+-----------------+----------------+-----------------+
|   4   | 0.00019406 |  0.03144   |    67.63     |    19.84     |     37.06     |    48.21     |     145.38    |   38.93    |   49.01    |    56.64    |   74.31    |    277.15   |     217.21     |     38.89      |      219.53     |     228.11     |      279.31     |
+-------+------------+------------+--------------+--------------+---------------+--------------+---------------+------------+------------+-------------+------------+-------------+----------------+----------------+-----------------+----------------+-----------------+
	Saving best checkpoints: [H36M_3D,PE] [H36M_3D,MP] [H36M_3D,FPE] [H36M_3D,MC] [AMASS,PE] [AMASS,MP] [AMASS,FPE] [AMASS,MC] [PW3D_MESH,PE] [PW3D_MESH,MP] [PW3D_MESH,FPE] [PW3D_MESH,MC] 

[4 end] Time cost: 90.42min 	| lr: 0.00019406 	| train loss: 0.031444740328885556
[5 start]
	Iter: 81/243; time cost: 28.72min; current batch has {'H36M_3D': 3840, 'AMASS': 3840} samples
	Iter: 162/243; time cost: 57.06min; current batch has {'H36M_3D': 4040, 'AMASS': 3640} samples
	Evaluating [3D Pose Estimation] on [H36M_3D]... costs 24.43s
	Evaluating [Motion Prediction] on [H36M_3D]... costs 19.18s
	Evaluating [Future Pose Estimation] on [H36M_3D]... costs 19.23s
	Evaluating [Motion Completion] on [H36M_3D]... costs 21.82s
	Evaluating [Motion In Between] on [H36M_3D]... costs 21.78s
	Evaluating [3D Pose Estimation] on [AMASS]... costs 17.00s
	Evaluating [Motion Prediction] on [AMASS]... costs 17.01s
	Evaluating [Future Pose Estimation] on [AMASS]... costs 17.07s
	Evaluating [Motion Completion] on [AMASS]... costs 18.93s
	Evaluating [Motion In Between] on [AMASS]... costs 19.02s
	Evaluating [3D Pose Estimation] on [PW3D_MESH]... costs 2.96s
	Evaluating [Motion Prediction] on [PW3D_MESH]... costs 3.04s
	Evaluating [Future Pose Estimation] on [PW3D_MESH]... costs 3.02s
	Evaluating [Motion Completion] on [PW3D_MESH]... costs 3.28s
	Evaluating [Motion In Between] on [PW3D_MESH]... costs 3.31s
+-------+------------+------------+--------------+--------------+---------------+--------------+---------------+------------+------------+-------------+------------+-------------+----------------+----------------+-----------------+----------------+-----------------+
| Epoch |     lr     | train_loss | H36M_3D | PE | H36M_3D | MP | H36M_3D | FPE | H36M_3D | MC | H36M_3D | MIB | AMASS | PE | AMASS | MP | AMASS | FPE | AMASS | MC | AMASS | MIB | PW3D_MESH | PE | PW3D_MESH | MP | PW3D_MESH | FPE | PW3D_MESH | MC | PW3D_MESH | MIB |
+-------+------------+------------+--------------+--------------+---------------+--------------+---------------+------------+------------+-------------+------------+-------------+----------------+----------------+-----------------+----------------+-----------------+
|   5   | 0.00019212 |  0.02683   |    64.40     |    15.87     |     35.40     |    43.25     |     196.62    |   30.64    |   37.71    |    48.44    |   64.02    |    404.92   |     219.04     |     30.56      |      220.76     |     206.79     |      402.42     |
+-------+------------+------------+--------------+--------------+---------------+--------------+---------------+------------+------------+-------------+------------+-------------+----------------+----------------+-----------------+----------------+-----------------+
	Saving best checkpoints: [H36M_3D,PE] [H36M_3D,MP] [H36M_3D,FPE] [H36M_3D,MC] [AMASS,PE] [AMASS,MP] [AMASS,FPE] [AMASS,MC] [PW3D_MESH,MP] [PW3D_MESH,MC] 

[5 end] Time cost: 90.13min 	| lr: 0.00019212 	| train loss: 0.026825334559680752
[6 start]
	Iter: 81/243; time cost: 28.75min; current batch has {'H36M_3D': 3910, 'AMASS': 3770} samples
	Iter: 162/243; time cost: 57.20min; current batch has {'H36M_3D': 4010, 'AMASS': 3670} samples
	Evaluating [3D Pose Estimation] on [H36M_3D]... costs 24.93s
	Evaluating [Motion Prediction] on [H36M_3D]... costs 19.46s
	Evaluating [Future Pose Estimation] on [H36M_3D]... costs 19.30s
	Evaluating [Motion Completion] on [H36M_3D]... costs 22.30s
	Evaluating [Motion In Between] on [H36M_3D]... costs 22.09s
	Evaluating [3D Pose Estimation] on [AMASS]... costs 17.18s
	Evaluating [Motion Prediction] on [AMASS]... costs 17.13s
	Evaluating [Future Pose Estimation] on [AMASS]... costs 17.30s
	Evaluating [Motion Completion] on [AMASS]... costs 19.44s
	Evaluating [Motion In Between] on [AMASS]... costs 19.25s
	Evaluating [3D Pose Estimation] on [PW3D_MESH]... costs 3.03s
	Evaluating [Motion Prediction] on [PW3D_MESH]... costs 2.96s
	Evaluating [Future Pose Estimation] on [PW3D_MESH]... costs 3.03s
	Evaluating [Motion Completion] on [PW3D_MESH]... costs 3.40s
	Evaluating [Motion In Between] on [PW3D_MESH]... costs 3.28s
+-------+------------+------------+--------------+--------------+---------------+--------------+---------------+------------+------------+-------------+------------+-------------+----------------+----------------+-----------------+----------------+-----------------+
| Epoch |     lr     | train_loss | H36M_3D | PE | H36M_3D | MP | H36M_3D | FPE | H36M_3D | MC | H36M_3D | MIB | AMASS | PE | AMASS | MP | AMASS | FPE | AMASS | MC | AMASS | MIB | PW3D_MESH | PE | PW3D_MESH | MP | PW3D_MESH | FPE | PW3D_MESH | MC | PW3D_MESH | MIB |
+-------+------------+------------+--------------+--------------+---------------+--------------+---------------+------------+------------+-------------+------------+-------------+----------------+----------------+-----------------+----------------+-----------------+
|   6   | 0.00019020 |  0.02301   |    63.54     |    14.50     |     34.86     |    40.33     |     118.77    |   27.97    |   31.90    |    43.71    |   59.38    |    294.00   |     215.77     |     27.13      |      216.71     |     198.74     |      279.45     |
+-------+------------+------------+--------------+--------------+---------------+--------------+---------------+------------+------------+-------------+------------+-------------+----------------+----------------+-----------------+----------------+-----------------+
	Saving best checkpoints: [H36M_3D,PE] [H36M_3D,MP] [H36M_3D,FPE] [H36M_3D,MC] [AMASS,PE] [AMASS,MP] [AMASS,FPE] [AMASS,MC] [PW3D_MESH,PE] [PW3D_MESH,MP] [PW3D_MESH,FPE] [PW3D_MESH,MC] 

[6 end] Time cost: 90.74min 	| lr: 0.00019020 	| train loss: 0.023009656014048356
[7 start]
