Adding new arg: args.config = ckpt/0301/08_base05_ShuffleBatch/config.yaml
Adding new arg: args.checkpoint = ckpt/0301/08_base05_ShuffleBatch/
Adding new arg: args.seed = 0
Adding new arg: args.visualize = 
Adding new arg: args.eval_generalization = False
Adding new arg: args.quick_debug = False
Adding new arg: args.gpu = 6,7
Overriding existing arg: args.batch_size = 384
Adding new arg: args.classifier_type = task
Adding new arg: args.num_class = 4
Overriding existing arg: args.normalize_2d = 0
Overriding existing arg: args.normalize_3d = 0
Adding new arg: args.use_task_id_as_prompt = False
Adding new arg: args.reverse_query_prompt = False
Adding new arg: args.shuffle_batch = True
Configs: {'tasks': ['PE', 'MP', 'MC', 'FPE'], 'task_to_flag': {'PE': 0, 'MP': 1, 'FPE': 2, 'MC': 3, '2DAR': 4, 'AR': 5, 'MIB': 6}, 'dataset_to_flag': {'H36M_3D': 0, 'AMASS': 1, 'PW3D_MESH': 2, 'H36M_MESH': 3}, 'flag_to_task': {'0': 'PE', '1': 'MP', '2': 'FPE', '3': 'MC', '4': '2DAR', '5': 'AR', '6': 'MIB'}, 'flag_to_dataset': {'0': 'H36M_3D', '1': 'AMASS', '2': 'PW3D_MESH', '3': 'H36M_MESH'}, 'task_metrics': {'PE': ['PE e1', 'PE e2'], 'MP': ['MP'], 'FPE': ['FPE'], 'MC': ['MC'], '2DAR': ['2DAR'], 'AR': ['AR']}, 'dataset_task_info': {'train': {'H36M_3D': ['PE', 'MP', 'FPE', 'MC'], 'AMASS': ['PE', 'MP', 'FPE', 'MC']}, 'test': {'H36M_3D': ['PE', 'MP', 'FPE', 'MC', 'MIB'], 'AMASS': ['PE', 'MP', 'FPE', 'MC', 'MIB'], 'PW3D_MESH': ['PE', 'MP', 'FPE', 'MC', 'MIB']}}, 'dataset_file': {'PW3D_MESH': 'data_icl_gen/processed_data/PW3D/mesh_det_pw3d.pkl', 'H36M_MESH': 'data_icl_gen/processed_data/H36M_MESH/mesh_det_h36m.pkl', 'H36M_3D': 'data_icl_gen/processed_data/H36M_3D/h36m_sh_conf_cam_source_final.pkl', 'AMASS': 'data_icl_gen/processed_data/AMASS/amass_joints_h36m_60.pkl'}, 'use_presave_data': True, 'normalize_2d': 0, 'normalize_3d': 0, 'aug': False, 'aug_shuffle_joints': False, 'clip_len': 16, 'max_len': 16, 'num_joint': 17, 'joint_mask_ratio': 0.4, 'frame_mask_ratio': 0.4, 'presave_folder': 'data_icl_gen/presave_data', 'dataset_config': {'H36M_3D': {'sample_stride': 1, 'data_stride_train': 16, 'data_stride_test': 32, 'read_confidence': False, 'rootrel_input': True, 'rootrel_target': True, 'flip': True, 'scale_3D': 1}, 'PW3D_MESH': {'sample_stride': 1, 'data_stride_train': 1, 'data_stride_test': 16, 'read_confidence': False, 'rootrel_input': True, 'rootrel_target': True, 'flip': True, 'return_3d': True}, 'AMASS': {'sample_stride': 1, 'data_stride_train': 64, 'data_stride_test': 128, 'read_confidence': False, 'rootrel_input': True, 'rootrel_target': True, 'flip': True}, 'H36M_MESH': {'sample_stride': 1, 'data_stride_train': 32, 'data_stride_test': 32, 'read_confidence': False, 'rootrel_input': True, 'rootrel_target': True, 'flip': True, 'return_3d': True}}, 'data_root_path': 'data/non_default_ICL', 'func_ver': {'dataset_action_recognition': None, 'evaluate_action_recognition': None, 'train_epoch_action_recognition': None, 'dataset_non_AR': '3_ICL', 'evaluate_non_AR': '3_ICL', 'train_epoch_non_AR': '3_ICL', 'model_name': 'M06_MixSTE_v0_maxlen'}, 'current_as_history': True, 'rotate_prob': 0.25, 'keep_original_joints': True, 'use_partial_data': False, 'partial_data': {'datasets': {'PE': None, 'MP': None, 'FPE': None, 'MC': None}, 'train_stride': None, 'sample_stride': None, 'clip_len': None, 'num_joints': None, 'drop_ratios_MC': None, 'root_path': None, 'source_file_h36m': None, 'clip_len_2DAR': None, 'batch_size_2DAR': None, 'label_stride_2DAR': None}, 'full_data': {'datasets': {'PE': 'H36M', 'MP': 'AMASS', 'FPE': 'H36M_FPE', 'MC': '3DPW_MC', '2DAR': 'NTU60_2DAR'}, 'train_stride': 16, 'sample_stride': 1, 'clip_len': 16, 'num_joints': 17, 'drop_ratios_MC': [0.5], 'drop_ratios_MIB': [0.5], 'root_path': 'data', 'source_file_h36m': 'source_data/H36M.pkl', 'clip_len_2DAR': 9999999, 'batch_size_2DAR': 9999999, 'label_stride_2DAR': 9999999}, 'maxlen': 16, 'dim_in': 3, 'dim_out': 3, 'dim_feat': 256, 'mlp_ratio': 2, 'depth': 5, 'dim_rep': 256, 'num_heads': 8, 'att_fuse': True, 'merge_idx': 2, 'epochs': 120, 'batch_size': 384, 'test_batch_size': 512, 'dropout': 0.0, 'learning_rate': 0.0002, 'weight_decay': 0.01, 'lr_decay': 0.99, 'losses': {'mpjpe': 1.0, 'n_mpjpe': 0.0, 'velocity': 0.0, 'limb_var': 0.0, 'limb_gt': 0.0, 'angle': 0.0, 'angle_velocity': 0.0}, 'label_type_2DAR': 'default', 'rootrel_input': True, 'rootrel_input_2DAR': False, 'rootrel_target_MP': True, 'rootrel_target_PE': True, 'rootrel_target_FPE': True, 'flip_h36m_y_axis': False, 'flip_h36mFPE_y_axis': False, 'scale_h36m_skeleton': 2.0, 'scale_h36mFPE_skeleton': 2.0, 'no_eval': False, 'amass_to_h36m': [[2], [0], [3], [6], [1], [4], [7], [5], [8], [8, 11], [11], [10], [13], [15], [9], [12], [14]], 'name': 'config', 'config': 'ckpt/0301/08_base05_ShuffleBatch/config.yaml', 'checkpoint': 'ckpt/0301/08_base05_ShuffleBatch/', 'seed': 0, 'visualize': '', 'eval_generalization': False, 'quick_debug': False, 'gpu': '6,7', 'classifier_type': 'task', 'num_class': 4, 'use_task_id_as_prompt': False, 'reverse_query_prompt': False, 'shuffle_batch': True, 'data': {'datasets': {'PE': 'H36M', 'MP': 'AMASS', 'FPE': 'H36M_FPE', 'MC': '3DPW_MC', '2DAR': 'NTU60_2DAR'}, 'train_stride': 16, 'sample_stride': 1, 'clip_len': 16, 'num_joints': 17, 'drop_ratios_MC': [0.5], 'drop_ratios_MIB': [0.5], 'root_path': 'data', 'source_file_h36m': 'source_data/H36M.pkl', 'clip_len_2DAR': 9999999, 'batch_size_2DAR': 9999999, 'label_stride_2DAR': 9999999}}

python train.py --config ckpt/0301/08_base05_ShuffleBatch/config.yaml -c ckpt/0301/08_base05_ShuffleBatch/ -gpu 6,7 -bs 384 -normalize_2d 0 -normalize_3d 0 -shuffle_batch

PID:  1036126

Loading dataset...
	Loading train data from [H36M_3D] for task: ['PE', 'MP', 'FPE', 'MC']... costs 3.95s... has 96596 samples
	Loading train data from [AMASS] for task: ['PE', 'MP', 'FPE', 'MC']... costs 5.11s... has 89678 samples
	Training (non-AR) sample count: 186274
	Loading test data from [H36M_3D] for task: ['PE']... costs 2.99s... has 17596 samples
	Loading test data from [H36M_3D] for task: ['MP']... costs 2.95s... has 17596 samples
	Loading test data from [H36M_3D] for task: ['FPE']... costs 2.94s... has 17596 samples
	Loading test data from [H36M_3D] for task: ['MC']... costs 3.18s... has 17596 samples
	Loading test data from [H36M_3D] for task: ['MIB']... costs 2.97s... has 17596 samples
	Loading test data from [AMASS] for task: ['PE']... costs 3.83s... has 15516 samples
	Loading test data from [AMASS] for task: ['MP']... costs 3.55s... has 15516 samples
	Loading test data from [AMASS] for task: ['FPE']... costs 3.52s... has 15516 samples
	Loading test data from [AMASS] for task: ['MC']... costs 3.53s... has 15516 samples
	Loading test data from [AMASS] for task: ['MIB']... costs 3.54s... has 15516 samples
	Loading test data from [PW3D_MESH] for task: ['PE']... costs 0.46s... has 2165 samples
	Loading test data from [PW3D_MESH] for task: ['MP']... costs 0.44s... has 2165 samples
	Loading test data from [PW3D_MESH] for task: ['FPE']... costs 0.44s... has 2165 samples
	Loading test data from [PW3D_MESH] for task: ['MC']... costs 0.46s... has 2165 samples
	Loading test data from [PW3D_MESH] for task: ['MIB']... costs 0.46s... has 2165 samples

Loading model...
	Model: M06_MixSTE_v0_maxlen
	Trainable parameter count: 235.739396M

Training on [['non_AR', 486]] batches for 120 epochs. batch size: 384
[1 start]
	Iter: 162/486; time cost: 21.90min; current batch has {'H36M_3D': 812, 'AMASS': 724} samples
	Iter: 324/486; time cost: 43.50min; current batch has {'H36M_3D': 812, 'AMASS': 724} samples
	Evaluating [3D Pose Estimation] on [H36M_3D]... costs 40.34s
	Evaluating [Motion Prediction] on [H36M_3D]... costs 33.93s
	Evaluating [Future Pose Estimation] on [H36M_3D]... costs 33.60s
	Evaluating [Motion Completion] on [H36M_3D]... costs 36.56s
	Evaluating [Motion In Between] on [H36M_3D]... costs 35.66s
	Evaluating [Future Pose Estimation] on [AMASS]... costs 30.10s
	Evaluating [Motion Prediction] on [AMASS]... costs 30.13s
	Evaluating [Future Pose Estimation] on [AMASS]... costs 29.93s
	Evaluating [Motion Completion] on [AMASS]... costs 31.94s
	Evaluating [Motion In Between] on [AMASS]... costs 31.92s
	Evaluating [Future Pose Estimation] on [PW3D_MESH]... costs 7.75s
	Evaluating [Motion Prediction] on [PW3D_MESH]... costs 7.79s
	Evaluating [Future Pose Estimation] on [PW3D_MESH]... costs 7.93s
	Evaluating [Motion Completion] on [PW3D_MESH]... costs 7.95s
	Evaluating [Motion In Between] on [PW3D_MESH]... costs 8.00s
+-------+------------+------------+--------------+--------------+---------------+--------------+---------------+------------+------------+-------------+------------+-------------+----------------+----------------+-----------------+----------------+-----------------+
| Epoch |     lr     | train_loss | H36M_3D | PE | H36M_3D | MP | H36M_3D | FPE | H36M_3D | MC | H36M_3D | MIB | AMASS | PE | AMASS | MP | AMASS | FPE | AMASS | MC | AMASS | MIB | PW3D_MESH | PE | PW3D_MESH | MP | PW3D_MESH | FPE | PW3D_MESH | MC | PW3D_MESH | MIB |
+-------+------------+------------+--------------+--------------+---------------+--------------+---------------+------------+------------+-------------+------------+-------------+----------------+----------------+-----------------+----------------+-----------------+
|   1   | 0.00020000 |  0.19839   |    298.38    |    76.34     |     76.87     |    115.56    |     116.20    |   161.24   |   164.01   |    163.81   |   238.66   |    251.71   |     202.75     |     153.60     |      206.09     |     274.67     |      218.89     |
+-------+------------+------------+--------------+--------------+---------------+--------------+---------------+------------+------------+-------------+------------+-------------+----------------+----------------+-----------------+----------------+-----------------+
	Saving best checkpoints: [H36M_3D,PE] [H36M_3D,MP] [H36M_3D,FPE] [H36M_3D,MC] [H36M_3D,MIB] [AMASS,PE] [AMASS,MP] [AMASS,FPE] [AMASS,MC] [AMASS,MIB] [PW3D_MESH,PE] [PW3D_MESH,MP] [PW3D_MESH,FPE] [PW3D_MESH,MC] [PW3D_MESH,MIB] 

[1 end] Time cost: 71.49min 	| lr: 0.00020000 	| train loss: 0.1983945834796371
[2 start]
	Iter: 162/486; time cost: 21.77min; current batch has {'H36M_3D': 776, 'AMASS': 760} samples
	Iter: 324/486; time cost: 43.41min; current batch has {'H36M_3D': 840, 'AMASS': 696} samples
	Evaluating [3D Pose Estimation] on [H36M_3D]... costs 35.09s
	Evaluating [Motion Prediction] on [H36M_3D]... costs 29.78s
	Evaluating [Future Pose Estimation] on [H36M_3D]... costs 29.66s
	Evaluating [Motion Completion] on [H36M_3D]... costs 32.06s
	Evaluating [Motion In Between] on [H36M_3D]... costs 32.24s
	Evaluating [Future Pose Estimation] on [AMASS]... costs 26.16s
	Evaluating [Motion Prediction] on [AMASS]... costs 26.35s
	Evaluating [Future Pose Estimation] on [AMASS]... costs 26.10s
	Evaluating [Motion Completion] on [AMASS]... costs 28.18s
	Evaluating [Motion In Between] on [AMASS]... costs 28.01s
	Evaluating [Future Pose Estimation] on [PW3D_MESH]... costs 3.96s
	Evaluating [Motion Prediction] on [PW3D_MESH]... costs 3.82s
	Evaluating [Future Pose Estimation] on [PW3D_MESH]... costs 3.80s
	Evaluating [Motion Completion] on [PW3D_MESH]... costs 4.15s
	Evaluating [Motion In Between] on [PW3D_MESH]... costs 4.17s
+-------+------------+------------+--------------+--------------+---------------+--------------+---------------+------------+------------+-------------+------------+-------------+----------------+----------------+-----------------+----------------+-----------------+
| Epoch |     lr     | train_loss | H36M_3D | PE | H36M_3D | MP | H36M_3D | FPE | H36M_3D | MC | H36M_3D | MIB | AMASS | PE | AMASS | MP | AMASS | FPE | AMASS | MC | AMASS | MIB | PW3D_MESH | PE | PW3D_MESH | MP | PW3D_MESH | FPE | PW3D_MESH | MC | PW3D_MESH | MIB |
+-------+------------+------------+--------------+--------------+---------------+--------------+---------------+------------+------------+-------------+------------+-------------+----------------+----------------+-----------------+----------------+-----------------+
|   2   | 0.00019800 |  0.07423   |    333.51    |    31.21     |     42.12     |    61.60     |     87.12     |   74.96    |   57.21    |    77.95    |   100.71   |    203.16   |     154.16     |     70.57      |      158.66     |     173.60     |      195.66     |
+-------+------------+------------+--------------+--------------+---------------+--------------+---------------+------------+------------+-------------+------------+-------------+----------------+----------------+-----------------+----------------+-----------------+
	Saving best checkpoints: [H36M_3D,MP] [H36M_3D,FPE] [H36M_3D,MC] [H36M_3D,MIB] [AMASS,PE] [AMASS,MP] [AMASS,FPE] [AMASS,MC] [AMASS,MIB] [PW3D_MESH,PE] [PW3D_MESH,MP] [PW3D_MESH,FPE] [PW3D_MESH,MC] [PW3D_MESH,MIB] 

[2 end] Time cost: 72.28min 	| lr: 0.00019800 	| train loss: 0.07423457603504337
[3 start]
	Iter: 162/486; time cost: 21.88min; current batch has {'H36M_3D': 776, 'AMASS': 760} samples
	Iter: 324/486; time cost: 43.59min; current batch has {'H36M_3D': 864, 'AMASS': 672} samples
	Evaluating [3D Pose Estimation] on [H36M_3D]... costs 35.47s
	Evaluating [Motion Prediction] on [H36M_3D]... costs 29.71s
	Evaluating [Future Pose Estimation] on [H36M_3D]... costs 29.76s
	Evaluating [Motion Completion] on [H36M_3D]... costs 32.33s
	Evaluating [Motion In Between] on [H36M_3D]... costs 32.26s
	Evaluating [Future Pose Estimation] on [AMASS]... costs 26.35s
	Evaluating [Motion Prediction] on [AMASS]... costs 26.16s
	Evaluating [Future Pose Estimation] on [AMASS]... costs 26.25s
	Evaluating [Motion Completion] on [AMASS]... costs 28.30s
	Evaluating [Motion In Between] on [AMASS]... costs 28.27s
	Evaluating [Future Pose Estimation] on [PW3D_MESH]... costs 3.81s
	Evaluating [Motion Prediction] on [PW3D_MESH]... costs 4.05s
	Evaluating [Future Pose Estimation] on [PW3D_MESH]... costs 3.82s
	Evaluating [Motion Completion] on [PW3D_MESH]... costs 4.25s
	Evaluating [Motion In Between] on [PW3D_MESH]... costs 4.11s
+-------+------------+------------+--------------+--------------+---------------+--------------+---------------+------------+------------+-------------+------------+-------------+----------------+----------------+-----------------+----------------+-----------------+
| Epoch |     lr     | train_loss | H36M_3D | PE | H36M_3D | MP | H36M_3D | FPE | H36M_3D | MC | H36M_3D | MIB | AMASS | PE | AMASS | MP | AMASS | FPE | AMASS | MC | AMASS | MIB | PW3D_MESH | PE | PW3D_MESH | MP | PW3D_MESH | FPE | PW3D_MESH | MC | PW3D_MESH | MIB |
+-------+------------+------------+--------------+--------------+---------------+--------------+---------------+------------+------------+-------------+------------+-------------+----------------+----------------+-----------------+----------------+-----------------+
|   3   | 0.00019602 |  0.04207   |    340.05    |    31.16     |     42.01     |    57.28     |     95.30     |   68.17    |   51.66    |    71.99    |   87.85    |    233.08   |     158.34     |     65.89      |      163.96     |     142.45     |      240.84     |
+-------+------------+------------+--------------+--------------+---------------+--------------+---------------+------------+------------+-------------+------------+-------------+----------------+----------------+-----------------+----------------+-----------------+
	Saving best checkpoints: [H36M_3D,MP] [H36M_3D,FPE] [H36M_3D,MC] [AMASS,PE] [AMASS,MP] [AMASS,FPE] [AMASS,MC] [PW3D_MESH,MP] [PW3D_MESH,MC] 

[3 end] Time cost: 71.83min 	| lr: 0.00019602 	| train loss: 0.042073283106518554
[4 start]
	Iter: 162/486; time cost: 21.82min; current batch has {'H36M_3D': 824, 'AMASS': 712} samples
	Iter: 324/486; time cost: 43.52min; current batch has {'H36M_3D': 772, 'AMASS': 764} samples
	Evaluating [3D Pose Estimation] on [H36M_3D]... costs 35.11s
	Evaluating [Motion Prediction] on [H36M_3D]... costs 29.98s
	Evaluating [Future Pose Estimation] on [H36M_3D]... costs 29.96s
	Evaluating [Motion Completion] on [H36M_3D]... costs 32.53s
	Evaluating [Motion In Between] on [H36M_3D]... costs 32.44s
	Evaluating [Future Pose Estimation] on [AMASS]... costs 26.24s
	Evaluating [Motion Prediction] on [AMASS]... costs 26.43s
	Evaluating [Future Pose Estimation] on [AMASS]... costs 26.24s
	Evaluating [Motion Completion] on [AMASS]... costs 28.39s
	Evaluating [Motion In Between] on [AMASS]... costs 28.08s
	Evaluating [Future Pose Estimation] on [PW3D_MESH]... costs 3.82s
	Evaluating [Motion Prediction] on [PW3D_MESH]... costs 3.95s
	Evaluating [Future Pose Estimation] on [PW3D_MESH]... costs 3.82s
	Evaluating [Motion Completion] on [PW3D_MESH]... costs 4.17s
	Evaluating [Motion In Between] on [PW3D_MESH]... costs 4.10s
+-------+------------+------------+--------------+--------------+---------------+--------------+---------------+------------+------------+-------------+------------+-------------+----------------+----------------+-----------------+----------------+-----------------+
| Epoch |     lr     | train_loss | H36M_3D | PE | H36M_3D | MP | H36M_3D | FPE | H36M_3D | MC | H36M_3D | MIB | AMASS | PE | AMASS | MP | AMASS | FPE | AMASS | MC | AMASS | MIB | PW3D_MESH | PE | PW3D_MESH | MP | PW3D_MESH | FPE | PW3D_MESH | MC | PW3D_MESH | MIB |
+-------+------------+------------+--------------+--------------+---------------+--------------+---------------+------------+------------+-------------+------------+-------------+----------------+----------------+-----------------+----------------+-----------------+
|   4   | 0.00019406 |  0.03559   |    334.47    |    20.68     |     32.36     |    46.02     |     119.13    |   53.49    |   42.90    |    64.59    |   73.80    |    273.12   |     165.88     |     60.72      |      168.19     |     144.93     |      273.39     |
+-------+------------+------------+--------------+--------------+---------------+--------------+---------------+------------+------------+-------------+------------+-------------+----------------+----------------+-----------------+----------------+-----------------+
	Saving best checkpoints: [H36M_3D,MP] [H36M_3D,FPE] [H36M_3D,MC] [AMASS,PE] [AMASS,MP] [AMASS,FPE] [AMASS,MC] [PW3D_MESH,MP] 

[4 end] Time cost: 71.61min 	| lr: 0.00019406 	| train loss: 0.03559452066910998
[5 start]
	Iter: 162/486; time cost: 21.85min; current batch has {'H36M_3D': 816, 'AMASS': 720} samples
	Iter: 324/486; time cost: 43.56min; current batch has {'H36M_3D': 808, 'AMASS': 728} samples
	Evaluating [3D Pose Estimation] on [H36M_3D]... costs 35.27s
	Evaluating [Motion Prediction] on [H36M_3D]... costs 29.89s
	Evaluating [Future Pose Estimation] on [H36M_3D]... costs 29.77s
	Evaluating [Motion Completion] on [H36M_3D]... costs 32.39s
	Evaluating [Motion In Between] on [H36M_3D]... costs 32.24s
	Evaluating [Future Pose Estimation] on [AMASS]... costs 26.22s
	Evaluating [Motion Prediction] on [AMASS]... costs 26.47s
	Evaluating [Future Pose Estimation] on [AMASS]... costs 26.31s
	Evaluating [Motion Completion] on [AMASS]... costs 28.33s
	Evaluating [Motion In Between] on [AMASS]... costs 28.13s
	Evaluating [Future Pose Estimation] on [PW3D_MESH]... costs 3.83s
	Evaluating [Motion Prediction] on [PW3D_MESH]... costs 3.96s
	Evaluating [Future Pose Estimation] on [PW3D_MESH]... costs 3.83s
	Evaluating [Motion Completion] on [PW3D_MESH]... costs 4.11s
	Evaluating [Motion In Between] on [PW3D_MESH]... costs 4.14s
+-------+------------+------------+--------------+--------------+---------------+--------------+---------------+------------+------------+-------------+------------+-------------+----------------+----------------+-----------------+----------------+-----------------+
| Epoch |     lr     | train_loss | H36M_3D | PE | H36M_3D | MP | H36M_3D | FPE | H36M_3D | MC | H36M_3D | MIB | AMASS | PE | AMASS | MP | AMASS | FPE | AMASS | MC | AMASS | MIB | PW3D_MESH | PE | PW3D_MESH | MP | PW3D_MESH | FPE | PW3D_MESH | MC | PW3D_MESH | MIB |
+-------+------------+------------+--------------+--------------+---------------+--------------+---------------+------------+------------+-------------+------------+-------------+----------------+----------------+-----------------+----------------+-----------------+
|   5   | 0.00019212 |  0.03039   |    331.58    |    13.38     |     28.02     |    39.39     |     128.05    |   41.01    |   34.52    |    52.29    |   64.69    |    236.76   |     167.37     |     56.03      |      168.89     |     117.68     |      258.90     |
+-------+------------+------------+--------------+--------------+---------------+--------------+---------------+------------+------------+-------------+------------+-------------+----------------+----------------+-----------------+----------------+-----------------+
	Saving best checkpoints: [H36M_3D,MP] [H36M_3D,FPE] [H36M_3D,MC] [AMASS,PE] [AMASS,MP] [AMASS,FPE] [AMASS,MC] [PW3D_MESH,MP] [PW3D_MESH,MC] 

[5 end] Time cost: 71.78min 	| lr: 0.00019212 	| train loss: 0.030390668624895926
[6 start]
	Iter: 162/486; time cost: 21.86min; current batch has {'H36M_3D': 808, 'AMASS': 728} samples
	Iter: 324/486; time cost: 43.59min; current batch has {'H36M_3D': 772, 'AMASS': 764} samples
	Evaluating [3D Pose Estimation] on [H36M_3D]... costs 35.11s
	Evaluating [Motion Prediction] on [H36M_3D]... costs 29.71s
	Evaluating [Future Pose Estimation] on [H36M_3D]... costs 29.93s
	Evaluating [Motion Completion] on [H36M_3D]... costs 32.23s
	Evaluating [Motion In Between] on [H36M_3D]... costs 32.30s
	Evaluating [Future Pose Estimation] on [AMASS]... costs 26.48s
	Evaluating [Motion Prediction] on [AMASS]... costs 26.41s
	Evaluating [Future Pose Estimation] on [AMASS]... costs 26.23s
	Evaluating [Motion Completion] on [AMASS]... costs 28.33s
	Evaluating [Motion In Between] on [AMASS]... costs 28.29s
	Evaluating [Future Pose Estimation] on [PW3D_MESH]... costs 3.86s
	Evaluating [Motion Prediction] on [PW3D_MESH]... costs 3.85s
	Evaluating [Future Pose Estimation] on [PW3D_MESH]... costs 3.83s
	Evaluating [Motion Completion] on [PW3D_MESH]... costs 4.17s
	Evaluating [Motion In Between] on [PW3D_MESH]... costs 4.27s
+-------+------------+------------+--------------+--------------+---------------+--------------+---------------+------------+------------+-------------+------------+-------------+----------------+----------------+-----------------+----------------+-----------------+
| Epoch |     lr     | train_loss | H36M_3D | PE | H36M_3D | MP | H36M_3D | FPE | H36M_3D | MC | H36M_3D | MIB | AMASS | PE | AMASS | MP | AMASS | FPE | AMASS | MC | AMASS | MIB | PW3D_MESH | PE | PW3D_MESH | MP | PW3D_MESH | FPE | PW3D_MESH | MC | PW3D_MESH | MIB |
+-------+------------+------------+--------------+--------------+---------------+--------------+---------------+------------+------------+-------------+------------+-------------+----------------+----------------+-----------------+----------------+-----------------+
|   6   | 0.00019020 |  0.02643   |    331.92    |    14.03     |     27.54     |    37.32     |     85.73     |   36.47    |   29.55    |    46.11    |   60.35    |    207.12   |     170.37     |     51.52      |      166.87     |     123.13     |      221.11     |
+-------+------------+------------+--------------+--------------+---------------+--------------+---------------+------------+------------+-------------+------------+-------------+----------------+----------------+-----------------+----------------+-----------------+
	Saving best checkpoints: [H36M_3D,FPE] [H36M_3D,MC] [H36M_3D,MIB] [AMASS,PE] [AMASS,MP] [AMASS,FPE] [AMASS,MC] [PW3D_MESH,MP] 

[6 end] Time cost: 71.70min 	| lr: 0.00019020 	| train loss: 0.026433644673294288
[7 start]
	Iter: 162/486; time cost: 21.86min; current batch has {'H36M_3D': 764, 'AMASS': 772} samples
	Iter: 324/486; time cost: 43.58min; current batch has {'H36M_3D': 800, 'AMASS': 736} samples
	Evaluating [3D Pose Estimation] on [H36M_3D]... costs 35.20s
	Evaluating [Motion Prediction] on [H36M_3D]... costs 29.86s
	Evaluating [Future Pose Estimation] on [H36M_3D]... costs 29.99s
	Evaluating [Motion Completion] on [H36M_3D]... costs 32.31s
	Evaluating [Motion In Between] on [H36M_3D]... costs 32.40s
	Evaluating [Future Pose Estimation] on [AMASS]... costs 26.27s
	Evaluating [Motion Prediction] on [AMASS]... costs 26.42s
	Evaluating [Future Pose Estimation] on [AMASS]... costs 26.20s
	Evaluating [Motion Completion] on [AMASS]... costs 28.28s
	Evaluating [Motion In Between] on [AMASS]... costs 28.25s
	Evaluating [Future Pose Estimation] on [PW3D_MESH]... costs 3.94s
	Evaluating [Motion Prediction] on [PW3D_MESH]... costs 3.82s
	Evaluating [Future Pose Estimation] on [PW3D_MESH]... costs 3.82s
	Evaluating [Motion Completion] on [PW3D_MESH]... costs 4.16s
	Evaluating [Motion In Between] on [PW3D_MESH]... costs 4.29s
+-------+------------+------------+--------------+--------------+---------------+--------------+---------------+------------+------------+-------------+------------+-------------+----------------+----------------+-----------------+----------------+-----------------+
| Epoch |     lr     | train_loss | H36M_3D | PE | H36M_3D | MP | H36M_3D | FPE | H36M_3D | MC | H36M_3D | MIB | AMASS | PE | AMASS | MP | AMASS | FPE | AMASS | MC | AMASS | MIB | PW3D_MESH | PE | PW3D_MESH | MP | PW3D_MESH | FPE | PW3D_MESH | MC | PW3D_MESH | MIB |
+-------+------------+------------+--------------+--------------+---------------+--------------+---------------+------------+------------+-------------+------------+-------------+----------------+----------------+-----------------+----------------+-----------------+
|   7   | 0.00018830 |  0.02392   |    335.81    |    12.82     |     24.98     |    37.06     |     73.79     |   32.60    |   26.42    |    42.44    |   57.50    |    173.74   |     177.25     |     49.65      |      172.24     |     112.19     |      189.54     |
+-------+------------+------------+--------------+--------------+---------------+--------------+---------------+------------+------------+-------------+------------+-------------+----------------+----------------+-----------------+----------------+-----------------+
	Saving best checkpoints: [H36M_3D,MP] [H36M_3D,FPE] [H36M_3D,MC] [H36M_3D,MIB] [AMASS,PE] [AMASS,MP] [AMASS,FPE] [AMASS,MC] [AMASS,MIB] [PW3D_MESH,MP] [PW3D_MESH,MC] [PW3D_MESH,MIB] 

[7 end] Time cost: 72.27min 	| lr: 0.00018830 	| train loss: 0.02391875489091425
[8 start]
	Iter: 162/486; time cost: 21.85min; current batch has {'H36M_3D': 804, 'AMASS': 732} samples
	Iter: 324/486; time cost: 43.59min; current batch has {'H36M_3D': 772, 'AMASS': 764} samples
	Evaluating [3D Pose Estimation] on [H36M_3D]... costs 35.29s
	Evaluating [Motion Prediction] on [H36M_3D]... costs 29.87s
	Evaluating [Future Pose Estimation] on [H36M_3D]... costs 29.78s
	Evaluating [Motion Completion] on [H36M_3D]... costs 32.29s
	Evaluating [Motion In Between] on [H36M_3D]... costs 32.09s
	Evaluating [Future Pose Estimation] on [AMASS]... costs 26.35s
	Evaluating [Motion Prediction] on [AMASS]... costs 26.37s
	Evaluating [Future Pose Estimation] on [AMASS]... costs 26.23s
	Evaluating [Motion Completion] on [AMASS]... costs 28.32s
	Evaluating [Motion In Between] on [AMASS]... costs 28.22s
	Evaluating [Future Pose Estimation] on [PW3D_MESH]... costs 4.15s
	Evaluating [Motion Prediction] on [PW3D_MESH]... costs 3.84s
	Evaluating [Future Pose Estimation] on [PW3D_MESH]... costs 3.83s
	Evaluating [Motion Completion] on [PW3D_MESH]... costs 4.14s
	Evaluating [Motion In Between] on [PW3D_MESH]... costs 4.15s
+-------+------------+------------+--------------+--------------+---------------+--------------+---------------+------------+------------+-------------+------------+-------------+----------------+----------------+-----------------+----------------+-----------------+
| Epoch |     lr     | train_loss | H36M_3D | PE | H36M_3D | MP | H36M_3D | FPE | H36M_3D | MC | H36M_3D | MIB | AMASS | PE | AMASS | MP | AMASS | FPE | AMASS | MC | AMASS | MIB | PW3D_MESH | PE | PW3D_MESH | MP | PW3D_MESH | FPE | PW3D_MESH | MC | PW3D_MESH | MIB |
+-------+------------+------------+--------------+--------------+---------------+--------------+---------------+------------+------------+-------------+------------+-------------+----------------+----------------+-----------------+----------------+-----------------+
|   8   | 0.00018641 |  0.02206   |    332.89    |    11.77     |     23.19     |    34.85     |     60.81     |   30.38    |   25.15    |    38.70    |   54.81    |    203.14   |     176.97     |     47.16      |      170.01     |     118.36     |      202.07     |
+-------+------------+------------+--------------+--------------+---------------+--------------+---------------+------------+------------+-------------+------------+-------------+----------------+----------------+-----------------+----------------+-----------------+
	Saving best checkpoints: [H36M_3D,MP] [H36M_3D,FPE] [H36M_3D,MC] [H36M_3D,MIB] [AMASS,PE] [AMASS,MP] [AMASS,FPE] [AMASS,MC] [PW3D_MESH,MP] 

[8 end] Time cost: 71.89min 	| lr: 0.00018641 	| train loss: 0.022062998701660428
[9 start]
	Iter: 162/486; time cost: 21.86min; current batch has {'H36M_3D': 804, 'AMASS': 732} samples
	Iter: 324/486; time cost: 43.59min; current batch has {'H36M_3D': 772, 'AMASS': 764} samples
