Adding new arg: args.config = ckpt/0301/17_base05_ModelMaskReconV2/config.yaml
Adding new arg: args.checkpoint = ckpt/0301/17_base05_ModelMaskReconV2/
Adding new arg: args.seed = 0
Adding new arg: args.visualize = 
Adding new arg: args.eval_generalization = False
Adding new arg: args.quick_debug = False
Adding new arg: args.gpu = 4,5,6,7
Overriding existing arg: args.batch_size = 372
Adding new arg: args.classifier_type = task
Adding new arg: args.num_class = 4
Overriding existing arg: args.normalize_2d = 0
Overriding existing arg: args.normalize_3d = 0
Adding new arg: args.use_task_id_as_prompt = False
Adding new arg: args.reverse_query_prompt = False
Adding new arg: args.shuffle_batch = False
Configs: {'tasks': ['PE', 'MP', 'MC', 'FPE'], 'task_to_flag': {'PE': 0, 'MP': 1, 'FPE': 2, 'MC': 3, '2DAR': 4, 'AR': 5, 'MIB': 6}, 'dataset_to_flag': {'H36M_3D': 0, 'AMASS': 1, 'PW3D_MESH': 2, 'H36M_MESH': 3}, 'flag_to_task': {'0': 'PE', '1': 'MP', '2': 'FPE', '3': 'MC', '4': '2DAR', '5': 'AR', '6': 'MIB'}, 'flag_to_dataset': {'0': 'H36M_3D', '1': 'AMASS', '2': 'PW3D_MESH', '3': 'H36M_MESH'}, 'task_metrics': {'PE': ['PE e1', 'PE e2'], 'MP': ['MP'], 'FPE': ['FPE'], 'MC': ['MC'], '2DAR': ['2DAR'], 'AR': ['AR']}, 'dataset_task_info': {'train': {'H36M_3D': ['PE', 'MP', 'FPE', 'MC'], 'AMASS': ['PE', 'MP', 'FPE', 'MC']}, 'test': {'H36M_3D': ['PE', 'MP', 'FPE', 'MC', 'MIB'], 'AMASS': ['PE', 'MP', 'FPE', 'MC', 'MIB'], 'PW3D_MESH': ['PE', 'MP', 'FPE', 'MC', 'MIB']}}, 'dataset_file': {'PW3D_MESH': 'data_icl_gen/processed_data/PW3D/mesh_det_pw3d.pkl', 'H36M_MESH': 'data_icl_gen/processed_data/H36M_MESH/mesh_det_h36m.pkl', 'H36M_3D': 'data_icl_gen/processed_data/H36M_3D/h36m_sh_conf_cam_source_final.pkl', 'AMASS': 'data_icl_gen/processed_data/AMASS/amass_joints_h36m_60.pkl'}, 'use_presave_data': True, 'normalize_2d': 0, 'normalize_3d': 0, 'aug': False, 'aug_shuffle_joints': False, 'clip_len': 16, 'max_len': 16, 'num_joint': 17, 'joint_mask_ratio': 0.4, 'frame_mask_ratio': 0.4, 'presave_folder': 'data_icl_gen/presave_data', 'dataset_config': {'H36M_3D': {'sample_stride': 1, 'data_stride_train': 16, 'data_stride_test': 32, 'read_confidence': False, 'rootrel_input': True, 'rootrel_target': True, 'flip': True, 'scale_3D': 1}, 'PW3D_MESH': {'sample_stride': 1, 'data_stride_train': 1, 'data_stride_test': 16, 'read_confidence': False, 'rootrel_input': True, 'rootrel_target': True, 'flip': True, 'return_3d': True}, 'AMASS': {'sample_stride': 1, 'data_stride_train': 64, 'data_stride_test': 128, 'read_confidence': False, 'rootrel_input': True, 'rootrel_target': True, 'flip': True, 'return_3d': True}, 'H36M_MESH': {'sample_stride': 1, 'data_stride_train': 32, 'data_stride_test': 32, 'read_confidence': False, 'rootrel_input': True, 'rootrel_target': True, 'flip': True, 'return_3d': True}}, 'data_root_path': 'data/non_default_ICL', 'func_ver': {'dataset_action_recognition': None, 'evaluate_action_recognition': None, 'train_epoch_action_recognition': None, 'dataset_non_AR': '3_ICL', 'evaluate_non_AR': '3_ICL', 'train_epoch_non_AR': '3_ICL', 'model_name': 'M06_MixSTE_v0_maxlen_mask_recon_v2'}, 'current_as_history': True, 'rotate_prob': 0.25, 'keep_original_joints': True, 'use_partial_data': False, 'partial_data': {'datasets': {'PE': None, 'MP': None, 'FPE': None, 'MC': None}, 'train_stride': None, 'sample_stride': None, 'clip_len': None, 'num_joints': None, 'drop_ratios_MC': None, 'root_path': None, 'source_file_h36m': None, 'clip_len_2DAR': None, 'batch_size_2DAR': None, 'label_stride_2DAR': None}, 'full_data': {'datasets': {'PE': 'H36M', 'MP': 'AMASS', 'FPE': 'H36M_FPE', 'MC': '3DPW_MC', '2DAR': 'NTU60_2DAR'}, 'train_stride': 16, 'sample_stride': 1, 'clip_len': 16, 'num_joints': 17, 'drop_ratios_MC': [0.5], 'drop_ratios_MIB': [0.5], 'root_path': 'data', 'source_file_h36m': 'source_data/H36M.pkl', 'clip_len_2DAR': 9999999, 'batch_size_2DAR': 9999999, 'label_stride_2DAR': 9999999}, 'maxlen': 16, 'dim_in': 3, 'dim_out': 3, 'dim_feat': 256, 'mlp_ratio': 2, 'depth': 5, 'dim_rep': 256, 'num_heads': 8, 'att_fuse': True, 'merge_idx': 2, 'epochs': 120, 'batch_size': 372, 'test_batch_size': 512, 'dropout': 0.0, 'learning_rate': 0.0002, 'weight_decay': 0.01, 'lr_decay': 0.99, 'losses': {'mpjpe': 1.0, 'n_mpjpe': 0.0, 'velocity': 0.0, 'limb_var': 0.0, 'limb_gt': 0.0, 'angle': 0.0, 'angle_velocity': 0.0}, 'label_type_2DAR': 'default', 'rootrel_input': True, 'rootrel_input_2DAR': False, 'rootrel_target_MP': True, 'rootrel_target_PE': True, 'rootrel_target_FPE': True, 'flip_h36m_y_axis': False, 'flip_h36mFPE_y_axis': False, 'scale_h36m_skeleton': 2.0, 'scale_h36mFPE_skeleton': 2.0, 'no_eval': False, 'amass_to_h36m': [[2], [0], [3], [6], [1], [4], [7], [5], [8], [8, 11], [11], [10], [13], [15], [9], [12], [14]], 'name': 'config', 'config': 'ckpt/0301/17_base05_ModelMaskReconV2/config.yaml', 'checkpoint': 'ckpt/0301/17_base05_ModelMaskReconV2/', 'seed': 0, 'visualize': '', 'eval_generalization': False, 'quick_debug': False, 'gpu': '4,5,6,7', 'classifier_type': 'task', 'num_class': 4, 'use_task_id_as_prompt': False, 'reverse_query_prompt': False, 'shuffle_batch': False, 'data': {'datasets': {'PE': 'H36M', 'MP': 'AMASS', 'FPE': 'H36M_FPE', 'MC': '3DPW_MC', '2DAR': 'NTU60_2DAR'}, 'train_stride': 16, 'sample_stride': 1, 'clip_len': 16, 'num_joints': 17, 'drop_ratios_MC': [0.5], 'drop_ratios_MIB': [0.5], 'root_path': 'data', 'source_file_h36m': 'source_data/H36M.pkl', 'clip_len_2DAR': 9999999, 'batch_size_2DAR': 9999999, 'label_stride_2DAR': 9999999}}

python train.py --config ckpt/0301/17_base05_ModelMaskReconV2/config.yaml -c ckpt/0301/17_base05_ModelMaskReconV2/ -gpu 4,5,6,7 -bs 372 -normalize_2d 0 -normalize_3d 0

PID:  3907268

Loading dataset...
	Loading train data from [H36M_3D] for task: ['PE', 'MP', 'FPE', 'MC']... costs 3.98s... has 96596 samples
	Loading train data from [AMASS] for task: ['PE', 'MP', 'FPE', 'MC']... costs 5.27s... has 89678 samples
	Training (non-AR) sample count: 186274
	Loading test data from [H36M_3D] for task: ['PE']... costs 3.01s... has 17596 samples
	Loading test data from [H36M_3D] for task: ['MP']... costs 2.91s... has 17596 samples
	Loading test data from [H36M_3D] for task: ['FPE']... costs 2.89s... has 17596 samples
	Loading test data from [H36M_3D] for task: ['MC']... costs 3.05s... has 17596 samples
	Loading test data from [H36M_3D] for task: ['MIB']... costs 2.90s... has 17596 samples
	Loading test data from [AMASS] for task: ['PE']... costs 4.00s... has 15516 samples
	Loading test data from [AMASS] for task: ['MP']... costs 3.53s... has 15516 samples
	Loading test data from [AMASS] for task: ['FPE']... costs 3.50s... has 15516 samples
	Loading test data from [AMASS] for task: ['MC']... costs 3.81s... has 15516 samples
	Loading test data from [AMASS] for task: ['MIB']... costs 3.86s... has 15516 samples
	Loading test data from [PW3D_MESH] for task: ['PE']... costs 0.47s... has 2165 samples
	Loading test data from [PW3D_MESH] for task: ['MP']... costs 0.45s... has 2165 samples
	Loading test data from [PW3D_MESH] for task: ['FPE']... costs 0.44s... has 2165 samples
	Loading test data from [PW3D_MESH] for task: ['MC']... costs 0.46s... has 2165 samples
	Loading test data from [PW3D_MESH] for task: ['MIB']... costs 0.47s... has 2165 samples

Loading model...
	Model: M06_MixSTE_v0_maxlen_mask_recon_v2
	Trainable parameter count: 471.478792M

Training on [['non_AR', 501]] batches for 120 epochs. batch size: 372
[1 start]
	Iter: 167/501; time cost: 26.34min; current batch has {'H36M_3D': 736, 'AMASS': 752} samples
	Iter: 334/501; time cost: 52.36min; current batch has {'H36M_3D': 736, 'AMASS': 752} samples
	Evaluating [3D Pose Estimation] on [H36M_3D]... costs 47.18s
	Evaluating [Motion Prediction] on [H36M_3D]... costs 41.23s
	Evaluating [Future Pose Estimation] on [H36M_3D]... costs 41.84s
	Evaluating [Motion Completion] on [H36M_3D]... costs 43.87s
	Evaluating [Motion In Between] on [H36M_3D]... costs 43.98s
	Evaluating [3D Pose Estimation] on [AMASS]... costs 37.05s
	Evaluating [Motion Prediction] on [AMASS]... costs 37.34s
	Evaluating [Future Pose Estimation] on [AMASS]... costs 37.10s
	Evaluating [Motion Completion] on [AMASS]... costs 39.48s
	Evaluating [Motion In Between] on [AMASS]... costs 39.16s
	Evaluating [3D Pose Estimation] on [PW3D_MESH]... costs 8.89s
	Evaluating [Motion Prediction] on [PW3D_MESH]... costs 8.92s
	Evaluating [Future Pose Estimation] on [PW3D_MESH]... costs 8.73s
	Evaluating [Motion Completion] on [PW3D_MESH]... costs 9.15s
	Evaluating [Motion In Between] on [PW3D_MESH]... costs 9.37s
+-------+------------+------------+--------------+--------------+---------------+--------------+---------------+------------+------------+-------------+------------+-------------+----------------+----------------+-----------------+----------------+-----------------+
| Epoch |     lr     | train_loss | H36M_3D | PE | H36M_3D | MP | H36M_3D | FPE | H36M_3D | MC | H36M_3D | MIB | AMASS | PE | AMASS | MP | AMASS | FPE | AMASS | MC | AMASS | MIB | PW3D_MESH | PE | PW3D_MESH | MP | PW3D_MESH | FPE | PW3D_MESH | MC | PW3D_MESH | MIB |
+-------+------------+------------+--------------+--------------+---------------+--------------+---------------+------------+------------+-------------+------------+-------------+----------------+----------------+-----------------+----------------+-----------------+
|   1   | 0.00020000 |  0.32918   |    179.09    |    79.18     |     87.97     |    115.19    |     70.71     |   160.66   |   164.79   |    174.57   |   195.83   |    134.89   |     219.08     |     167.45     |      222.11     |     241.38     |      144.10     |
+-------+------------+------------+--------------+--------------+---------------+--------------+---------------+------------+------------+-------------+------------+-------------+----------------+----------------+-----------------+----------------+-----------------+
	Saving best checkpoints: [H36M_3D,PE] [H36M_3D,MP] [H36M_3D,FPE] [H36M_3D,MC] [H36M_3D,MIB] [AMASS,PE] [AMASS,MP] [AMASS,FPE] [AMASS,MC] [AMASS,MIB] [PW3D_MESH,PE] [PW3D_MESH,MP] [PW3D_MESH,FPE] [PW3D_MESH,MC] [PW3D_MESH,MIB] 

[1 end] Time cost: 86.55min 	| lr: 0.00020000 	| train loss: 0.3291821760337947
[2 start]
	Iter: 167/501; time cost: 26.22min; current batch has {'H36M_3D': 792, 'AMASS': 696} samples
	Iter: 334/501; time cost: 52.34min; current batch has {'H36M_3D': 832, 'AMASS': 656} samples
	Evaluating [3D Pose Estimation] on [H36M_3D]... costs 43.35s
	Evaluating [Motion Prediction] on [H36M_3D]... costs 38.42s
	Evaluating [Future Pose Estimation] on [H36M_3D]... costs 38.09s
	Evaluating [Motion Completion] on [H36M_3D]... costs 40.73s
	Evaluating [Motion In Between] on [H36M_3D]... costs 40.79s
	Evaluating [3D Pose Estimation] on [AMASS]... costs 33.66s
	Evaluating [Motion Prediction] on [AMASS]... costs 33.61s
	Evaluating [Future Pose Estimation] on [AMASS]... costs 33.60s
	Evaluating [Motion Completion] on [AMASS]... costs 35.55s
	Evaluating [Motion In Between] on [AMASS]... costs 35.40s
	Evaluating [3D Pose Estimation] on [PW3D_MESH]... costs 5.39s
	Evaluating [Motion Prediction] on [PW3D_MESH]... costs 5.42s
	Evaluating [Future Pose Estimation] on [PW3D_MESH]... costs 5.40s
	Evaluating [Motion Completion] on [PW3D_MESH]... costs 5.69s
	Evaluating [Motion In Between] on [PW3D_MESH]... costs 5.69s
+-------+------------+------------+--------------+--------------+---------------+--------------+---------------+------------+------------+-------------+------------+-------------+----------------+----------------+-----------------+----------------+-----------------+
| Epoch |     lr     | train_loss | H36M_3D | PE | H36M_3D | MP | H36M_3D | FPE | H36M_3D | MC | H36M_3D | MIB | AMASS | PE | AMASS | MP | AMASS | FPE | AMASS | MC | AMASS | MIB | PW3D_MESH | PE | PW3D_MESH | MP | PW3D_MESH | FPE | PW3D_MESH | MC | PW3D_MESH | MIB |
+-------+------------+------------+--------------+--------------+---------------+--------------+---------------+------------+------------+-------------+------------+-------------+----------------+----------------+-----------------+----------------+-----------------+
|   2   | 0.00019800 |  0.10982   |    93.81     |    39.28     |     50.65     |    63.03     |     37.09     |   89.18    |   101.01   |    107.83   |   123.92   |    57.94    |     223.04     |     90.57      |      225.93     |     185.35     |      62.76      |
+-------+------------+------------+--------------+--------------+---------------+--------------+---------------+------------+------------+-------------+------------+-------------+----------------+----------------+-----------------+----------------+-----------------+
	Saving best checkpoints: [H36M_3D,PE] [H36M_3D,MP] [H36M_3D,FPE] [H36M_3D,MC] [H36M_3D,MIB] [AMASS,PE] [AMASS,MP] [AMASS,FPE] [AMASS,MC] [AMASS,MIB] [PW3D_MESH,MP] [PW3D_MESH,MC] [PW3D_MESH,MIB] 

[2 end] Time cost: 89.34min 	| lr: 0.00019800 	| train loss: 0.10981547955239468
[3 start]
	Iter: 167/501; time cost: 26.25min; current batch has {'H36M_3D': 884, 'AMASS': 604} samples
	Iter: 334/501; time cost: 52.34min; current batch has {'H36M_3D': 832, 'AMASS': 656} samples
	Evaluating [3D Pose Estimation] on [H36M_3D]... costs 43.33s
	Evaluating [Motion Prediction] on [H36M_3D]... costs 38.00s
	Evaluating [Future Pose Estimation] on [H36M_3D]... costs 38.08s
	Evaluating [Motion Completion] on [H36M_3D]... costs 40.67s
	Evaluating [Motion In Between] on [H36M_3D]... costs 40.42s
	Evaluating [3D Pose Estimation] on [AMASS]... costs 33.62s
	Evaluating [Motion Prediction] on [AMASS]... costs 33.71s
	Evaluating [Future Pose Estimation] on [AMASS]... costs 33.61s
	Evaluating [Motion Completion] on [AMASS]... costs 35.53s
	Evaluating [Motion In Between] on [AMASS]... costs 35.62s
	Evaluating [3D Pose Estimation] on [PW3D_MESH]... costs 5.42s
	Evaluating [Motion Prediction] on [PW3D_MESH]... costs 5.39s
	Evaluating [Future Pose Estimation] on [PW3D_MESH]... costs 5.40s
	Evaluating [Motion Completion] on [PW3D_MESH]... costs 5.68s
	Evaluating [Motion In Between] on [PW3D_MESH]... costs 5.73s
+-------+------------+------------+--------------+--------------+---------------+--------------+---------------+------------+------------+-------------+------------+-------------+----------------+----------------+-----------------+----------------+-----------------+
| Epoch |     lr     | train_loss | H36M_3D | PE | H36M_3D | MP | H36M_3D | FPE | H36M_3D | MC | H36M_3D | MIB | AMASS | PE | AMASS | MP | AMASS | FPE | AMASS | MC | AMASS | MIB | PW3D_MESH | PE | PW3D_MESH | MP | PW3D_MESH | FPE | PW3D_MESH | MC | PW3D_MESH | MIB |
+-------+------------+------------+--------------+--------------+---------------+--------------+---------------+------------+------------+-------------+------------+-------------+----------------+----------------+-----------------+----------------+-----------------+
|   3   | 0.00019602 |  0.08023   |    89.05     |    40.03     |     48.62     |    58.93     |     38.43     |   72.74    |   86.08    |    89.70    |   101.12   |    55.53    |     222.07     |     78.51      |      224.79     |     174.38     |      55.84      |
+-------+------------+------------+--------------+--------------+---------------+--------------+---------------+------------+------------+-------------+------------+-------------+----------------+----------------+-----------------+----------------+-----------------+
	Saving best checkpoints: [H36M_3D,PE] [H36M_3D,FPE] [H36M_3D,MC] [AMASS,PE] [AMASS,MP] [AMASS,FPE] [AMASS,MC] [AMASS,MIB] [PW3D_MESH,MP] [PW3D_MESH,MC] [PW3D_MESH,MIB] 

[3 end] Time cost: 88.75min 	| lr: 0.00019602 	| train loss: 0.08023062360082872
[4 start]
	Iter: 167/501; time cost: 26.26min; current batch has {'H36M_3D': 788, 'AMASS': 700} samples
	Iter: 334/501; time cost: 52.34min; current batch has {'H36M_3D': 728, 'AMASS': 760} samples
	Evaluating [3D Pose Estimation] on [H36M_3D]... costs 43.54s
	Evaluating [Motion Prediction] on [H36M_3D]... costs 37.99s
	Evaluating [Future Pose Estimation] on [H36M_3D]... costs 38.09s
	Evaluating [Motion Completion] on [H36M_3D]... costs 40.64s
	Evaluating [Motion In Between] on [H36M_3D]... costs 40.52s
	Evaluating [3D Pose Estimation] on [AMASS]... costs 33.67s
	Evaluating [Motion Prediction] on [AMASS]... costs 33.69s
	Evaluating [Future Pose Estimation] on [AMASS]... costs 33.52s
	Evaluating [Motion Completion] on [AMASS]... costs 35.65s
	Evaluating [Motion In Between] on [AMASS]... costs 35.69s
	Evaluating [3D Pose Estimation] on [PW3D_MESH]... costs 5.39s
	Evaluating [Motion Prediction] on [PW3D_MESH]... costs 5.46s
	Evaluating [Future Pose Estimation] on [PW3D_MESH]... costs 5.43s
	Evaluating [Motion Completion] on [PW3D_MESH]... costs 5.72s
	Evaluating [Motion In Between] on [PW3D_MESH]... costs 5.70s
+-------+------------+------------+--------------+--------------+---------------+--------------+---------------+------------+------------+-------------+------------+-------------+----------------+----------------+-----------------+----------------+-----------------+
| Epoch |     lr     | train_loss | H36M_3D | PE | H36M_3D | MP | H36M_3D | FPE | H36M_3D | MC | H36M_3D | MIB | AMASS | PE | AMASS | MP | AMASS | FPE | AMASS | MC | AMASS | MIB | PW3D_MESH | PE | PW3D_MESH | MP | PW3D_MESH | FPE | PW3D_MESH | MC | PW3D_MESH | MIB |
+-------+------------+------------+--------------+--------------+---------------+--------------+---------------+------------+------------+-------------+------------+-------------+----------------+----------------+-----------------+----------------+-----------------+
|   4   | 0.00019406 |  0.06472   |    75.22     |    26.36     |     39.63     |    46.32     |     22.93     |   71.00    |   66.59    |    76.42    |   90.35    |    50.61    |     208.74     |     61.51      |      210.36     |     140.76     |      46.65      |
+-------+------------+------------+--------------+--------------+---------------+--------------+---------------+------------+------------+-------------+------------+-------------+----------------+----------------+-----------------+----------------+-----------------+
	Saving best checkpoints: [H36M_3D,PE] [H36M_3D,MP] [H36M_3D,FPE] [H36M_3D,MC] [H36M_3D,MIB] [AMASS,PE] [AMASS,MP] [AMASS,FPE] [AMASS,MC] [AMASS,MIB] [PW3D_MESH,PE] [PW3D_MESH,MP] [PW3D_MESH,FPE] [PW3D_MESH,MC] [PW3D_MESH,MIB] 

[4 end] Time cost: 90.00min 	| lr: 0.00019406 	| train loss: 0.0647208240930283
[5 start]
	Iter: 167/501; time cost: 26.26min; current batch has {'H36M_3D': 748, 'AMASS': 740} samples
	Iter: 334/501; time cost: 52.36min; current batch has {'H36M_3D': 768, 'AMASS': 720} samples
	Evaluating [3D Pose Estimation] on [H36M_3D]... costs 43.33s
	Evaluating [Motion Prediction] on [H36M_3D]... costs 38.09s
	Evaluating [Future Pose Estimation] on [H36M_3D]... costs 38.09s
	Evaluating [Motion Completion] on [H36M_3D]... costs 40.58s
	Evaluating [Motion In Between] on [H36M_3D]... costs 40.60s
	Evaluating [3D Pose Estimation] on [AMASS]... costs 33.63s
	Evaluating [Motion Prediction] on [AMASS]... costs 33.75s
	Evaluating [Future Pose Estimation] on [AMASS]... costs 33.68s
	Evaluating [Motion Completion] on [AMASS]... costs 35.77s
	Evaluating [Motion In Between] on [AMASS]... costs 35.56s
	Evaluating [3D Pose Estimation] on [PW3D_MESH]... costs 5.40s
	Evaluating [Motion Prediction] on [PW3D_MESH]... costs 5.43s
	Evaluating [Future Pose Estimation] on [PW3D_MESH]... costs 5.46s
	Evaluating [Motion Completion] on [PW3D_MESH]... costs 5.70s
	Evaluating [Motion In Between] on [PW3D_MESH]... costs 5.66s
+-------+------------+------------+--------------+--------------+---------------+--------------+---------------+------------+------------+-------------+------------+-------------+----------------+----------------+-----------------+----------------+-----------------+
| Epoch |     lr     | train_loss | H36M_3D | PE | H36M_3D | MP | H36M_3D | FPE | H36M_3D | MC | H36M_3D | MIB | AMASS | PE | AMASS | MP | AMASS | FPE | AMASS | MC | AMASS | MIB | PW3D_MESH | PE | PW3D_MESH | MP | PW3D_MESH | FPE | PW3D_MESH | MC | PW3D_MESH | MIB |
+-------+------------+------------+--------------+--------------+---------------+--------------+---------------+------------+------------+-------------+------------+-------------+----------------+----------------+-----------------+----------------+-----------------+
|   5   | 0.00019212 |  0.05382   |    76.46     |    28.03     |     39.30     |    44.74     |     26.27     |   47.77    |   55.85    |    65.98    |   74.05    |    58.76    |     226.63     |     54.03      |      224.72     |     140.33     |      51.13      |
+-------+------------+------------+--------------+--------------+---------------+--------------+---------------+------------+------------+-------------+------------+-------------+----------------+----------------+-----------------+----------------+-----------------+
	Saving best checkpoints: [H36M_3D,FPE] [H36M_3D,MC] [AMASS,PE] [AMASS,MP] [AMASS,FPE] [AMASS,MC] [PW3D_MESH,MP] [PW3D_MESH,MC] 

[5 end] Time cost: 87.90min 	| lr: 0.00019212 	| train loss: 0.053819193483827354
[6 start]
	Iter: 167/501; time cost: 26.27min; current batch has {'H36M_3D': 752, 'AMASS': 736} samples
	Iter: 334/501; time cost: 52.38min; current batch has {'H36M_3D': 840, 'AMASS': 648} samples
	Evaluating [3D Pose Estimation] on [H36M_3D]... costs 43.39s
	Evaluating [Motion Prediction] on [H36M_3D]... costs 38.00s
	Evaluating [Future Pose Estimation] on [H36M_3D]... costs 38.03s
	Evaluating [Motion Completion] on [H36M_3D]... costs 40.79s
	Evaluating [Motion In Between] on [H36M_3D]... costs 40.46s
	Evaluating [3D Pose Estimation] on [AMASS]... costs 33.71s
	Evaluating [Motion Prediction] on [AMASS]... costs 33.81s
	Evaluating [Future Pose Estimation] on [AMASS]... costs 33.63s
	Evaluating [Motion Completion] on [AMASS]... costs 35.62s
	Evaluating [Motion In Between] on [AMASS]... costs 35.57s
	Evaluating [3D Pose Estimation] on [PW3D_MESH]... costs 5.39s
	Evaluating [Motion Prediction] on [PW3D_MESH]... costs 5.36s
	Evaluating [Future Pose Estimation] on [PW3D_MESH]... costs 5.41s
	Evaluating [Motion Completion] on [PW3D_MESH]... costs 5.74s
	Evaluating [Motion In Between] on [PW3D_MESH]... costs 5.64s
+-------+------------+------------+--------------+--------------+---------------+--------------+---------------+------------+------------+-------------+------------+-------------+----------------+----------------+-----------------+----------------+-----------------+
| Epoch |     lr     | train_loss | H36M_3D | PE | H36M_3D | MP | H36M_3D | FPE | H36M_3D | MC | H36M_3D | MIB | AMASS | PE | AMASS | MP | AMASS | FPE | AMASS | MC | AMASS | MIB | PW3D_MESH | PE | PW3D_MESH | MP | PW3D_MESH | FPE | PW3D_MESH | MC | PW3D_MESH | MIB |
+-------+------------+------------+--------------+--------------+---------------+--------------+---------------+------------+------------+-------------+------------+-------------+----------------+----------------+-----------------+----------------+-----------------+
|   6   | 0.00019020 |  0.04589   |    74.76     |    28.71     |     39.01     |    44.63     |     26.34     |   43.14    |   48.24    |    62.78    |   66.95    |    57.13    |     226.99     |     54.26      |      226.03     |     124.40     |      52.54      |
+-------+------------+------------+--------------+--------------+---------------+--------------+---------------+------------+------------+-------------+------------+-------------+----------------+----------------+-----------------+----------------+-----------------+
	Saving best checkpoints: [H36M_3D,PE] [H36M_3D,FPE] [H36M_3D,MC] [AMASS,PE] [AMASS,MP] [AMASS,FPE] [AMASS,MC] [PW3D_MESH,MC] 

[6 end] Time cost: 87.92min 	| lr: 0.00019020 	| train loss: 0.04588652116116797
[7 start]
	Iter: 167/501; time cost: 26.28min; current batch has {'H36M_3D': 744, 'AMASS': 744} samples
	Iter: 334/501; time cost: 52.39min; current batch has {'H36M_3D': 768, 'AMASS': 720} samples
	Evaluating [3D Pose Estimation] on [H36M_3D]... costs 43.58s
	Evaluating [Motion Prediction] on [H36M_3D]... costs 38.11s
	Evaluating [Future Pose Estimation] on [H36M_3D]... costs 38.14s
	Evaluating [Motion Completion] on [H36M_3D]... costs 40.62s
	Evaluating [Motion In Between] on [H36M_3D]... costs 40.47s
	Evaluating [3D Pose Estimation] on [AMASS]... costs 33.65s
	Evaluating [Motion Prediction] on [AMASS]... costs 33.65s
	Evaluating [Future Pose Estimation] on [AMASS]... costs 33.60s
	Evaluating [Motion Completion] on [AMASS]... costs 35.73s
	Evaluating [Motion In Between] on [AMASS]... costs 35.54s
	Evaluating [3D Pose Estimation] on [PW3D_MESH]... costs 5.40s
	Evaluating [Motion Prediction] on [PW3D_MESH]... costs 5.41s
	Evaluating [Future Pose Estimation] on [PW3D_MESH]... costs 5.42s
	Evaluating [Motion Completion] on [PW3D_MESH]... costs 5.70s
	Evaluating [Motion In Between] on [PW3D_MESH]... costs 5.71s
+-------+------------+------------+--------------+--------------+---------------+--------------+---------------+------------+------------+-------------+------------+-------------+----------------+----------------+-----------------+----------------+-----------------+
| Epoch |     lr     | train_loss | H36M_3D | PE | H36M_3D | MP | H36M_3D | FPE | H36M_3D | MC | H36M_3D | MIB | AMASS | PE | AMASS | MP | AMASS | FPE | AMASS | MC | AMASS | MIB | PW3D_MESH | PE | PW3D_MESH | MP | PW3D_MESH | FPE | PW3D_MESH | MC | PW3D_MESH | MIB |
+-------+------------+------------+--------------+--------------+---------------+--------------+---------------+------------+------------+-------------+------------+-------------+----------------+----------------+-----------------+----------------+-----------------+
|   7   | 0.00018830 |  0.04005   |    84.46     |    37.34     |     41.47     |    51.07     |     26.89     |   42.22    |   54.29    |    56.40    |   68.67    |    69.12    |     232.98     |     65.28      |      230.16     |     129.66     |      57.42      |
+-------+------------+------------+--------------+--------------+---------------+--------------+---------------+------------+------------+-------------+------------+-------------+----------------+----------------+-----------------+----------------+-----------------+
	Saving best checkpoints: [AMASS,PE] [AMASS,FPE] 

[7 end] Time cost: 86.14min 	| lr: 0.00018830 	| train loss: 0.04004864789977022
[8 start]
	Iter: 167/501; time cost: 26.27min; current batch has {'H36M_3D': 788, 'AMASS': 700} samples
	Iter: 334/501; time cost: 52.38min; current batch has {'H36M_3D': 780, 'AMASS': 708} samples
	Evaluating [3D Pose Estimation] on [H36M_3D]... costs 43.27s
	Evaluating [Motion Prediction] on [H36M_3D]... costs 38.04s
	Evaluating [Future Pose Estimation] on [H36M_3D]... costs 38.16s
	Evaluating [Motion Completion] on [H36M_3D]... costs 40.50s
	Evaluating [Motion In Between] on [H36M_3D]... costs 40.38s
	Evaluating [3D Pose Estimation] on [AMASS]... costs 33.61s
	Evaluating [Motion Prediction] on [AMASS]... costs 33.55s
	Evaluating [Future Pose Estimation] on [AMASS]... costs 33.64s
	Evaluating [Motion Completion] on [AMASS]... costs 35.60s
	Evaluating [Motion In Between] on [AMASS]... costs 35.47s
	Evaluating [3D Pose Estimation] on [PW3D_MESH]... costs 5.40s
	Evaluating [Motion Prediction] on [PW3D_MESH]... costs 5.40s
	Evaluating [Future Pose Estimation] on [PW3D_MESH]... costs 5.41s
	Evaluating [Motion Completion] on [PW3D_MESH]... costs 5.76s
	Evaluating [Motion In Between] on [PW3D_MESH]... costs 5.68s
+-------+------------+------------+--------------+--------------+---------------+--------------+---------------+------------+------------+-------------+------------+-------------+----------------+----------------+-----------------+----------------+-----------------+
| Epoch |     lr     | train_loss | H36M_3D | PE | H36M_3D | MP | H36M_3D | FPE | H36M_3D | MC | H36M_3D | MIB | AMASS | PE | AMASS | MP | AMASS | FPE | AMASS | MC | AMASS | MIB | PW3D_MESH | PE | PW3D_MESH | MP | PW3D_MESH | FPE | PW3D_MESH | MC | PW3D_MESH | MIB |
+-------+------------+------------+--------------+--------------+---------------+--------------+---------------+------------+------------+-------------+------------+-------------+----------------+----------------+-----------------+----------------+-----------------+
|   8   | 0.00018641 |  0.04305   |    98.00     |    44.44     |     48.49     |    56.73     |     26.45     |   45.42    |   54.99    |    58.39    |   71.49    |    69.20    |     237.11     |     69.79      |      235.02     |     134.43     |      56.05      |
+-------+------------+------------+--------------+--------------+---------------+--------------+---------------+------------+------------+-------------+------------+-------------+----------------+----------------+-----------------+----------------+-----------------+
	Saving best checkpoints: 

[8 end] Time cost: 85.36min 	| lr: 0.00018641 	| train loss: 0.0430532393617164
[9 start]
	Iter: 167/501; time cost: 26.28min; current batch has {'H36M_3D': 772, 'AMASS': 716} samples
