Overriding config: batch_size = 256
Overriding config: no_eval = False
Configs: {'tasks': ['PE', 'MP', 'MC', 'FPE'], 'task_to_flag': {'PE': 0, 'MP': 1, 'FPE': 2, 'MC': 3, '2DAR': 4, 'AR': 5, 'MIB': 6}, 'dataset_to_flag': {'H36M_3D': 0, 'AMASS': 1, 'PW3D_MESH': 2, 'H36M_MESH': 3}, 'flag_to_task': {'0': 'PE', '1': 'MP', '2': 'FPE', '3': 'MC', '4': '2DAR', '5': 'AR', '6': 'MIB'}, 'flag_to_dataset': {'0': 'H36M_3D', '1': 'AMASS', '2': 'PW3D_MESH', '3': 'H36M_MESH'}, 'task_metrics': {'PE': ['PE e1', 'PE e2'], 'MP': ['MP'], 'FPE': ['FPE'], 'MC': ['MC'], '2DAR': ['2DAR'], 'AR': ['AR']}, 'dataset_task_info': {'train': {'H36M_3D': ['PE', 'MP', 'FPE', 'MC'], 'AMASS': ['PE', 'MP', 'FPE', 'MC']}, 'test': {'H36M_3D': ['PE', 'MP', 'FPE', 'MC', 'MIB'], 'PW3D_MESH': ['PE', 'MP', 'FPE', 'MC', 'MIB'], 'AMASS': ['PE', 'MP', 'FPE', 'MC', 'MIB']}}, 'dataset_file': {'PW3D_MESH': 'data_icl_gen/processed_data/PW3D/mesh_det_pw3d.pkl', 'H36M_MESH': 'data_icl_gen/processed_data/H36M_MESH/mesh_det_h36m.pkl', 'H36M_3D': 'data_icl_gen/processed_data/H36M_3D/h36m_sh_conf_cam_source_final.pkl', 'AMASS': 'data_icl_gen/processed_data/AMASS/amass_joints_h36m_60.pkl'}, 'clip_len': 16, 'max_len': 16, 'num_joint': 17, 'sample_stride': 1, 'data_stride': 8, 'joint_mask_ratio': 0.4, 'frame_mask_ratio': 0.4, 'presave_folder': 'data_icl_gen/presave_data', 'dataset_config': {'PW3D_MESH': {'sample_stride': 1, 'data_stride_train': 1, 'data_stride_test': 32, 'read_confidence': True, 'rootrel_input': True, 'rootrel_target': True, 'flip': True}, 'H36M_MESH': {'sample_stride': 1, 'data_stride_train': 32, 'data_stride_test': 32, 'read_confidence': True, 'rootrel_input': True, 'rootrel_target': True, 'flip': True}, 'H36M_3D': {'sample_stride': 1, 'data_stride_train': 64, 'data_stride_test': 16, 'read_confidence': True, 'rootrel_input': True, 'rootrel_target': True, 'flip': True, 'scale_3D': 0.298}, 'AMASS': {'sample_stride': 1, 'data_stride_train': 256, 'data_stride_test': 256, 'read_confidence': True, 'rootrel_input': True, 'rootrel_target': True, 'flip': True}}, 'data_root_path': 'data/non_default_ICL', 'func_ver': {'dataset_action_recognition': None, 'evaluate_action_recognition': None, 'train_epoch_action_recognition': None, 'dataset_non_AR': '3_ICL', 'evaluate_non_AR': '3_ICL', 'train_epoch_non_AR': '3_ICL', 'model_name': 'M06_MixSTE_v0'}, 'current_as_history': True, 'aug': True, 'rotate_prob': 0.25, 'keep_original_joints': True, 'use_partial_data': False, 'partial_data': {'datasets': {'PE': None, 'MP': None, 'FPE': None, 'MC': None}, 'train_stride': None, 'sample_stride': None, 'clip_len': None, 'num_joints': None, 'drop_ratios_MC': None, 'root_path': None, 'source_file_h36m': None, 'clip_len_2DAR': None, 'batch_size_2DAR': None, 'label_stride_2DAR': None}, 'full_data': {'datasets': {'PE': 'H36M', 'MP': 'AMASS', 'FPE': 'H36M_FPE', 'MC': '3DPW_MC', '2DAR': 'NTU60_2DAR'}, 'train_stride': 16, 'sample_stride': 1, 'clip_len': 16, 'num_joints': 17, 'drop_ratios_MC': [0.5], 'drop_ratios_MIB': [0.5], 'root_path': 'data', 'source_file_h36m': 'source_data/H36M.pkl', 'clip_len_2DAR': 9999999, 'batch_size_2DAR': 9999999, 'label_stride_2DAR': 9999999}, 'maxlen': 16, 'dim_in': 3, 'dim_out': 3, 'dim_feat': 256, 'mlp_ratio': 2, 'depth': 5, 'dim_rep': 256, 'num_heads': 8, 'att_fuse': True, 'merge_idx': 2, 'epochs': 120, 'batch_size': 256, 'test_batch_size': 512, 'dropout': 0.0, 'learning_rate': 0.0002, 'weight_decay': 0.01, 'lr_decay': 0.99, 'losses': {'mpjpe': 1.0, 'n_mpjpe': 0.0, 'velocity': 0.0, 'limb_var': 0.0, 'limb_gt': 0.0, 'angle': 0.0, 'angle_velocity': 0.0}, 'label_type_2DAR': 'default', 'rootrel_input': True, 'rootrel_input_2DAR': False, 'rootrel_target_MP': True, 'rootrel_target_PE': True, 'rootrel_target_FPE': True, 'flip_h36m_y_axis': False, 'flip_h36mFPE_y_axis': False, 'scale_h36m_skeleton': 2.0, 'scale_h36mFPE_skeleton': 2.0, 'no_eval': False, 'amass_to_h36m': [[2], [0], [3], [6], [1], [4], [7], [5], [8], [8, 11], [11], [10], [13], [15], [9], [12], [14]], 'name': '01_func333_model06_T16_DataTask00', 'data': {'datasets': {'PE': 'H36M', 'MP': 'AMASS', 'FPE': 'H36M_FPE', 'MC': '3DPW_MC', '2DAR': 'NTU60_2DAR'}, 'train_stride': 16, 'sample_stride': 1, 'clip_len': 16, 'num_joints': 17, 'drop_ratios_MC': [0.5], 'drop_ratios_MIB': [0.5], 'root_path': 'data', 'source_file_h36m': 'source_data/H36M.pkl', 'clip_len_2DAR': 9999999, 'batch_size_2DAR': 9999999, 'label_stride_2DAR': 9999999}}

python train.py -gpu 3,4 --config configs/03_train_on_non_AR_ICL/01_func333_model06_T16_DataTask00.yaml -c ckpt/03_train_on_non_AR_ICL/01_func333_model06_T16_DataTask00 -bs 256

PID:  751422

Loading dataset...
	Loading train data from [H36M_3D] for task: ['PE', 'MP', 'FPE', 'MC']... costs 1.84s... has 24376 samples
	Loading train data from [AMASS] for task: ['PE', 'MP', 'FPE', 'MC']... costs 2.81s... has 25106 samples
	Training (non-AR) sample count: 49482
	Loading test data from [H36M_3D] for task: ['PE']... costs 1.26s... has 35088 samples
	Loading test data from [H36M_3D] for task: ['MP']... costs 1.53s... has 35088 samples
	Loading test data from [H36M_3D] for task: ['FPE']... costs 1.45s... has 35088 samples
	Loading test data from [H36M_3D] for task: ['MC']... costs 1.68s... has 35088 samples
	Loading test data from [H36M_3D] for task: ['MIB']... costs 1.73s... has 35088 samples
	Loading test data from [PW3D_MESH] for task: ['PE']... costs 0.96s... has 1091 samples
	Loading test data from [PW3D_MESH] for task: ['MP']... costs 0.69s... has 1091 samples
	Loading test data from [PW3D_MESH] for task: ['FPE']... costs 0.64s... has 1091 samples
	Loading test data from [PW3D_MESH] for task: ['MC']... costs 0.59s... has 1091 samples
	Loading test data from [PW3D_MESH] for task: ['MIB']... costs 0.65s... has 1091 samples
	Loading test data from [AMASS] for task: ['PE']... costs 2.13s... has 8492 samples
	Loading test data from [AMASS] for task: ['MP']... costs 1.59s... has 8492 samples
	Loading test data from [AMASS] for task: ['FPE']... costs 1.65s... has 8492 samples
	Loading test data from [AMASS] for task: ['MC']... costs 1.78s... has 8492 samples
	Loading test data from [AMASS] for task: ['MIB']... costs 1.92s... has 8492 samples

Loading model...
Model: M06_MixSTE_v0
[MODEL INFO] prompt_enabled: True
Trainable parameter count: 235.739396M

Training on [['non_AR', 194]] batches for 120 epochs. batch size: 256
[1 start]
	Iter: 64/194; time cost: 6.09min; current batch has {'H36M_3D': 504, 'AMASS': 520} samples
	Iter: 129/194; time cost: 12.12min; current batch has {'H36M_3D': 504, 'AMASS': 520} samples
	Evaluating [3D Pose Estimation] on [H36M_3D]... costs 71.64s
	Evaluating [Motion Prediction] on [H36M_3D]... costs 60.17s
	Evaluating [Future Pose Estimation] on [H36M_3D]... costs 60.29s
	Evaluating [Motion Completion] on [H36M_3D]... costs 64.96s
	Evaluating [Motion In Between] on [H36M_3D]... costs 64.71s
	Evaluating [Future Pose Estimation] on [PW3D_MESH]... costs 26.08s
	Evaluating [Motion Prediction] on [PW3D_MESH]... costs 25.50s
	Evaluating [Future Pose Estimation] on [PW3D_MESH]... costs 25.39s
	Evaluating [Motion Completion] on [PW3D_MESH]... costs 25.20s
	Evaluating [Motion In Between] on [PW3D_MESH]... costs 25.86s
	Evaluating [Future Pose Estimation] on [AMASS]... costs 15.45s
	Evaluating [Motion Prediction] on [AMASS]... costs 15.56s
	Evaluating [Future Pose Estimation] on [AMASS]... costs 15.53s
	Evaluating [Motion Completion] on [AMASS]... costs 16.63s
	Evaluating [Motion In Between] on [AMASS]... costs 16.35s
	Saving checkpoint to ckpt/03_train_on_non_AR_ICL/01_func333_model06_T16_DataTask00/all_epochs/epoch_0.bin
	Saving checkpoint to ckpt/03_train_on_non_AR_ICL/01_func333_model06_T16_DataTask00/latest_epoch.bin
	Saving checkpoint to ckpt/03_train_on_non_AR_ICL/01_func333_model06_T16_DataTask00/best_epoch_H36M_3D_PE.bin
	Saving checkpoint to ckpt/03_train_on_non_AR_ICL/01_func333_model06_T16_DataTask00/best_epoch_H36M_3D_MP.bin
	Saving checkpoint to ckpt/03_train_on_non_AR_ICL/01_func333_model06_T16_DataTask00/best_epoch_H36M_3D_FPE.bin
	Saving checkpoint to ckpt/03_train_on_non_AR_ICL/01_func333_model06_T16_DataTask00/best_epoch_H36M_3D_MC.bin
	Saving checkpoint to ckpt/03_train_on_non_AR_ICL/01_func333_model06_T16_DataTask00/best_epoch_H36M_3D_MIB.bin
	Saving checkpoint to ckpt/03_train_on_non_AR_ICL/01_func333_model06_T16_DataTask00/best_epoch_PW3D_MESH_PE.bin
	Saving checkpoint to ckpt/03_train_on_non_AR_ICL/01_func333_model06_T16_DataTask00/best_epoch_PW3D_MESH_MP.bin
	Saving checkpoint to ckpt/03_train_on_non_AR_ICL/01_func333_model06_T16_DataTask00/best_epoch_PW3D_MESH_FPE.bin
	Saving checkpoint to ckpt/03_train_on_non_AR_ICL/01_func333_model06_T16_DataTask00/best_epoch_PW3D_MESH_MC.bin
	Saving checkpoint to ckpt/03_train_on_non_AR_ICL/01_func333_model06_T16_DataTask00/best_epoch_PW3D_MESH_MIB.bin
	Saving checkpoint to ckpt/03_train_on_non_AR_ICL/01_func333_model06_T16_DataTask00/best_epoch_AMASS_PE.bin
	Saving checkpoint to ckpt/03_train_on_non_AR_ICL/01_func333_model06_T16_DataTask00/best_epoch_AMASS_MP.bin
	Saving checkpoint to ckpt/03_train_on_non_AR_ICL/01_func333_model06_T16_DataTask00/best_epoch_AMASS_FPE.bin
	Saving checkpoint to ckpt/03_train_on_non_AR_ICL/01_func333_model06_T16_DataTask00/best_epoch_AMASS_MC.bin
	Saving checkpoint to ckpt/03_train_on_non_AR_ICL/01_func333_model06_T16_DataTask00/best_epoch_AMASS_MIB.bin
+--------------+--------+-----------+---------+--------+--------+--------+--------+--------+----------+---------+-------------+--------+--------+--------+---------+---------+
| PE | H36M_3D |  Avg   | Direction | Discuss | Eating | Greet  | Phone  | Photo  |  Pose  | Purchase | Sitting | SittingDown | Smoke  |  Wait  |  Walk  | WalkDog | WalkTwo |
+--------------+--------+-----------+---------+--------+--------+--------+--------+--------+----------+---------+-------------+--------+--------+--------+---------+---------+
|    MPJPE     | 268.67 |   202.30  |  252.75 | 271.56 | 236.15 | 263.37 | 285.98 | 215.92 |  320.95  |  337.60 |    416.55   | 258.90 | 236.51 | 207.88 |  298.62 |  225.04 |
|   P-MPJPE    | 199.48 |   180.19  |  191.49 | 201.44 | 201.44 | 192.61 | 217.91 | 191.34 |  205.12  |  226.15 |    250.63   | 189.15 | 182.80 | 171.63 |  197.56 |  192.78 |
+--------------+--------+-----------+---------+--------+--------+--------+--------+--------+----------+---------+-------------+--------+--------+--------+---------+---------+
+--------------+--------+--------+--------+--------+--------+--------+
| MP | H36M_3D |  Avg   |   80   |  160   |  200   |  320   |  400   |
+--------------+--------+--------+--------+--------+--------+--------+
|    MPJPE     | 122.21 | 122.24 | 122.22 | 122.22 | 122.20 | 122.18 |
+--------------+--------+--------+--------+--------+--------+--------+
+---------------+--------+--------+--------+
| FPE | H36M_3D |  Avg   |  200   |  300   |
+---------------+--------+--------+--------+
|     MPJPE     | 123.76 | 123.77 | 123.76 |
+---------------+--------+--------+--------+
+--------------+--------+--------+
| MC | H36M_3D |  Avg   |  0.5   |
+--------------+--------+--------+
|    MPJPE     | 131.58 | 131.58 |
+--------------+--------+--------+
+---------------+--------+--------+
| MIB | H36M_3D |  Avg   |  0.5   |
+---------------+--------+--------+
|     MPJPE     | 122.54 | 122.54 |
+---------------+--------+--------+
+----------------+--------+--------+--------+--------+--------+--------+--------+--------+--------+--------+--------+--------+--------+--------+--------+--------+--------+
| PE | PW3D_MESH |  Avg   |   1    |   2    |   3    |   4    |   5    |   6    |   7    |   8    |   9    |   10   |   11   |   12   |   13   |   14   |   15   |   16   |
+----------------+--------+--------+--------+--------+--------+--------+--------+--------+--------+--------+--------+--------+--------+--------+--------+--------+--------+
|     MPJPE      | 276.08 | 276.22 | 276.15 | 276.01 | 275.99 | 275.90 | 275.89 | 275.90 | 276.03 | 276.07 | 276.14 | 276.21 | 276.27 | 276.21 | 276.09 | 276.02 | 276.18 |
+----------------+--------+--------+--------+--------+--------+--------+--------+--------+--------+--------+--------+--------+--------+--------+--------+--------+--------+
+----------------+--------+--------+--------+--------+--------+--------+
| MP | PW3D_MESH |  Avg   |   80   |  160   |  200   |  320   |  400   |
+----------------+--------+--------+--------+--------+--------+--------+
|     MPJPE      | 253.12 | 253.31 | 253.12 | 253.03 | 253.03 | 253.09 |
+----------------+--------+--------+--------+--------+--------+--------+
+-----------------+--------+--------+--------+
| FPE | PW3D_MESH |  Avg   |  200   |  300   |
+-----------------+--------+--------+--------+
|      MPJPE      | 278.17 | 278.18 | 278.17 |
+-----------------+--------+--------+--------+
+----------------+--------+--------+
| MC | PW3D_MESH |  Avg   |  0.5   |
+----------------+--------+--------+
|     MPJPE      | 288.50 | 288.50 |
+----------------+--------+--------+
+-----------------+--------+--------+
| MIB | PW3D_MESH |  Avg   |  0.5   |
+-----------------+--------+--------+
|      MPJPE      | 339.80 | 339.80 |
+-----------------+--------+--------+
+------------+--------+--------+--------+--------+--------+--------+--------+--------+--------+--------+--------+--------+--------+--------+--------+--------+--------+
| PE | AMASS |  Avg   |   1    |   2    |   3    |   4    |   5    |   6    |   7    |   8    |   9    |   10   |   11   |   12   |   13   |   14   |   15   |   16   |
+------------+--------+--------+--------+--------+--------+--------+--------+--------+--------+--------+--------+--------+--------+--------+--------+--------+--------+
|   MPJPE    | 210.67 | 211.00 | 210.90 | 210.83 | 210.78 | 210.73 | 210.70 | 210.68 | 210.65 | 210.64 | 210.62 | 210.60 | 210.57 | 210.54 | 210.50 | 210.47 | 210.45 |
+------------+--------+--------+--------+--------+--------+--------+--------+--------+--------+--------+--------+--------+--------+--------+--------+--------+--------+
+------------+--------+--------+--------+--------+--------+--------+
| MP | AMASS |  Avg   |   80   |  160   |  200   |  320   |  400   |
+------------+--------+--------+--------+--------+--------+--------+
|   MPJPE    | 211.31 | 211.48 | 211.36 | 211.31 | 211.23 | 211.18 |
+------------+--------+--------+--------+--------+--------+--------+
+-------------+--------+--------+--------+
| FPE | AMASS |  Avg   |  200   |  300   |
+-------------+--------+--------+--------+
|    MPJPE    | 209.80 | 209.98 | 209.62 |
+-------------+--------+--------+--------+
+------------+--------+--------+
| MC | AMASS |  Avg   |  0.5   |
+------------+--------+--------+
|   MPJPE    | 219.99 | 219.99 |
+------------+--------+--------+
+-------------+--------+--------+
| MIB | AMASS |  Avg   |  0.5   |
+-------------+--------+--------+
|    MPJPE    | 302.06 | 302.06 |
+-------------+--------+--------+
[1 end] Time cost: 27.21min 	| lr: 0.00020000 	| train loss: 0.3870686463607374
[2 start]
	Iter: 64/194; time cost: 6.00min; current batch has {'H36M_3D': 512, 'AMASS': 512} samples
	Iter: 129/194; time cost: 12.03min; current batch has {'H36M_3D': 456, 'AMASS': 568} samples
	Evaluating [3D Pose Estimation] on [H36M_3D]... costs 69.56s
	Evaluating [Motion Prediction] on [H36M_3D]... costs 58.88s
	Evaluating [Future Pose Estimation] on [H36M_3D]... costs 59.49s
	Evaluating [Motion Completion] on [H36M_3D]... costs 64.26s
	Evaluating [Motion In Between] on [H36M_3D]... costs 63.83s
	Evaluating [Future Pose Estimation] on [PW3D_MESH]... costs 24.31s
	Evaluating [Motion Prediction] on [PW3D_MESH]... costs 24.25s
	Evaluating [Future Pose Estimation] on [PW3D_MESH]... costs 24.60s
	Evaluating [Motion Completion] on [PW3D_MESH]... costs 25.02s
	Evaluating [Motion In Between] on [PW3D_MESH]... costs 24.08s
	Evaluating [Future Pose Estimation] on [AMASS]... costs 14.12s
	Evaluating [Motion Prediction] on [AMASS]... costs 14.20s
	Evaluating [Future Pose Estimation] on [AMASS]... costs 14.19s
	Evaluating [Motion Completion] on [AMASS]... costs 15.25s
	Evaluating [Motion In Between] on [AMASS]... costs 15.22s
	Saving checkpoint to ckpt/03_train_on_non_AR_ICL/01_func333_model06_T16_DataTask00/all_epochs/epoch_1.bin
	Saving checkpoint to ckpt/03_train_on_non_AR_ICL/01_func333_model06_T16_DataTask00/latest_epoch.bin
	Saving checkpoint to ckpt/03_train_on_non_AR_ICL/01_func333_model06_T16_DataTask00/best_epoch_H36M_3D_PE.bin
	Saving checkpoint to ckpt/03_train_on_non_AR_ICL/01_func333_model06_T16_DataTask00/best_epoch_H36M_3D_MP.bin
	Saving checkpoint to ckpt/03_train_on_non_AR_ICL/01_func333_model06_T16_DataTask00/best_epoch_H36M_3D_FPE.bin
	Saving checkpoint to ckpt/03_train_on_non_AR_ICL/01_func333_model06_T16_DataTask00/best_epoch_H36M_3D_MC.bin
	Saving checkpoint to ckpt/03_train_on_non_AR_ICL/01_func333_model06_T16_DataTask00/best_epoch_H36M_3D_MIB.bin
	Saving checkpoint to ckpt/03_train_on_non_AR_ICL/01_func333_model06_T16_DataTask00/best_epoch_PW3D_MESH_PE.bin
	Saving checkpoint to ckpt/03_train_on_non_AR_ICL/01_func333_model06_T16_DataTask00/best_epoch_PW3D_MESH_MP.bin
	Saving checkpoint to ckpt/03_train_on_non_AR_ICL/01_func333_model06_T16_DataTask00/best_epoch_PW3D_MESH_FPE.bin
	Saving checkpoint to ckpt/03_train_on_non_AR_ICL/01_func333_model06_T16_DataTask00/best_epoch_PW3D_MESH_MC.bin
	Saving checkpoint to ckpt/03_train_on_non_AR_ICL/01_func333_model06_T16_DataTask00/best_epoch_PW3D_MESH_MIB.bin
	Saving checkpoint to ckpt/03_train_on_non_AR_ICL/01_func333_model06_T16_DataTask00/best_epoch_AMASS_PE.bin
	Saving checkpoint to ckpt/03_train_on_non_AR_ICL/01_func333_model06_T16_DataTask00/best_epoch_AMASS_MP.bin
	Saving checkpoint to ckpt/03_train_on_non_AR_ICL/01_func333_model06_T16_DataTask00/best_epoch_AMASS_FPE.bin
	Saving checkpoint to ckpt/03_train_on_non_AR_ICL/01_func333_model06_T16_DataTask00/best_epoch_AMASS_MC.bin
	Saving checkpoint to ckpt/03_train_on_non_AR_ICL/01_func333_model06_T16_DataTask00/best_epoch_AMASS_MIB.bin
+--------------+--------+-----------+---------+--------+--------+--------+--------+--------+----------+---------+-------------+--------+--------+--------+---------+---------+
| PE | H36M_3D |  Avg   | Direction | Discuss | Eating | Greet  | Phone  | Photo  |  Pose  | Purchase | Sitting | SittingDown | Smoke  |  Wait  |  Walk  | WalkDog | WalkTwo |
+--------------+--------+-----------+---------+--------+--------+--------+--------+--------+----------+---------+-------------+--------+--------+--------+---------+---------+
|    MPJPE     | 247.81 |   199.95  |  234.10 | 257.24 | 230.27 | 243.13 | 275.27 | 210.20 |  287.90  |  304.53 |    343.83   | 237.12 | 221.74 | 191.25 |  266.01 |  214.53 |
|   P-MPJPE    | 197.55 |   179.11  |  189.28 | 199.86 | 199.71 | 191.28 | 218.20 | 188.57 |  203.13  |  226.57 |    248.78   | 186.25 | 180.03 | 167.49 |  194.82 |  190.14 |
+--------------+--------+-----------+---------+--------+--------+--------+--------+--------+----------+---------+-------------+--------+--------+--------+---------+---------+
+--------------+--------+--------+--------+--------+--------+--------+
| MP | H36M_3D |  Avg   |   80   |  160   |  200   |  320   |  400   |
+--------------+--------+--------+--------+--------+--------+--------+
|    MPJPE     | 116.03 | 116.14 | 116.08 | 116.05 | 115.97 | 115.92 |
+--------------+--------+--------+--------+--------+--------+--------+
+---------------+--------+--------+--------+
| FPE | H36M_3D |  Avg   |  200   |  300   |
+---------------+--------+--------+--------+
|     MPJPE     | 116.98 | 116.96 | 117.00 |
+---------------+--------+--------+--------+
+--------------+--------+--------+
| MC | H36M_3D |  Avg   |  0.5   |
+--------------+--------+--------+
|    MPJPE     | 125.83 | 125.83 |
+--------------+--------+--------+
+---------------+--------+--------+
| MIB | H36M_3D |  Avg   |  0.5   |
+---------------+--------+--------+
|     MPJPE     | 118.96 | 118.96 |
+---------------+--------+--------+
+----------------+--------+--------+--------+--------+--------+--------+--------+--------+--------+--------+--------+--------+--------+--------+--------+--------+--------+
| PE | PW3D_MESH |  Avg   |   1    |   2    |   3    |   4    |   5    |   6    |   7    |   8    |   9    |   10   |   11   |   12   |   13   |   14   |   15   |   16   |
+----------------+--------+--------+--------+--------+--------+--------+--------+--------+--------+--------+--------+--------+--------+--------+--------+--------+--------+
|     MPJPE      | 240.91 | 241.21 | 241.08 | 240.89 | 240.82 | 240.72 | 240.69 | 240.71 | 240.81 | 240.82 | 240.90 | 241.00 | 241.04 | 241.02 | 240.95 | 240.86 | 240.97 |
+----------------+--------+--------+--------+--------+--------+--------+--------+--------+--------+--------+--------+--------+--------+--------+--------+--------+--------+
+----------------+--------+--------+--------+--------+--------+--------+
| MP | PW3D_MESH |  Avg   |   80   |  160   |  200   |  320   |  400   |
+----------------+--------+--------+--------+--------+--------+--------+
|     MPJPE      | 245.40 | 245.70 | 245.48 | 245.35 | 245.24 | 245.26 |
+----------------+--------+--------+--------+--------+--------+--------+
+-----------------+--------+--------+--------+
| FPE | PW3D_MESH |  Avg   |  200   |  300   |
+-----------------+--------+--------+--------+
|      MPJPE      | 242.98 | 242.80 | 243.15 |
+-----------------+--------+--------+--------+
+----------------+--------+--------+
| MC | PW3D_MESH |  Avg   |  0.5   |
+----------------+--------+--------+
|     MPJPE      | 240.91 | 240.91 |
+----------------+--------+--------+
+-----------------+--------+--------+
| MIB | PW3D_MESH |  Avg   |  0.5   |
+-----------------+--------+--------+
|      MPJPE      | 259.64 | 259.64 |
+-----------------+--------+--------+
+------------+--------+--------+--------+--------+--------+--------+--------+--------+--------+--------+--------+--------+--------+--------+--------+--------+--------+
| PE | AMASS |  Avg   |   1    |   2    |   3    |   4    |   5    |   6    |   7    |   8    |   9    |   10   |   11   |   12   |   13   |   14   |   15   |   16   |
+------------+--------+--------+--------+--------+--------+--------+--------+--------+--------+--------+--------+--------+--------+--------+--------+--------+--------+
|   MPJPE    | 199.40 | 199.49 | 199.44 | 199.39 | 199.36 | 199.35 | 199.34 | 199.35 | 199.36 | 199.38 | 199.41 | 199.42 | 199.43 | 199.43 | 199.42 | 199.41 | 199.40 |
+------------+--------+--------+--------+--------+--------+--------+--------+--------+--------+--------+--------+--------+--------+--------+--------+--------+--------+
+------------+--------+--------+--------+--------+--------+--------+
| MP | AMASS |  Avg   |   80   |  160   |  200   |  320   |  400   |
+------------+--------+--------+--------+--------+--------+--------+
|   MPJPE    | 200.65 | 200.70 | 200.65 | 200.64 | 200.64 | 200.64 |
+------------+--------+--------+--------+--------+--------+--------+
+-------------+--------+--------+--------+
| FPE | AMASS |  Avg   |  200   |  300   |
+-------------+--------+--------+--------+
|    MPJPE    | 199.17 | 199.27 | 199.06 |
+-------------+--------+--------+--------+
+------------+--------+--------+
| MC | AMASS |  Avg   |  0.5   |
+------------+--------+--------+
|   MPJPE    | 216.73 | 216.73 |
+------------+--------+--------+
+-------------+--------+--------+
| MIB | AMASS |  Avg   |  0.5   |
+-------------+--------+--------+
|    MPJPE    | 236.59 | 236.59 |
+-------------+--------+--------+
[2 end] Time cost: 28.58min 	| lr: 0.00019800 	| train loss: 0.28521544068512683
[3 start]
	Iter: 64/194; time cost: 6.00min; current batch has {'H36M_3D': 508, 'AMASS': 516} samples
	Iter: 129/194; time cost: 12.04min; current batch has {'H36M_3D': 512, 'AMASS': 512} samples
	Evaluating [3D Pose Estimation] on [H36M_3D]... costs 69.97s
	Evaluating [Motion Prediction] on [H36M_3D]... costs 59.01s
	Evaluating [Future Pose Estimation] on [H36M_3D]... costs 60.26s
	Evaluating [Motion Completion] on [H36M_3D]... costs 63.87s
	Evaluating [Motion In Between] on [H36M_3D]... costs 63.47s
	Evaluating [Future Pose Estimation] on [PW3D_MESH]... costs 24.23s
	Evaluating [Motion Prediction] on [PW3D_MESH]... costs 24.33s
	Evaluating [Future Pose Estimation] on [PW3D_MESH]... costs 24.36s
	Evaluating [Motion Completion] on [PW3D_MESH]... costs 26.05s
	Evaluating [Motion In Between] on [PW3D_MESH]... costs 23.88s
	Evaluating [Future Pose Estimation] on [AMASS]... costs 14.08s
	Evaluating [Motion Prediction] on [AMASS]... costs 14.14s
	Evaluating [Future Pose Estimation] on [AMASS]... costs 14.18s
	Evaluating [Motion Completion] on [AMASS]... costs 15.22s
	Evaluating [Motion In Between] on [AMASS]... costs 15.23s
	Saving checkpoint to ckpt/03_train_on_non_AR_ICL/01_func333_model06_T16_DataTask00/all_epochs/epoch_2.bin
	Saving checkpoint to ckpt/03_train_on_non_AR_ICL/01_func333_model06_T16_DataTask00/latest_epoch.bin
	Saving checkpoint to ckpt/03_train_on_non_AR_ICL/01_func333_model06_T16_DataTask00/best_epoch_H36M_3D_PE.bin
	Saving checkpoint to ckpt/03_train_on_non_AR_ICL/01_func333_model06_T16_DataTask00/best_epoch_H36M_3D_MP.bin
	Saving checkpoint to ckpt/03_train_on_non_AR_ICL/01_func333_model06_T16_DataTask00/best_epoch_H36M_3D_FPE.bin
	Saving checkpoint to ckpt/03_train_on_non_AR_ICL/01_func333_model06_T16_DataTask00/best_epoch_H36M_3D_MC.bin
	Saving checkpoint to ckpt/03_train_on_non_AR_ICL/01_func333_model06_T16_DataTask00/best_epoch_H36M_3D_MIB.bin
	Saving checkpoint to ckpt/03_train_on_non_AR_ICL/01_func333_model06_T16_DataTask00/best_epoch_PW3D_MESH_PE.bin
	Saving checkpoint to ckpt/03_train_on_non_AR_ICL/01_func333_model06_T16_DataTask00/best_epoch_PW3D_MESH_MP.bin
	Saving checkpoint to ckpt/03_train_on_non_AR_ICL/01_func333_model06_T16_DataTask00/best_epoch_PW3D_MESH_FPE.bin
	Saving checkpoint to ckpt/03_train_on_non_AR_ICL/01_func333_model06_T16_DataTask00/best_epoch_PW3D_MESH_MIB.bin
	Saving checkpoint to ckpt/03_train_on_non_AR_ICL/01_func333_model06_T16_DataTask00/best_epoch_AMASS_PE.bin
	Saving checkpoint to ckpt/03_train_on_non_AR_ICL/01_func333_model06_T16_DataTask00/best_epoch_AMASS_MP.bin
	Saving checkpoint to ckpt/03_train_on_non_AR_ICL/01_func333_model06_T16_DataTask00/best_epoch_AMASS_FPE.bin
	Saving checkpoint to ckpt/03_train_on_non_AR_ICL/01_func333_model06_T16_DataTask00/best_epoch_AMASS_MC.bin
	Saving checkpoint to ckpt/03_train_on_non_AR_ICL/01_func333_model06_T16_DataTask00/best_epoch_AMASS_MIB.bin
+--------------+--------+-----------+---------+--------+--------+--------+--------+--------+----------+---------+-------------+--------+--------+--------+---------+---------+
| PE | H36M_3D |  Avg   | Direction | Discuss | Eating | Greet  | Phone  | Photo  |  Pose  | Purchase | Sitting | SittingDown | Smoke  |  Wait  |  Walk  | WalkDog | WalkTwo |
+--------------+--------+-----------+---------+--------+--------+--------+--------+--------+----------+---------+-------------+--------+--------+--------+---------+---------+
|    MPJPE     | 169.31 |   152.01  |  171.05 | 149.20 | 168.38 | 158.57 | 189.24 | 146.58 |  204.06  |  184.75 |    217.55   | 153.78 | 165.12 | 144.98 |  179.57 |  154.75 |
|   P-MPJPE    | 114.45 |   100.75  |  112.74 | 110.40 | 109.14 | 109.64 | 129.36 | 90.40  |  122.02  |  130.23 |    161.60   | 107.56 | 101.03 | 98.47  |  125.62 |  107.72 |
+--------------+--------+-----------+---------+--------+--------+--------+--------+--------+----------+---------+-------------+--------+--------+--------+---------+---------+
+--------------+-------+-------+-------+-------+-------+-------+
| MP | H36M_3D |  Avg  |   80  |  160  |  200  |  320  |  400  |
+--------------+-------+-------+-------+-------+-------+-------+
|    MPJPE     | 81.00 | 82.28 | 81.61 | 81.27 | 80.25 | 79.58 |
+--------------+-------+-------+-------+-------+-------+-------+
+---------------+-------+-------+-------+
| FPE | H36M_3D |  Avg  |  200  |  300  |
+---------------+-------+-------+-------+
|     MPJPE     | 84.32 | 83.39 | 85.24 |
+---------------+-------+-------+-------+
+--------------+--------+--------+
| MC | H36M_3D |  Avg   |  0.5   |
+--------------+--------+--------+
|    MPJPE     | 120.65 | 120.65 |
+--------------+--------+--------+
+---------------+-------+-------+
| MIB | H36M_3D |  Avg  |  0.5  |
+---------------+-------+-------+
|     MPJPE     | 89.46 | 89.46 |
+---------------+-------+-------+
+----------------+--------+--------+--------+--------+--------+--------+--------+--------+--------+--------+--------+--------+--------+--------+--------+--------+--------+
| PE | PW3D_MESH |  Avg   |   1    |   2    |   3    |   4    |   5    |   6    |   7    |   8    |   9    |   10   |   11   |   12   |   13   |   14   |   15   |   16   |
+----------------+--------+--------+--------+--------+--------+--------+--------+--------+--------+--------+--------+--------+--------+--------+--------+--------+--------+
|     MPJPE      | 216.02 | 217.79 | 217.14 | 216.48 | 216.07 | 215.58 | 215.18 | 214.95 | 214.91 | 214.92 | 215.01 | 215.32 | 215.59 | 215.99 | 216.50 | 217.07 | 217.85 |
+----------------+--------+--------+--------+--------+--------+--------+--------+--------+--------+--------+--------+--------+--------+--------+--------+--------+--------+
+----------------+--------+--------+--------+--------+--------+--------+
| MP | PW3D_MESH |  Avg   |   80   |  160   |  200   |  320   |  400   |
+----------------+--------+--------+--------+--------+--------+--------+
|     MPJPE      | 178.99 | 182.44 | 180.81 | 179.76 | 176.93 | 175.00 |
+----------------+--------+--------+--------+--------+--------+--------+
+-----------------+--------+--------+--------+
| FPE | PW3D_MESH |  Avg   |  200   |  300   |
+-----------------+--------+--------+--------+
|      MPJPE      | 228.83 | 227.04 | 230.62 |
+-----------------+--------+--------+--------+
+----------------+--------+--------+
| MC | PW3D_MESH |  Avg   |  0.5   |
+----------------+--------+--------+
|     MPJPE      | 244.30 | 244.30 |
+----------------+--------+--------+
+-----------------+--------+--------+
| MIB | PW3D_MESH |  Avg   |  0.5   |
+-----------------+--------+--------+
|      MPJPE      | 179.09 | 179.09 |
+-----------------+--------+--------+
+------------+--------+--------+--------+--------+--------+--------+--------+--------+--------+--------+--------+--------+--------+--------+--------+--------+--------+
| PE | AMASS |  Avg   |   1    |   2    |   3    |   4    |   5    |   6    |   7    |   8    |   9    |   10   |   11   |   12   |   13   |   14   |   15   |   16   |
+------------+--------+--------+--------+--------+--------+--------+--------+--------+--------+--------+--------+--------+--------+--------+--------+--------+--------+
|   MPJPE    | 155.48 | 158.95 | 157.49 | 156.20 | 155.09 | 154.22 | 153.60 | 153.24 | 153.12 | 153.23 | 153.55 | 154.08 | 154.81 | 155.74 | 156.84 | 158.09 | 159.46 |
+------------+--------+--------+--------+--------+--------+--------+--------+--------+--------+--------+--------+--------+--------+--------+--------+--------+--------+
+------------+--------+--------+--------+--------+--------+--------+
| MP | AMASS |  Avg   |   80   |  160   |  200   |  320   |  400   |
+------------+--------+--------+--------+--------+--------+--------+
|   MPJPE    | 175.69 | 180.58 | 178.22 | 176.95 | 172.84 | 169.85 |
+------------+--------+--------+--------+--------+--------+--------+
+-------------+--------+--------+--------+
| FPE | AMASS |  Avg   |  200   |  300   |
+-------------+--------+--------+--------+
|    MPJPE    | 178.39 | 175.24 | 181.54 |
+-------------+--------+--------+--------+
+------------+--------+--------+
| MC | AMASS |  Avg   |  0.5   |
+------------+--------+--------+
|   MPJPE    | 201.72 | 201.72 |
+------------+--------+--------+
+-------------+--------+--------+
| MIB | AMASS |  Avg   |  0.5   |
+-------------+--------+--------+
|    MPJPE    | 179.56 | 179.56 |
+-------------+--------+--------+
[3 end] Time cost: 28.46min 	| lr: 0.00019602 	| train loss: 0.2396377968079668
[4 start]
	Iter: 64/194; time cost: 6.00min; current batch has {'H36M_3D': 476, 'AMASS': 548} samples
	Iter: 129/194; time cost: 12.03min; current batch has {'H36M_3D': 532, 'AMASS': 492} samples
	Evaluating [3D Pose Estimation] on [H36M_3D]... costs 69.48s
	Evaluating [Motion Prediction] on [H36M_3D]... costs 58.92s
	Evaluating [Future Pose Estimation] on [H36M_3D]... costs 59.08s
	Evaluating [Motion Completion] on [H36M_3D]... costs 63.68s
	Evaluating [Motion In Between] on [H36M_3D]... costs 63.48s
	Evaluating [Future Pose Estimation] on [PW3D_MESH]... costs 24.53s
	Evaluating [Motion Prediction] on [PW3D_MESH]... costs 23.77s
	Evaluating [Future Pose Estimation] on [PW3D_MESH]... costs 23.85s
	Evaluating [Motion Completion] on [PW3D_MESH]... costs 24.19s
	Evaluating [Motion In Between] on [PW3D_MESH]... costs 24.03s
	Evaluating [Future Pose Estimation] on [AMASS]... costs 14.07s
	Evaluating [Motion Prediction] on [AMASS]... costs 14.15s
	Evaluating [Future Pose Estimation] on [AMASS]... costs 14.19s
	Evaluating [Motion Completion] on [AMASS]... costs 15.23s
	Evaluating [Motion In Between] on [AMASS]... costs 15.25s
	Saving checkpoint to ckpt/03_train_on_non_AR_ICL/01_func333_model06_T16_DataTask00/all_epochs/epoch_3.bin
	Saving checkpoint to ckpt/03_train_on_non_AR_ICL/01_func333_model06_T16_DataTask00/latest_epoch.bin
	Saving checkpoint to ckpt/03_train_on_non_AR_ICL/01_func333_model06_T16_DataTask00/best_epoch_H36M_3D_PE.bin
	Saving checkpoint to ckpt/03_train_on_non_AR_ICL/01_func333_model06_T16_DataTask00/best_epoch_H36M_3D_MP.bin
	Saving checkpoint to ckpt/03_train_on_non_AR_ICL/01_func333_model06_T16_DataTask00/best_epoch_H36M_3D_FPE.bin
	Saving checkpoint to ckpt/03_train_on_non_AR_ICL/01_func333_model06_T16_DataTask00/best_epoch_H36M_3D_MC.bin
	Saving checkpoint to ckpt/03_train_on_non_AR_ICL/01_func333_model06_T16_DataTask00/best_epoch_H36M_3D_MIB.bin
	Saving checkpoint to ckpt/03_train_on_non_AR_ICL/01_func333_model06_T16_DataTask00/best_epoch_PW3D_MESH_MP.bin
	Saving checkpoint to ckpt/03_train_on_non_AR_ICL/01_func333_model06_T16_DataTask00/best_epoch_PW3D_MESH_MIB.bin
	Saving checkpoint to ckpt/03_train_on_non_AR_ICL/01_func333_model06_T16_DataTask00/best_epoch_AMASS_PE.bin
	Saving checkpoint to ckpt/03_train_on_non_AR_ICL/01_func333_model06_T16_DataTask00/best_epoch_AMASS_MP.bin
	Saving checkpoint to ckpt/03_train_on_non_AR_ICL/01_func333_model06_T16_DataTask00/best_epoch_AMASS_FPE.bin
	Saving checkpoint to ckpt/03_train_on_non_AR_ICL/01_func333_model06_T16_DataTask00/best_epoch_AMASS_MC.bin
	Saving checkpoint to ckpt/03_train_on_non_AR_ICL/01_func333_model06_T16_DataTask00/best_epoch_AMASS_MIB.bin
+--------------+--------+-----------+---------+--------+--------+-------+--------+-------+----------+---------+-------------+-------+-------+-------+---------+---------+
| PE | H36M_3D |  Avg   | Direction | Discuss | Eating | Greet  | Phone | Photo  |  Pose | Purchase | Sitting | SittingDown | Smoke |  Wait |  Walk | WalkDog | WalkTwo |
+--------------+--------+-----------+---------+--------+--------+-------+--------+-------+----------+---------+-------------+-------+-------+-------+---------+---------+
|    MPJPE     | 101.84 |   86.18   |  95.17  | 92.84  | 102.99 | 92.80 | 125.64 | 88.98 |  105.72  |  109.34 |    137.71   | 91.46 | 96.65 | 90.79 |  114.46 |  96.85  |
|   P-MPJPE    | 70.55  |   59.99   |  64.28  | 65.06  | 71.21  | 64.66 | 82.38  | 59.91 |  67.46   |  79.14  |    99.46    | 64.87 | 64.46 | 67.29 |  75.94  |  72.13  |
+--------------+--------+-----------+---------+--------+--------+-------+--------+-------+----------+---------+-------------+-------+-------+-------+---------+---------+
+--------------+-------+-------+-------+-------+-------+-------+
| MP | H36M_3D |  Avg  |   80  |  160  |  200  |  320  |  400  |
+--------------+-------+-------+-------+-------+-------+-------+
|    MPJPE     | 53.10 | 55.35 | 54.17 | 53.58 | 51.79 | 50.60 |
+--------------+-------+-------+-------+-------+-------+-------+
+---------------+-------+-------+-------+
| FPE | H36M_3D |  Avg  |  200  |  300  |
+---------------+-------+-------+-------+
|     MPJPE     | 55.08 | 53.57 | 56.60 |
+---------------+-------+-------+-------+
+--------------+-------+-------+
| MC | H36M_3D |  Avg  |  0.5  |
+--------------+-------+-------+
|    MPJPE     | 79.29 | 79.29 |
+--------------+-------+-------+
+---------------+-------+-------+
| MIB | H36M_3D |  Avg  |  0.5  |
+---------------+-------+-------+
|     MPJPE     | 85.67 | 85.67 |
+---------------+-------+-------+
+----------------+--------+--------+--------+--------+--------+--------+--------+--------+--------+--------+--------+--------+--------+--------+--------+--------+--------+
| PE | PW3D_MESH |  Avg   |   1    |   2    |   3    |   4    |   5    |   6    |   7    |   8    |   9    |   10   |   11   |   12   |   13   |   14   |   15   |   16   |
+----------------+--------+--------+--------+--------+--------+--------+--------+--------+--------+--------+--------+--------+--------+--------+--------+--------+--------+
|     MPJPE      | 216.98 | 219.73 | 218.80 | 218.11 | 217.47 | 216.86 | 216.40 | 216.09 | 215.93 | 215.85 | 215.80 | 215.97 | 216.11 | 216.40 | 216.77 | 217.27 | 218.05 |
+----------------+--------+--------+--------+--------+--------+--------+--------+--------+--------+--------+--------+--------+--------+--------+--------+--------+--------+
+----------------+--------+--------+--------+--------+--------+--------+
| MP | PW3D_MESH |  Avg   |   80   |  160   |  200   |  320   |  400   |
+----------------+--------+--------+--------+--------+--------+--------+
|     MPJPE      | 139.99 | 144.82 | 142.60 | 141.21 | 137.09 | 134.25 |
+----------------+--------+--------+--------+--------+--------+--------+
+-----------------+--------+--------+--------+
| FPE | PW3D_MESH |  Avg   |  200   |  300   |
+-----------------+--------+--------+--------+
|      MPJPE      | 231.96 | 229.51 | 234.40 |
+-----------------+--------+--------+--------+
+----------------+--------+--------+
| MC | PW3D_MESH |  Avg   |  0.5   |
+----------------+--------+--------+
|     MPJPE      | 243.13 | 243.13 |
+----------------+--------+--------+
+-----------------+--------+--------+
| MIB | PW3D_MESH |  Avg   |  0.5   |
+-----------------+--------+--------+
|      MPJPE      | 172.99 | 172.99 |
+-----------------+--------+--------+
+------------+-------+-------+-------+-------+-------+-------+-------+-------+-------+-------+-------+-------+-------+-------+-------+-------+-------+
| PE | AMASS |  Avg  |   1   |   2   |   3   |   4   |   5   |   6   |   7   |   8   |   9   |   10  |   11  |   12  |   13  |   14  |   15  |   16  |
+------------+-------+-------+-------+-------+-------+-------+-------+-------+-------+-------+-------+-------+-------+-------+-------+-------+-------+
|   MPJPE    | 82.65 | 87.37 | 85.60 | 84.04 | 82.72 | 81.64 | 80.82 | 80.26 | 79.97 | 79.95 | 80.18 | 80.67 | 81.41 | 82.41 | 83.64 | 85.08 | 86.70 |
+------------+-------+-------+-------+-------+-------+-------+-------+-------+-------+-------+-------+-------+-------+-------+-------+-------+-------+
+------------+--------+--------+--------+--------+--------+--------+
| MP | AMASS |  Avg   |   80   |  160   |  200   |  320   |  400   |
+------------+--------+--------+--------+--------+--------+--------+
|   MPJPE    | 108.58 | 114.36 | 111.62 | 110.13 | 105.20 | 101.58 |
+------------+--------+--------+--------+--------+--------+--------+
+-------------+--------+--------+--------+
| FPE | AMASS |  Avg   |  200   |  300   |
+-------------+--------+--------+--------+
|    MPJPE    | 110.61 | 106.53 | 114.68 |
+-------------+--------+--------+--------+
+------------+--------+--------+
| MC | AMASS |  Avg   |  0.5   |
+------------+--------+--------+
|   MPJPE    | 151.42 | 151.42 |
+------------+--------+--------+
+-------------+--------+--------+
| MIB | AMASS |  Avg   |  0.5   |
+-------------+--------+--------+
|    MPJPE    | 115.86 | 115.86 |
+-------------+--------+--------+
[4 end] Time cost: 28.11min 	| lr: 0.00019406 	| train loss: 0.15297517127499408
[5 start]
	Iter: 64/194; time cost: 5.99min; current batch has {'H36M_3D': 540, 'AMASS': 484} samples
	Iter: 129/194; time cost: 12.02min; current batch has {'H36M_3D': 512, 'AMASS': 512} samples
	Evaluating [3D Pose Estimation] on [H36M_3D]... costs 69.97s
	Evaluating [Motion Prediction] on [H36M_3D]... costs 58.72s
	Evaluating [Future Pose Estimation] on [H36M_3D]... costs 59.01s
	Evaluating [Motion Completion] on [H36M_3D]... costs 63.56s
	Evaluating [Motion In Between] on [H36M_3D]... costs 63.45s
	Evaluating [Future Pose Estimation] on [PW3D_MESH]... costs 24.52s
	Evaluating [Motion Prediction] on [PW3D_MESH]... costs 24.21s
	Evaluating [Future Pose Estimation] on [PW3D_MESH]... costs 24.21s
	Evaluating [Motion Completion] on [PW3D_MESH]... costs 23.84s
	Evaluating [Motion In Between] on [PW3D_MESH]... costs 24.10s
	Evaluating [Future Pose Estimation] on [AMASS]... costs 14.16s
	Evaluating [Motion Prediction] on [AMASS]... costs 14.02s
	Evaluating [Future Pose Estimation] on [AMASS]... costs 14.16s
	Evaluating [Motion Completion] on [AMASS]... costs 15.21s
	Evaluating [Motion In Between] on [AMASS]... costs 15.22s
	Saving checkpoint to ckpt/03_train_on_non_AR_ICL/01_func333_model06_T16_DataTask00/all_epochs/epoch_4.bin
	Saving checkpoint to ckpt/03_train_on_non_AR_ICL/01_func333_model06_T16_DataTask00/latest_epoch.bin
	Saving checkpoint to ckpt/03_train_on_non_AR_ICL/01_func333_model06_T16_DataTask00/best_epoch_H36M_3D_PE.bin
	Saving checkpoint to ckpt/03_train_on_non_AR_ICL/01_func333_model06_T16_DataTask00/best_epoch_H36M_3D_MP.bin
	Saving checkpoint to ckpt/03_train_on_non_AR_ICL/01_func333_model06_T16_DataTask00/best_epoch_H36M_3D_FPE.bin
	Saving checkpoint to ckpt/03_train_on_non_AR_ICL/01_func333_model06_T16_DataTask00/best_epoch_H36M_3D_MC.bin
	Saving checkpoint to ckpt/03_train_on_non_AR_ICL/01_func333_model06_T16_DataTask00/best_epoch_H36M_3D_MIB.bin
	Saving checkpoint to ckpt/03_train_on_non_AR_ICL/01_func333_model06_T16_DataTask00/best_epoch_PW3D_MESH_MP.bin
	Saving checkpoint to ckpt/03_train_on_non_AR_ICL/01_func333_model06_T16_DataTask00/best_epoch_PW3D_MESH_MC.bin
	Saving checkpoint to ckpt/03_train_on_non_AR_ICL/01_func333_model06_T16_DataTask00/best_epoch_AMASS_PE.bin
	Saving checkpoint to ckpt/03_train_on_non_AR_ICL/01_func333_model06_T16_DataTask00/best_epoch_AMASS_MP.bin
	Saving checkpoint to ckpt/03_train_on_non_AR_ICL/01_func333_model06_T16_DataTask00/best_epoch_AMASS_FPE.bin
	Saving checkpoint to ckpt/03_train_on_non_AR_ICL/01_func333_model06_T16_DataTask00/best_epoch_AMASS_MC.bin
	Saving checkpoint to ckpt/03_train_on_non_AR_ICL/01_func333_model06_T16_DataTask00/best_epoch_AMASS_MIB.bin
+--------------+-------+-----------+---------+--------+-------+-------+--------+-------+----------+---------+-------------+-------+-------+-------+---------+---------+
| PE | H36M_3D |  Avg  | Direction | Discuss | Eating | Greet | Phone | Photo  |  Pose | Purchase | Sitting | SittingDown | Smoke |  Wait |  Walk | WalkDog | WalkTwo |
+--------------+-------+-----------+---------+--------+-------+-------+--------+-------+----------+---------+-------------+-------+-------+-------+---------+---------+
|    MPJPE     | 87.33 |   71.47   |  79.28  | 79.42  | 84.07 | 83.35 | 104.20 | 75.45 |  89.37   |  97.20  |    122.90   | 82.87 | 82.36 | 80.94 |  94.16  |  82.91  |
|   P-MPJPE    | 63.77 |   54.96   |  58.20  | 58.62  | 63.57 | 59.91 | 71.95  | 55.46 |  60.85   |  70.00  |    88.95    | 60.73 | 58.47 | 61.92 |  68.23  |  64.78  |
+--------------+-------+-----------+---------+--------+-------+-------+--------+-------+----------+---------+-------------+-------+-------+-------+---------+---------+
+--------------+-------+-------+-------+-------+-------+-------+
| MP | H36M_3D |  Avg  |   80  |  160  |  200  |  320  |  400  |
+--------------+-------+-------+-------+-------+-------+-------+
|    MPJPE     | 41.58 | 44.61 | 43.00 | 42.20 | 39.81 | 38.29 |
+--------------+-------+-------+-------+-------+-------+-------+
+---------------+-------+-------+-------+
| FPE | H36M_3D |  Avg  |  200  |  300  |
+---------------+-------+-------+-------+
|     MPJPE     | 46.33 | 44.43 | 48.22 |
+---------------+-------+-------+-------+
+--------------+-------+-------+
| MC | H36M_3D |  Avg  |  0.5  |
+--------------+-------+-------+
|    MPJPE     | 61.39 | 61.39 |
+--------------+-------+-------+
+---------------+-------+-------+
| MIB | H36M_3D |  Avg  |  0.5  |
+---------------+-------+-------+
|     MPJPE     | 67.04 | 67.04 |
+---------------+-------+-------+
+----------------+--------+--------+--------+--------+--------+--------+--------+--------+--------+--------+--------+--------+--------+--------+--------+--------+--------+
| PE | PW3D_MESH |  Avg   |   1    |   2    |   3    |   4    |   5    |   6    |   7    |   8    |   9    |   10   |   11   |   12   |   13   |   14   |   15   |   16   |
+----------------+--------+--------+--------+--------+--------+--------+--------+--------+--------+--------+--------+--------+--------+--------+--------+--------+--------+
|     MPJPE      | 231.65 | 238.52 | 237.33 | 236.27 | 235.28 | 234.26 | 233.27 | 232.30 | 231.42 | 230.45 | 229.61 | 229.12 | 228.47 | 227.94 | 227.44 | 227.31 | 227.40 |
+----------------+--------+--------+--------+--------+--------+--------+--------+--------+--------+--------+--------+--------+--------+--------+--------+--------+--------+
+----------------+--------+--------+--------+--------+--------+--------+
| MP | PW3D_MESH |  Avg   |   80   |  160   |  200   |  320   |  400   |
+----------------+--------+--------+--------+--------+--------+--------+
|     MPJPE      | 120.15 | 127.23 | 123.95 | 121.99 | 115.99 | 111.58 |
+----------------+--------+--------+--------+--------+--------+--------+
+-----------------+--------+--------+--------+
| FPE | PW3D_MESH |  Avg   |  200   |  300   |
+-----------------+--------+--------+--------+
|      MPJPE      | 247.30 | 244.16 | 250.45 |
+-----------------+--------+--------+--------+
+----------------+--------+--------+
| MC | PW3D_MESH |  Avg   |  0.5   |
+----------------+--------+--------+
|     MPJPE      | 206.50 | 206.50 |
+----------------+--------+--------+
+-----------------+--------+--------+
| MIB | PW3D_MESH |  Avg   |  0.5   |
+-----------------+--------+--------+
|      MPJPE      | 185.31 | 185.31 |
+-----------------+--------+--------+
+------------+-------+-------+-------+-------+-------+-------+-------+-------+-------+-------+-------+-------+-------+-------+-------+-------+-------+
| PE | AMASS |  Avg  |   1   |   2   |   3   |   4   |   5   |   6   |   7   |   8   |   9   |   10  |   11  |   12  |   13  |   14  |   15  |   16  |
+------------+-------+-------+-------+-------+-------+-------+-------+-------+-------+-------+-------+-------+-------+-------+-------+-------+-------+
|   MPJPE    | 66.20 | 75.47 | 73.20 | 71.06 | 69.08 | 67.28 | 65.71 | 64.37 | 63.32 | 62.59 | 62.20 | 62.16 | 62.47 | 63.16 | 64.21 | 65.60 | 67.28 |
+------------+-------+-------+-------+-------+-------+-------+-------+-------+-------+-------+-------+-------+-------+-------+-------+-------+-------+
+------------+-------+-------+-------+-------+-------+-------+
| MP | AMASS |  Avg  |   80  |  160  |  200  |  320  |  400  |
+------------+-------+-------+-------+-------+-------+-------+
|   MPJPE    | 89.65 | 98.08 | 93.89 | 91.68 | 84.72 | 79.86 |
+------------+-------+-------+-------+-------+-------+-------+
+-------------+-------+-------+--------+
| FPE | AMASS |  Avg  |  200  |  300   |
+-------------+-------+-------+--------+
|    MPJPE    | 95.16 | 90.10 | 100.21 |
+-------------+-------+-------+--------+
+------------+--------+--------+
| MC | AMASS |  Avg   |  0.5   |
+------------+--------+--------+
|   MPJPE    | 105.55 | 105.55 |
+------------+--------+--------+
+-------------+--------+--------+
| MIB | AMASS |  Avg   |  0.5   |
+-------------+--------+--------+
|    MPJPE    | 113.95 | 113.95 |
+-------------+--------+--------+
[5 end] Time cost: 28.13min 	| lr: 0.00019212 	| train loss: 0.10902553011280622
[6 start]
	Iter: 64/194; time cost: 6.01min; current batch has {'H36M_3D': 500, 'AMASS': 524} samples
	Iter: 129/194; time cost: 12.02min; current batch has {'H36M_3D': 464, 'AMASS': 560} samples
	Evaluating [3D Pose Estimation] on [H36M_3D]... costs 69.33s
	Evaluating [Motion Prediction] on [H36M_3D]... costs 58.86s
	Evaluating [Future Pose Estimation] on [H36M_3D]... costs 58.98s
	Evaluating [Motion Completion] on [H36M_3D]... costs 63.50s
	Evaluating [Motion In Between] on [H36M_3D]... costs 63.33s
	Evaluating [Future Pose Estimation] on [PW3D_MESH]... costs 24.63s
	Evaluating [Motion Prediction] on [PW3D_MESH]... costs 23.97s
	Evaluating [Future Pose Estimation] on [PW3D_MESH]... costs 23.62s
	Evaluating [Motion Completion] on [PW3D_MESH]... costs 23.60s
	Evaluating [Motion In Between] on [PW3D_MESH]... costs 23.57s
	Evaluating [Future Pose Estimation] on [AMASS]... costs 14.05s
	Evaluating [Motion Prediction] on [AMASS]... costs 14.17s
	Evaluating [Future Pose Estimation] on [AMASS]... costs 14.22s
	Evaluating [Motion Completion] on [AMASS]... costs 15.20s
	Evaluating [Motion In Between] on [AMASS]... costs 15.21s
	Saving checkpoint to ckpt/03_train_on_non_AR_ICL/01_func333_model06_T16_DataTask00/all_epochs/epoch_5.bin
	Saving checkpoint to ckpt/03_train_on_non_AR_ICL/01_func333_model06_T16_DataTask00/latest_epoch.bin
	Saving checkpoint to ckpt/03_train_on_non_AR_ICL/01_func333_model06_T16_DataTask00/best_epoch_H36M_3D_PE.bin
	Saving checkpoint to ckpt/03_train_on_non_AR_ICL/01_func333_model06_T16_DataTask00/best_epoch_H36M_3D_MP.bin
	Saving checkpoint to ckpt/03_train_on_non_AR_ICL/01_func333_model06_T16_DataTask00/best_epoch_H36M_3D_FPE.bin
	Saving checkpoint to ckpt/03_train_on_non_AR_ICL/01_func333_model06_T16_DataTask00/best_epoch_H36M_3D_MC.bin
	Saving checkpoint to ckpt/03_train_on_non_AR_ICL/01_func333_model06_T16_DataTask00/best_epoch_H36M_3D_MIB.bin
	Saving checkpoint to ckpt/03_train_on_non_AR_ICL/01_func333_model06_T16_DataTask00/best_epoch_PW3D_MESH_PE.bin
	Saving checkpoint to ckpt/03_train_on_non_AR_ICL/01_func333_model06_T16_DataTask00/best_epoch_PW3D_MESH_MP.bin
	Saving checkpoint to ckpt/03_train_on_non_AR_ICL/01_func333_model06_T16_DataTask00/best_epoch_PW3D_MESH_MC.bin
	Saving checkpoint to ckpt/03_train_on_non_AR_ICL/01_func333_model06_T16_DataTask00/best_epoch_AMASS_PE.bin
	Saving checkpoint to ckpt/03_train_on_non_AR_ICL/01_func333_model06_T16_DataTask00/best_epoch_AMASS_MP.bin
	Saving checkpoint to ckpt/03_train_on_non_AR_ICL/01_func333_model06_T16_DataTask00/best_epoch_AMASS_FPE.bin
	Saving checkpoint to ckpt/03_train_on_non_AR_ICL/01_func333_model06_T16_DataTask00/best_epoch_AMASS_MC.bin
	Saving checkpoint to ckpt/03_train_on_non_AR_ICL/01_func333_model06_T16_DataTask00/best_epoch_AMASS_MIB.bin
+--------------+-------+-----------+---------+--------+-------+-------+-------+-------+----------+---------+-------------+-------+-------+-------+---------+---------+
| PE | H36M_3D |  Avg  | Direction | Discuss | Eating | Greet | Phone | Photo |  Pose | Purchase | Sitting | SittingDown | Smoke |  Wait |  Walk | WalkDog | WalkTwo |
+--------------+-------+-----------+---------+--------+-------+-------+-------+-------+----------+---------+-------------+-------+-------+-------+---------+---------+
|    MPJPE     | 78.96 |   65.92   |  75.16  | 68.67  | 74.72 | 72.82 | 91.09 | 68.78 |  84.14   |  84.51  |    110.00   | 73.41 | 74.86 | 73.42 |  89.92  |  77.01  |
|   P-MPJPE    | 61.59 |   53.49   |  58.13  | 57.88  | 61.26 | 56.39 | 68.47 | 52.14 |  60.25   |  65.01  |    83.24    | 57.99 | 56.22 | 60.87 |  68.70  |  63.77  |
+--------------+-------+-----------+---------+--------+-------+-------+-------+-------+----------+---------+-------------+-------+-------+-------+---------+---------+
+--------------+-------+-------+-------+-------+-------+-------+
| MP | H36M_3D |  Avg  |   80  |  160  |  200  |  320  |  400  |
+--------------+-------+-------+-------+-------+-------+-------+
|    MPJPE     | 35.75 | 39.31 | 37.43 | 36.48 | 33.67 | 31.87 |
+--------------+-------+-------+-------+-------+-------+-------+
+---------------+-------+-------+-------+
| FPE | H36M_3D |  Avg  |  200  |  300  |
+---------------+-------+-------+-------+
|     MPJPE     | 43.08 | 41.01 | 45.14 |
+---------------+-------+-------+-------+
+--------------+-------+-------+
| MC | H36M_3D |  Avg  |  0.5  |
+--------------+-------+-------+
|    MPJPE     | 55.21 | 55.21 |
+--------------+-------+-------+
+---------------+-------+-------+
| MIB | H36M_3D |  Avg  |  0.5  |
+---------------+-------+-------+
|     MPJPE     | 66.57 | 66.57 |
+---------------+-------+-------+
+----------------+--------+--------+--------+--------+--------+--------+--------+--------+--------+--------+--------+--------+--------+--------+--------+--------+--------+
| PE | PW3D_MESH |  Avg   |   1    |   2    |   3    |   4    |   5    |   6    |   7    |   8    |   9    |   10   |   11   |   12   |   13   |   14   |   15   |   16   |
+----------------+--------+--------+--------+--------+--------+--------+--------+--------+--------+--------+--------+--------+--------+--------+--------+--------+--------+
|     MPJPE      | 214.63 | 223.73 | 222.30 | 220.99 | 219.73 | 218.43 | 217.08 | 215.74 | 214.52 | 213.22 | 212.07 | 211.07 | 210.16 | 209.32 | 208.68 | 208.47 | 208.64 |
+----------------+--------+--------+--------+--------+--------+--------+--------+--------+--------+--------+--------+--------+--------+--------+--------+--------+--------+
+----------------+--------+--------+--------+--------+--------+-------+
| MP | PW3D_MESH |  Avg   |   80   |  160   |  200   |  320   |  400  |
+----------------+--------+--------+--------+--------+--------+-------+
|     MPJPE      | 108.15 | 116.88 | 112.89 | 110.53 | 103.01 | 97.43 |
+----------------+--------+--------+--------+--------+--------+-------+
+-----------------+--------+--------+--------+
| FPE | PW3D_MESH |  Avg   |  200   |  300   |
+-----------------+--------+--------+--------+
|      MPJPE      | 229.92 | 226.40 | 233.44 |
+-----------------+--------+--------+--------+
+----------------+--------+--------+
| MC | PW3D_MESH |  Avg   |  0.5   |
+----------------+--------+--------+
|     MPJPE      | 193.45 | 193.45 |
+----------------+--------+--------+
+-----------------+--------+--------+
| MIB | PW3D_MESH |  Avg   |  0.5   |
+-----------------+--------+--------+
|      MPJPE      | 189.49 | 189.49 |
+-----------------+--------+--------+
+------------+-------+-------+-------+-------+-------+-------+-------+-------+-------+-------+-------+-------+-------+-------+-------+-------+-------+
| PE | AMASS |  Avg  |   1   |   2   |   3   |   4   |   5   |   6   |   7   |   8   |   9   |   10  |   11  |   12  |   13  |   14  |   15  |   16  |
+------------+-------+-------+-------+-------+-------+-------+-------+-------+-------+-------+-------+-------+-------+-------+-------+-------+-------+
|   MPJPE    | 53.06 | 70.88 | 68.11 | 65.33 | 62.55 | 59.79 | 57.07 | 54.42 | 51.87 | 49.47 | 47.27 | 45.36 | 43.85 | 42.87 | 42.58 | 43.11 | 44.39 |
+------------+-------+-------+-------+-------+-------+-------+-------+-------+-------+-------+-------+-------+-------+-------+-------+-------+-------+
+------------+-------+-------+-------+-------+-------+-------+
| MP | AMASS |  Avg  |   80  |  160  |  200  |  320  |  400  |
+------------+-------+-------+-------+-------+-------+-------+
|   MPJPE    | 72.79 | 83.61 | 78.24 | 75.41 | 66.45 | 60.25 |
+------------+-------+-------+-------+-------+-------+-------+
+-------------+-------+-------+-------+
| FPE | AMASS |  Avg  |  200  |  300  |
+-------------+-------+-------+-------+
|    MPJPE    | 78.83 | 72.13 | 85.53 |
+-------------+-------+-------+-------+
+------------+-------+-------+
| MC | AMASS |  Avg  |  0.5  |
+------------+-------+-------+
|   MPJPE    | 89.44 | 89.44 |
+------------+-------+-------+
+-------------+--------+--------+
| MIB | AMASS |  Avg   |  0.5   |
+-------------+--------+--------+
|    MPJPE    | 102.16 | 102.16 |
+-------------+--------+--------+
[6 end] Time cost: 28.23min 	| lr: 0.00019020 	| train loss: 0.09384655583775013
[7 start]
	Iter: 64/194; time cost: 6.01min; current batch has {'H36M_3D': 488, 'AMASS': 536} samples
	Iter: 129/194; time cost: 12.03min; current batch has {'H36M_3D': 484, 'AMASS': 540} samples
	Evaluating [3D Pose Estimation] on [H36M_3D]... costs 69.29s
	Evaluating [Motion Prediction] on [H36M_3D]... costs 58.84s
	Evaluating [Future Pose Estimation] on [H36M_3D]... costs 59.01s
	Evaluating [Motion Completion] on [H36M_3D]... costs 63.69s
	Evaluating [Motion In Between] on [H36M_3D]... costs 63.51s
	Evaluating [Future Pose Estimation] on [PW3D_MESH]... costs 24.73s
	Evaluating [Motion Prediction] on [PW3D_MESH]... costs 24.06s
	Evaluating [Future Pose Estimation] on [PW3D_MESH]... costs 23.62s
	Evaluating [Motion Completion] on [PW3D_MESH]... costs 23.53s
	Evaluating [Motion In Between] on [PW3D_MESH]... costs 23.61s
	Evaluating [Future Pose Estimation] on [AMASS]... costs 14.04s
	Evaluating [Motion Prediction] on [AMASS]... costs 14.18s
	Evaluating [Future Pose Estimation] on [AMASS]... costs 14.22s
	Evaluating [Motion Completion] on [AMASS]... costs 15.21s
	Evaluating [Motion In Between] on [AMASS]... costs 15.21s
	Saving checkpoint to ckpt/03_train_on_non_AR_ICL/01_func333_model06_T16_DataTask00/all_epochs/epoch_6.bin
	Saving checkpoint to ckpt/03_train_on_non_AR_ICL/01_func333_model06_T16_DataTask00/latest_epoch.bin
	Saving checkpoint to ckpt/03_train_on_non_AR_ICL/01_func333_model06_T16_DataTask00/best_epoch_PW3D_MESH_PE.bin
	Saving checkpoint to ckpt/03_train_on_non_AR_ICL/01_func333_model06_T16_DataTask00/best_epoch_PW3D_MESH_MP.bin
	Saving checkpoint to ckpt/03_train_on_non_AR_ICL/01_func333_model06_T16_DataTask00/best_epoch_PW3D_MESH_FPE.bin
+--------------+-------+-----------+---------+--------+-------+-------+-------+-------+----------+---------+-------------+-------+-------+-------+---------+---------+
| PE | H36M_3D |  Avg  | Direction | Discuss | Eating | Greet | Phone | Photo |  Pose | Purchase | Sitting | SittingDown | Smoke |  Wait |  Walk | WalkDog | WalkTwo |
+--------------+-------+-----------+---------+--------+-------+-------+-------+-------+----------+---------+-------------+-------+-------+-------+---------+---------+
|    MPJPE     | 79.66 |   64.35   |  75.08  | 71.27  | 76.88 | 75.87 | 94.70 | 68.97 |  84.28   |  82.04  |    109.31   | 74.08 | 77.30 | 75.28 |  87.29  |  78.16  |
|   P-MPJPE    | 60.45 |   51.05   |  55.92  | 55.98  | 60.26 | 57.48 | 67.32 | 50.38 |  57.74   |  66.33  |    85.17    | 57.22 | 56.08 | 59.91 |  64.53  |  61.43  |
+--------------+-------+-----------+---------+--------+-------+-------+-------+-------+----------+---------+-------------+-------+-------+-------+---------+---------+
+--------------+-------+-------+-------+-------+-------+-------+
| MP | H36M_3D |  Avg  |   80  |  160  |  200  |  320  |  400  |
+--------------+-------+-------+-------+-------+-------+-------+
|    MPJPE     | 36.26 | 39.91 | 37.98 | 37.01 | 34.13 | 32.28 |
+--------------+-------+-------+-------+-------+-------+-------+
+---------------+-------+-------+-------+
| FPE | H36M_3D |  Avg  |  200  |  300  |
+---------------+-------+-------+-------+
|     MPJPE     | 43.68 | 41.49 | 45.86 |
+---------------+-------+-------+-------+
+--------------+-------+-------+
| MC | H36M_3D |  Avg  |  0.5  |
+--------------+-------+-------+
|    MPJPE     | 55.87 | 55.87 |
+--------------+-------+-------+
+---------------+-------+-------+
| MIB | H36M_3D |  Avg  |  0.5  |
+---------------+-------+-------+
|     MPJPE     | 69.97 | 69.97 |
+---------------+-------+-------+
+----------------+--------+--------+--------+--------+--------+--------+--------+--------+--------+--------+--------+--------+--------+--------+--------+--------+--------+
| PE | PW3D_MESH |  Avg   |   1    |   2    |   3    |   4    |   5    |   6    |   7    |   8    |   9    |   10   |   11   |   12   |   13   |   14   |   15   |   16   |
+----------------+--------+--------+--------+--------+--------+--------+--------+--------+--------+--------+--------+--------+--------+--------+--------+--------+--------+
|     MPJPE      | 208.50 | 217.62 | 216.24 | 214.90 | 213.70 | 212.38 | 211.04 | 209.73 | 208.50 | 207.22 | 206.02 | 204.98 | 203.90 | 203.07 | 202.44 | 202.09 | 202.22 |
+----------------+--------+--------+--------+--------+--------+--------+--------+--------+--------+--------+--------+--------+--------+--------+--------+--------+--------+
+----------------+--------+--------+--------+--------+--------+-------+
| MP | PW3D_MESH |  Avg   |   80   |  160   |  200   |  320   |  400  |
+----------------+--------+--------+--------+--------+--------+-------+
|     MPJPE      | 107.28 | 116.98 | 112.62 | 110.03 | 101.51 | 95.27 |
+----------------+--------+--------+--------+--------+--------+-------+
+-----------------+--------+--------+--------+
| FPE | PW3D_MESH |  Avg   |  200   |  300   |
+-----------------+--------+--------+--------+
|      MPJPE      | 227.03 | 223.77 | 230.30 |
+-----------------+--------+--------+--------+
+----------------+--------+--------+
| MC | PW3D_MESH |  Avg   |  0.5   |
+----------------+--------+--------+
|     MPJPE      | 230.03 | 230.03 |
+----------------+--------+--------+
+-----------------+--------+--------+
| MIB | PW3D_MESH |  Avg   |  0.5   |
+-----------------+--------+--------+
|      MPJPE      | 194.81 | 194.81 |
+-----------------+--------+--------+
+------------+-------+-------+-------+-------+-------+-------+-------+-------+-------+-------+-------+-------+-------+-------+-------+-------+-------+
| PE | AMASS |  Avg  |   1   |   2   |   3   |   4   |   5   |   6   |   7   |   8   |   9   |   10  |   11  |   12  |   13  |   14  |   15  |   16  |
+------------+-------+-------+-------+-------+-------+-------+-------+-------+-------+-------+-------+-------+-------+-------+-------+-------+-------+
|   MPJPE    | 60.45 | 78.76 | 75.97 | 73.17 | 70.36 | 67.57 | 64.80 | 62.07 | 59.45 | 56.96 | 54.65 | 52.62 | 50.98 | 49.84 | 49.38 | 49.70 | 50.85 |
+------------+-------+-------+-------+-------+-------+-------+-------+-------+-------+-------+-------+-------+-------+-------+-------+-------+-------+
+------------+-------+-------+-------+-------+-------+-------+
| MP | AMASS |  Avg  |   80  |  160  |  200  |  320  |  400  |
+------------+-------+-------+-------+-------+-------+-------+
|   MPJPE    | 78.05 | 89.37 | 83.73 | 80.77 | 71.42 | 64.95 |
+------------+-------+-------+-------+-------+-------+-------+
+-------------+-------+-------+-------+
| FPE | AMASS |  Avg  |  200  |  300  |
+-------------+-------+-------+-------+
|    MPJPE    | 85.24 | 78.43 | 92.05 |
+-------------+-------+-------+-------+
+------------+-------+-------+
| MC | AMASS |  Avg  |  0.5  |
+------------+-------+-------+
|   MPJPE    | 91.18 | 91.18 |
+------------+-------+-------+
+-------------+--------+--------+
| MIB | AMASS |  Avg   |  0.5   |
+-------------+--------+--------+
|    MPJPE    | 122.70 | 122.70 |
+-------------+--------+--------+
[7 end] Time cost: 26.87min 	| lr: 0.00018830 	| train loss: 0.08989186735116234
[8 start]
	Iter: 64/194; time cost: 6.01min; current batch has {'H36M_3D': 544, 'AMASS': 480} samples
	Iter: 129/194; time cost: 12.02min; current batch has {'H36M_3D': 480, 'AMASS': 544} samples
	Evaluating [3D Pose Estimation] on [H36M_3D]... costs 69.34s
	Evaluating [Motion Prediction] on [H36M_3D]... costs 58.81s
	Evaluating [Future Pose Estimation] on [H36M_3D]... costs 59.14s
	Evaluating [Motion Completion] on [H36M_3D]... costs 63.66s
	Evaluating [Motion In Between] on [H36M_3D]... costs 63.44s
	Evaluating [Future Pose Estimation] on [PW3D_MESH]... costs 24.53s
	Evaluating [Motion Prediction] on [PW3D_MESH]... costs 24.09s
	Evaluating [Future Pose Estimation] on [PW3D_MESH]... costs 23.54s
	Evaluating [Motion Completion] on [PW3D_MESH]... costs 23.36s
	Evaluating [Motion In Between] on [PW3D_MESH]... costs 23.56s
	Evaluating [Future Pose Estimation] on [AMASS]... costs 14.08s
	Evaluating [Motion Prediction] on [AMASS]... costs 14.17s
	Evaluating [Future Pose Estimation] on [AMASS]... costs 14.15s
	Evaluating [Motion Completion] on [AMASS]... costs 15.20s
	Evaluating [Motion In Between] on [AMASS]... costs 15.21s
	Saving checkpoint to ckpt/03_train_on_non_AR_ICL/01_func333_model06_T16_DataTask00/all_epochs/epoch_7.bin
	Saving checkpoint to ckpt/03_train_on_non_AR_ICL/01_func333_model06_T16_DataTask00/latest_epoch.bin
	Saving checkpoint to ckpt/03_train_on_non_AR_ICL/01_func333_model06_T16_DataTask00/best_epoch_H36M_3D_PE.bin
	Saving checkpoint to ckpt/03_train_on_non_AR_ICL/01_func333_model06_T16_DataTask00/best_epoch_H36M_3D_MP.bin
	Saving checkpoint to ckpt/03_train_on_non_AR_ICL/01_func333_model06_T16_DataTask00/best_epoch_H36M_3D_FPE.bin
	Saving checkpoint to ckpt/03_train_on_non_AR_ICL/01_func333_model06_T16_DataTask00/best_epoch_H36M_3D_MC.bin
	Saving checkpoint to ckpt/03_train_on_non_AR_ICL/01_func333_model06_T16_DataTask00/best_epoch_PW3D_MESH_MP.bin
	Saving checkpoint to ckpt/03_train_on_non_AR_ICL/01_func333_model06_T16_DataTask00/best_epoch_PW3D_MESH_MC.bin
+--------------+-------+-----------+---------+--------+-------+-------+-------+-------+----------+---------+-------------+-------+-------+-------+---------+---------+
| PE | H36M_3D |  Avg  | Direction | Discuss | Eating | Greet | Phone | Photo |  Pose | Purchase | Sitting | SittingDown | Smoke |  Wait |  Walk | WalkDog | WalkTwo |
+--------------+-------+-----------+---------+--------+-------+-------+-------+-------+----------+---------+-------------+-------+-------+-------+---------+---------+
|    MPJPE     | 74.01 |   60.63   |  69.24  | 66.22  | 70.62 | 70.05 | 87.17 | 63.55 |  75.20   |  84.10  |    100.41   | 71.43 | 69.81 | 69.59 |  82.05  |  70.04  |
|   P-MPJPE    | 55.51 |   46.89   |  50.95  | 50.77  | 53.77 | 52.52 | 60.73 | 46.94 |  52.87   |  62.67  |    78.35    | 54.53 | 50.00 | 55.09 |  61.13  |  55.46  |
+--------------+-------+-----------+---------+--------+-------+-------+-------+-------+----------+---------+-------------+-------+-------+-------+---------+---------+
+--------------+-------+-------+-------+-------+-------+-------+
| MP | H36M_3D |  Avg  |   80  |  160  |  200  |  320  |  400  |
+--------------+-------+-------+-------+-------+-------+-------+
|    MPJPE     | 33.80 | 37.57 | 35.58 | 34.58 | 31.59 | 29.69 |
+--------------+-------+-------+-------+-------+-------+-------+
+---------------+-------+-------+-------+
| FPE | H36M_3D |  Avg  |  200  |  300  |
+---------------+-------+-------+-------+
|     MPJPE     | 41.71 | 39.47 | 43.96 |
+---------------+-------+-------+-------+
+--------------+-------+-------+
| MC | H36M_3D |  Avg  |  0.5  |
+--------------+-------+-------+
|    MPJPE     | 50.84 | 50.84 |
+--------------+-------+-------+
+---------------+-------+-------+
| MIB | H36M_3D |  Avg  |  0.5  |
+---------------+-------+-------+
|     MPJPE     | 77.01 | 77.01 |
+---------------+-------+-------+
+----------------+--------+--------+--------+--------+--------+--------+--------+--------+--------+--------+--------+--------+--------+--------+--------+--------+--------+
| PE | PW3D_MESH |  Avg   |   1    |   2    |   3    |   4    |   5    |   6    |   7    |   8    |   9    |   10   |   11   |   12   |   13   |   14   |   15   |   16   |
+----------------+--------+--------+--------+--------+--------+--------+--------+--------+--------+--------+--------+--------+--------+--------+--------+--------+--------+
|     MPJPE      | 223.60 | 232.44 | 231.14 | 229.87 | 228.69 | 227.44 | 226.10 | 224.79 | 223.57 | 222.30 | 221.13 | 220.09 | 219.11 | 218.34 | 217.63 | 217.39 | 217.65 |
+----------------+--------+--------+--------+--------+--------+--------+--------+--------+--------+--------+--------+--------+--------+--------+--------+--------+--------+
+----------------+--------+--------+--------+--------+-------+-------+
| MP | PW3D_MESH |  Avg   |   80   |  160   |  200   |  320  |  400  |
+----------------+--------+--------+--------+--------+-------+-------+
|     MPJPE      | 104.98 | 114.92 | 110.51 | 107.86 | 99.16 | 92.47 |
+----------------+--------+--------+--------+--------+-------+-------+
+-----------------+--------+--------+--------+
| FPE | PW3D_MESH |  Avg   |  200   |  300   |
+-----------------+--------+--------+--------+
|      MPJPE      | 232.34 | 228.95 | 235.72 |
+-----------------+--------+--------+--------+
+----------------+--------+--------+
| MC | PW3D_MESH |  Avg   |  0.5   |
+----------------+--------+--------+
|     MPJPE      | 171.36 | 171.36 |
+----------------+--------+--------+
+-----------------+--------+--------+
| MIB | PW3D_MESH |  Avg   |  0.5   |
+-----------------+--------+--------+
|      MPJPE      | 226.13 | 226.13 |
+-----------------+--------+--------+
+------------+-------+-------+-------+-------+-------+-------+-------+-------+-------+-------+-------+-------+-------+-------+-------+-------+-------+
| PE | AMASS |  Avg  |   1   |   2   |   3   |   4   |   5   |   6   |   7   |   8   |   9   |   10  |   11  |   12  |   13  |   14  |   15  |   16  |
+------------+-------+-------+-------+-------+-------+-------+-------+-------+-------+-------+-------+-------+-------+-------+-------+-------+-------+
|   MPJPE    | 62.84 | 82.86 | 79.98 | 77.06 | 74.12 | 71.17 | 68.23 | 65.31 | 62.44 | 59.66 | 57.02 | 54.61 | 52.49 | 50.83 | 49.79 | 49.59 | 50.33 |
+------------+-------+-------+-------+-------+-------+-------+-------+-------+-------+-------+-------+-------+-------+-------+-------+-------+-------+
+------------+-------+-------+-------+-------+-------+-------+
| MP | AMASS |  Avg  |   80  |  160  |  200  |  320  |  400  |
+------------+-------+-------+-------+-------+-------+-------+
|   MPJPE    | 77.98 | 89.48 | 83.69 | 80.68 | 71.25 | 64.81 |
+------------+-------+-------+-------+-------+-------+-------+
+-------------+-------+-------+-------+
| FPE | AMASS |  Avg  |  200  |  300  |
+-------------+-------+-------+-------+
|    MPJPE    | 85.74 | 78.55 | 92.92 |
+-------------+-------+-------+-------+
+------------+-------+-------+
| MC | AMASS |  Avg  |  0.5  |
+------------+-------+-------+
|   MPJPE    | 90.29 | 90.29 |
+------------+-------+-------+
+-------------+--------+--------+
| MIB | AMASS |  Avg   |  0.5   |
+-------------+--------+--------+
|    MPJPE    | 155.07 | 155.07 |
+-------------+--------+--------+
[8 end] Time cost: 27.33min 	| lr: 0.00018641 	| train loss: 0.08160349301204509
[9 start]
	Iter: 64/194; time cost: 6.00min; current batch has {'H36M_3D': 536, 'AMASS': 488} samples
	Iter: 129/194; time cost: 12.01min; current batch has {'H36M_3D': 536, 'AMASS': 488} samples
	Evaluating [3D Pose Estimation] on [H36M_3D]... costs 69.43s
	Evaluating [Motion Prediction] on [H36M_3D]... costs 58.85s
	Evaluating [Future Pose Estimation] on [H36M_3D]... costs 59.19s
	Evaluating [Motion Completion] on [H36M_3D]... costs 64.23s
	Evaluating [Motion In Between] on [H36M_3D]... costs 63.76s
	Evaluating [Future Pose Estimation] on [PW3D_MESH]... costs 23.86s
	Evaluating [Motion Prediction] on [PW3D_MESH]... costs 23.74s
	Evaluating [Future Pose Estimation] on [PW3D_MESH]... costs 23.59s
	Evaluating [Motion Completion] on [PW3D_MESH]... costs 23.59s
	Evaluating [Motion In Between] on [PW3D_MESH]... costs 23.36s
	Evaluating [Future Pose Estimation] on [AMASS]... costs 14.15s
	Evaluating [Motion Prediction] on [AMASS]... costs 14.27s
	Evaluating [Future Pose Estimation] on [AMASS]... costs 14.36s
	Evaluating [Motion Completion] on [AMASS]... costs 15.38s
	Evaluating [Motion In Between] on [AMASS]... costs 15.37s
	Saving checkpoint to ckpt/03_train_on_non_AR_ICL/01_func333_model06_T16_DataTask00/all_epochs/epoch_8.bin
	Saving checkpoint to ckpt/03_train_on_non_AR_ICL/01_func333_model06_T16_DataTask00/latest_epoch.bin
	Saving checkpoint to ckpt/03_train_on_non_AR_ICL/01_func333_model06_T16_DataTask00/best_epoch_H36M_3D_MP.bin
	Saving checkpoint to ckpt/03_train_on_non_AR_ICL/01_func333_model06_T16_DataTask00/best_epoch_H36M_3D_MC.bin
	Saving checkpoint to ckpt/03_train_on_non_AR_ICL/01_func333_model06_T16_DataTask00/best_epoch_PW3D_MESH_MP.bin
	Saving checkpoint to ckpt/03_train_on_non_AR_ICL/01_func333_model06_T16_DataTask00/best_epoch_AMASS_MP.bin
	Saving checkpoint to ckpt/03_train_on_non_AR_ICL/01_func333_model06_T16_DataTask00/best_epoch_AMASS_FPE.bin
	Saving checkpoint to ckpt/03_train_on_non_AR_ICL/01_func333_model06_T16_DataTask00/best_epoch_AMASS_MC.bin
+--------------+-------+-----------+---------+--------+-------+-------+-------+-------+----------+---------+-------------+-------+-------+-------+---------+---------+
| PE | H36M_3D |  Avg  | Direction | Discuss | Eating | Greet | Phone | Photo |  Pose | Purchase | Sitting | SittingDown | Smoke |  Wait |  Walk | WalkDog | WalkTwo |
+--------------+-------+-----------+---------+--------+-------+-------+-------+-------+----------+---------+-------------+-------+-------+-------+---------+---------+
|    MPJPE     | 76.27 |   64.13   |  73.11  | 69.54  | 75.37 | 72.63 | 92.14 | 66.65 |  82.56   |  77.94  |    97.51    | 72.49 | 73.58 | 69.53 |  84.80  |  72.11  |
|   P-MPJPE    | 59.09 |   52.09   |  56.25  | 57.52  | 59.25 | 56.39 | 66.38 | 50.02 |  59.74   |  60.97  |    74.60    | 57.52 | 54.54 | 57.69 |  63.98  |  59.40  |
+--------------+-------+-----------+---------+--------+-------+-------+-------+-------+----------+---------+-------------+-------+-------+-------+---------+---------+
+--------------+-------+-------+-------+-------+-------+-------+
| MP | H36M_3D |  Avg  |   80  |  160  |  200  |  320  |  400  |
+--------------+-------+-------+-------+-------+-------+-------+
|    MPJPE     | 32.98 | 36.77 | 34.77 | 33.76 | 30.76 | 28.84 |
+--------------+-------+-------+-------+-------+-------+-------+
+---------------+-------+-------+-------+
| FPE | H36M_3D |  Avg  |  200  |  300  |
+---------------+-------+-------+-------+
|     MPJPE     | 42.05 | 39.87 | 44.22 |
+---------------+-------+-------+-------+
+--------------+-------+-------+
| MC | H36M_3D |  Avg  |  0.5  |
+--------------+-------+-------+
|    MPJPE     | 49.93 | 49.93 |
+--------------+-------+-------+
+---------------+-------+-------+
| MIB | H36M_3D |  Avg  |  0.5  |
+---------------+-------+-------+
|     MPJPE     | 68.27 | 68.27 |
+---------------+-------+-------+
+----------------+--------+--------+--------+--------+--------+--------+--------+--------+--------+--------+--------+--------+--------+--------+--------+--------+--------+
| PE | PW3D_MESH |  Avg   |   1    |   2    |   3    |   4    |   5    |   6    |   7    |   8    |   9    |   10   |   11   |   12   |   13   |   14   |   15   |   16   |
+----------------+--------+--------+--------+--------+--------+--------+--------+--------+--------+--------+--------+--------+--------+--------+--------+--------+--------+
|     MPJPE      | 256.40 | 266.37 | 264.95 | 263.63 | 262.34 | 260.92 | 259.43 | 258.03 | 256.65 | 255.19 | 253.87 | 252.61 | 251.30 | 250.29 | 249.24 | 248.71 | 248.87 |
+----------------+--------+--------+--------+--------+--------+--------+--------+--------+--------+--------+--------+--------+--------+--------+--------+--------+--------+
+----------------+--------+--------+--------+--------+-------+-------+
| MP | PW3D_MESH |  Avg   |   80   |  160   |  200   |  320  |  400  |
+----------------+--------+--------+--------+--------+-------+-------+
|     MPJPE      | 102.09 | 112.39 | 107.78 | 105.05 | 96.02 | 89.21 |
+----------------+--------+--------+--------+--------+-------+-------+
+-----------------+--------+--------+--------+
| FPE | PW3D_MESH |  Avg   |  200   |  300   |
+-----------------+--------+--------+--------+
|      MPJPE      | 261.52 | 257.86 | 265.17 |
+-----------------+--------+--------+--------+
+----------------+--------+--------+
| MC | PW3D_MESH |  Avg   |  0.5   |
+----------------+--------+--------+
|     MPJPE      | 178.69 | 178.69 |
+----------------+--------+--------+
+-----------------+--------+--------+
| MIB | PW3D_MESH |  Avg   |  0.5   |
+-----------------+--------+--------+
|      MPJPE      | 193.42 | 193.42 |
+-----------------+--------+--------+
+------------+-------+-------+-------+-------+-------+-------+-------+-------+-------+-------+-------+-------+-------+-------+-------+-------+-------+
| PE | AMASS |  Avg  |   1   |   2   |   3   |   4   |   5   |   6   |   7   |   8   |   9   |   10  |   11  |   12  |   13  |   14  |   15  |   16  |
+------------+-------+-------+-------+-------+-------+-------+-------+-------+-------+-------+-------+-------+-------+-------+-------+-------+-------+
|   MPJPE    | 53.44 | 74.99 | 71.92 | 68.81 | 65.66 | 62.50 | 59.32 | 56.15 | 53.03 | 50.00 | 47.12 | 44.47 | 42.17 | 40.36 | 39.26 | 39.14 | 40.16 |
+------------+-------+-------+-------+-------+-------+-------+-------+-------+-------+-------+-------+-------+-------+-------+-------+-------+-------+
+------------+-------+-------+-------+-------+-------+-------+
| MP | AMASS |  Avg  |   80  |  160  |  200  |  320  |  400  |
+------------+-------+-------+-------+-------+-------+-------+
|   MPJPE    | 69.90 | 82.32 | 76.10 | 72.85 | 62.62 | 55.60 |
+------------+-------+-------+-------+-------+-------+-------+
+-------------+-------+-------+-------+
| FPE | AMASS |  Avg  |  200  |  300  |
+-------------+-------+-------+-------+
|    MPJPE    | 78.64 | 71.09 | 86.19 |
+-------------+-------+-------+-------+
+------------+-------+-------+
| MC | AMASS |  Avg  |  0.5  |
+------------+-------+-------+
|   MPJPE    | 80.45 | 80.45 |
+------------+-------+-------+
+-------------+--------+--------+
| MIB | AMASS |  Avg   |  0.5   |
+-------------+--------+--------+
|    MPJPE    | 142.18 | 142.18 |
+-------------+--------+--------+
[9 end] Time cost: 27.32min 	| lr: 0.00018455 	| train loss: 0.07683676322416742
[10 start]
	Iter: 64/194; time cost: 6.03min; current batch has {'H36M_3D': 492, 'AMASS': 532} samples
	Iter: 129/194; time cost: 12.03min; current batch has {'H36M_3D': 512, 'AMASS': 512} samples
	Evaluating [3D Pose Estimation] on [H36M_3D]... costs 69.36s
	Evaluating [Motion Prediction] on [H36M_3D]... costs 58.99s
	Evaluating [Future Pose Estimation] on [H36M_3D]... costs 59.07s
	Evaluating [Motion Completion] on [H36M_3D]... costs 63.49s
	Evaluating [Motion In Between] on [H36M_3D]... costs 63.38s
	Evaluating [Future Pose Estimation] on [PW3D_MESH]... costs 24.61s
	Evaluating [Motion Prediction] on [PW3D_MESH]... costs 23.49s
	Evaluating [Future Pose Estimation] on [PW3D_MESH]... costs 23.83s
	Evaluating [Motion Completion] on [PW3D_MESH]... costs 22.96s
	Evaluating [Motion In Between] on [PW3D_MESH]... costs 23.11s
	Evaluating [Future Pose Estimation] on [AMASS]... costs 14.14s
	Evaluating [Motion Prediction] on [AMASS]... costs 14.40s
	Evaluating [Future Pose Estimation] on [AMASS]... costs 14.40s
	Evaluating [Motion Completion] on [AMASS]... costs 15.45s
	Evaluating [Motion In Between] on [AMASS]... costs 15.37s
	Saving checkpoint to ckpt/03_train_on_non_AR_ICL/01_func333_model06_T16_DataTask00/all_epochs/epoch_9.bin
	Saving checkpoint to ckpt/03_train_on_non_AR_ICL/01_func333_model06_T16_DataTask00/latest_epoch.bin
	Saving checkpoint to ckpt/03_train_on_non_AR_ICL/01_func333_model06_T16_DataTask00/best_epoch_H36M_3D_PE.bin
	Saving checkpoint to ckpt/03_train_on_non_AR_ICL/01_func333_model06_T16_DataTask00/best_epoch_H36M_3D_MP.bin
	Saving checkpoint to ckpt/03_train_on_non_AR_ICL/01_func333_model06_T16_DataTask00/best_epoch_H36M_3D_FPE.bin
	Saving checkpoint to ckpt/03_train_on_non_AR_ICL/01_func333_model06_T16_DataTask00/best_epoch_H36M_3D_MC.bin
	Saving checkpoint to ckpt/03_train_on_non_AR_ICL/01_func333_model06_T16_DataTask00/best_epoch_PW3D_MESH_MP.bin
	Saving checkpoint to ckpt/03_train_on_non_AR_ICL/01_func333_model06_T16_DataTask00/best_epoch_PW3D_MESH_MC.bin
	Saving checkpoint to ckpt/03_train_on_non_AR_ICL/01_func333_model06_T16_DataTask00/best_epoch_AMASS_FPE.bin
	Saving checkpoint to ckpt/03_train_on_non_AR_ICL/01_func333_model06_T16_DataTask00/best_epoch_AMASS_MC.bin
+--------------+-------+-----------+---------+--------+-------+-------+-------+-------+----------+---------+-------------+-------+-------+-------+---------+---------+
| PE | H36M_3D |  Avg  | Direction | Discuss | Eating | Greet | Phone | Photo |  Pose | Purchase | Sitting | SittingDown | Smoke |  Wait |  Walk | WalkDog | WalkTwo |
+--------------+-------+-----------+---------+--------+-------+-------+-------+-------+----------+---------+-------------+-------+-------+-------+---------+---------+
|    MPJPE     | 70.37 |   59.34   |  67.44  | 61.47  | 66.96 | 66.94 | 81.15 | 62.60 |  68.82   |  73.84  |    95.93    | 65.99 | 67.44 | 69.95 |  77.14  |  70.46  |
|   P-MPJPE    | 53.86 |   46.74   |  49.90  | 49.10  | 52.21 | 51.50 | 58.63 | 46.00 |  48.83   |  60.62  |    75.69    | 52.37 | 49.05 | 55.25 |  57.52  |  54.52  |
+--------------+-------+-----------+---------+--------+-------+-------+-------+-------+----------+---------+-------------+-------+-------+-------+---------+---------+
+--------------+-------+-------+-------+-------+-------+-------+
| MP | H36M_3D |  Avg  |   80  |  160  |  200  |  320  |  400  |
+--------------+-------+-------+-------+-------+-------+-------+
|    MPJPE     | 31.18 | 35.24 | 33.11 | 32.03 | 28.80 | 26.72 |
+--------------+-------+-------+-------+-------+-------+-------+
+---------------+-------+-------+-------+
| FPE | H36M_3D |  Avg  |  200  |  300  |
+---------------+-------+-------+-------+
|     MPJPE     | 40.35 | 37.96 | 42.74 |
+---------------+-------+-------+-------+
+--------------+-------+-------+
| MC | H36M_3D |  Avg  |  0.5  |
+--------------+-------+-------+
|    MPJPE     | 47.94 | 47.94 |
+--------------+-------+-------+
+---------------+-------+-------+
| MIB | H36M_3D |  Avg  |  0.5  |
+---------------+-------+-------+
|     MPJPE     | 79.21 | 79.21 |
+---------------+-------+-------+
+----------------+--------+--------+--------+--------+--------+--------+--------+--------+--------+--------+--------+--------+--------+--------+--------+--------+--------+
| PE | PW3D_MESH |  Avg   |   1    |   2    |   3    |   4    |   5    |   6    |   7    |   8    |   9    |   10   |   11   |   12   |   13   |   14   |   15   |   16   |
+----------------+--------+--------+--------+--------+--------+--------+--------+--------+--------+--------+--------+--------+--------+--------+--------+--------+--------+
|     MPJPE      | 260.21 | 270.76 | 269.34 | 267.88 | 266.48 | 265.00 | 263.39 | 261.82 | 260.28 | 258.62 | 257.21 | 255.91 | 254.62 | 253.65 | 252.93 | 252.55 | 252.94 |
+----------------+--------+--------+--------+--------+--------+--------+--------+--------+--------+--------+--------+--------+--------+--------+--------+--------+--------+
+----------------+--------+--------+--------+--------+-------+-------+
| MP | PW3D_MESH |  Avg   |   80   |  160   |  200   |  320  |  400  |
+----------------+--------+--------+--------+--------+-------+-------+
|     MPJPE      | 100.13 | 110.93 | 106.13 | 103.28 | 93.77 | 86.54 |
+----------------+--------+--------+--------+--------+-------+-------+
+-----------------+--------+--------+--------+
| FPE | PW3D_MESH |  Avg   |  200   |  300   |
+-----------------+--------+--------+--------+
|      MPJPE      | 260.90 | 257.00 | 264.79 |
+-----------------+--------+--------+--------+
+----------------+--------+--------+
| MC | PW3D_MESH |  Avg   |  0.5   |
+----------------+--------+--------+
|     MPJPE      | 160.83 | 160.83 |
+----------------+--------+--------+
+-----------------+--------+--------+
| MIB | PW3D_MESH |  Avg   |  0.5   |
+-----------------+--------+--------+
|      MPJPE      | 221.18 | 221.18 |
+-----------------+--------+--------+
+------------+-------+-------+-------+-------+-------+-------+-------+-------+-------+-------+-------+-------+-------+-------+-------+-------+-------+
| PE | AMASS |  Avg  |   1   |   2   |   3   |   4   |   5   |   6   |   7   |   8   |   9   |   10  |   11  |   12  |   13  |   14  |   15  |   16  |
+------------+-------+-------+-------+-------+-------+-------+-------+-------+-------+-------+-------+-------+-------+-------+-------+-------+-------+
|   MPJPE    | 54.77 | 76.97 | 73.93 | 70.83 | 67.68 | 64.48 | 61.26 | 58.02 | 54.80 | 51.64 | 48.57 | 45.71 | 43.13 | 41.00 | 39.54 | 39.04 | 39.74 |
+------------+-------+-------+-------+-------+-------+-------+-------+-------+-------+-------+-------+-------+-------+-------+-------+-------+-------+
+------------+-------+-------+-------+-------+-------+-------+
| MP | AMASS |  Avg  |   80  |  160  |  200  |  320  |  400  |
+------------+-------+-------+-------+-------+-------+-------+
|   MPJPE    | 70.01 | 82.17 | 76.10 | 72.91 | 62.89 | 55.97 |
+------------+-------+-------+-------+-------+-------+-------+
+-------------+-------+-------+-------+
| FPE | AMASS |  Avg  |  200  |  300  |
+-------------+-------+-------+-------+
|    MPJPE    | 78.19 | 70.61 | 85.77 |
+-------------+-------+-------+-------+
+------------+-------+-------+
| MC | AMASS |  Avg  |  0.5  |
+------------+-------+-------+
|   MPJPE    | 78.01 | 78.01 |
+------------+-------+-------+
+-------------+--------+--------+
| MIB | AMASS |  Avg   |  0.5   |
+-------------+--------+--------+
|    MPJPE    | 187.73 | 187.73 |
+-------------+--------+--------+
[10 end] Time cost: 27.55min 	| lr: 0.00018270 	| train loss: 0.07447823353631552
[11 start]
	Iter: 64/194; time cost: 6.03min; current batch has {'H36M_3D': 500, 'AMASS': 524} samples
	Iter: 129/194; time cost: 12.05min; current batch has {'H36M_3D': 564, 'AMASS': 460} samples
	Evaluating [3D Pose Estimation] on [H36M_3D]... costs 69.88s
	Evaluating [Motion Prediction] on [H36M_3D]... costs 59.26s
	Evaluating [Future Pose Estimation] on [H36M_3D]... costs 59.42s
	Evaluating [Motion Completion] on [H36M_3D]... costs 63.95s
	Evaluating [Motion In Between] on [H36M_3D]... costs 64.68s
	Evaluating [Future Pose Estimation] on [PW3D_MESH]... costs 24.19s
	Evaluating [Motion Prediction] on [PW3D_MESH]... costs 23.93s
	Evaluating [Future Pose Estimation] on [PW3D_MESH]... costs 23.83s
	Evaluating [Motion Completion] on [PW3D_MESH]... costs 23.88s
	Evaluating [Motion In Between] on [PW3D_MESH]... costs 23.82s
	Evaluating [Future Pose Estimation] on [AMASS]... costs 14.24s
	Evaluating [Motion Prediction] on [AMASS]... costs 14.50s
	Evaluating [Future Pose Estimation] on [AMASS]... costs 14.37s
	Evaluating [Motion Completion] on [AMASS]... costs 15.53s
	Evaluating [Motion In Between] on [AMASS]... costs 15.48s
	Saving checkpoint to ckpt/03_train_on_non_AR_ICL/01_func333_model06_T16_DataTask00/all_epochs/epoch_10.bin
	Saving checkpoint to ckpt/03_train_on_non_AR_ICL/01_func333_model06_T16_DataTask00/latest_epoch.bin
+--------------+-------+-----------+---------+--------+-------+-------+-------+-------+----------+---------+-------------+-------+-------+-------+---------+---------+
| PE | H36M_3D |  Avg  | Direction | Discuss | Eating | Greet | Phone | Photo |  Pose | Purchase | Sitting | SittingDown | Smoke |  Wait |  Walk | WalkDog | WalkTwo |
+--------------+-------+-----------+---------+--------+-------+-------+-------+-------+----------+---------+-------------+-------+-------+-------+---------+---------+
|    MPJPE     | 85.01 |   76.43   |  84.91  | 76.74  | 82.39 | 77.72 | 95.63 | 78.22 |  88.94   |  86.39  |    107.88   | 79.65 | 82.14 | 80.86 |  97.25  |  80.04  |
|   P-MPJPE    | 54.67 |   46.78   |  50.92  | 50.73  | 54.23 | 51.27 | 59.81 | 46.22 |  52.67   |  59.98  |    75.24    | 52.90 | 49.64 | 55.30 |  59.76  |  54.55  |
+--------------+-------+-----------+---------+--------+-------+-------+-------+-------+----------+---------+-------------+-------+-------+-------+---------+---------+
+--------------+-------+-------+-------+-------+-------+-------+
| MP | H36M_3D |  Avg  |   80  |  160  |  200  |  320  |  400  |
+--------------+-------+-------+-------+-------+-------+-------+
|    MPJPE     | 36.51 | 40.45 | 38.37 | 37.32 | 34.21 | 32.23 |
+--------------+-------+-------+-------+-------+-------+-------+
+---------------+-------+-------+-------+
| FPE | H36M_3D |  Avg  |  200  |  300  |
+---------------+-------+-------+-------+
|     MPJPE     | 46.54 | 44.23 | 48.85 |
+---------------+-------+-------+-------+
+--------------+-------+-------+
| MC | H36M_3D |  Avg  |  0.5  |
+--------------+-------+-------+
|    MPJPE     | 51.70 | 51.70 |
+--------------+-------+-------+
+---------------+--------+--------+
| MIB | H36M_3D |  Avg   |  0.5   |
+---------------+--------+--------+
|     MPJPE     | 102.57 | 102.57 |
+---------------+--------+--------+
+----------------+--------+--------+--------+--------+--------+--------+--------+--------+--------+--------+--------+--------+--------+--------+--------+--------+--------+
| PE | PW3D_MESH |  Avg   |   1    |   2    |   3    |   4    |   5    |   6    |   7    |   8    |   9    |   10   |   11   |   12   |   13   |   14   |   15   |   16   |
+----------------+--------+--------+--------+--------+--------+--------+--------+--------+--------+--------+--------+--------+--------+--------+--------+--------+--------+
|     MPJPE      | 263.92 | 271.01 | 269.75 | 268.54 | 267.52 | 266.44 | 265.43 | 264.51 | 263.62 | 262.75 | 261.95 | 261.32 | 260.51 | 259.99 | 259.66 | 259.64 | 260.10 |
+----------------+--------+--------+--------+--------+--------+--------+--------+--------+--------+--------+--------+--------+--------+--------+--------+--------+--------+
+----------------+--------+--------+--------+--------+--------+--------+
| MP | PW3D_MESH |  Avg   |   80   |  160   |  200   |  320   |  400   |
+----------------+--------+--------+--------+--------+--------+--------+
|     MPJPE      | 115.59 | 126.34 | 121.52 | 118.67 | 109.28 | 102.16 |
+----------------+--------+--------+--------+--------+--------+--------+
+-----------------+--------+--------+--------+
| FPE | PW3D_MESH |  Avg   |  200   |  300   |
+-----------------+--------+--------+--------+
|      MPJPE      | 262.83 | 259.21 | 266.46 |
+-----------------+--------+--------+--------+
+----------------+--------+--------+
| MC | PW3D_MESH |  Avg   |  0.5   |
+----------------+--------+--------+
|     MPJPE      | 181.92 | 181.92 |
+----------------+--------+--------+
+-----------------+--------+--------+
| MIB | PW3D_MESH |  Avg   |  0.5   |
+-----------------+--------+--------+
|      MPJPE      | 334.03 | 334.03 |
+-----------------+--------+--------+
+------------+-------+-------+-------+-------+-------+-------+-------+-------+-------+-------+-------+-------+-------+-------+-------+-------+-------+
| PE | AMASS |  Avg  |   1   |   2   |   3   |   4   |   5   |   6   |   7   |   8   |   9   |   10  |   11  |   12  |   13  |   14  |   15  |   16  |
+------------+-------+-------+-------+-------+-------+-------+-------+-------+-------+-------+-------+-------+-------+-------+-------+-------+-------+
|   MPJPE    | 66.40 | 87.62 | 84.55 | 81.44 | 78.30 | 75.15 | 72.01 | 68.88 | 65.82 | 62.86 | 60.06 | 57.51 | 55.32 | 53.67 | 52.73 | 52.72 | 53.69 |
+------------+-------+-------+-------+-------+-------+-------+-------+-------+-------+-------+-------+-------+-------+-------+-------+-------+-------+
+------------+-------+-------+-------+-------+-------+-------+
| MP | AMASS |  Avg  |   80  |  160  |  200  |  320  |  400  |
+------------+-------+-------+-------+-------+-------+-------+
|   MPJPE    | 81.42 | 93.77 | 87.54 | 84.30 | 74.19 | 67.33 |
+------------+-------+-------+-------+-------+-------+-------+
+-------------+-------+-------+-------+
| FPE | AMASS |  Avg  |  200  |  300  |
+-------------+-------+-------+-------+
|    MPJPE    | 91.52 | 83.92 | 99.12 |
+-------------+-------+-------+-------+
+------------+-------+-------+
| MC | AMASS |  Avg  |  0.5  |
+------------+-------+-------+
|   MPJPE    | 88.56 | 88.56 |
+------------+-------+-------+
+-------------+--------+--------+
| MIB | AMASS |  Avg   |  0.5   |
+-------------+--------+--------+
|    MPJPE    | 279.39 | 279.39 |
+-------------+--------+--------+
[11 end] Time cost: 26.58min 	| lr: 0.00018088 	| train loss: 0.07081212962012574
[12 start]
	Iter: 64/194; time cost: 6.04min; current batch has {'H36M_3D': 544, 'AMASS': 480} samples
	Iter: 129/194; time cost: 12.07min; current batch has {'H36M_3D': 516, 'AMASS': 508} samples
	Saving checkpoint to ckpt/03_train_on_non_AR_ICL/01_func333_model06_T16_DataTask00/all_epochs/epoch_11.bin
	Saving checkpoint to ckpt/03_train_on_non_AR_ICL/01_func333_model06_T16_DataTask00/latest_epoch.bin
[12 end] Time cost: 18.10min 	| lr: 0.00017907 	| train loss: 0.06903447074098489
[13 start]
	Iter: 64/194; time cost: 6.04min; current batch has {'H36M_3D': 504, 'AMASS': 520} samples
