Overriding config: batch_size = 256
Configs: {'tasks': ['PE', 'MP', 'MC', 'FPE'], 'task_to_flag': {'PE': 0, 'MP': 1, 'FPE': 2, 'MC': 3, '2DAR': 4, 'AR': 5, 'MIB': 6}, 'dataset_to_flag': {'H36M_3D': 0, 'AMASS': 1, 'PW3D_MESH': 2, 'H36M_MESH': 3}, 'flag_to_task': {'0': 'PE', '1': 'MP', '2': 'FPE', '3': 'MC', '4': '2DAR', '5': 'AR', '6': 'MIB'}, 'flag_to_dataset': {'0': 'H36M_3D', '1': 'AMASS', '2': 'PW3D_MESH', '3': 'H36M_MESH'}, 'task_metrics': {'PE': ['PE e1', 'PE e2'], 'MP': ['MP'], 'FPE': ['FPE'], 'MC': ['MC'], '2DAR': ['2DAR'], 'AR': ['AR']}, 'dataset_task_info': {'train': {'PW3D_MESH': ['PE', 'MP', 'FPE', 'MC'], 'H36M_MESH': ['PE', 'MP', 'FPE', 'MC'], 'H36M_3D': ['PE', 'MP', 'FPE', 'MC'], 'AMASS': ['PE', 'MP', 'FPE', 'MC']}, 'test': {'PW3D_MESH': ['PE', 'MP', 'FPE', 'MC', 'MIB'], 'H36M_3D': ['PE', 'MP', 'FPE', 'MC', 'MIB'], 'AMASS': ['PE', 'MP', 'FPE', 'MC', 'MIB']}}, 'dataset_file': {'PW3D_MESH': 'data_icl_gen/processed_data/PW3D/mesh_det_pw3d.pkl', 'H36M_MESH': 'data_icl_gen/processed_data/H36M_MESH/mesh_det_h36m.pkl', 'H36M_3D': 'data_icl_gen/processed_data/H36M_3D/h36m_sh_conf_cam_source_final.pkl', 'AMASS': 'data_icl_gen/processed_data/AMASS/amass_joints_h36m_60.pkl'}, 'aug': True, 'aug_shuffle_joints': True, 'clip_len': 16, 'max_len': 16, 'num_joint': 17, 'joint_mask_ratio': 0.4, 'frame_mask_ratio': 0.4, 'presave_folder': 'data_icl_gen/presave_data', 'dataset_config': {'H36M_3D': {'sample_stride': 1, 'data_stride_train': 64, 'data_stride_test': 16, 'read_confidence': False, 'rootrel_input': True, 'rootrel_target': True, 'flip': True, 'scale_3D': 1}, 'PW3D_MESH': {'sample_stride': 1, 'data_stride_train': 1, 'data_stride_test': 32, 'read_confidence': False, 'rootrel_input': True, 'rootrel_target': True, 'flip': True}, 'H36M_MESH': {'sample_stride': 1, 'data_stride_train': 32, 'data_stride_test': 32, 'read_confidence': False, 'rootrel_input': True, 'rootrel_target': True, 'flip': True}, 'AMASS': {'sample_stride': 1, 'data_stride_train': 256, 'data_stride_test': 256, 'read_confidence': False, 'rootrel_input': True, 'rootrel_target': True, 'flip': True}}, 'data_root_path': 'data/non_default_ICL', 'func_ver': {'dataset_action_recognition': None, 'evaluate_action_recognition': None, 'train_epoch_action_recognition': None, 'dataset_non_AR': '3_ICL', 'evaluate_non_AR': '3_ICL', 'train_epoch_non_AR': '3_ICL', 'model_name': 'M06_MixSTE_v0_maxlen'}, 'current_as_history': True, 'rotate_prob': 0.25, 'keep_original_joints': True, 'use_partial_data': False, 'partial_data': {'datasets': {'PE': None, 'MP': None, 'FPE': None, 'MC': None}, 'train_stride': None, 'sample_stride': None, 'clip_len': None, 'num_joints': None, 'drop_ratios_MC': None, 'root_path': None, 'source_file_h36m': None, 'clip_len_2DAR': None, 'batch_size_2DAR': None, 'label_stride_2DAR': None}, 'full_data': {'datasets': {'PE': 'H36M', 'MP': 'AMASS', 'FPE': 'H36M_FPE', 'MC': '3DPW_MC', '2DAR': 'NTU60_2DAR'}, 'train_stride': 16, 'sample_stride': 1, 'clip_len': 16, 'num_joints': 17, 'drop_ratios_MC': [0.5], 'drop_ratios_MIB': [0.5], 'root_path': 'data', 'source_file_h36m': 'source_data/H36M.pkl', 'clip_len_2DAR': 9999999, 'batch_size_2DAR': 9999999, 'label_stride_2DAR': 9999999}, 'maxlen': 16, 'dim_in': 3, 'dim_out': 3, 'dim_feat': 256, 'mlp_ratio': 2, 'depth': 5, 'dim_rep': 256, 'num_heads': 8, 'att_fuse': True, 'merge_idx': 2, 'epochs': 120, 'batch_size': 256, 'test_batch_size': 512, 'dropout': 0.0, 'learning_rate': 0.0002, 'weight_decay': 0.01, 'lr_decay': 0.99, 'losses': {'mpjpe': 1.0, 'n_mpjpe': 0.0, 'velocity': 0.0, 'limb_var': 0.0, 'limb_gt': 0.0, 'angle': 0.0, 'angle_velocity': 0.0}, 'label_type_2DAR': 'default', 'rootrel_input': True, 'rootrel_input_2DAR': False, 'rootrel_target_MP': True, 'rootrel_target_PE': True, 'rootrel_target_FPE': True, 'flip_h36m_y_axis': False, 'flip_h36mFPE_y_axis': False, 'scale_h36m_skeleton': 2.0, 'scale_h36mFPE_skeleton': 2.0, 'no_eval': False, 'amass_to_h36m': [[2], [0], [3], [6], [1], [4], [7], [5], [8], [8, 11], [11], [10], [13], [15], [9], [12], [14]], 'name': '01_func333_model06_T16_DataTask00', 'data': {'datasets': {'PE': 'H36M', 'MP': 'AMASS', 'FPE': 'H36M_FPE', 'MC': '3DPW_MC', '2DAR': 'NTU60_2DAR'}, 'train_stride': 16, 'sample_stride': 1, 'clip_len': 16, 'num_joints': 17, 'drop_ratios_MC': [0.5], 'drop_ratios_MIB': [0.5], 'root_path': 'data', 'source_file_h36m': 'source_data/H36M.pkl', 'clip_len_2DAR': 9999999, 'batch_size_2DAR': 9999999, 'label_stride_2DAR': 9999999}}

python train.py --config configs/03_train_on_non_AR_ICL/01_func333_model06_T16_DataTask00.yaml -c ckpt/03_train_on_non_AR_ICL/01_func333_model06_T16_DataTask00/01_shuffle_joints -gpu 4,5 -bs 256

PID:  2932648

Loading dataset...
	Loading train data from [PW3D_MESH] for task: ['PE', 'MP', 'FPE', 'MC']... costs 0.93s... has 21678 samples
	Loading train data from [H36M_MESH] for task: ['PE', 'MP', 'FPE', 'MC']... costs 1.57s... has 9464 samples
	Loading train data from [H36M_3D] for task: ['PE', 'MP', 'FPE', 'MC']... costs 2.40s... has 24376 samples
	Loading train data from [AMASS] for task: ['PE', 'MP', 'FPE', 'MC']... costs 2.86s... has 25106 samples
	Training (non-AR) sample count: 80624
	Loading test data from [PW3D_MESH] for task: ['PE']... costs 0.78s... has 1091 samples
	Loading test data from [PW3D_MESH] for task: ['MP']... costs 0.70s... has 1091 samples
	Loading test data from [PW3D_MESH] for task: ['FPE']... costs 0.72s... has 1091 samples
	Loading test data from [PW3D_MESH] for task: ['MC']... costs 0.71s... has 1091 samples
	Loading test data from [PW3D_MESH] for task: ['MIB']... costs 0.76s... has 1091 samples
	Loading test data from [H36M_3D] for task: ['PE']... costs 2.15s... has 35088 samples
	Loading test data from [H36M_3D] for task: ['MP']... costs 2.10s... has 35088 samples
	Loading test data from [H36M_3D] for task: ['FPE']... costs 2.14s... has 35088 samples
	Loading test data from [H36M_3D] for task: ['MC']... costs 2.28s... has 35088 samples
	Loading test data from [H36M_3D] for task: ['MIB']... costs 2.39s... has 35088 samples
	Loading test data from [AMASS] for task: ['PE']... costs 2.50s... has 8492 samples
	Loading test data from [AMASS] for task: ['MP']... costs 2.00s... has 8492 samples
	Loading test data from [AMASS] for task: ['FPE']... costs 1.97s... has 8492 samples
	Loading test data from [AMASS] for task: ['MC']... costs 2.37s... has 8492 samples
	Loading test data from [AMASS] for task: ['MIB']... costs 2.16s... has 8492 samples

Loading model...
Model: M06_MixSTE_v0_maxlen
[MODEL INFO] prompt_enabled: True
Trainable parameter count: 235.739396M

Training on [['non_AR', 315]] batches for 120 epochs. batch size: 256
[1 start]
	Iter: 105/315; time cost: 10.04min; current batch has {'PW3D_MESH': 240, 'H36M_MESH': 116, 'H36M_3D': 364, 'AMASS': 304} samples
	Iter: 210/315; time cost: 19.76min; current batch has {'PW3D_MESH': 276, 'H36M_MESH': 124, 'H36M_3D': 328, 'AMASS': 296} samples
	Iter: 105/315; time cost: 39.30min; current batch has {'PW3D_MESH': 260, 'H36M_MESH': 140, 'H36M_3D': 308, 'AMASS': 316} samples
	Iter: 210/315; time cost: 49.03min; current batch has {'PW3D_MESH': 300, 'H36M_MESH': 144, 'H36M_3D': 248, 'AMASS': 332} samples
	Evaluating [Future Pose Estimation] on [PW3D_MESH]... costs 25.43s
	Evaluating [Motion Prediction] on [PW3D_MESH]... costs 26.00s
	Evaluating [Future Pose Estimation] on [PW3D_MESH]... costs 25.56s
	Evaluating [Motion Completion] on [PW3D_MESH]... costs 25.63s
	Evaluating [Motion In Between] on [PW3D_MESH]... costs 25.49s
	Evaluating [3D Pose Estimation] on [H36M_3D]... costs 70.99s
	Evaluating [Motion Prediction] on [H36M_3D]... costs 60.50s
	Evaluating [Future Pose Estimation] on [H36M_3D]... costs 60.92s
	Evaluating [Motion Completion] on [H36M_3D]... costs 65.90s
	Evaluating [Motion In Between] on [H36M_3D]... costs 65.83s
	Evaluating [Future Pose Estimation] on [AMASS]... costs 16.20s
	Evaluating [Motion Prediction] on [AMASS]... costs 16.24s
	Evaluating [Future Pose Estimation] on [AMASS]... costs 16.24s
	Evaluating [Motion Completion] on [AMASS]... costs 17.15s
	Evaluating [Motion In Between] on [AMASS]... costs 17.04s
	Saving checkpoint to ckpt/03_train_on_non_AR_ICL/01_func333_model06_T16_DataTask00/01_shuffle_joints/all_epochs/epoch_0.bin
	Saving checkpoint to ckpt/03_train_on_non_AR_ICL/01_func333_model06_T16_DataTask00/01_shuffle_joints/latest_epoch.bin
	Saving checkpoint to ckpt/03_train_on_non_AR_ICL/01_func333_model06_T16_DataTask00/01_shuffle_joints/best_epoch_PW3D_MESH_PE.bin
	Saving checkpoint to ckpt/03_train_on_non_AR_ICL/01_func333_model06_T16_DataTask00/01_shuffle_joints/best_epoch_PW3D_MESH_MP.bin
	Saving checkpoint to ckpt/03_train_on_non_AR_ICL/01_func333_model06_T16_DataTask00/01_shuffle_joints/best_epoch_PW3D_MESH_FPE.bin
	Saving checkpoint to ckpt/03_train_on_non_AR_ICL/01_func333_model06_T16_DataTask00/01_shuffle_joints/best_epoch_PW3D_MESH_MC.bin
	Saving checkpoint to ckpt/03_train_on_non_AR_ICL/01_func333_model06_T16_DataTask00/01_shuffle_joints/best_epoch_PW3D_MESH_MIB.bin
	Saving checkpoint to ckpt/03_train_on_non_AR_ICL/01_func333_model06_T16_DataTask00/01_shuffle_joints/best_epoch_H36M_3D_PE.bin
	Saving checkpoint to ckpt/03_train_on_non_AR_ICL/01_func333_model06_T16_DataTask00/01_shuffle_joints/best_epoch_H36M_3D_MP.bin
	Saving checkpoint to ckpt/03_train_on_non_AR_ICL/01_func333_model06_T16_DataTask00/01_shuffle_joints/best_epoch_H36M_3D_FPE.bin
	Saving checkpoint to ckpt/03_train_on_non_AR_ICL/01_func333_model06_T16_DataTask00/01_shuffle_joints/best_epoch_H36M_3D_MC.bin
	Saving checkpoint to ckpt/03_train_on_non_AR_ICL/01_func333_model06_T16_DataTask00/01_shuffle_joints/best_epoch_H36M_3D_MIB.bin
	Saving checkpoint to ckpt/03_train_on_non_AR_ICL/01_func333_model06_T16_DataTask00/01_shuffle_joints/best_epoch_AMASS_PE.bin
	Saving checkpoint to ckpt/03_train_on_non_AR_ICL/01_func333_model06_T16_DataTask00/01_shuffle_joints/best_epoch_AMASS_MP.bin
	Saving checkpoint to ckpt/03_train_on_non_AR_ICL/01_func333_model06_T16_DataTask00/01_shuffle_joints/best_epoch_AMASS_FPE.bin
	Saving checkpoint to ckpt/03_train_on_non_AR_ICL/01_func333_model06_T16_DataTask00/01_shuffle_joints/best_epoch_AMASS_MC.bin
	Saving checkpoint to ckpt/03_train_on_non_AR_ICL/01_func333_model06_T16_DataTask00/01_shuffle_joints/best_epoch_AMASS_MIB.bin
+----------------+--------+--------+--------+
| PE | PW3D_MESH |  Avg   |   0    |   15   |
+----------------+--------+--------+--------+
|     MPJPE      | 229.19 | 229.36 | 229.02 |
+----------------+--------+--------+--------+
+----------------+--------+--------+--------+--------+--------+
| MP | PW3D_MESH |  Avg   |   0    |   5    |   10   |   15   |
+----------------+--------+--------+--------+--------+--------+
|     MPJPE      | 233.51 | 233.69 | 233.49 | 233.59 | 233.27 |
+----------------+--------+--------+--------+--------+--------+
+-----------------+--------+--------+--------+--------+--------+
| FPE | PW3D_MESH |  Avg   |   0    |   5    |   10   |   15   |
+-----------------+--------+--------+--------+--------+--------+
|      MPJPE      | 229.15 | 228.94 | 229.02 | 229.23 | 229.43 |
+-----------------+--------+--------+--------+--------+--------+
+----------------+--------+--------+
| MC | PW3D_MESH |  Avg   |  0.5   |
+----------------+--------+--------+
|     MPJPE      | 252.17 | 252.17 |
+----------------+--------+--------+
+-----------------+--------+--------+
| MIB | PW3D_MESH |  Avg   |  0.5   |
+-----------------+--------+--------+
|      MPJPE      | 230.28 | 230.28 |
+-----------------+--------+--------+
+--------------+--------+-----------+---------+--------+--------+--------+--------+--------+----------+---------+-------------+--------+--------+--------+---------+---------+
| PE | H36M_3D |  Avg   | Direction | Discuss | Eating | Greet  | Phone  | Photo  |  Pose  | Purchase | Sitting | SittingDown | Smoke  |  Wait  |  Walk  | WalkDog | WalkTwo |
+--------------+--------+-----------+---------+--------+--------+--------+--------+--------+----------+---------+-------------+--------+--------+--------+---------+---------+
|    MPJPE     | 501.01 |   434.92  |  487.14 | 505.41 | 460.87 | 497.38 | 500.73 | 447.64 |  554.32  |  577.51 |    671.07   | 495.90 | 468.95 | 438.21 |  528.16 |  447.00 |
|   P-MPJPE    | 205.54 |   188.20  |  198.22 | 208.07 | 208.06 | 198.73 | 223.14 | 198.41 |  212.02  |  230.67 |    252.32   | 195.77 | 189.79 | 178.35 |  203.80 |  197.49 |
+--------------+--------+-----------+---------+--------+--------+--------+--------+--------+----------+---------+-------------+--------+--------+--------+---------+---------+
+--------------+--------+--------+--------+--------+--------+
| MP | H36M_3D |  Avg   |   0    |   5    |   10   |   15   |
+--------------+--------+--------+--------+--------+--------+
|    MPJPE     | 228.85 | 228.82 | 228.85 | 228.87 | 228.86 |
+--------------+--------+--------+--------+--------+--------+
+---------------+--------+--------+--------+--------+--------+
| FPE | H36M_3D |  Avg   |   0    |   5    |   10   |   15   |
+---------------+--------+--------+--------+--------+--------+
|     MPJPE     | 228.61 | 228.59 | 228.61 | 228.63 | 228.62 |
+---------------+--------+--------+--------+--------+--------+
+--------------+--------+--------+
| MC | H36M_3D |  Avg   |  0.5   |
+--------------+--------+--------+
|    MPJPE     | 206.73 | 206.73 |
+--------------+--------+--------+
+---------------+--------+--------+
| MIB | H36M_3D |  Avg   |  0.5   |
+---------------+--------+--------+
|     MPJPE     | 229.60 | 229.60 |
+---------------+--------+--------+
+------------+--------+--------+--------+
| PE | AMASS |  Avg   |   0    |   15   |
+------------+--------+--------+--------+
|   MPJPE    | 194.92 | 195.04 | 194.80 |
+------------+--------+--------+--------+
+------------+--------+--------+--------+--------+--------+
| MP | AMASS |  Avg   |   0    |   5    |   10   |   15   |
+------------+--------+--------+--------+--------+--------+
|   MPJPE    | 195.50 | 195.61 | 195.49 | 195.51 | 195.39 |
+------------+--------+--------+--------+--------+--------+
+-------------+--------+--------+--------+--------+--------+
| FPE | AMASS |  Avg   |   0    |   5    |   10   |   15   |
+-------------+--------+--------+--------+--------+--------+
|    MPJPE    | 194.30 | 194.85 | 194.51 | 194.05 | 193.79 |
+-------------+--------+--------+--------+--------+--------+
+------------+--------+--------+
| MC | AMASS |  Avg   |  0.5   |
+------------+--------+--------+
|   MPJPE    | 333.53 | 333.53 |
+------------+--------+--------+
+-------------+--------+--------+
| MIB | AMASS |  Avg   |  0.5   |
+-------------+--------+--------+
|    MPJPE    | 194.81 | 194.81 |
+-------------+--------+--------+
[1 end] Time cost: 67.99min 	| lr: 0.00020000 	| train loss: 0.23346797602162475
[2 start]
	Iter: 105/315; time cost: 9.88min; current batch has {'PW3D_MESH': 256, 'H36M_MESH': 116, 'H36M_3D': 368, 'AMASS': 284} samples
	Iter: 210/315; time cost: 19.61min; current batch has {'PW3D_MESH': 244, 'H36M_MESH': 144, 'H36M_3D': 312, 'AMASS': 324} samples
	Iter: 105/315; time cost: 39.10min; current batch has {'PW3D_MESH': 328, 'H36M_MESH': 112, 'H36M_3D': 280, 'AMASS': 304} samples
	Iter: 210/315; time cost: 48.83min; current batch has {'PW3D_MESH': 340, 'H36M_MESH': 120, 'H36M_3D': 324, 'AMASS': 240} samples
	Evaluating [Future Pose Estimation] on [PW3D_MESH]... costs 23.70s
	Evaluating [Motion Prediction] on [PW3D_MESH]... costs 24.14s
	Evaluating [Future Pose Estimation] on [PW3D_MESH]... costs 24.06s
	Evaluating [Motion Completion] on [PW3D_MESH]... costs 24.10s
	Evaluating [Motion In Between] on [PW3D_MESH]... costs 23.84s
	Evaluating [3D Pose Estimation] on [H36M_3D]... costs 69.00s
	Evaluating [Motion Prediction] on [H36M_3D]... costs 58.98s
	Evaluating [Future Pose Estimation] on [H36M_3D]... costs 59.29s
	Evaluating [Motion Completion] on [H36M_3D]... costs 64.15s
	Evaluating [Motion In Between] on [H36M_3D]... costs 64.20s
	Evaluating [Future Pose Estimation] on [AMASS]... costs 14.64s
	Evaluating [Motion Prediction] on [AMASS]... costs 14.61s
	Evaluating [Future Pose Estimation] on [AMASS]... costs 14.55s
	Evaluating [Motion Completion] on [AMASS]... costs 15.54s
	Evaluating [Motion In Between] on [AMASS]... costs 15.58s
	Saving checkpoint to ckpt/03_train_on_non_AR_ICL/01_func333_model06_T16_DataTask00/01_shuffle_joints/all_epochs/epoch_1.bin
	Saving checkpoint to ckpt/03_train_on_non_AR_ICL/01_func333_model06_T16_DataTask00/01_shuffle_joints/latest_epoch.bin
	Saving checkpoint to ckpt/03_train_on_non_AR_ICL/01_func333_model06_T16_DataTask00/01_shuffle_joints/best_epoch_PW3D_MESH_PE.bin
	Saving checkpoint to ckpt/03_train_on_non_AR_ICL/01_func333_model06_T16_DataTask00/01_shuffle_joints/best_epoch_PW3D_MESH_MP.bin
	Saving checkpoint to ckpt/03_train_on_non_AR_ICL/01_func333_model06_T16_DataTask00/01_shuffle_joints/best_epoch_PW3D_MESH_FPE.bin
	Saving checkpoint to ckpt/03_train_on_non_AR_ICL/01_func333_model06_T16_DataTask00/01_shuffle_joints/best_epoch_PW3D_MESH_MC.bin
	Saving checkpoint to ckpt/03_train_on_non_AR_ICL/01_func333_model06_T16_DataTask00/01_shuffle_joints/best_epoch_PW3D_MESH_MIB.bin
	Saving checkpoint to ckpt/03_train_on_non_AR_ICL/01_func333_model06_T16_DataTask00/01_shuffle_joints/best_epoch_H36M_3D_MC.bin
	Saving checkpoint to ckpt/03_train_on_non_AR_ICL/01_func333_model06_T16_DataTask00/01_shuffle_joints/best_epoch_AMASS_PE.bin
	Saving checkpoint to ckpt/03_train_on_non_AR_ICL/01_func333_model06_T16_DataTask00/01_shuffle_joints/best_epoch_AMASS_MP.bin
	Saving checkpoint to ckpt/03_train_on_non_AR_ICL/01_func333_model06_T16_DataTask00/01_shuffle_joints/best_epoch_AMASS_FPE.bin
	Saving checkpoint to ckpt/03_train_on_non_AR_ICL/01_func333_model06_T16_DataTask00/01_shuffle_joints/best_epoch_AMASS_MC.bin
	Saving checkpoint to ckpt/03_train_on_non_AR_ICL/01_func333_model06_T16_DataTask00/01_shuffle_joints/best_epoch_AMASS_MIB.bin
+----------------+--------+--------+--------+
| PE | PW3D_MESH |  Avg   |   0    |   15   |
+----------------+--------+--------+--------+
|     MPJPE      | 228.15 | 228.35 | 227.95 |
+----------------+--------+--------+--------+
+----------------+--------+--------+--------+--------+--------+
| MP | PW3D_MESH |  Avg   |   0    |   5    |   10   |   15   |
+----------------+--------+--------+--------+--------+--------+
|     MPJPE      | 228.11 | 228.30 | 228.01 | 228.14 | 227.97 |
+----------------+--------+--------+--------+--------+--------+
+-----------------+--------+--------+--------+--------+--------+
| FPE | PW3D_MESH |  Avg   |   0    |   5    |   10   |   15   |
+-----------------+--------+--------+--------+--------+--------+
|      MPJPE      | 227.83 | 227.48 | 227.57 | 227.97 | 228.30 |
+-----------------+--------+--------+--------+--------+--------+
+----------------+--------+--------+
| MC | PW3D_MESH |  Avg   |  0.5   |
+----------------+--------+--------+
|     MPJPE      | 245.92 | 245.92 |
+----------------+--------+--------+
+-----------------+--------+--------+
| MIB | PW3D_MESH |  Avg   |  0.5   |
+-----------------+--------+--------+
|      MPJPE      | 228.61 | 228.61 |
+-----------------+--------+--------+
+--------------+--------+-----------+---------+--------+--------+--------+--------+--------+----------+---------+-------------+--------+--------+--------+---------+---------+
| PE | H36M_3D |  Avg   | Direction | Discuss | Eating | Greet  | Phone  | Photo  |  Pose  | Purchase | Sitting | SittingDown | Smoke  |  Wait  |  Walk  | WalkDog | WalkTwo |
+--------------+--------+-----------+---------+--------+--------+--------+--------+--------+----------+---------+-------------+--------+--------+--------+---------+---------+
|    MPJPE     | 507.56 |   437.99  |  494.83 | 510.09 | 463.81 | 502.20 | 502.57 | 453.13 |  564.54  |  585.01 |    680.98   | 504.47 | 474.51 | 446.62 |  539.03 |  453.67 |
|   P-MPJPE    | 193.52 |   173.96  |  185.38 | 194.20 | 194.73 | 187.62 | 213.99 | 184.11 |  198.88  |  221.83 |    246.26   | 183.77 | 176.83 | 164.45 |  192.31 |  184.48 |
+--------------+--------+-----------+---------+--------+--------+--------+--------+--------+----------+---------+-------------+--------+--------+--------+---------+---------+
+--------------+--------+--------+--------+--------+--------+
| MP | H36M_3D |  Avg   |   0    |   5    |   10   |   15   |
+--------------+--------+--------+--------+--------+--------+
|    MPJPE     | 231.62 | 231.59 | 231.61 | 231.62 | 231.65 |
+--------------+--------+--------+--------+--------+--------+
+---------------+--------+--------+--------+--------+--------+
| FPE | H36M_3D |  Avg   |   0    |   5    |   10   |   15   |
+---------------+--------+--------+--------+--------+--------+
|     MPJPE     | 231.69 | 231.67 | 231.69 | 231.69 | 231.72 |
+---------------+--------+--------+--------+--------+--------+
+--------------+--------+--------+
| MC | H36M_3D |  Avg   |  0.5   |
+--------------+--------+--------+
|    MPJPE     | 203.01 | 203.01 |
+--------------+--------+--------+
+---------------+--------+--------+
| MIB | H36M_3D |  Avg   |  0.5   |
+---------------+--------+--------+
|     MPJPE     | 229.91 | 229.91 |
+---------------+--------+--------+
+------------+--------+--------+--------+
| PE | AMASS |  Avg   |   0    |   15   |
+------------+--------+--------+--------+
|   MPJPE    | 192.70 | 192.87 | 192.52 |
+------------+--------+--------+--------+
+------------+--------+--------+--------+--------+--------+
| MP | AMASS |  Avg   |   0    |   5    |   10   |   15   |
+------------+--------+--------+--------+--------+--------+
|   MPJPE    | 192.97 | 193.13 | 192.99 | 192.98 | 192.79 |
+------------+--------+--------+--------+--------+--------+
+-------------+--------+--------+--------+--------+--------+
| FPE | AMASS |  Avg   |   0    |   5    |   10   |   15   |
+-------------+--------+--------+--------+--------+--------+
|    MPJPE    | 191.75 | 192.34 | 191.96 | 191.49 | 191.21 |
+-------------+--------+--------+--------+--------+--------+
+------------+--------+--------+
| MC | AMASS |  Avg   |  0.5   |
+------------+--------+--------+
|   MPJPE    | 273.91 | 273.91 |
+------------+--------+--------+
+-------------+--------+--------+
| MIB | AMASS |  Avg   |  0.5   |
+-------------+--------+--------+
|    MPJPE    | 193.14 | 193.14 |
+-------------+--------+--------+
[2 end] Time cost: 68.62min 	| lr: 0.00019800 	| train loss: 0.19740773399789183
[3 start]
	Iter: 105/315; time cost: 9.89min; current batch has {'PW3D_MESH': 304, 'H36M_MESH': 136, 'H36M_3D': 268, 'AMASS': 316} samples
	Iter: 210/315; time cost: 19.62min; current batch has {'PW3D_MESH': 216, 'H36M_MESH': 144, 'H36M_3D': 276, 'AMASS': 388} samples
	Iter: 105/315; time cost: 39.15min; current batch has {'PW3D_MESH': 272, 'H36M_MESH': 100, 'H36M_3D': 340, 'AMASS': 312} samples
	Iter: 210/315; time cost: 48.88min; current batch has {'PW3D_MESH': 248, 'H36M_MESH': 128, 'H36M_3D': 308, 'AMASS': 340} samples
	Evaluating [Future Pose Estimation] on [PW3D_MESH]... costs 23.69s
	Evaluating [Motion Prediction] on [PW3D_MESH]... costs 24.87s
	Evaluating [Future Pose Estimation] on [PW3D_MESH]... costs 23.59s
	Evaluating [Motion Completion] on [PW3D_MESH]... costs 23.87s
	Evaluating [Motion In Between] on [PW3D_MESH]... costs 23.88s
	Evaluating [3D Pose Estimation] on [H36M_3D]... costs 68.60s
	Evaluating [Motion Prediction] on [H36M_3D]... costs 58.97s
	Evaluating [Future Pose Estimation] on [H36M_3D]... costs 59.34s
	Evaluating [Motion Completion] on [H36M_3D]... costs 64.05s
	Evaluating [Motion In Between] on [H36M_3D]... costs 64.24s
	Evaluating [Future Pose Estimation] on [AMASS]... costs 14.67s
	Evaluating [Motion Prediction] on [AMASS]... costs 14.64s
	Evaluating [Future Pose Estimation] on [AMASS]... costs 14.74s
	Evaluating [Motion Completion] on [AMASS]... costs 15.49s
	Evaluating [Motion In Between] on [AMASS]... costs 15.66s
	Saving checkpoint to ckpt/03_train_on_non_AR_ICL/01_func333_model06_T16_DataTask00/01_shuffle_joints/all_epochs/epoch_2.bin
	Saving checkpoint to ckpt/03_train_on_non_AR_ICL/01_func333_model06_T16_DataTask00/01_shuffle_joints/latest_epoch.bin
	Saving checkpoint to ckpt/03_train_on_non_AR_ICL/01_func333_model06_T16_DataTask00/01_shuffle_joints/best_epoch_PW3D_MESH_PE.bin
	Saving checkpoint to ckpt/03_train_on_non_AR_ICL/01_func333_model06_T16_DataTask00/01_shuffle_joints/best_epoch_PW3D_MESH_MP.bin
	Saving checkpoint to ckpt/03_train_on_non_AR_ICL/01_func333_model06_T16_DataTask00/01_shuffle_joints/best_epoch_PW3D_MESH_FPE.bin
	Saving checkpoint to ckpt/03_train_on_non_AR_ICL/01_func333_model06_T16_DataTask00/01_shuffle_joints/best_epoch_H36M_3D_PE.bin
	Saving checkpoint to ckpt/03_train_on_non_AR_ICL/01_func333_model06_T16_DataTask00/01_shuffle_joints/best_epoch_H36M_3D_MP.bin
	Saving checkpoint to ckpt/03_train_on_non_AR_ICL/01_func333_model06_T16_DataTask00/01_shuffle_joints/best_epoch_H36M_3D_FPE.bin
	Saving checkpoint to ckpt/03_train_on_non_AR_ICL/01_func333_model06_T16_DataTask00/01_shuffle_joints/best_epoch_H36M_3D_MC.bin
	Saving checkpoint to ckpt/03_train_on_non_AR_ICL/01_func333_model06_T16_DataTask00/01_shuffle_joints/best_epoch_H36M_3D_MIB.bin
	Saving checkpoint to ckpt/03_train_on_non_AR_ICL/01_func333_model06_T16_DataTask00/01_shuffle_joints/best_epoch_AMASS_PE.bin
	Saving checkpoint to ckpt/03_train_on_non_AR_ICL/01_func333_model06_T16_DataTask00/01_shuffle_joints/best_epoch_AMASS_MP.bin
	Saving checkpoint to ckpt/03_train_on_non_AR_ICL/01_func333_model06_T16_DataTask00/01_shuffle_joints/best_epoch_AMASS_FPE.bin
+----------------+--------+--------+--------+
| PE | PW3D_MESH |  Avg   |   0    |   15   |
+----------------+--------+--------+--------+
|     MPJPE      | 216.11 | 216.21 | 216.01 |
+----------------+--------+--------+--------+
+----------------+--------+--------+--------+--------+--------+
| MP | PW3D_MESH |  Avg   |   0    |   5    |   10   |   15   |
+----------------+--------+--------+--------+--------+--------+
|     MPJPE      | 166.95 | 172.39 | 168.93 | 165.61 | 160.86 |
+----------------+--------+--------+--------+--------+--------+
+-----------------+--------+--------+--------+--------+--------+
| FPE | PW3D_MESH |  Avg   |   0    |   5    |   10   |   15   |
+-----------------+--------+--------+--------+--------+--------+
|      MPJPE      | 220.85 | 217.96 | 219.84 | 221.91 | 223.67 |
+-----------------+--------+--------+--------+--------+--------+
+----------------+--------+--------+
| MC | PW3D_MESH |  Avg   |  0.5   |
+----------------+--------+--------+
|     MPJPE      | 273.69 | 273.69 |
+----------------+--------+--------+
+-----------------+--------+--------+
| MIB | PW3D_MESH |  Avg   |  0.5   |
+-----------------+--------+--------+
|      MPJPE      | 240.15 | 240.15 |
+-----------------+--------+--------+
+--------------+--------+-----------+---------+--------+--------+--------+--------+--------+----------+---------+-------------+--------+--------+--------+---------+---------+
| PE | H36M_3D |  Avg   | Direction | Discuss | Eating | Greet  | Phone  | Photo  |  Pose  | Purchase | Sitting | SittingDown | Smoke  |  Wait  |  Walk  | WalkDog | WalkTwo |
+--------------+--------+-----------+---------+--------+--------+--------+--------+--------+----------+---------+-------------+--------+--------+--------+---------+---------+
|    MPJPE     | 264.83 |   215.75  |  233.15 | 277.60 | 229.43 | 271.74 | 269.34 | 205.11 |  292.92  |  341.57 |    439.09   | 263.75 | 232.89 | 209.20 |  273.75 |  217.15 |
|   P-MPJPE    | 150.34 |   135.05  |  140.58 | 157.74 | 139.62 | 153.71 | 169.75 | 118.08 |  153.88  |  176.54 |    217.12   | 145.19 | 132.81 | 122.64 |  158.26 |  134.13 |
+--------------+--------+-----------+---------+--------+--------+--------+--------+--------+----------+---------+-------------+--------+--------+--------+---------+---------+
+--------------+--------+--------+--------+--------+--------+
| MP | H36M_3D |  Avg   |   0    |   5    |   10   |   15   |
+--------------+--------+--------+--------+--------+--------+
|    MPJPE     | 123.77 | 125.08 | 124.13 | 123.31 | 122.53 |
+--------------+--------+--------+--------+--------+--------+
+---------------+--------+--------+--------+--------+--------+
| FPE | H36M_3D |  Avg   |   0    |   5    |   10   |   15   |
+---------------+--------+--------+--------+--------+--------+
|     MPJPE     | 124.69 | 123.26 | 124.19 | 125.14 | 126.16 |
+---------------+--------+--------+--------+--------+--------+
+--------------+--------+--------+
| MC | H36M_3D |  Avg   |  0.5   |
+--------------+--------+--------+
|    MPJPE     | 183.46 | 183.46 |
+--------------+--------+--------+
+---------------+--------+--------+
| MIB | H36M_3D |  Avg   |  0.5   |
+---------------+--------+--------+
|     MPJPE     | 180.69 | 180.69 |
+---------------+--------+--------+
+------------+--------+--------+--------+
| PE | AMASS |  Avg   |   0    |   15   |
+------------+--------+--------+--------+
|   MPJPE    | 141.98 | 141.92 | 142.03 |
+------------+--------+--------+--------+
+------------+--------+--------+--------+--------+--------+
| MP | AMASS |  Avg   |   0    |   5    |   10   |   15   |
+------------+--------+--------+--------+--------+--------+
|   MPJPE    | 157.00 | 164.72 | 159.63 | 154.97 | 148.67 |
+------------+--------+--------+--------+--------+--------+
+-------------+--------+--------+--------+--------+--------+
| FPE | AMASS |  Avg   |   0    |   5    |   10   |   15   |
+-------------+--------+--------+--------+--------+--------+
|    MPJPE    | 155.82 | 147.34 | 153.64 | 158.51 | 163.77 |
+-------------+--------+--------+--------+--------+--------+
+------------+--------+--------+
| MC | AMASS |  Avg   |  0.5   |
+------------+--------+--------+
|   MPJPE    | 401.66 | 401.66 |
+------------+--------+--------+
+-------------+--------+--------+
| MIB | AMASS |  Avg   |  0.5   |
+-------------+--------+--------+
|    MPJPE    | 228.06 | 228.06 |
+-------------+--------+--------+
[3 end] Time cost: 68.67min 	| lr: 0.00019602 	| train loss: 0.1396117835882164
[4 start]
	Iter: 105/315; time cost: 9.89min; current batch has {'PW3D_MESH': 308, 'H36M_MESH': 100, 'H36M_3D': 344, 'AMASS': 272} samples
	Iter: 210/315; time cost: 19.62min; current batch has {'PW3D_MESH': 288, 'H36M_MESH': 116, 'H36M_3D': 340, 'AMASS': 280} samples
	Iter: 105/315; time cost: 39.17min; current batch has {'PW3D_MESH': 320, 'H36M_MESH': 160, 'H36M_3D': 256, 'AMASS': 288} samples
	Iter: 210/315; time cost: 48.89min; current batch has {'PW3D_MESH': 292, 'H36M_MESH': 140, 'H36M_3D': 312, 'AMASS': 280} samples
	Evaluating [Future Pose Estimation] on [PW3D_MESH]... costs 23.70s
	Evaluating [Motion Prediction] on [PW3D_MESH]... costs 24.26s
	Evaluating [Future Pose Estimation] on [PW3D_MESH]... costs 23.80s
	Evaluating [Motion Completion] on [PW3D_MESH]... costs 23.93s
	Evaluating [Motion In Between] on [PW3D_MESH]... costs 23.98s
	Evaluating [3D Pose Estimation] on [H36M_3D]... costs 68.80s
	Evaluating [Motion Prediction] on [H36M_3D]... costs 59.05s
	Evaluating [Future Pose Estimation] on [H36M_3D]... costs 59.46s
	Evaluating [Motion Completion] on [H36M_3D]... costs 64.51s
	Evaluating [Motion In Between] on [H36M_3D]... costs 64.40s
	Evaluating [Future Pose Estimation] on [AMASS]... costs 14.62s
	Evaluating [Motion Prediction] on [AMASS]... costs 14.62s
	Evaluating [Future Pose Estimation] on [AMASS]... costs 14.61s
	Evaluating [Motion Completion] on [AMASS]... costs 15.61s
	Evaluating [Motion In Between] on [AMASS]... costs 15.54s
	Saving checkpoint to ckpt/03_train_on_non_AR_ICL/01_func333_model06_T16_DataTask00/01_shuffle_joints/all_epochs/epoch_3.bin
	Saving checkpoint to ckpt/03_train_on_non_AR_ICL/01_func333_model06_T16_DataTask00/01_shuffle_joints/latest_epoch.bin
	Saving checkpoint to ckpt/03_train_on_non_AR_ICL/01_func333_model06_T16_DataTask00/01_shuffle_joints/best_epoch_PW3D_MESH_PE.bin
	Saving checkpoint to ckpt/03_train_on_non_AR_ICL/01_func333_model06_T16_DataTask00/01_shuffle_joints/best_epoch_PW3D_MESH_MP.bin
	Saving checkpoint to ckpt/03_train_on_non_AR_ICL/01_func333_model06_T16_DataTask00/01_shuffle_joints/best_epoch_PW3D_MESH_FPE.bin
	Saving checkpoint to ckpt/03_train_on_non_AR_ICL/01_func333_model06_T16_DataTask00/01_shuffle_joints/best_epoch_PW3D_MESH_MIB.bin
	Saving checkpoint to ckpt/03_train_on_non_AR_ICL/01_func333_model06_T16_DataTask00/01_shuffle_joints/best_epoch_H36M_3D_PE.bin
	Saving checkpoint to ckpt/03_train_on_non_AR_ICL/01_func333_model06_T16_DataTask00/01_shuffle_joints/best_epoch_H36M_3D_MP.bin
	Saving checkpoint to ckpt/03_train_on_non_AR_ICL/01_func333_model06_T16_DataTask00/01_shuffle_joints/best_epoch_H36M_3D_MIB.bin
	Saving checkpoint to ckpt/03_train_on_non_AR_ICL/01_func333_model06_T16_DataTask00/01_shuffle_joints/best_epoch_AMASS_MP.bin
	Saving checkpoint to ckpt/03_train_on_non_AR_ICL/01_func333_model06_T16_DataTask00/01_shuffle_joints/best_epoch_AMASS_MIB.bin
+----------------+--------+--------+--------+
| PE | PW3D_MESH |  Avg   |   0    |   15   |
+----------------+--------+--------+--------+
|     MPJPE      | 206.20 | 208.36 | 204.04 |
+----------------+--------+--------+--------+
+----------------+--------+--------+--------+--------+--------+
| MP | PW3D_MESH |  Avg   |   0    |   5    |   10   |   15   |
+----------------+--------+--------+--------+--------+--------+
|     MPJPE      | 163.70 | 172.98 | 167.36 | 160.47 | 154.01 |
+----------------+--------+--------+--------+--------+--------+
+-----------------+--------+--------+--------+--------+--------+
| FPE | PW3D_MESH |  Avg   |   0    |   5    |   10   |   15   |
+-----------------+--------+--------+--------+--------+--------+
|      MPJPE      | 206.11 | 201.08 | 203.88 | 207.95 | 211.52 |
+-----------------+--------+--------+--------+--------+--------+
+----------------+--------+--------+
| MC | PW3D_MESH |  Avg   |  0.5   |
+----------------+--------+--------+
|     MPJPE      | 357.87 | 357.87 |
+----------------+--------+--------+
+-----------------+--------+--------+
| MIB | PW3D_MESH |  Avg   |  0.5   |
+-----------------+--------+--------+
|      MPJPE      | 217.87 | 217.87 |
+-----------------+--------+--------+
+--------------+--------+-----------+---------+--------+--------+--------+--------+--------+----------+---------+-------------+--------+--------+--------+---------+---------+
| PE | H36M_3D |  Avg   | Direction | Discuss | Eating | Greet  | Phone  | Photo  |  Pose  | Purchase | Sitting | SittingDown | Smoke  |  Wait  |  Walk  | WalkDog | WalkTwo |
+--------------+--------+-----------+---------+--------+--------+--------+--------+--------+----------+---------+-------------+--------+--------+--------+---------+---------+
|    MPJPE     | 255.41 |   219.21  |  227.38 | 272.13 | 228.82 | 271.62 | 259.87 | 208.78 |  265.22  |  324.40 |    401.85   | 261.71 | 234.01 | 202.03 |  242.98 |  211.13 |
|   P-MPJPE    | 132.42 |   114.06  |  122.97 | 138.89 | 119.91 | 136.19 | 142.51 | 98.30  |  136.25  |  162.04 |    207.21   | 131.70 | 116.96 | 108.34 |  136.01 |  114.96 |
+--------------+--------+-----------+---------+--------+--------+--------+--------+--------+----------+---------+-------------+--------+--------+--------+---------+---------+
+--------------+--------+--------+--------+--------+--------+
| MP | H36M_3D |  Avg   |   0    |   5    |   10   |   15   |
+--------------+--------+--------+--------+--------+--------+
|    MPJPE     | 104.50 | 106.53 | 104.87 | 103.58 | 103.02 |
+--------------+--------+--------+--------+--------+--------+
+---------------+--------+--------+--------+--------+--------+
| FPE | H36M_3D |  Avg   |   0    |   5    |   10   |   15   |
+---------------+--------+--------+--------+--------+--------+
|     MPJPE     | 132.71 | 130.52 | 131.86 | 133.28 | 135.20 |
+---------------+--------+--------+--------+--------+--------+
+--------------+--------+--------+
| MC | H36M_3D |  Avg   |  0.5   |
+--------------+--------+--------+
|    MPJPE     | 211.13 | 211.13 |
+--------------+--------+--------+
+---------------+--------+--------+
| MIB | H36M_3D |  Avg   |  0.5   |
+---------------+--------+--------+
|     MPJPE     | 120.42 | 120.42 |
+---------------+--------+--------+
+------------+--------+--------+--------+
| PE | AMASS |  Avg   |   0    |   15   |
+------------+--------+--------+--------+
|   MPJPE    | 143.08 | 138.84 | 147.33 |
+------------+--------+--------+--------+
+------------+--------+--------+--------+--------+--------+
| MP | AMASS |  Avg   |   0    |   5    |   10   |   15   |
+------------+--------+--------+--------+--------+--------+
|   MPJPE    | 150.97 | 162.26 | 154.04 | 146.17 | 141.43 |
+------------+--------+--------+--------+--------+--------+
+-------------+--------+--------+--------+--------+--------+
| FPE | AMASS |  Avg   |   0    |   5    |   10   |   15   |
+-------------+--------+--------+--------+--------+--------+
|    MPJPE    | 159.16 | 151.13 | 156.32 | 162.04 | 167.15 |
+-------------+--------+--------+--------+--------+--------+
+------------+--------+--------+
| MC | AMASS |  Avg   |  0.5   |
+------------+--------+--------+
|   MPJPE    | 396.76 | 396.76 |
+------------+--------+--------+
+-------------+--------+--------+
| MIB | AMASS |  Avg   |  0.5   |
+-------------+--------+--------+
|    MPJPE    | 186.08 | 186.08 |
+-------------+--------+--------+
[4 end] Time cost: 68.43min 	| lr: 0.00019406 	| train loss: 0.08874945522005123
[5 start]
	Iter: 105/315; time cost: 9.89min; current batch has {'PW3D_MESH': 320, 'H36M_MESH': 104, 'H36M_3D': 292, 'AMASS': 308} samples
	Iter: 210/315; time cost: 19.62min; current batch has {'PW3D_MESH': 300, 'H36M_MESH': 108, 'H36M_3D': 324, 'AMASS': 292} samples
	Iter: 105/315; time cost: 39.14min; current batch has {'PW3D_MESH': 276, 'H36M_MESH': 168, 'H36M_3D': 272, 'AMASS': 308} samples
	Iter: 210/315; time cost: 48.86min; current batch has {'PW3D_MESH': 268, 'H36M_MESH': 100, 'H36M_3D': 340, 'AMASS': 316} samples
	Evaluating [Future Pose Estimation] on [PW3D_MESH]... costs 23.14s
	Evaluating [Motion Prediction] on [PW3D_MESH]... costs 24.02s
	Evaluating [Future Pose Estimation] on [PW3D_MESH]... costs 23.84s
	Evaluating [Motion Completion] on [PW3D_MESH]... costs 23.77s
	Evaluating [Motion In Between] on [PW3D_MESH]... costs 24.19s
	Evaluating [3D Pose Estimation] on [H36M_3D]... costs 68.66s
	Evaluating [Motion Prediction] on [H36M_3D]... costs 59.10s
	Evaluating [Future Pose Estimation] on [H36M_3D]... costs 59.49s
	Evaluating [Motion Completion] on [H36M_3D]... costs 64.59s
	Evaluating [Motion In Between] on [H36M_3D]... costs 64.41s
	Evaluating [Future Pose Estimation] on [AMASS]... costs 14.64s
	Evaluating [Motion Prediction] on [AMASS]... costs 14.60s
	Evaluating [Future Pose Estimation] on [AMASS]... costs 14.67s
	Evaluating [Motion Completion] on [AMASS]... costs 15.54s
	Evaluating [Motion In Between] on [AMASS]... costs 15.60s
	Saving checkpoint to ckpt/03_train_on_non_AR_ICL/01_func333_model06_T16_DataTask00/01_shuffle_joints/all_epochs/epoch_4.bin
	Saving checkpoint to ckpt/03_train_on_non_AR_ICL/01_func333_model06_T16_DataTask00/01_shuffle_joints/latest_epoch.bin
	Saving checkpoint to ckpt/03_train_on_non_AR_ICL/01_func333_model06_T16_DataTask00/01_shuffle_joints/best_epoch_PW3D_MESH_PE.bin
	Saving checkpoint to ckpt/03_train_on_non_AR_ICL/01_func333_model06_T16_DataTask00/01_shuffle_joints/best_epoch_PW3D_MESH_MP.bin
	Saving checkpoint to ckpt/03_train_on_non_AR_ICL/01_func333_model06_T16_DataTask00/01_shuffle_joints/best_epoch_PW3D_MESH_FPE.bin
	Saving checkpoint to ckpt/03_train_on_non_AR_ICL/01_func333_model06_T16_DataTask00/01_shuffle_joints/best_epoch_AMASS_PE.bin
	Saving checkpoint to ckpt/03_train_on_non_AR_ICL/01_func333_model06_T16_DataTask00/01_shuffle_joints/best_epoch_AMASS_MP.bin
	Saving checkpoint to ckpt/03_train_on_non_AR_ICL/01_func333_model06_T16_DataTask00/01_shuffle_joints/best_epoch_AMASS_FPE.bin
+----------------+--------+--------+--------+
| PE | PW3D_MESH |  Avg   |   0    |   15   |
+----------------+--------+--------+--------+
|     MPJPE      | 200.18 | 203.50 | 196.86 |
+----------------+--------+--------+--------+
+----------------+--------+--------+--------+--------+--------+
| MP | PW3D_MESH |  Avg   |   0    |   5    |   10   |   15   |
+----------------+--------+--------+--------+--------+--------+
|     MPJPE      | 159.75 | 168.49 | 163.32 | 156.39 | 150.79 |
+----------------+--------+--------+--------+--------+--------+
+-----------------+--------+--------+--------+--------+--------+
| FPE | PW3D_MESH |  Avg   |   0    |   5    |   10   |   15   |
+-----------------+--------+--------+--------+--------+--------+
|      MPJPE      | 198.00 | 192.79 | 195.38 | 200.14 | 203.70 |
+-----------------+--------+--------+--------+--------+--------+
+----------------+--------+--------+
| MC | PW3D_MESH |  Avg   |  0.5   |
+----------------+--------+--------+
|     MPJPE      | 363.90 | 363.90 |
+----------------+--------+--------+
+-----------------+--------+--------+
| MIB | PW3D_MESH |  Avg   |  0.5   |
+-----------------+--------+--------+
|      MPJPE      | 243.90 | 243.90 |
+-----------------+--------+--------+
+--------------+--------+-----------+---------+--------+--------+--------+--------+--------+----------+---------+-------------+--------+--------+--------+---------+---------+
| PE | H36M_3D |  Avg   | Direction | Discuss | Eating | Greet  | Phone  | Photo  |  Pose  | Purchase | Sitting | SittingDown | Smoke  |  Wait  |  Walk  | WalkDog | WalkTwo |
+--------------+--------+-----------+---------+--------+--------+--------+--------+--------+----------+---------+-------------+--------+--------+--------+---------+---------+
|    MPJPE     | 349.05 |   309.52  |  318.99 | 378.33 | 320.81 | 362.27 | 346.00 | 312.47 |  358.03  |  431.65 |    514.92   | 356.01 | 323.94 | 278.07 |  326.28 |  298.52 |
|   P-MPJPE    | 125.73 |   106.60  |  117.88 | 132.06 | 112.83 | 127.41 | 133.31 | 91.19  |  134.46  |  156.56 |    200.18   | 123.78 | 109.19 | 102.72 |  128.93 |  108.77 |
+--------------+--------+-----------+---------+--------+--------+--------+--------+--------+----------+---------+-------------+--------+--------+--------+---------+---------+
+--------------+--------+--------+--------+--------+--------+
| MP | H36M_3D |  Avg   |   0    |   5    |   10   |   15   |
+--------------+--------+--------+--------+--------+--------+
|    MPJPE     | 127.13 | 128.41 | 127.55 | 126.55 | 126.03 |
+--------------+--------+--------+--------+--------+--------+
+---------------+--------+--------+--------+--------+--------+
| FPE | H36M_3D |  Avg   |   0    |   5    |   10   |   15   |
+---------------+--------+--------+--------+--------+--------+
|     MPJPE     | 168.84 | 167.55 | 168.58 | 169.60 | 169.63 |
+---------------+--------+--------+--------+--------+--------+
+--------------+--------+--------+
| MC | H36M_3D |  Avg   |  0.5   |
+--------------+--------+--------+
|    MPJPE     | 285.51 | 285.51 |
+--------------+--------+--------+
+---------------+--------+--------+
| MIB | H36M_3D |  Avg   |  0.5   |
+---------------+--------+--------+
|     MPJPE     | 199.81 | 199.81 |
+---------------+--------+--------+
+------------+--------+--------+--------+
| PE | AMASS |  Avg   |   0    |   15   |
+------------+--------+--------+--------+
|   MPJPE    | 136.22 | 135.83 | 136.62 |
+------------+--------+--------+--------+
+------------+--------+--------+--------+--------+--------+
| MP | AMASS |  Avg   |   0    |   5    |   10   |   15   |
+------------+--------+--------+--------+--------+--------+
|   MPJPE    | 149.69 | 157.30 | 151.49 | 145.97 | 143.98 |
+------------+--------+--------+--------+--------+--------+
+-------------+--------+--------+--------+--------+--------+
| FPE | AMASS |  Avg   |   0    |   5    |   10   |   15   |
+-------------+--------+--------+--------+--------+--------+
|    MPJPE    | 152.91 | 146.81 | 149.35 | 154.96 | 160.54 |
+-------------+--------+--------+--------+--------+--------+
+------------+--------+--------+
| MC | AMASS |  Avg   |  0.5   |
+------------+--------+--------+
|   MPJPE    | 391.50 | 391.50 |
+------------+--------+--------+
+-------------+--------+--------+
| MIB | AMASS |  Avg   |  0.5   |
+-------------+--------+--------+
|    MPJPE    | 198.48 | 198.48 |
+-------------+--------+--------+
[5 end] Time cost: 68.00min 	| lr: 0.00019212 	| train loss: 0.07641494604685004
[6 start]
	Iter: 105/315; time cost: 9.88min; current batch has {'PW3D_MESH': 260, 'H36M_MESH': 68, 'H36M_3D': 296, 'AMASS': 400} samples
	Iter: 210/315; time cost: 19.61min; current batch has {'PW3D_MESH': 300, 'H36M_MESH': 96, 'H36M_3D': 300, 'AMASS': 328} samples
	Iter: 105/315; time cost: 39.13min; current batch has {'PW3D_MESH': 260, 'H36M_MESH': 112, 'H36M_3D': 364, 'AMASS': 288} samples
	Iter: 210/315; time cost: 48.84min; current batch has {'PW3D_MESH': 256, 'H36M_MESH': 96, 'H36M_3D': 312, 'AMASS': 360} samples
	Evaluating [Future Pose Estimation] on [PW3D_MESH]... costs 23.41s
	Evaluating [Motion Prediction] on [PW3D_MESH]... costs 24.47s
	Evaluating [Future Pose Estimation] on [PW3D_MESH]... costs 24.08s
	Evaluating [Motion Completion] on [PW3D_MESH]... costs 24.11s
	Evaluating [Motion In Between] on [PW3D_MESH]... costs 24.10s
	Evaluating [3D Pose Estimation] on [H36M_3D]... costs 68.69s
	Evaluating [Motion Prediction] on [H36M_3D]... costs 59.03s
	Evaluating [Future Pose Estimation] on [H36M_3D]... costs 59.44s
	Evaluating [Motion Completion] on [H36M_3D]... costs 64.66s
	Evaluating [Motion In Between] on [H36M_3D]... costs 64.13s
	Evaluating [Future Pose Estimation] on [AMASS]... costs 14.61s
	Evaluating [Motion Prediction] on [AMASS]... costs 14.63s
	Evaluating [Future Pose Estimation] on [AMASS]... costs 14.58s
	Evaluating [Motion Completion] on [AMASS]... costs 15.50s
	Evaluating [Motion In Between] on [AMASS]... costs 15.54s
	Saving checkpoint to ckpt/03_train_on_non_AR_ICL/01_func333_model06_T16_DataTask00/01_shuffle_joints/all_epochs/epoch_5.bin
	Saving checkpoint to ckpt/03_train_on_non_AR_ICL/01_func333_model06_T16_DataTask00/01_shuffle_joints/latest_epoch.bin
	Saving checkpoint to ckpt/03_train_on_non_AR_ICL/01_func333_model06_T16_DataTask00/01_shuffle_joints/best_epoch_PW3D_MESH_MP.bin
	Saving checkpoint to ckpt/03_train_on_non_AR_ICL/01_func333_model06_T16_DataTask00/01_shuffle_joints/best_epoch_PW3D_MESH_MIB.bin
	Saving checkpoint to ckpt/03_train_on_non_AR_ICL/01_func333_model06_T16_DataTask00/01_shuffle_joints/best_epoch_AMASS_MP.bin
	Saving checkpoint to ckpt/03_train_on_non_AR_ICL/01_func333_model06_T16_DataTask00/01_shuffle_joints/best_epoch_AMASS_FPE.bin
	Saving checkpoint to ckpt/03_train_on_non_AR_ICL/01_func333_model06_T16_DataTask00/01_shuffle_joints/best_epoch_AMASS_MIB.bin
+----------------+--------+--------+--------+
| PE | PW3D_MESH |  Avg   |   0    |   15   |
+----------------+--------+--------+--------+
|     MPJPE      | 206.70 | 210.69 | 202.70 |
+----------------+--------+--------+--------+
+----------------+--------+--------+--------+--------+--------+
| MP | PW3D_MESH |  Avg   |   0    |   5    |   10   |   15   |
+----------------+--------+--------+--------+--------+--------+
|     MPJPE      | 158.35 | 167.16 | 161.74 | 154.96 | 149.55 |
+----------------+--------+--------+--------+--------+--------+
+-----------------+--------+--------+--------+--------+--------+
| FPE | PW3D_MESH |  Avg   |   0    |   5    |   10   |   15   |
+-----------------+--------+--------+--------+--------+--------+
|      MPJPE      | 200.03 | 195.91 | 197.81 | 201.80 | 204.59 |
+-----------------+--------+--------+--------+--------+--------+
+----------------+--------+--------+
| MC | PW3D_MESH |  Avg   |  0.5   |
+----------------+--------+--------+
|     MPJPE      | 300.22 | 300.22 |
+----------------+--------+--------+
+-----------------+--------+--------+
| MIB | PW3D_MESH |  Avg   |  0.5   |
+-----------------+--------+--------+
|      MPJPE      | 192.56 | 192.56 |
+-----------------+--------+--------+
+--------------+--------+-----------+---------+--------+--------+--------+--------+--------+----------+---------+-------------+--------+--------+--------+---------+---------+
| PE | H36M_3D |  Avg   | Direction | Discuss | Eating | Greet  | Phone  | Photo  |  Pose  | Purchase | Sitting | SittingDown | Smoke  |  Wait  |  Walk  | WalkDog | WalkTwo |
+--------------+--------+-----------+---------+--------+--------+--------+--------+--------+----------+---------+-------------+--------+--------+--------+---------+---------+
|    MPJPE     | 278.73 |   241.14  |  253.25 | 295.65 | 253.73 | 295.12 | 287.71 | 234.59 |  290.69  |  340.99 |    406.10   | 283.53 | 260.33 | 226.58 |  272.67 |  238.95 |
|   P-MPJPE    | 143.32 |   127.42  |  135.31 | 148.15 | 132.62 | 147.70 | 160.90 | 112.55 |  147.06  |  163.62 |    212.53   | 138.01 | 130.32 | 119.28 |  148.35 |  125.93 |
+--------------+--------+-----------+---------+--------+--------+--------+--------+--------+----------+---------+-------------+--------+--------+--------+---------+---------+
+--------------+--------+--------+--------+--------+--------+
| MP | H36M_3D |  Avg   |   0    |   5    |   10   |   15   |
+--------------+--------+--------+--------+--------+--------+
|    MPJPE     | 114.48 | 116.02 | 114.75 | 113.71 | 113.45 |
+--------------+--------+--------+--------+--------+--------+
+---------------+--------+--------+--------+--------+--------+
| FPE | H36M_3D |  Avg   |   0    |   5    |   10   |   15   |
+---------------+--------+--------+--------+--------+--------+
|     MPJPE     | 151.75 | 150.42 | 151.24 | 152.16 | 153.20 |
+---------------+--------+--------+--------+--------+--------+
+--------------+--------+--------+
| MC | H36M_3D |  Avg   |  0.5   |
+--------------+--------+--------+
|    MPJPE     | 266.39 | 266.39 |
+--------------+--------+--------+
+---------------+--------+--------+
| MIB | H36M_3D |  Avg   |  0.5   |
+---------------+--------+--------+
|     MPJPE     | 122.35 | 122.35 |
+---------------+--------+--------+
+------------+--------+--------+--------+
| PE | AMASS |  Avg   |   0    |   15   |
+------------+--------+--------+--------+
|   MPJPE    | 136.55 | 134.08 | 139.02 |
+------------+--------+--------+--------+
+------------+--------+--------+--------+--------+--------+
| MP | AMASS |  Avg   |   0    |   5    |   10   |   15   |
+------------+--------+--------+--------+--------+--------+
|   MPJPE    | 143.54 | 153.08 | 145.25 | 138.54 | 137.28 |
+------------+--------+--------+--------+--------+--------+
+-------------+--------+--------+--------+--------+--------+
| FPE | AMASS |  Avg   |   0    |   5    |   10   |   15   |
+-------------+--------+--------+--------+--------+--------+
|    MPJPE    | 151.26 | 145.09 | 148.06 | 153.46 | 158.43 |
+-------------+--------+--------+--------+--------+--------+
+------------+--------+--------+
| MC | AMASS |  Avg   |  0.5   |
+------------+--------+--------+
|   MPJPE    | 384.30 | 384.30 |
+------------+--------+--------+
+-------------+--------+--------+
| MIB | AMASS |  Avg   |  0.5   |
+-------------+--------+--------+
|    MPJPE    | 159.10 | 159.10 |
+-------------+--------+--------+
[6 end] Time cost: 67.89min 	| lr: 0.00019020 	| train loss: 0.07273836124777085
[7 start]
	Iter: 105/315; time cost: 9.89min; current batch has {'PW3D_MESH': 292, 'H36M_MESH': 120, 'H36M_3D': 264, 'AMASS': 348} samples
	Iter: 210/315; time cost: 19.61min; current batch has {'PW3D_MESH': 264, 'H36M_MESH': 80, 'H36M_3D': 344, 'AMASS': 336} samples
	Iter: 105/315; time cost: 39.13min; current batch has {'PW3D_MESH': 280, 'H36M_MESH': 116, 'H36M_3D': 280, 'AMASS': 348} samples
	Iter: 210/315; time cost: 48.86min; current batch has {'PW3D_MESH': 276, 'H36M_MESH': 136, 'H36M_3D': 304, 'AMASS': 308} samples
	Evaluating [Future Pose Estimation] on [PW3D_MESH]... costs 23.58s
	Evaluating [Motion Prediction] on [PW3D_MESH]... costs 24.07s
	Evaluating [Future Pose Estimation] on [PW3D_MESH]... costs 24.03s
	Evaluating [Motion Completion] on [PW3D_MESH]... costs 23.89s
	Evaluating [Motion In Between] on [PW3D_MESH]... costs 23.79s
	Evaluating [3D Pose Estimation] on [H36M_3D]... costs 68.61s
	Evaluating [Motion Prediction] on [H36M_3D]... costs 59.25s
	Evaluating [Future Pose Estimation] on [H36M_3D]... costs 59.82s
	Evaluating [Motion Completion] on [H36M_3D]... costs 64.55s
	Evaluating [Motion In Between] on [H36M_3D]... costs 64.07s
	Evaluating [Future Pose Estimation] on [AMASS]... costs 14.55s
	Evaluating [Motion Prediction] on [AMASS]... costs 14.64s
	Evaluating [Future Pose Estimation] on [AMASS]... costs 14.46s
	Evaluating [Motion Completion] on [AMASS]... costs 15.57s
	Evaluating [Motion In Between] on [AMASS]... costs 15.48s
	Saving checkpoint to ckpt/03_train_on_non_AR_ICL/01_func333_model06_T16_DataTask00/01_shuffle_joints/all_epochs/epoch_6.bin
	Saving checkpoint to ckpt/03_train_on_non_AR_ICL/01_func333_model06_T16_DataTask00/01_shuffle_joints/latest_epoch.bin
	Saving checkpoint to ckpt/03_train_on_non_AR_ICL/01_func333_model06_T16_DataTask00/01_shuffle_joints/best_epoch_PW3D_MESH_MP.bin
	Saving checkpoint to ckpt/03_train_on_non_AR_ICL/01_func333_model06_T16_DataTask00/01_shuffle_joints/best_epoch_PW3D_MESH_FPE.bin
	Saving checkpoint to ckpt/03_train_on_non_AR_ICL/01_func333_model06_T16_DataTask00/01_shuffle_joints/best_epoch_PW3D_MESH_MIB.bin
	Saving checkpoint to ckpt/03_train_on_non_AR_ICL/01_func333_model06_T16_DataTask00/01_shuffle_joints/best_epoch_H36M_3D_MP.bin
	Saving checkpoint to ckpt/03_train_on_non_AR_ICL/01_func333_model06_T16_DataTask00/01_shuffle_joints/best_epoch_H36M_3D_MIB.bin
	Saving checkpoint to ckpt/03_train_on_non_AR_ICL/01_func333_model06_T16_DataTask00/01_shuffle_joints/best_epoch_AMASS_FPE.bin
	Saving checkpoint to ckpt/03_train_on_non_AR_ICL/01_func333_model06_T16_DataTask00/01_shuffle_joints/best_epoch_AMASS_MIB.bin
+----------------+--------+--------+--------+
| PE | PW3D_MESH |  Avg   |   0    |   15   |
+----------------+--------+--------+--------+
|     MPJPE      | 201.96 | 206.42 | 197.50 |
+----------------+--------+--------+--------+
+----------------+--------+--------+--------+--------+--------+
| MP | PW3D_MESH |  Avg   |   0    |   5    |   10   |   15   |
+----------------+--------+--------+--------+--------+--------+
|     MPJPE      | 156.43 | 165.60 | 159.86 | 152.87 | 147.40 |
+----------------+--------+--------+--------+--------+--------+
+-----------------+--------+--------+--------+--------+--------+
| FPE | PW3D_MESH |  Avg   |   0    |   5    |   10   |   15   |
+-----------------+--------+--------+--------+--------+--------+
|      MPJPE      | 194.97 | 192.36 | 192.44 | 196.04 | 199.03 |
+-----------------+--------+--------+--------+--------+--------+
+----------------+--------+--------+
| MC | PW3D_MESH |  Avg   |  0.5   |
+----------------+--------+--------+
|     MPJPE      | 432.28 | 432.28 |
+----------------+--------+--------+
+-----------------+--------+--------+
| MIB | PW3D_MESH |  Avg   |  0.5   |
+-----------------+--------+--------+
|      MPJPE      | 184.03 | 184.03 |
+-----------------+--------+--------+
+--------------+--------+-----------+---------+--------+--------+--------+--------+--------+----------+---------+-------------+--------+--------+--------+---------+---------+
| PE | H36M_3D |  Avg   | Direction | Discuss | Eating | Greet  | Phone  | Photo  |  Pose  | Purchase | Sitting | SittingDown | Smoke  |  Wait  |  Walk  | WalkDog | WalkTwo |
+--------------+--------+-----------+---------+--------+--------+--------+--------+--------+----------+---------+-------------+--------+--------+--------+---------+---------+
|    MPJPE     | 273.87 |   247.67  |  255.38 | 287.43 | 256.94 | 274.93 | 282.19 | 244.29 |  281.31  |  332.19 |    383.20   | 271.69 | 255.44 | 227.64 |  265.35 |  242.37 |
|   P-MPJPE    | 123.25 |   107.32  |  117.65 | 130.63 | 112.75 | 123.20 | 131.04 | 92.26  |  126.77  |  150.46 |    187.20   | 119.23 | 103.72 | 105.46 |  129.25 |  111.87 |
+--------------+--------+-----------+---------+--------+--------+--------+--------+--------+----------+---------+-------------+--------+--------+--------+---------+---------+
+--------------+--------+--------+--------+--------+--------+
| MP | H36M_3D |  Avg   |   0    |   5    |   10   |   15   |
+--------------+--------+--------+--------+--------+--------+
|    MPJPE     | 102.75 | 104.44 | 103.20 | 102.00 | 101.37 |
+--------------+--------+--------+--------+--------+--------+
+---------------+--------+--------+--------+--------+--------+
| FPE | H36M_3D |  Avg   |   0    |   5    |   10   |   15   |
+---------------+--------+--------+--------+--------+--------+
|     MPJPE     | 155.41 | 152.25 | 155.06 | 156.64 | 157.68 |
+---------------+--------+--------+--------+--------+--------+
+--------------+--------+--------+
| MC | H36M_3D |  Avg   |  0.5   |
+--------------+--------+--------+
|    MPJPE     | 386.94 | 386.94 |
+--------------+--------+--------+
+---------------+--------+--------+
| MIB | H36M_3D |  Avg   |  0.5   |
+---------------+--------+--------+
|     MPJPE     | 117.41 | 117.41 |
+---------------+--------+--------+
+------------+--------+--------+--------+
| PE | AMASS |  Avg   |   0    |   15   |
+------------+--------+--------+--------+
|   MPJPE    | 136.78 | 136.10 | 137.46 |
+------------+--------+--------+--------+
+------------+--------+--------+--------+--------+--------+
| MP | AMASS |  Avg   |   0    |   5    |   10   |   15   |
+------------+--------+--------+--------+--------+--------+
|   MPJPE    | 143.74 | 151.02 | 144.90 | 140.02 | 139.01 |
+------------+--------+--------+--------+--------+--------+
+-------------+--------+--------+--------+--------+--------+
| FPE | AMASS |  Avg   |   0    |   5    |   10   |   15   |
+-------------+--------+--------+--------+--------+--------+
|    MPJPE    | 147.51 | 143.83 | 144.59 | 148.31 | 153.29 |
+-------------+--------+--------+--------+--------+--------+
+------------+--------+--------+
| MC | AMASS |  Avg   |  0.5   |
+------------+--------+--------+
|   MPJPE    | 618.82 | 618.82 |
+------------+--------+--------+
+-------------+--------+--------+
| MIB | AMASS |  Avg   |  0.5   |
+-------------+--------+--------+
|    MPJPE    | 157.05 | 157.05 |
+-------------+--------+--------+
[7 end] Time cost: 68.12min 	| lr: 0.00018830 	| train loss: 0.06941547379755075
[8 start]
	Iter: 105/315; time cost: 9.89min; current batch has {'PW3D_MESH': 256, 'H36M_MESH': 140, 'H36M_3D': 296, 'AMASS': 332} samples
	Iter: 210/315; time cost: 19.62min; current batch has {'PW3D_MESH': 272, 'H36M_MESH': 136, 'H36M_3D': 280, 'AMASS': 336} samples
	Iter: 105/315; time cost: 39.15min; current batch has {'PW3D_MESH': 188, 'H36M_MESH': 140, 'H36M_3D': 296, 'AMASS': 400} samples
	Iter: 210/315; time cost: 48.88min; current batch has {'PW3D_MESH': 272, 'H36M_MESH': 108, 'H36M_3D': 308, 'AMASS': 336} samples
	Evaluating [Future Pose Estimation] on [PW3D_MESH]... costs 23.14s
	Evaluating [Motion Prediction] on [PW3D_MESH]... costs 24.03s
	Evaluating [Future Pose Estimation] on [PW3D_MESH]... costs 23.68s
	Evaluating [Motion Completion] on [PW3D_MESH]... costs 24.15s
	Evaluating [Motion In Between] on [PW3D_MESH]... costs 23.75s
	Evaluating [3D Pose Estimation] on [H36M_3D]... costs 68.85s
	Evaluating [Motion Prediction] on [H36M_3D]... costs 59.41s
	Evaluating [Future Pose Estimation] on [H36M_3D]... costs 59.98s
	Evaluating [Motion Completion] on [H36M_3D]... costs 64.42s
	Evaluating [Motion In Between] on [H36M_3D]... costs 64.08s
	Evaluating [Future Pose Estimation] on [AMASS]... costs 14.58s
	Evaluating [Motion Prediction] on [AMASS]... costs 14.61s
	Evaluating [Future Pose Estimation] on [AMASS]... costs 14.60s
	Evaluating [Motion Completion] on [AMASS]... costs 15.63s
	Evaluating [Motion In Between] on [AMASS]... costs 15.52s
	Saving checkpoint to ckpt/03_train_on_non_AR_ICL/01_func333_model06_T16_DataTask00/01_shuffle_joints/all_epochs/epoch_7.bin
	Saving checkpoint to ckpt/03_train_on_non_AR_ICL/01_func333_model06_T16_DataTask00/01_shuffle_joints/latest_epoch.bin
	Saving checkpoint to ckpt/03_train_on_non_AR_ICL/01_func333_model06_T16_DataTask00/01_shuffle_joints/best_epoch_PW3D_MESH_MP.bin
	Saving checkpoint to ckpt/03_train_on_non_AR_ICL/01_func333_model06_T16_DataTask00/01_shuffle_joints/best_epoch_H36M_3D_MP.bin
	Saving checkpoint to ckpt/03_train_on_non_AR_ICL/01_func333_model06_T16_DataTask00/01_shuffle_joints/best_epoch_AMASS_PE.bin
	Saving checkpoint to ckpt/03_train_on_non_AR_ICL/01_func333_model06_T16_DataTask00/01_shuffle_joints/best_epoch_AMASS_MP.bin
	Saving checkpoint to ckpt/03_train_on_non_AR_ICL/01_func333_model06_T16_DataTask00/01_shuffle_joints/best_epoch_AMASS_FPE.bin
+----------------+--------+--------+--------+
| PE | PW3D_MESH |  Avg   |   0    |   15   |
+----------------+--------+--------+--------+
|     MPJPE      | 209.31 | 213.11 | 205.52 |
+----------------+--------+--------+--------+
+----------------+--------+--------+--------+--------+--------+
| MP | PW3D_MESH |  Avg   |   0    |   5    |   10   |   15   |
+----------------+--------+--------+--------+--------+--------+
|     MPJPE      | 154.12 | 162.94 | 157.44 | 150.79 | 145.32 |
+----------------+--------+--------+--------+--------+--------+
+-----------------+--------+--------+--------+--------+--------+
| FPE | PW3D_MESH |  Avg   |   0    |   5    |   10   |   15   |
+-----------------+--------+--------+--------+--------+--------+
|      MPJPE      | 201.11 | 200.71 | 198.95 | 201.18 | 203.60 |
+-----------------+--------+--------+--------+--------+--------+
+----------------+--------+--------+
| MC | PW3D_MESH |  Avg   |  0.5   |
+----------------+--------+--------+
|     MPJPE      | 439.96 | 439.96 |
+----------------+--------+--------+
+-----------------+--------+--------+
| MIB | PW3D_MESH |  Avg   |  0.5   |
+-----------------+--------+--------+
|      MPJPE      | 255.12 | 255.12 |
+-----------------+--------+--------+
+--------------+--------+-----------+---------+--------+--------+--------+--------+--------+----------+---------+-------------+--------+--------+--------+---------+---------+
| PE | H36M_3D |  Avg   | Direction | Discuss | Eating | Greet  | Phone  | Photo  |  Pose  | Purchase | Sitting | SittingDown | Smoke  |  Wait  |  Walk  | WalkDog | WalkTwo |
+--------------+--------+-----------+---------+--------+--------+--------+--------+--------+----------+---------+-------------+--------+--------+--------+---------+---------+
|    MPJPE     | 260.03 |   257.27  |  255.90 | 264.76 | 260.71 | 253.91 | 278.10 | 239.74 |  287.36  |  278.14 |    294.57   | 249.93 | 253.08 | 224.94 |  259.63 |  242.46 |
|   P-MPJPE    | 115.91 |   98.63   |  110.45 | 124.07 | 103.97 | 116.27 | 123.34 | 83.37  |  122.22  |  145.15 |    181.18   | 112.62 | 96.34  | 96.41  |  122.04 |  102.57 |
+--------------+--------+-----------+---------+--------+--------+--------+--------+--------+----------+---------+-------------+--------+--------+--------+---------+---------+
+--------------+-------+-------+-------+-------+-------+
| MP | H36M_3D |  Avg  |   0   |   5   |   10  |   15  |
+--------------+-------+-------+-------+-------+-------+
|    MPJPE     | 97.16 | 99.37 | 97.52 | 96.15 | 95.60 |
+--------------+-------+-------+-------+-------+-------+
+---------------+--------+--------+--------+--------+--------+
| FPE | H36M_3D |  Avg   |   0    |   5    |   10   |   15   |
+---------------+--------+--------+--------+--------+--------+
|     MPJPE     | 134.00 | 130.39 | 132.95 | 135.19 | 137.47 |
+---------------+--------+--------+--------+--------+--------+
+--------------+--------+--------+
| MC | H36M_3D |  Avg   |  0.5   |
+--------------+--------+--------+
|    MPJPE     | 419.51 | 419.51 |
+--------------+--------+--------+
+---------------+--------+--------+
| MIB | H36M_3D |  Avg   |  0.5   |
+---------------+--------+--------+
|     MPJPE     | 119.95 | 119.95 |
+---------------+--------+--------+
+------------+--------+--------+--------+
| PE | AMASS |  Avg   |   0    |   15   |
+------------+--------+--------+--------+
|   MPJPE    | 129.52 | 129.26 | 129.78 |
+------------+--------+--------+--------+
+------------+--------+--------+--------+--------+--------+
| MP | AMASS |  Avg   |   0    |   5    |   10   |   15   |
+------------+--------+--------+--------+--------+--------+
|   MPJPE    | 142.15 | 147.38 | 142.46 | 139.39 | 139.39 |
+------------+--------+--------+--------+--------+--------+
+-------------+--------+--------+--------+--------+--------+
| FPE | AMASS |  Avg   |   0    |   5    |   10   |   15   |
+-------------+--------+--------+--------+--------+--------+
|    MPJPE    | 147.07 | 144.28 | 145.03 | 147.84 | 151.14 |
+-------------+--------+--------+--------+--------+--------+
+------------+--------+--------+
| MC | AMASS |  Avg   |  0.5   |
+------------+--------+--------+
|   MPJPE    | 756.96 | 756.96 |
+------------+--------+--------+
+-------------+--------+--------+
| MIB | AMASS |  Avg   |  0.5   |
+-------------+--------+--------+
|    MPJPE    | 187.52 | 187.52 |
+-------------+--------+--------+
[8 end] Time cost: 67.91min 	| lr: 0.00018641 	| train loss: 0.06214706843186702
[9 start]
	Iter: 105/315; time cost: 9.91min; current batch has {'PW3D_MESH': 292, 'H36M_MESH': 120, 'H36M_3D': 320, 'AMASS': 292} samples
	Iter: 210/315; time cost: 19.64min; current batch has {'PW3D_MESH': 340, 'H36M_MESH': 112, 'H36M_3D': 320, 'AMASS': 252} samples
	Iter: 105/315; time cost: 39.17min; current batch has {'PW3D_MESH': 316, 'H36M_MESH': 156, 'H36M_3D': 296, 'AMASS': 256} samples
	Iter: 210/315; time cost: 48.89min; current batch has {'PW3D_MESH': 300, 'H36M_MESH': 124, 'H36M_3D': 284, 'AMASS': 316} samples
	Evaluating [Future Pose Estimation] on [PW3D_MESH]... costs 23.62s
	Evaluating [Motion Prediction] on [PW3D_MESH]... costs 24.23s
	Evaluating [Future Pose Estimation] on [PW3D_MESH]... costs 23.80s
	Evaluating [Motion Completion] on [PW3D_MESH]... costs 24.01s
	Evaluating [Motion In Between] on [PW3D_MESH]... costs 23.87s
	Evaluating [3D Pose Estimation] on [H36M_3D]... costs 68.65s
	Evaluating [Motion Prediction] on [H36M_3D]... costs 59.30s
	Evaluating [Future Pose Estimation] on [H36M_3D]... costs 59.83s
	Evaluating [Motion Completion] on [H36M_3D]... costs 64.33s
	Evaluating [Motion In Between] on [H36M_3D]... costs 63.85s
	Evaluating [Future Pose Estimation] on [AMASS]... costs 14.59s
	Evaluating [Motion Prediction] on [AMASS]... costs 14.78s
	Evaluating [Future Pose Estimation] on [AMASS]... costs 14.56s
	Evaluating [Motion Completion] on [AMASS]... costs 15.55s
	Evaluating [Motion In Between] on [AMASS]... costs 15.55s
	Saving checkpoint to ckpt/03_train_on_non_AR_ICL/01_func333_model06_T16_DataTask00/01_shuffle_joints/all_epochs/epoch_8.bin
	Saving checkpoint to ckpt/03_train_on_non_AR_ICL/01_func333_model06_T16_DataTask00/01_shuffle_joints/latest_epoch.bin
	Saving checkpoint to ckpt/03_train_on_non_AR_ICL/01_func333_model06_T16_DataTask00/01_shuffle_joints/best_epoch_H36M_3D_PE.bin
	Saving checkpoint to ckpt/03_train_on_non_AR_ICL/01_func333_model06_T16_DataTask00/01_shuffle_joints/best_epoch_H36M_3D_MP.bin
	Saving checkpoint to ckpt/03_train_on_non_AR_ICL/01_func333_model06_T16_DataTask00/01_shuffle_joints/best_epoch_H36M_3D_MIB.bin
	Saving checkpoint to ckpt/03_train_on_non_AR_ICL/01_func333_model06_T16_DataTask00/01_shuffle_joints/best_epoch_AMASS_MP.bin
+----------------+--------+--------+--------+
| PE | PW3D_MESH |  Avg   |   0    |   15   |
+----------------+--------+--------+--------+
|     MPJPE      | 214.23 | 218.20 | 210.27 |
+----------------+--------+--------+--------+
+----------------+--------+--------+--------+--------+--------+
| MP | PW3D_MESH |  Avg   |   0    |   5    |   10   |   15   |
+----------------+--------+--------+--------+--------+--------+
|     MPJPE      | 157.10 | 165.49 | 160.21 | 154.21 | 148.50 |
+----------------+--------+--------+--------+--------+--------+
+-----------------+--------+--------+--------+--------+--------+
| FPE | PW3D_MESH |  Avg   |   0    |   5    |   10   |   15   |
+-----------------+--------+--------+--------+--------+--------+
|      MPJPE      | 197.48 | 197.17 | 195.35 | 197.22 | 200.16 |
+-----------------+--------+--------+--------+--------+--------+
+----------------+--------+--------+
| MC | PW3D_MESH |  Avg   |  0.5   |
+----------------+--------+--------+
|     MPJPE      | 427.08 | 427.08 |
+----------------+--------+--------+
+-----------------+--------+--------+
| MIB | PW3D_MESH |  Avg   |  0.5   |
+-----------------+--------+--------+
|      MPJPE      | 199.95 | 199.95 |
+-----------------+--------+--------+
+--------------+--------+-----------+---------+--------+--------+--------+--------+--------+----------+---------+-------------+--------+--------+--------+---------+---------+
| PE | H36M_3D |  Avg   | Direction | Discuss | Eating | Greet  | Phone  | Photo  |  Pose  | Purchase | Sitting | SittingDown | Smoke  |  Wait  |  Walk  | WalkDog | WalkTwo |
+--------------+--------+-----------+---------+--------+--------+--------+--------+--------+----------+---------+-------------+--------+--------+--------+---------+---------+
|    MPJPE     | 236.09 |   219.50  |  225.92 | 248.27 | 233.19 | 234.99 | 249.15 | 210.34 |  265.76  |  268.46 |    283.54   | 231.32 | 219.92 | 201.95 |  229.81 |  219.23 |
|   P-MPJPE    | 117.92 |   101.74  |  112.97 | 125.67 | 108.70 | 116.61 | 125.01 | 86.10  |  122.81  |  144.53 |    182.41   | 113.22 | 97.04  | 100.65 |  125.76 |  105.55 |
+--------------+--------+-----------+---------+--------+--------+--------+--------+--------+----------+---------+-------------+--------+--------+--------+---------+---------+
+--------------+-------+-------+-------+-------+-------+
| MP | H36M_3D |  Avg  |   0   |   5   |   10  |   15  |
+--------------+-------+-------+-------+-------+-------+
|    MPJPE     | 90.85 | 92.48 | 91.33 | 90.16 | 89.44 |
+--------------+-------+-------+-------+-------+-------+
+---------------+--------+--------+--------+--------+--------+
| FPE | H36M_3D |  Avg   |   0    |   5    |   10   |   15   |
+---------------+--------+--------+--------+--------+--------+
|     MPJPE     | 147.45 | 144.33 | 146.80 | 148.89 | 149.78 |
+---------------+--------+--------+--------+--------+--------+
+--------------+--------+--------+
| MC | H36M_3D |  Avg   |  0.5   |
+--------------+--------+--------+
|    MPJPE     | 382.89 | 382.89 |
+--------------+--------+--------+
+---------------+--------+--------+
| MIB | H36M_3D |  Avg   |  0.5   |
+---------------+--------+--------+
|     MPJPE     | 105.26 | 105.26 |
+---------------+--------+--------+
+------------+--------+--------+--------+
| PE | AMASS |  Avg   |   0    |   15   |
+------------+--------+--------+--------+
|   MPJPE    | 138.03 | 137.31 | 138.76 |
+------------+--------+--------+--------+
+------------+--------+--------+--------+--------+--------+
| MP | AMASS |  Avg   |   0    |   5    |   10   |   15   |
+------------+--------+--------+--------+--------+--------+
|   MPJPE    | 141.60 | 146.44 | 142.04 | 139.40 | 138.53 |
+------------+--------+--------+--------+--------+--------+
+-------------+--------+--------+--------+--------+--------+
| FPE | AMASS |  Avg   |   0    |   5    |   10   |   15   |
+-------------+--------+--------+--------+--------+--------+
|    MPJPE    | 149.59 | 146.38 | 147.68 | 150.37 | 153.92 |
+-------------+--------+--------+--------+--------+--------+
+------------+--------+--------+
| MC | AMASS |  Avg   |  0.5   |
+------------+--------+--------+
|   MPJPE    | 776.07 | 776.07 |
+------------+--------+--------+
+-------------+--------+--------+
| MIB | AMASS |  Avg   |  0.5   |
+-------------+--------+--------+
|    MPJPE    | 174.98 | 174.98 |
+-------------+--------+--------+
[9 end] Time cost: 67.79min 	| lr: 0.00018455 	| train loss: 0.05937782313881649
[10 start]
	Iter: 105/315; time cost: 9.92min; current batch has {'PW3D_MESH': 264, 'H36M_MESH': 112, 'H36M_3D': 288, 'AMASS': 360} samples
	Iter: 210/315; time cost: 19.63min; current batch has {'PW3D_MESH': 312, 'H36M_MESH': 104, 'H36M_3D': 264, 'AMASS': 344} samples
	Iter: 105/315; time cost: 39.19min; current batch has {'PW3D_MESH': 292, 'H36M_MESH': 156, 'H36M_3D': 296, 'AMASS': 280} samples
	Iter: 210/315; time cost: 48.94min; current batch has {'PW3D_MESH': 276, 'H36M_MESH': 112, 'H36M_3D': 352, 'AMASS': 284} samples
	Evaluating [Future Pose Estimation] on [PW3D_MESH]... costs 23.74s
	Evaluating [Motion Prediction] on [PW3D_MESH]... costs 23.97s
	Evaluating [Future Pose Estimation] on [PW3D_MESH]... costs 23.72s
	Evaluating [Motion Completion] on [PW3D_MESH]... costs 24.06s
	Evaluating [Motion In Between] on [PW3D_MESH]... costs 24.00s
	Evaluating [3D Pose Estimation] on [H36M_3D]... costs 68.87s
	Evaluating [Motion Prediction] on [H36M_3D]... costs 59.17s
	Evaluating [Future Pose Estimation] on [H36M_3D]... costs 59.48s
	Evaluating [Motion Completion] on [H36M_3D]... costs 64.05s
	Evaluating [Motion In Between] on [H36M_3D]... costs 64.04s
	Evaluating [Future Pose Estimation] on [AMASS]... costs 14.51s
	Evaluating [Motion Prediction] on [AMASS]... costs 14.58s
	Evaluating [Future Pose Estimation] on [AMASS]... costs 14.56s
	Evaluating [Motion Completion] on [AMASS]... costs 15.52s
	Evaluating [Motion In Between] on [AMASS]... costs 15.50s
	Saving checkpoint to ckpt/03_train_on_non_AR_ICL/01_func333_model06_T16_DataTask00/01_shuffle_joints/all_epochs/epoch_9.bin
	Saving checkpoint to ckpt/03_train_on_non_AR_ICL/01_func333_model06_T16_DataTask00/01_shuffle_joints/latest_epoch.bin
	Saving checkpoint to ckpt/03_train_on_non_AR_ICL/01_func333_model06_T16_DataTask00/01_shuffle_joints/best_epoch_PW3D_MESH_MP.bin
	Saving checkpoint to ckpt/03_train_on_non_AR_ICL/01_func333_model06_T16_DataTask00/01_shuffle_joints/best_epoch_AMASS_MP.bin
	Saving checkpoint to ckpt/03_train_on_non_AR_ICL/01_func333_model06_T16_DataTask00/01_shuffle_joints/best_epoch_AMASS_FPE.bin
+----------------+--------+--------+--------+
| PE | PW3D_MESH |  Avg   |   0    |   15   |
+----------------+--------+--------+--------+
|     MPJPE      | 212.29 | 215.94 | 208.64 |
+----------------+--------+--------+--------+
+----------------+--------+--------+--------+--------+--------+
| MP | PW3D_MESH |  Avg   |   0    |   5    |   10   |   15   |
+----------------+--------+--------+--------+--------+--------+
|     MPJPE      | 152.35 | 161.82 | 155.75 | 148.80 | 143.03 |
+----------------+--------+--------+--------+--------+--------+
+-----------------+--------+--------+--------+--------+--------+
| FPE | PW3D_MESH |  Avg   |   0    |   5    |   10   |   15   |
+-----------------+--------+--------+--------+--------+--------+
|      MPJPE      | 205.75 | 205.72 | 204.07 | 205.32 | 207.90 |
+-----------------+--------+--------+--------+--------+--------+
+----------------+--------+--------+
| MC | PW3D_MESH |  Avg   |  0.5   |
+----------------+--------+--------+
|     MPJPE      | 436.51 | 436.51 |
+----------------+--------+--------+
+-----------------+--------+--------+
| MIB | PW3D_MESH |  Avg   |  0.5   |
+-----------------+--------+--------+
|      MPJPE      | 322.34 | 322.34 |
+-----------------+--------+--------+
+--------------+--------+-----------+---------+--------+--------+--------+--------+--------+----------+---------+-------------+--------+--------+--------+---------+---------+
| PE | H36M_3D |  Avg   | Direction | Discuss | Eating | Greet  | Phone  | Photo  |  Pose  | Purchase | Sitting | SittingDown | Smoke  |  Wait  |  Walk  | WalkDog | WalkTwo |
+--------------+--------+-----------+---------+--------+--------+--------+--------+--------+----------+---------+-------------+--------+--------+--------+---------+---------+
|    MPJPE     | 253.45 |   244.58  |  245.13 | 262.30 | 247.52 | 249.60 | 265.45 | 240.26 |  280.44  |  284.98 |    297.30   | 246.04 | 243.68 | 215.15 |  248.35 |  231.02 |
|   P-MPJPE    | 117.77 |   100.94  |  112.63 | 125.59 | 107.82 | 117.62 | 124.89 | 85.63  |  122.33  |  146.23 |    181.48   | 113.61 | 96.43  | 99.71  |  125.93 |  105.74 |
+--------------+--------+-----------+---------+--------+--------+--------+--------+--------+----------+---------+-------------+--------+--------+--------+---------+---------+
+--------------+-------+-------+-------+-------+-------+
| MP | H36M_3D |  Avg  |   0   |   5   |   10  |   15  |
+--------------+-------+-------+-------+-------+-------+
|    MPJPE     | 96.84 | 98.91 | 97.19 | 95.90 | 95.35 |
+--------------+-------+-------+-------+-------+-------+
+---------------+--------+--------+--------+--------+--------+
| FPE | H36M_3D |  Avg   |   0    |   5    |   10   |   15   |
+---------------+--------+--------+--------+--------+--------+
|     MPJPE     | 140.64 | 138.18 | 139.28 | 141.65 | 143.44 |
+---------------+--------+--------+--------+--------+--------+
+--------------+--------+--------+
| MC | H36M_3D |  Avg   |  0.5   |
+--------------+--------+--------+
|    MPJPE     | 447.00 | 447.00 |
+--------------+--------+--------+
+---------------+--------+--------+
| MIB | H36M_3D |  Avg   |  0.5   |
+---------------+--------+--------+
|     MPJPE     | 134.68 | 134.68 |
+---------------+--------+--------+
+------------+--------+--------+--------+
| PE | AMASS |  Avg   |   0    |   15   |
+------------+--------+--------+--------+
|   MPJPE    | 131.61 | 131.27 | 131.95 |
+------------+--------+--------+--------+
+------------+--------+--------+--------+--------+--------+
| MP | AMASS |  Avg   |   0    |   5    |   10   |   15   |
+------------+--------+--------+--------+--------+--------+
|   MPJPE    | 139.61 | 144.40 | 140.46 | 137.30 | 136.28 |
+------------+--------+--------+--------+--------+--------+
+-------------+--------+--------+--------+--------+--------+
| FPE | AMASS |  Avg   |   0    |   5    |   10   |   15   |
+-------------+--------+--------+--------+--------+--------+
|    MPJPE    | 144.15 | 140.79 | 142.01 | 145.01 | 148.79 |
+-------------+--------+--------+--------+--------+--------+
+------------+--------+--------+
| MC | AMASS |  Avg   |  0.5   |
+------------+--------+--------+
|   MPJPE    | 866.45 | 866.45 |
+------------+--------+--------+
+-------------+--------+--------+
| MIB | AMASS |  Avg   |  0.5   |
+-------------+--------+--------+
|    MPJPE    | 286.93 | 286.93 |
+-------------+--------+--------+
[10 end] Time cost: 67.58min 	| lr: 0.00018270 	| train loss: 0.05772720116914974
[11 start]
	Iter: 105/315; time cost: 9.93min; current batch has {'PW3D_MESH': 332, 'H36M_MESH': 116, 'H36M_3D': 284, 'AMASS': 292} samples
	Iter: 210/315; time cost: 19.67min; current batch has {'PW3D_MESH': 284, 'H36M_MESH': 120, 'H36M_3D': 320, 'AMASS': 300} samples
	Iter: 105/315; time cost: 39.22min; current batch has {'PW3D_MESH': 296, 'H36M_MESH': 92, 'H36M_3D': 312, 'AMASS': 324} samples
	Iter: 210/315; time cost: 48.98min; current batch has {'PW3D_MESH': 292, 'H36M_MESH': 104, 'H36M_3D': 360, 'AMASS': 268} samples
	Evaluating [Future Pose Estimation] on [PW3D_MESH]... costs 23.59s
	Evaluating [Motion Prediction] on [PW3D_MESH]... costs 24.21s
	Evaluating [Future Pose Estimation] on [PW3D_MESH]... costs 23.88s
	Evaluating [Motion Completion] on [PW3D_MESH]... costs 24.03s
	Evaluating [Motion In Between] on [PW3D_MESH]... costs 23.80s
	Evaluating [3D Pose Estimation] on [H36M_3D]... costs 68.71s
	Evaluating [Motion Prediction] on [H36M_3D]... costs 59.12s
	Evaluating [Future Pose Estimation] on [H36M_3D]... costs 59.55s
	Evaluating [Motion Completion] on [H36M_3D]... costs 64.03s
	Evaluating [Motion In Between] on [H36M_3D]... costs 64.03s
	Evaluating [Future Pose Estimation] on [AMASS]... costs 14.54s
	Evaluating [Motion Prediction] on [AMASS]... costs 14.55s
	Evaluating [Future Pose Estimation] on [AMASS]... costs 14.55s
	Evaluating [Motion Completion] on [AMASS]... costs 15.46s
	Evaluating [Motion In Between] on [AMASS]... costs 15.48s
	Saving checkpoint to ckpt/03_train_on_non_AR_ICL/01_func333_model06_T16_DataTask00/01_shuffle_joints/all_epochs/epoch_10.bin
	Saving checkpoint to ckpt/03_train_on_non_AR_ICL/01_func333_model06_T16_DataTask00/01_shuffle_joints/latest_epoch.bin
	Saving checkpoint to ckpt/03_train_on_non_AR_ICL/01_func333_model06_T16_DataTask00/01_shuffle_joints/best_epoch_H36M_3D_PE.bin
	Saving checkpoint to ckpt/03_train_on_non_AR_ICL/01_func333_model06_T16_DataTask00/01_shuffle_joints/best_epoch_H36M_3D_MP.bin
	Saving checkpoint to ckpt/03_train_on_non_AR_ICL/01_func333_model06_T16_DataTask00/01_shuffle_joints/best_epoch_AMASS_MP.bin
	Saving checkpoint to ckpt/03_train_on_non_AR_ICL/01_func333_model06_T16_DataTask00/01_shuffle_joints/best_epoch_AMASS_FPE.bin
+----------------+--------+--------+--------+
| PE | PW3D_MESH |  Avg   |   0    |   15   |
+----------------+--------+--------+--------+
|     MPJPE      | 221.23 | 227.14 | 215.31 |
+----------------+--------+--------+--------+
+----------------+--------+--------+--------+--------+--------+
| MP | PW3D_MESH |  Avg   |   0    |   5    |   10   |   15   |
+----------------+--------+--------+--------+--------+--------+
|     MPJPE      | 152.99 | 162.15 | 156.21 | 149.59 | 143.99 |
+----------------+--------+--------+--------+--------+--------+
+-----------------+--------+--------+--------+--------+--------+
| FPE | PW3D_MESH |  Avg   |   0    |   5    |   10   |   15   |
+-----------------+--------+--------+--------+--------+--------+
|      MPJPE      | 209.15 | 211.62 | 208.14 | 207.74 | 209.10 |
+-----------------+--------+--------+--------+--------+--------+
+----------------+--------+--------+
| MC | PW3D_MESH |  Avg   |  0.5   |
+----------------+--------+--------+
|     MPJPE      | 444.45 | 444.45 |
+----------------+--------+--------+
+-----------------+--------+--------+
| MIB | PW3D_MESH |  Avg   |  0.5   |
+-----------------+--------+--------+
|      MPJPE      | 236.73 | 236.73 |
+-----------------+--------+--------+
+--------------+--------+-----------+---------+--------+--------+--------+--------+--------+----------+---------+-------------+--------+--------+--------+---------+---------+
| PE | H36M_3D |  Avg   | Direction | Discuss | Eating | Greet  | Phone  | Photo  |  Pose  | Purchase | Sitting | SittingDown | Smoke  |  Wait  |  Walk  | WalkDog | WalkTwo |
+--------------+--------+-----------+---------+--------+--------+--------+--------+--------+----------+---------+-------------+--------+--------+--------+---------+---------+
|    MPJPE     | 222.26 |   205.90  |  210.92 | 231.74 | 220.19 | 219.63 | 234.11 | 197.24 |  250.48  |  252.31 |    273.81   | 215.15 | 210.23 | 188.51 |  222.41 |  201.27 |
|   P-MPJPE    | 117.35 |   101.87  |  112.57 | 125.06 | 107.77 | 117.22 | 123.60 | 85.69  |  122.75  |  144.22 |    180.76   | 113.15 | 96.58  | 99.79  |  124.59 |  104.63 |
+--------------+--------+-----------+---------+--------+--------+--------+--------+--------+----------+---------+-------------+--------+--------+--------+---------+---------+
+--------------+-------+-------+-------+-------+-------+
| MP | H36M_3D |  Avg  |   0   |   5   |   10  |   15  |
+--------------+-------+-------+-------+-------+-------+
|    MPJPE     | 87.37 | 89.38 | 87.72 | 86.45 | 85.93 |
+--------------+-------+-------+-------+-------+-------+
+---------------+--------+--------+--------+--------+--------+
| FPE | H36M_3D |  Avg   |   0    |   5    |   10   |   15   |
+---------------+--------+--------+--------+--------+--------+
|     MPJPE     | 125.84 | 120.31 | 123.91 | 127.57 | 131.55 |
+---------------+--------+--------+--------+--------+--------+
+--------------+--------+--------+
| MC | H36M_3D |  Avg   |  0.5   |
+--------------+--------+--------+
|    MPJPE     | 423.97 | 423.97 |
+--------------+--------+--------+
+---------------+--------+--------+
| MIB | H36M_3D |  Avg   |  0.5   |
+---------------+--------+--------+
|     MPJPE     | 105.43 | 105.43 |
+---------------+--------+--------+
+------------+--------+--------+--------+
| PE | AMASS |  Avg   |   0    |   15   |
+------------+--------+--------+--------+
|   MPJPE    | 134.20 | 134.10 | 134.29 |
+------------+--------+--------+--------+
+------------+--------+--------+--------+--------+--------+
| MP | AMASS |  Avg   |   0    |   5    |   10   |   15   |
+------------+--------+--------+--------+--------+--------+
|   MPJPE    | 139.20 | 143.26 | 139.70 | 137.22 | 136.61 |
+------------+--------+--------+--------+--------+--------+
+-------------+--------+--------+--------+--------+--------+
| FPE | AMASS |  Avg   |   0    |   5    |   10   |   15   |
+-------------+--------+--------+--------+--------+--------+
|    MPJPE    | 144.10 | 141.56 | 142.50 | 144.75 | 147.59 |
+-------------+--------+--------+--------+--------+--------+
+------------+--------+--------+
| MC | AMASS |  Avg   |  0.5   |
+------------+--------+--------+
|   MPJPE    | 859.27 | 859.27 |
+------------+--------+--------+
+-------------+--------+--------+
| MIB | AMASS |  Avg   |  0.5   |
+-------------+--------+--------+
|    MPJPE    | 196.29 | 196.29 |
+-------------+--------+--------+
[11 end] Time cost: 67.86min 	| lr: 0.00018088 	| train loss: 0.056096758130228234
[12 start]
