Overriding config: no_eval = True
Configs: {'tasks': ['PE', 'MP', 'MC', 'FPE'], 'task_to_flag': {'PE': 0, 'MP': 1, 'FPE': 2, 'MC': 3, '2DAR': 4, 'AR': 5, 'MIB': 6}, 'flag_to_task': {'0': 'PE', '1': 'MP', '2': 'FPE', '3': 'MC', '4': '2DAR', '5': 'AR', '6': 'MIB'}, 'task_metrics': {'PE': ['PE e1', 'PE e2'], 'MP': ['MP'], 'FPE': ['FPE'], 'MC': ['MC'], '2DAR': ['2DAR'], 'AR': ['AR']}, 'dataset_to_flag': {'H36M': 0, 'AMASS': 1, 'PW3D': 2}, 'flag_to_dataset': {'0': 'H36M', '1': 'AMASS', '2': 'PW3D'}, 'dataset_task_info': {'train': {'PW3D_MESH': ['PE', 'MP', 'FPE', 'MC'], 'H36M_3D': ['PE', 'MP', 'FPE', 'MC'], 'AMASS': ['PE', 'MP', 'FPE', 'MC']}, 'test': {'PW3D_MESH': ['PE', 'MP', 'FPE', 'MC'], 'H36M_3D': ['PE', 'MP', 'FPE', 'MC'], 'AMASS': ['PE', 'MP', 'FPE', 'MC'], 'H36M_MESH': ['PE', 'MP', 'FPE', 'MC']}}, 'dataset_file': {'PW3D_MESH': 'data_icl_gen/processed_data/PW3D/mesh_det_pw3d.pkl', 'H36M_MESH': 'data_icl_gen/processed_data/H36M_MESH/mesh_det_h36m.pkl', 'H36M_3D': 'data_icl_gen/processed_data/H36M_3D/h36m_sh_conf_cam_source_final.pkl', 'AMASS': 'data_icl_gen/processed_data/AMASS/amass_joints_h36m_60.pkl'}, 'clip_len': 16, 'num_joint': 17, 'sample_stride': 1, 'data_stride': 8, 'joint_mask_ratio': 0.4, 'frame_mask_ratio': 0.4, 'presave_folder': 'data_icl_gen/presave_data', 'dataset_config': {'PW3D_MESH': {'sample_stride': 1, 'data_stride_train': 1, 'data_stride_test': 32, 'read_confidence': True, 'rootrel_input': True, 'rootrel_target': True, 'flip': True}, 'H36M_MESH': {'sample_stride': 1, 'data_stride_train': 32, 'data_stride_test': 32, 'read_confidence': True, 'rootrel_input': True, 'rootrel_target': True, 'flip': True}, 'H36M_3D': {'sample_stride': 1, 'data_stride_train': 64, 'data_stride_test': 64, 'read_confidence': True, 'rootrel_input': True, 'rootrel_target': True, 'flip': True, 'scale_3D': 0.298}, 'AMASS': {'sample_stride': 1, 'data_stride_train': 256, 'data_stride_test': 256, 'read_confidence': True, 'rootrel_input': True, 'rootrel_target': True, 'flip': True}}, 'data_root_path': 'data/non_default_ICL', 'func_ver': {'dataset_action_recognition': None, 'evaluate_action_recognition': None, 'train_epoch_action_recognition': None, 'dataset_non_AR': '3_ICL', 'evaluate_non_AR': '3_ICL', 'train_epoch_non_AR': '3_ICL', 'model_name': 'M06_MixSTE_v0'}, 'current_as_history': True, 'aug': True, 'rotate_prob': 0.25, 'keep_original_joints': True, 'use_partial_data': False, 'partial_data': {'datasets': {'PE': None, 'MP': None, 'FPE': None, 'MC': None}, 'train_stride': None, 'sample_stride': None, 'clip_len': None, 'num_joints': None, 'drop_ratios_MC': None, 'root_path': None, 'source_file_h36m': None, 'clip_len_2DAR': None, 'batch_size_2DAR': None, 'label_stride_2DAR': None}, 'full_data': {'datasets': {'PE': 'H36M', 'MP': 'AMASS', 'FPE': 'H36M_FPE', 'MC': '3DPW_MC', '2DAR': 'NTU60_2DAR'}, 'train_stride': 16, 'sample_stride': 1, 'clip_len': 16, 'num_joints': 17, 'drop_ratios_MC': [0.5], 'drop_ratios_MIB': [0.5], 'root_path': 'data', 'source_file_h36m': 'source_data/H36M.pkl', 'clip_len_2DAR': 9999999, 'batch_size_2DAR': 9999999, 'label_stride_2DAR': 9999999}, 'maxlen': 16, 'dim_in': 3, 'dim_out': 3, 'dim_feat': 256, 'mlp_ratio': 2, 'depth': 5, 'dim_rep': 256, 'num_heads': 8, 'att_fuse': True, 'merge_idx': 2, 'epochs': 120, 'batch_size': 512, 'test_batch_size': 512, 'dropout': 0.0, 'learning_rate': 0.0002, 'weight_decay': 0.01, 'lr_decay': 0.99, 'losses': {'mpjpe': 1.0, 'n_mpjpe': 0.0, 'velocity': 0.0, 'limb_var': 0.0, 'limb_gt': 0.0, 'angle': 0.0, 'angle_velocity': 0.0}, 'label_type_2DAR': 'default', 'rootrel_input': True, 'rootrel_input_2DAR': False, 'rootrel_target_MP': True, 'rootrel_target_PE': True, 'rootrel_target_FPE': True, 'flip_h36m_y_axis': False, 'flip_h36mFPE_y_axis': False, 'scale_h36m_skeleton': 2.0, 'scale_h36mFPE_skeleton': 2.0, 'no_eval': True, 'amass_to_h36m': [[2], [0], [3], [6], [1], [4], [7], [5], [8], [8, 11], [11], [10], [13], [15], [9], [12], [14]], 'name': '01_func333_model06_T16_DataTask00', 'data': {'datasets': {'PE': 'H36M', 'MP': 'AMASS', 'FPE': 'H36M_FPE', 'MC': '3DPW_MC', '2DAR': 'NTU60_2DAR'}, 'train_stride': 16, 'sample_stride': 1, 'clip_len': 16, 'num_joints': 17, 'drop_ratios_MC': [0.5], 'drop_ratios_MIB': [0.5], 'root_path': 'data', 'source_file_h36m': 'source_data/H36M.pkl', 'clip_len_2DAR': 9999999, 'batch_size_2DAR': 9999999, 'label_stride_2DAR': 9999999}}

python train.py -gpu 6,7 --config configs/03_train_on_non_AR_ICL/01_func333_model06_T16_DataTask00.yaml -c ckpt/03_train_on_non_AR_ICL/01_classifier -stage classifier -no_eval

PID:  2761286

Loading dataset...
	Loading train data from [PW3D_MESH] for task: ['PE', 'MP', 'FPE', 'MC']... costs 0.90s... has 21678 samples
	Loading train data from [H36M_3D] for task: ['PE', 'MP', 'FPE', 'MC']... costs 1.65s... has 24376 samples
	Loading train data from [AMASS] for task: ['PE', 'MP', 'FPE', 'MC']... costs 2.89s... has 25106 samples
	Training (non-AR) sample count: 71160
	Loading test data from [PW3D_MESH] for task: ['PE']... costs 0.69s... has 1091 samples
	Loading test data from [PW3D_MESH] for task: ['MP']... costs 0.68s... has 1091 samples
	Loading test data from [PW3D_MESH] for task: ['FPE']... costs 0.68s... has 1091 samples
	Loading test data from [PW3D_MESH] for task: ['MC']... costs 0.69s... has 1091 samples
	Loading test data from [H36M_3D] for task: ['PE']... costs 1.03s... has 8860 samples
	Loading test data from [H36M_3D] for task: ['MP']... costs 1.05s... has 8860 samples
	Loading test data from [H36M_3D] for task: ['FPE']... costs 1.14s... has 8860 samples
	Loading test data from [H36M_3D] for task: ['MC']... costs 1.12s... has 8860 samples
	Loading test data from [AMASS] for task: ['PE']... costs 2.14s... has 8492 samples
	Loading test data from [AMASS] for task: ['MP']... costs 1.67s... has 8492 samples
	Loading test data from [AMASS] for task: ['FPE']... costs 1.68s... has 8492 samples
	Loading test data from [AMASS] for task: ['MC']... costs 1.72s... has 8492 samples
	Loading test data from [H36M_MESH] for task: ['PE']... costs 1.11s... has 3088 samples
	Loading test data from [H36M_MESH] for task: ['MP']... costs 1.10s... has 3088 samples
	Loading test data from [H36M_MESH] for task: ['FPE']... costs 1.09s... has 3088 samples
	Loading test data from [H36M_MESH] for task: ['MC']... costs 1.14s... has 3088 samples

Loading model...
Model: M06_MixSTE_v0_classifier
[MODEL INFO] prompt_enabled: True
Trainable parameter count: 51.509252M

Training on [['non_AR', 139]] batches for 120 epochs. batch size: 512
[1 start]
	Iter: 46/139; time cost: 4.46min; current batch has {'PW3D_MESH': 600, 'H36M_3D': 716, 'AMASS': 732} samples
	Iter: 92/139; time cost: 8.34min; current batch has {'PW3D_MESH': 560, 'H36M_3D': 724, 'AMASS': 764} samples

Average training accuracy: 85.88611924176594
	Evaluating [PW3D_MESH-PE]...
	Evaluating [PW3D_MESH-MP]...
	Evaluating [PW3D_MESH-FPE]...
	Evaluating [PW3D_MESH-MC]...
	Evaluating [H36M_3D-PE]...
	Evaluating [H36M_3D-MP]...
	Evaluating [H36M_3D-FPE]...
	Evaluating [H36M_3D-MC]...
	Evaluating [AMASS-PE]...
	Evaluating [AMASS-MP]...
	Evaluating [AMASS-FPE]...
	Evaluating [AMASS-MC]...
	Evaluating [H36M_MESH-PE]...
	Evaluating [H36M_MESH-MP]...
	Evaluating [H36M_MESH-FPE]...
	Evaluating [H36M_MESH-MC]...
Accuracy:  0.9447076308578329
[1 end] Time cost: 16.85min 	| lr: 0.00020000 	| train loss: 0.26293139533548476
	Saving checkpoint to ckpt/03_train_on_non_AR_ICL/01_classifier/all_epochs/epoch_0.bin
	Saving checkpoint to ckpt/03_train_on_non_AR_ICL/01_classifier/latest_epoch.bin
[2 start]
	Iter: 46/139; time cost: 4.11min; current batch has {'PW3D_MESH': 656, 'H36M_3D': 740, 'AMASS': 652} samples
	Iter: 92/139; time cost: 8.00min; current batch has {'PW3D_MESH': 652, 'H36M_3D': 772, 'AMASS': 624} samples

Average training accuracy: 96.36348734656683
	Evaluating [PW3D_MESH-PE]...
	Evaluating [PW3D_MESH-MP]...
	Evaluating [PW3D_MESH-FPE]...
	Evaluating [PW3D_MESH-MC]...
	Evaluating [H36M_3D-PE]...
	Evaluating [H36M_3D-MP]...
	Evaluating [H36M_3D-FPE]...
	Evaluating [H36M_3D-MC]...
	Evaluating [AMASS-PE]...
	Evaluating [AMASS-MP]...
	Evaluating [AMASS-FPE]...
	Evaluating [AMASS-MC]...
	Evaluating [H36M_MESH-PE]...
	Evaluating [H36M_MESH-MP]...
	Evaluating [H36M_MESH-FPE]...
	Evaluating [H36M_MESH-MC]...
Accuracy:  0.9099089684640751
[2 end] Time cost: 16.01min 	| lr: 0.00019800 	| train loss: 0.08577653390469311
	Saving checkpoint to ckpt/03_train_on_non_AR_ICL/01_classifier/all_epochs/epoch_1.bin
	Saving checkpoint to ckpt/03_train_on_non_AR_ICL/01_classifier/latest_epoch.bin
[3 start]
	Iter: 46/139; time cost: 4.09min; current batch has {'PW3D_MESH': 616, 'H36M_3D': 736, 'AMASS': 696} samples
	Iter: 92/139; time cost: 7.97min; current batch has {'PW3D_MESH': 696, 'H36M_3D': 732, 'AMASS': 620} samples

Average training accuracy: 97.6732520319575
	Evaluating [PW3D_MESH-PE]...
	Evaluating [PW3D_MESH-MP]...
	Evaluating [PW3D_MESH-FPE]...
	Evaluating [PW3D_MESH-MC]...
	Evaluating [H36M_3D-PE]...
	Evaluating [H36M_3D-MP]...
	Evaluating [H36M_3D-FPE]...
	Evaluating [H36M_3D-MC]...
	Evaluating [AMASS-PE]...
	Evaluating [AMASS-MP]...
	Evaluating [AMASS-FPE]...
	Evaluating [AMASS-MC]...
	Evaluating [H36M_MESH-PE]...
	Evaluating [H36M_MESH-MP]...
	Evaluating [H36M_MESH-FPE]...
	Evaluating [H36M_MESH-MC]...
Accuracy:  0.972109980957689
[3 end] Time cost: 15.99min 	| lr: 0.00019602 	| train loss: 0.05480381016277795
	Saving checkpoint to ckpt/03_train_on_non_AR_ICL/01_classifier/all_epochs/epoch_2.bin
	Saving checkpoint to ckpt/03_train_on_non_AR_ICL/01_classifier/latest_epoch.bin
[4 start]
	Iter: 46/139; time cost: 4.08min; current batch has {'PW3D_MESH': 624, 'H36M_3D': 720, 'AMASS': 704} samples
	Iter: 92/139; time cost: 7.95min; current batch has {'PW3D_MESH': 608, 'H36M_3D': 668, 'AMASS': 772} samples

Average training accuracy: 98.24406101549272
	Evaluating [PW3D_MESH-PE]...
	Evaluating [PW3D_MESH-MP]...
	Evaluating [PW3D_MESH-FPE]...
	Evaluating [PW3D_MESH-MC]...
	Evaluating [H36M_3D-PE]...
	Evaluating [H36M_3D-MP]...
	Evaluating [H36M_3D-FPE]...
	Evaluating [H36M_3D-MC]...
	Evaluating [AMASS-PE]...
	Evaluating [AMASS-MP]...
	Evaluating [AMASS-FPE]...
	Evaluating [AMASS-MC]...
	Evaluating [H36M_MESH-PE]...
	Evaluating [H36M_MESH-MP]...
	Evaluating [H36M_MESH-FPE]...
	Evaluating [H36M_MESH-MC]...
Accuracy:  0.961857322000836
[4 end] Time cost: 15.96min 	| lr: 0.00019406 	| train loss: 0.03928973141508244
	Saving checkpoint to ckpt/03_train_on_non_AR_ICL/01_classifier/all_epochs/epoch_3.bin
	Saving checkpoint to ckpt/03_train_on_non_AR_ICL/01_classifier/latest_epoch.bin
[5 start]
	Iter: 46/139; time cost: 4.09min; current batch has {'PW3D_MESH': 604, 'H36M_3D': 700, 'AMASS': 744} samples
	Iter: 92/139; time cost: 7.97min; current batch has {'PW3D_MESH': 600, 'H36M_3D': 716, 'AMASS': 732} samples

Average training accuracy: 98.40223135279237
	Evaluating [PW3D_MESH-PE]...
	Evaluating [PW3D_MESH-MP]...
	Evaluating [PW3D_MESH-FPE]...
	Evaluating [PW3D_MESH-MC]...
	Evaluating [H36M_3D-PE]...
	Evaluating [H36M_3D-MP]...
	Evaluating [H36M_3D-FPE]...
	Evaluating [H36M_3D-MC]...
	Evaluating [AMASS-PE]...
	Evaluating [AMASS-MP]...
	Evaluating [AMASS-FPE]...
	Evaluating [AMASS-MC]...
	Evaluating [H36M_MESH-PE]...
	Evaluating [H36M_MESH-MP]...
	Evaluating [H36M_MESH-FPE]...
	Evaluating [H36M_MESH-MC]...
Accuracy:  0.9778691189447773
[5 end] Time cost: 15.96min 	| lr: 0.00019212 	| train loss: 0.03551401828814352
	Saving checkpoint to ckpt/03_train_on_non_AR_ICL/01_classifier/all_epochs/epoch_4.bin
	Saving checkpoint to ckpt/03_train_on_non_AR_ICL/01_classifier/latest_epoch.bin
[6 start]
	Iter: 46/139; time cost: 4.09min; current batch has {'PW3D_MESH': 628, 'H36M_3D': 728, 'AMASS': 692} samples
	Iter: 92/139; time cost: 7.97min; current batch has {'PW3D_MESH': 544, 'H36M_3D': 768, 'AMASS': 736} samples

Average training accuracy: 98.50105853389492
	Evaluating [PW3D_MESH-PE]...
	Evaluating [PW3D_MESH-MP]...
	Evaluating [PW3D_MESH-FPE]...
	Evaluating [PW3D_MESH-MC]...
	Evaluating [H36M_3D-PE]...
	Evaluating [H36M_3D-MP]...
	Evaluating [H36M_3D-FPE]...
	Evaluating [H36M_3D-MC]...
	Evaluating [AMASS-PE]...
	Evaluating [AMASS-MP]...
	Evaluating [AMASS-FPE]...
	Evaluating [AMASS-MC]...
	Evaluating [H36M_MESH-PE]...
	Evaluating [H36M_MESH-MP]...
	Evaluating [H36M_MESH-FPE]...
	Evaluating [H36M_MESH-MC]...
Accuracy:  0.976150666480888
[6 end] Time cost: 15.97min 	| lr: 0.00019020 	| train loss: 0.03318361382723766
	Saving checkpoint to ckpt/03_train_on_non_AR_ICL/01_classifier/all_epochs/epoch_5.bin
	Saving checkpoint to ckpt/03_train_on_non_AR_ICL/01_classifier/latest_epoch.bin
[7 start]
	Iter: 46/139; time cost: 4.08min; current batch has {'PW3D_MESH': 664, 'H36M_3D': 660, 'AMASS': 724} samples
	Iter: 92/139; time cost: 7.96min; current batch has {'PW3D_MESH': 588, 'H36M_3D': 644, 'AMASS': 816} samples

Average training accuracy: 98.23579418359043
	Evaluating [PW3D_MESH-PE]...
	Evaluating [PW3D_MESH-MP]...
	Evaluating [PW3D_MESH-FPE]...
	Evaluating [PW3D_MESH-MC]...
	Evaluating [H36M_3D-PE]...
	Evaluating [H36M_3D-MP]...
	Evaluating [H36M_3D-FPE]...
	Evaluating [H36M_3D-MC]...
	Evaluating [AMASS-PE]...
	Evaluating [AMASS-MP]...
	Evaluating [AMASS-FPE]...
	Evaluating [AMASS-MC]...
	Evaluating [H36M_MESH-PE]...
	Evaluating [H36M_MESH-MP]...
	Evaluating [H36M_MESH-FPE]...
	Evaluating [H36M_MESH-MC]...
Accuracy:  0.9142399331196879
[7 end] Time cost: 15.93min 	| lr: 0.00018830 	| train loss: 0.04110426049873823
	Saving checkpoint to ckpt/03_train_on_non_AR_ICL/01_classifier/all_epochs/epoch_6.bin
	Saving checkpoint to ckpt/03_train_on_non_AR_ICL/01_classifier/latest_epoch.bin
[8 start]
	Iter: 46/139; time cost: 4.09min; current batch has {'PW3D_MESH': 596, 'H36M_3D': 716, 'AMASS': 736} samples
	Iter: 92/139; time cost: 7.97min; current batch has {'PW3D_MESH': 668, 'H36M_3D': 692, 'AMASS': 688} samples

Average training accuracy: 98.46710132823574
	Evaluating [PW3D_MESH-PE]...
	Evaluating [PW3D_MESH-MP]...
	Evaluating [PW3D_MESH-FPE]...
	Evaluating [PW3D_MESH-MC]...
	Evaluating [H36M_3D-PE]...
	Evaluating [H36M_3D-MP]...
	Evaluating [H36M_3D-FPE]...
	Evaluating [H36M_3D-MC]...
	Evaluating [AMASS-PE]...
	Evaluating [AMASS-MP]...
	Evaluating [AMASS-FPE]...
	Evaluating [AMASS-MC]...
	Evaluating [H36M_MESH-PE]...
	Evaluating [H36M_MESH-MP]...
	Evaluating [H36M_MESH-FPE]...
	Evaluating [H36M_MESH-MC]...
Accuracy:  0.9724002600901026
[8 end] Time cost: 15.96min 	| lr: 0.00018641 	| train loss: 0.03497979363674472
	Saving checkpoint to ckpt/03_train_on_non_AR_ICL/01_classifier/all_epochs/epoch_7.bin
	Saving checkpoint to ckpt/03_train_on_non_AR_ICL/01_classifier/latest_epoch.bin
[9 start]
	Iter: 46/139; time cost: 4.09min; current batch has {'PW3D_MESH': 632, 'H36M_3D': 672, 'AMASS': 744} samples
	Iter: 92/139; time cost: 7.96min; current batch has {'PW3D_MESH': 588, 'H36M_3D': 696, 'AMASS': 764} samples

Average training accuracy: 98.68751874716162
	Evaluating [PW3D_MESH-PE]...
	Evaluating [PW3D_MESH-MP]...
	Evaluating [PW3D_MESH-FPE]...
	Evaluating [PW3D_MESH-MC]...
	Evaluating [H36M_3D-PE]...
	Evaluating [H36M_3D-MP]...
	Evaluating [H36M_3D-FPE]...
	Evaluating [H36M_3D-MC]...
	Evaluating [AMASS-PE]...
	Evaluating [AMASS-MP]...
	Evaluating [AMASS-FPE]...
	Evaluating [AMASS-MC]...
	Evaluating [H36M_MESH-PE]...
	Evaluating [H36M_MESH-MP]...
	Evaluating [H36M_MESH-FPE]...
	Evaluating [H36M_MESH-MC]...
Accuracy:  0.9809228554177697
[9 end] Time cost: 15.95min 	| lr: 0.00018455 	| train loss: 0.0283226061833473
	Saving checkpoint to ckpt/03_train_on_non_AR_ICL/01_classifier/all_epochs/epoch_8.bin
	Saving checkpoint to ckpt/03_train_on_non_AR_ICL/01_classifier/latest_epoch.bin
[10 start]
	Iter: 46/139; time cost: 4.10min; current batch has {'PW3D_MESH': 544, 'H36M_3D': 744, 'AMASS': 760} samples
	Iter: 92/139; time cost: 7.98min; current batch has {'PW3D_MESH': 732, 'H36M_3D': 648, 'AMASS': 668} samples

Average training accuracy: 98.42190311538229
	Evaluating [PW3D_MESH-PE]...
	Evaluating [PW3D_MESH-MP]...
	Evaluating [PW3D_MESH-FPE]...
	Evaluating [PW3D_MESH-MC]...
	Evaluating [H36M_3D-PE]...
	Evaluating [H36M_3D-MP]...
	Evaluating [H36M_3D-FPE]...
	Evaluating [H36M_3D-MC]...
	Evaluating [AMASS-PE]...
	Evaluating [AMASS-MP]...
	Evaluating [AMASS-FPE]...
	Evaluating [AMASS-MC]...
	Evaluating [H36M_MESH-PE]...
	Evaluating [H36M_MESH-MP]...
	Evaluating [H36M_MESH-FPE]...
	Evaluating [H36M_MESH-MC]...
Accuracy:  0.9789489573173563
[10 end] Time cost: 16.10min 	| lr: 0.00018270 	| train loss: 0.03576147112084164
	Saving checkpoint to ckpt/03_train_on_non_AR_ICL/01_classifier/all_epochs/epoch_9.bin
	Saving checkpoint to ckpt/03_train_on_non_AR_ICL/01_classifier/latest_epoch.bin
[11 start]
	Iter: 46/139; time cost: 4.08min; current batch has {'PW3D_MESH': 532, 'H36M_3D': 652, 'AMASS': 864} samples
	Iter: 92/139; time cost: 7.96min; current batch has {'PW3D_MESH': 724, 'H36M_3D': 608, 'AMASS': 716} samples

Average training accuracy: 98.85189505360967
	Evaluating [PW3D_MESH-PE]...
	Evaluating [PW3D_MESH-MP]...
	Evaluating [PW3D_MESH-FPE]...
	Evaluating [PW3D_MESH-MC]...
	Evaluating [H36M_3D-PE]...
	Evaluating [H36M_3D-MP]...
	Evaluating [H36M_3D-FPE]...
	Evaluating [H36M_3D-MC]...
	Evaluating [AMASS-PE]...
	Evaluating [AMASS-MP]...
	Evaluating [AMASS-FPE]...
	Evaluating [AMASS-MC]...
	Evaluating [H36M_MESH-PE]...
	Evaluating [H36M_MESH-MP]...
	Evaluating [H36M_MESH-FPE]...
	Evaluating [H36M_MESH-MC]...
Accuracy:  0.979343736937439
[11 end] Time cost: 16.03min 	| lr: 0.00018088 	| train loss: 0.02475087153440569
	Saving checkpoint to ckpt/03_train_on_non_AR_ICL/01_classifier/all_epochs/epoch_10.bin
	Saving checkpoint to ckpt/03_train_on_non_AR_ICL/01_classifier/latest_epoch.bin
[12 start]
	Iter: 46/139; time cost: 4.09min; current batch has {'PW3D_MESH': 604, 'H36M_3D': 692, 'AMASS': 752} samples
	Iter: 92/139; time cost: 7.96min; current batch has {'PW3D_MESH': 632, 'H36M_3D': 724, 'AMASS': 692} samples

Average training accuracy: 43.71981321693325
	Evaluating [PW3D_MESH-PE]...
	Evaluating [PW3D_MESH-MP]...
	Evaluating [PW3D_MESH-FPE]...
	Evaluating [PW3D_MESH-MC]...
	Evaluating [H36M_3D-PE]...
	Evaluating [H36M_3D-MP]...
	Evaluating [H36M_3D-FPE]...
	Evaluating [H36M_3D-MC]...
	Evaluating [AMASS-PE]...
	Evaluating [AMASS-MP]...
	Evaluating [AMASS-FPE]...
	Evaluating [AMASS-MC]...
	Evaluating [H36M_MESH-PE]...
	Evaluating [H36M_MESH-MP]...
	Evaluating [H36M_MESH-FPE]...
	Evaluating [H36M_MESH-MC]...
Accuracy:  0.25
[12 end] Time cost: 16.03min 	| lr: 0.00017907 	| train loss: 1.0779888551169672
	Saving checkpoint to ckpt/03_train_on_non_AR_ICL/01_classifier/all_epochs/epoch_11.bin
	Saving checkpoint to ckpt/03_train_on_non_AR_ICL/01_classifier/latest_epoch.bin
[13 start]
	Iter: 46/139; time cost: 4.07min; current batch has {'PW3D_MESH': 628, 'H36M_3D': 696, 'AMASS': 724} samples
	Iter: 92/139; time cost: 7.93min; current batch has {'PW3D_MESH': 624, 'H36M_3D': 752, 'AMASS': 672} samples

Average training accuracy: 25.074120391187048
	Evaluating [PW3D_MESH-PE]...
	Evaluating [PW3D_MESH-MP]...
	Evaluating [PW3D_MESH-FPE]...
	Evaluating [PW3D_MESH-MC]...
	Evaluating [H36M_3D-PE]...
	Evaluating [H36M_3D-MP]...
	Evaluating [H36M_3D-FPE]...
	Evaluating [H36M_3D-MC]...
	Evaluating [AMASS-PE]...
	Evaluating [AMASS-MP]...
	Evaluating [AMASS-FPE]...
	Evaluating [AMASS-MC]...
	Evaluating [H36M_MESH-PE]...
	Evaluating [H36M_MESH-MP]...
	Evaluating [H36M_MESH-FPE]...
	Evaluating [H36M_MESH-MC]...
Accuracy:  0.25
[13 end] Time cost: 15.91min 	| lr: 0.00017728 	| train loss: 1.3916149626104095
	Saving checkpoint to ckpt/03_train_on_non_AR_ICL/01_classifier/all_epochs/epoch_12.bin
	Saving checkpoint to ckpt/03_train_on_non_AR_ICL/01_classifier/latest_epoch.bin
[14 start]
	Iter: 46/139; time cost: 4.05min; current batch has {'PW3D_MESH': 568, 'H36M_3D': 680, 'AMASS': 800} samples
	Iter: 92/139; time cost: 7.92min; current batch has {'PW3D_MESH': 680, 'H36M_3D': 628, 'AMASS': 740} samples

Average training accuracy: 25.206131970496486
	Evaluating [PW3D_MESH-PE]...
	Evaluating [PW3D_MESH-MP]...
	Evaluating [PW3D_MESH-FPE]...
	Evaluating [PW3D_MESH-MC]...
	Evaluating [H36M_3D-PE]...
	Evaluating [H36M_3D-MP]...
	Evaluating [H36M_3D-FPE]...
	Evaluating [H36M_3D-MC]...
	Evaluating [AMASS-PE]...
	Evaluating [AMASS-MP]...
	Evaluating [AMASS-FPE]...
	Evaluating [AMASS-MC]...
	Evaluating [H36M_MESH-PE]...
	Evaluating [H36M_MESH-MP]...
	Evaluating [H36M_MESH-FPE]...
	Evaluating [H36M_MESH-MC]...
Accuracy:  0.25
[14 end] Time cost: 15.88min 	| lr: 0.00017550 	| train loss: 1.389886560414335
	Saving checkpoint to ckpt/03_train_on_non_AR_ICL/01_classifier/all_epochs/epoch_13.bin
	Saving checkpoint to ckpt/03_train_on_non_AR_ICL/01_classifier/latest_epoch.bin
[15 start]
	Iter: 46/139; time cost: 4.09min; current batch has {'PW3D_MESH': 596, 'H36M_3D': 704, 'AMASS': 748} samples
	Iter: 92/139; time cost: 7.95min; current batch has {'PW3D_MESH': 672, 'H36M_3D': 672, 'AMASS': 704} samples

Average training accuracy: 25.16650741906475
	Evaluating [PW3D_MESH-PE]...
	Evaluating [PW3D_MESH-MP]...
	Evaluating [PW3D_MESH-FPE]...
	Evaluating [PW3D_MESH-MC]...
	Evaluating [H36M_3D-PE]...
	Evaluating [H36M_3D-MP]...
	Evaluating [H36M_3D-FPE]...
	Evaluating [H36M_3D-MC]...
	Evaluating [AMASS-PE]...
	Evaluating [AMASS-MP]...
	Evaluating [AMASS-FPE]...
	Evaluating [AMASS-MC]...
	Evaluating [H36M_MESH-PE]...
	Evaluating [H36M_MESH-MP]...
	Evaluating [H36M_MESH-FPE]...
	Evaluating [H36M_MESH-MC]...
Accuracy:  0.2500348334958897
[15 end] Time cost: 15.92min 	| lr: 0.00017375 	| train loss: 1.3905655372914651
	Saving checkpoint to ckpt/03_train_on_non_AR_ICL/01_classifier/all_epochs/epoch_14.bin
	Saving checkpoint to ckpt/03_train_on_non_AR_ICL/01_classifier/latest_epoch.bin
[16 start]
	Iter: 46/139; time cost: 4.08min; current batch has {'PW3D_MESH': 520, 'H36M_3D': 768, 'AMASS': 760} samples
	Iter: 92/139; time cost: 7.94min; current batch has {'PW3D_MESH': 588, 'H36M_3D': 724, 'AMASS': 736} samples

Average training accuracy: 25.047399583373135
	Evaluating [PW3D_MESH-PE]...
	Evaluating [PW3D_MESH-MP]...
	Evaluating [PW3D_MESH-FPE]...
	Evaluating [PW3D_MESH-MC]...
	Evaluating [H36M_3D-PE]...
	Evaluating [H36M_3D-MP]...
	Evaluating [H36M_3D-FPE]...
	Evaluating [H36M_3D-MC]...
	Evaluating [AMASS-PE]...
	Evaluating [AMASS-MP]...
	Evaluating [AMASS-FPE]...
	Evaluating [AMASS-MC]...
	Evaluating [H36M_MESH-PE]...
	Evaluating [H36M_MESH-MP]...
	Evaluating [H36M_MESH-FPE]...
	Evaluating [H36M_MESH-MC]...
Accuracy:  0.25
[16 end] Time cost: 15.89min 	| lr: 0.00017201 	| train loss: 1.3909570568328282
	Saving checkpoint to ckpt/03_train_on_non_AR_ICL/01_classifier/all_epochs/epoch_15.bin
	Saving checkpoint to ckpt/03_train_on_non_AR_ICL/01_classifier/latest_epoch.bin
[17 start]
	Iter: 46/139; time cost: 4.07min; current batch has {'PW3D_MESH': 656, 'H36M_3D': 672, 'AMASS': 720} samples
	Iter: 92/139; time cost: 7.94min; current batch has {'PW3D_MESH': 656, 'H36M_3D': 636, 'AMASS': 756} samples

Average training accuracy: 25.034238237271207
	Evaluating [PW3D_MESH-PE]...
	Evaluating [PW3D_MESH-MP]...
	Evaluating [PW3D_MESH-FPE]...
	Evaluating [PW3D_MESH-MC]...
	Evaluating [H36M_3D-PE]...
	Evaluating [H36M_3D-MP]...
	Evaluating [H36M_3D-FPE]...
	Evaluating [H36M_3D-MC]...
	Evaluating [AMASS-PE]...
	Evaluating [AMASS-MP]...
	Evaluating [AMASS-FPE]...
	Evaluating [AMASS-MC]...
	Evaluating [H36M_MESH-PE]...
	Evaluating [H36M_MESH-MP]...
	Evaluating [H36M_MESH-FPE]...
	Evaluating [H36M_MESH-MC]...
Accuracy:  0.25
[17 end] Time cost: 15.89min 	| lr: 0.00017029 	| train loss: 1.3902809677792967
	Saving checkpoint to ckpt/03_train_on_non_AR_ICL/01_classifier/all_epochs/epoch_16.bin
	Saving checkpoint to ckpt/03_train_on_non_AR_ICL/01_classifier/latest_epoch.bin
[18 start]
	Iter: 46/139; time cost: 4.07min; current batch has {'PW3D_MESH': 616, 'H36M_3D': 700, 'AMASS': 732} samples
	Iter: 92/139; time cost: 7.94min; current batch has {'PW3D_MESH': 676, 'H36M_3D': 664, 'AMASS': 708} samples

Average training accuracy: 25.063324344458337
	Evaluating [PW3D_MESH-PE]...
	Evaluating [PW3D_MESH-MP]...
	Evaluating [PW3D_MESH-FPE]...
	Evaluating [PW3D_MESH-MC]...
	Evaluating [H36M_3D-PE]...
	Evaluating [H36M_3D-MP]...
	Evaluating [H36M_3D-FPE]...
	Evaluating [H36M_3D-MC]...
	Evaluating [AMASS-PE]...
	Evaluating [AMASS-MP]...
	Evaluating [AMASS-FPE]...
	Evaluating [AMASS-MC]...
	Evaluating [H36M_MESH-PE]...
	Evaluating [H36M_MESH-MP]...
	Evaluating [H36M_MESH-FPE]...
	Evaluating [H36M_MESH-MC]...
Accuracy:  0.25
[18 end] Time cost: 15.89min 	| lr: 0.00016859 	| train loss: 1.3898580295147656
	Saving checkpoint to ckpt/03_train_on_non_AR_ICL/01_classifier/all_epochs/epoch_17.bin
	Saving checkpoint to ckpt/03_train_on_non_AR_ICL/01_classifier/latest_epoch.bin
[19 start]
	Iter: 46/139; time cost: 4.08min; current batch has {'PW3D_MESH': 596, 'H36M_3D': 756, 'AMASS': 696} samples
	Iter: 92/139; time cost: 7.94min; current batch has {'PW3D_MESH': 652, 'H36M_3D': 640, 'AMASS': 756} samples

Average training accuracy: 25.001686152151166
	Evaluating [PW3D_MESH-PE]...
	Evaluating [PW3D_MESH-MP]...
	Evaluating [PW3D_MESH-FPE]...
	Evaluating [PW3D_MESH-MC]...
	Evaluating [H36M_3D-PE]...
	Evaluating [H36M_3D-MP]...
	Evaluating [H36M_3D-FPE]...
	Evaluating [H36M_3D-MC]...
	Evaluating [AMASS-PE]...
	Evaluating [AMASS-MP]...
	Evaluating [AMASS-FPE]...
	Evaluating [AMASS-MC]...
	Evaluating [H36M_MESH-PE]...
	Evaluating [H36M_MESH-MP]...
	Evaluating [H36M_MESH-FPE]...
	Evaluating [H36M_MESH-MC]...
Accuracy:  0.25
[19 end] Time cost: 15.90min 	| lr: 0.00016690 	| train loss: 1.3898574982186873
	Saving checkpoint to ckpt/03_train_on_non_AR_ICL/01_classifier/all_epochs/epoch_18.bin
	Saving checkpoint to ckpt/03_train_on_non_AR_ICL/01_classifier/latest_epoch.bin
[20 start]
	Iter: 46/139; time cost: 4.07min; current batch has {'PW3D_MESH': 624, 'H36M_3D': 648, 'AMASS': 776} samples
	Iter: 92/139; time cost: 7.93min; current batch has {'PW3D_MESH': 612, 'H36M_3D': 700, 'AMASS': 736} samples

Average training accuracy: 25.029460809749665
	Evaluating [PW3D_MESH-PE]...
	Evaluating [PW3D_MESH-MP]...
	Evaluating [PW3D_MESH-FPE]...
	Evaluating [PW3D_MESH-MC]...
	Evaluating [H36M_3D-PE]...
	Evaluating [H36M_3D-MP]...
	Evaluating [H36M_3D-FPE]...
	Evaluating [H36M_3D-MC]...
	Evaluating [AMASS-PE]...
	Evaluating [AMASS-MP]...
	Evaluating [AMASS-FPE]...
	Evaluating [AMASS-MC]...
	Evaluating [H36M_MESH-PE]...
	Evaluating [H36M_MESH-MP]...
