Adding new arg: args.config = ckpt/0503_AllDataTask/99_motionbert/config.yaml
Adding new arg: args.checkpoint = ckpt/0503_AllDataTask/99_motionbert/
Adding new arg: args.seed = 0
Adding new arg: args.visualize = 
Adding new arg: args.eval_generalization = False
Adding new arg: args.quick_debug = False
Adding new arg: args.gpu = 4,5
Overriding existing arg: args.batch_size = 772
Adding new arg: args.classifier_type = task
Adding new arg: args.num_class = 4
Adding new arg: args.use_task_id_as_prompt = False
Adding new arg: args.reverse_query_prompt = False
Adding new arg: args.shuffle_batch = False
Adding new arg: args.reverse_query_prompt_per_iter = False
Adding new arg: args.vertex_x1000 = True
Adding new arg: args.aug2D = False
Adding new arg: args.out = 050399
Adding new arg: args.deactivate_prompt_branch = False

Configs: {'tasks': ['PE', 'MP', 'MC', 'FPE'], 'task_to_flag': {'PE': 0, 'MP': 1, 'FPE': 2, 'MC': 3, '2DAR': 4, 'AR': 5, 'MIB': 6}, 'dataset_to_flag': {'H36M_3D': 0, 'AMASS': 1, 'PW3D_MESH': 2, 'H36M_MESH': 3, 'H36M_MESH_TCMR': 4}, 'flag_to_task': {'0': 'PE', '1': 'MP', '2': 'FPE', '3': 'MC', '4': '2DAR', '5': 'AR', '6': 'MIB'}, 'flag_to_dataset': {'0': 'H36M_3D', '1': 'AMASS', '2': 'PW3D_MESH', '3': 'H36M_MESH', '4': 'H36M_MESH_TCMR'}, 'task_metrics': {'PE': ['PE e1', 'PE e2'], 'MP': ['MP'], 'FPE': ['FPE'], 'MC': ['MC'], '2DAR': ['2DAR'], 'AR': ['AR']}, 'dataset_task_info': {'train': {'AMASS': ['PE', 'MP', 'FPE', 'MC'], 'H36M_MESH': ['PE', 'MP', 'FPE', 'MC']}, 'test': {'AMASS': ['PE', 'MP', 'FPE', 'MC', 'MIB'], 'H36M_MESH': ['PE', 'MP', 'FPE', 'MC', 'MIB'], 'PW3D_MESH': ['PE', 'MP', 'FPE', 'MC', 'MIB']}}, 'Mesh': {'enable': True, 'loss_type': 'L1', 'losses': {'loss_3d_pos': 0.5, 'loss_3d_velocity': 10, 'loss_pose': 1000, 'loss_shape': 1, 'loss_norm': 20, 'loss_3d_scale': 0, 'loss_lv': 0, 'loss_lg': 0, 'loss_a': 0, 'loss_av': 0}}, 'dataset_file': {'PW3D_MESH': 'data_icl_gen/VER5_DATA/PW3D_MESH/mesh_det_pw3d_EXTENDED.pkl', 'H36M_MESH': 'data_icl_gen/VER5_DATA/H36M_MESH/mesh_det_h36m_EXTENDED.pkl', 'AMASS': 'data_icl_gen/VER5_DATA/AMASS', 'H36M_3D': 'data_icl_gen/processed_data/H36M_3D/h36m_sh_conf_cam_source_final.pkl', 'H36M_MESH_TCMR': 'data_icl_gen/VER5_DATA/H36M_TCMR/h36m_train_25fps_db_RENAMED.pt'}, 'use_presave_data': True, 'aug': False, 'aug_shuffle_joints': False, 'current_as_history': True, 'clip_len': 16, 'max_len': 16, 'num_joint': 17, 'joint_mask_ratio': 0.4, 'frame_mask_ratio': 0.4, 'presave_folder': 'data_icl_gen/presave_data/', 'dataset_config': {'PW3D_MESH': {'sample_stride': 1, 'data_stride': {'train': 16, 'test': 32}, 'read_confidence': True, 'rootrel_input': True, 'rootrel_target': True, 'flip': True, 'use_global_orient': True}, 'H36M_MESH': {'sample_stride': 1, 'data_stride': {'train': 16, 'test': 32}, 'read_confidence': True, 'rootrel_input': True, 'rootrel_target': True, 'flip': True, 'use_global_orient': True}, 'AMASS': {'sample_stride': 1, 'data_stride': {'train': 128, 'test': 256}, 'read_confidence': True, 'rootrel_input': True, 'rootrel_target': True, 'flip': True, 'use_global_orient': True}, 'H36M_3D': {'sample_stride': 1, 'data_stride': {'train': 16, 'test': 32}, 'read_confidence': True, 'rootrel_input': True, 'rootrel_target': True, 'flip': True, 'scale_3D': 1}, 'H36M_MESH_TCMR': {'sample_stride': 1, 'data_stride': {'train': 16, 'test': 32}, 'read_confidence': True, 'rootrel_input': True, 'rootrel_target': True, 'flip': True, 'use_global_orient': True}}, 'func_ver': {'dataset_action_recognition': None, 'evaluate_action_recognition': None, 'train_epoch_action_recognition': None, 'dataset_non_AR': '5_ICL', 'evaluate_non_AR': '5_ICL', 'train_epoch_non_AR': '5_ICL', 'model_name': 'model_mesh.M98V00_MotionBERT'}, 'epochs': 120, 'batch_size': 772, 'test_batch_size': 512, 'learning_rate': 0.0002, 'weight_decay': 0.01, 'lr_decay': 0.99, 'losses': {'loss_mpjpe': 1.0, 'n_mpjpe': 0.5, 'loss_velocity': 20.0, 'loss_limb_var': 0, 'loss_limb_gt': 0, 'loss_angle': 0, 'loss_angle_velocity': 0}, 'no_eval': False, 'use_partial_data': False, 'partial_data': None, 'full_data': None, 'name': 'config', 'config': 'ckpt/0503_AllDataTask/99_motionbert/config.yaml', 'checkpoint': 'ckpt/0503_AllDataTask/99_motionbert/', 'seed': 0, 'visualize': '', 'eval_generalization': False, 'quick_debug': False, 'gpu': '4,5', 'classifier_type': 'task', 'num_class': 4, 'use_task_id_as_prompt': False, 'reverse_query_prompt': False, 'shuffle_batch': False, 'reverse_query_prompt_per_iter': False, 'vertex_x1000': True, 'aug2D': False, 'out': '050399', 'deactivate_prompt_branch': False, 'data': None}

python train.py --config ckpt/0503_AllDataTask/99_motionbert/config.yaml -c ckpt/0503_AllDataTask/99_motionbert/ -gpu 4,5 -bs 772 -vertex_x1000 -out 050399

PID:  4050765

Overriding function... Using <prepare_motion> function from [model_mesh.M98V00_MotionBERT] instead of default from dataset ...

Overriding function... Using <preprocess> function from [model_mesh.M98V00_MotionBERT] instead of default from dataset ...

Loading dataset...
	Loading train data from [AMASS] for task: ['PE', 'MP', 'FPE', 'MC']... Loading presaved... Loading joint masks... costs 1.21s... has 46726/46726 query/prompt samples
	Loading train data from [H36M_MESH] for task: ['PE', 'MP', 'FPE', 'MC']... Loading presaved... Loading joint masks... costs 0.64s... has 18644/18644 query/prompt samples
	Training (non-AR) sample count: 65370
	Loading test data from [AMASS] for task: ['PE']... costs 0.00s... has 8492/46726 query/prompt samples
	Loading test data from [AMASS] for task: ['MP']... costs 0.00s... has 8492/46726 query/prompt samples
	Loading test data from [AMASS] for task: ['FPE']... costs 0.00s... has 8492/46726 query/prompt samples
	Loading test data from [AMASS] for task: ['MC']... Loading joint masks... costs 0.01s... has 8492/46726 query/prompt samples
	Loading test data from [AMASS] for task: ['MIB']... Loading frame masks... costs 0.08s... has 8492/46726 query/prompt samples
	Loading test data from [H36M_MESH] for task: ['PE']... costs 0.00s... has 3088/18644 query/prompt samples
	Loading test data from [H36M_MESH] for task: ['MP']... costs 0.00s... has 3088/18644 query/prompt samples
	Loading test data from [H36M_MESH] for task: ['FPE']... costs 0.00s... has 3088/18644 query/prompt samples
	Loading test data from [H36M_MESH] for task: ['MC']... Loading joint masks... costs 0.01s... has 3088/18644 query/prompt samples
	Loading test data from [H36M_MESH] for task: ['MIB']... Loading frame masks... costs 0.00s... has 3088/18644 query/prompt samples
	Loading test data from [PW3D_MESH] for task: ['PE']... Loading presaved... costs 0.07s... has 1091/1373 query/prompt samples
	Loading test data from [PW3D_MESH] for task: ['MP']... Loading presaved... costs 0.07s... has 1091/1373 query/prompt samples
	Loading test data from [PW3D_MESH] for task: ['FPE']... Loading presaved... costs 0.05s... has 1091/1373 query/prompt samples
	Loading test data from [PW3D_MESH] for task: ['MC']... Loading presaved... Loading joint masks... costs 0.06s... has 1091/1373 query/prompt samples
	Loading test data from [PW3D_MESH] for task: ['MIB']... Loading presaved... Loading frame masks... costs 0.05s... has 1091/1373 query/prompt samples

Loading model...
	Model: model_mesh.M98V00_MotionBERT
	Trainable parameter count: 19.82635M

Training on [['non_AR', 85]] batches for 120 epochs. batch size: 772
[1 start]
	Iter: 28/85; time cost: 6.93min; current batch has {'AMASS': 2216, 'H36M_MESH': 872} samples; batch_size (total/sub): 3088/772
	Iter: 56/85; time cost: 13.23min; current batch has {'AMASS': 2212, 'H36M_MESH': 876} samples; batch_size (total/sub): 3088/772
	Evaluating [PE] on [AMASS]... costs 107.20s
	Evaluating [MP] on [AMASS]... costs 108.05s
	Evaluating [FPE] on [AMASS]... costs 107.08s
	Evaluating [MC] on [AMASS]... costs 109.86s
	Evaluating [MIB] on [AMASS]... costs 110.21s
	Evaluating [PE] on [H36M_MESH]... costs 41.04s
	Evaluating [MP] on [H36M_MESH]... costs 40.53s
	Evaluating [FPE] on [H36M_MESH]... costs 40.62s
	Evaluating [MC] on [H36M_MESH]... costs 40.72s
	Evaluating [MIB] on [H36M_MESH]... costs 40.70s
	Evaluating [PE] on [PW3D_MESH]... costs 16.22s
	Evaluating [MP] on [PW3D_MESH]... costs 16.31s
	Evaluating [FPE] on [PW3D_MESH]... costs 16.20s
	Evaluating [MC] on [PW3D_MESH]... costs 16.37s
	Evaluating [MIB] on [PW3D_MESH]... costs 16.35s
+-------+------------+---------+-----------+-----------+--------+--------+--------+--------+--------+-----------+--------+--------+--------+--------+-----------+--------+--------+--------+--------+--------+--------+--------+--------+--------+-----------+--------+--------+--------+--------+-----------+--------+--------+--------+--------+
| Epoch |     lr     |  JOINT  |    MESH   |    ALL    | AMASS  |        |        |        |        | H36M_MESH |        |        |        |        | PW3D_MESH |        |        |        |        | AMASS  |        |        |        |        | H36M_MESH |        |        |        |        | PW3D_MESH |        |        |        |        |
+-------+------------+---------+-----------+-----------+--------+--------+--------+--------+--------+-----------+--------+--------+--------+--------+-----------+--------+--------+--------+--------+--------+--------+--------+--------+--------+-----------+--------+--------+--------+--------+-----------+--------+--------+--------+--------+
|   1   | 0.00020000 | 0.55260 | 439.77647 | 440.32907 |   PE   |   MP   |  FPE   |   MC   |  MIB   |     PE    |   MP   |  FPE   |   MC   |  MIB   |     PE    |   MP   |  FPE   |   MC   |  MIB   |   PE   |   MP   |  FPE   |   MC   |  MIB   |     PE    |   MP   |  FPE   |   MC   |  MIB   |     PE    |   MP   |  FPE   |   MC   |  MIB   |
|       |            |         |           |           | 126.48 | 127.34 | 127.43 | 154.30 | 129.01 |   279.98  | 274.25 | 280.96 | 307.19 | 281.21 |   214.03  | 210.93 | 214.20 | 236.20 | 215.79 | 149.53 | 152.57 | 152.61 | 174.71 | 151.03 |   369.28  | 361.27 | 368.23 | 379.08 | 369.11 |   286.96  | 279.99 | 287.25 | 297.61 | 286.91 |
+-------+------------+---------+-----------+-----------+--------+--------+--------+--------+--------+-----------+--------+--------+--------+--------+-----------+--------+--------+--------+--------+--------+--------+--------+--------+--------+-----------+--------+--------+--------+--------+-----------+--------+--------+--------+--------+
	Saving best checkpoints: [AMASS,PE] [AMASS,MP] [AMASS,FPE] [AMASS,MC] [AMASS,MIB] [H36M_MESH,PE] [H36M_MESH,MP] [H36M_MESH,FPE] [H36M_MESH,MC] [H36M_MESH,MIB] [PW3D_MESH,PE] [PW3D_MESH,MP] [PW3D_MESH,FPE] [PW3D_MESH,MC] [PW3D_MESH,MIB] 

[1 end] Time cost: 33.28min 	| lr: 0.00020000
[2 start]
	Iter: 28/85; time cost: 6.46min; current batch has {'AMASS': 2212, 'H36M_MESH': 876} samples; batch_size (total/sub): 3088/772
	Iter: 56/85; time cost: 12.69min; current batch has {'AMASS': 2256, 'H36M_MESH': 832} samples; batch_size (total/sub): 3088/772
	Evaluating [PE] on [AMASS]... costs 107.16s
	Evaluating [MP] on [AMASS]... costs 107.22s
	Evaluating [FPE] on [AMASS]... costs 106.76s
	Evaluating [MC] on [AMASS]... costs 108.99s
	Evaluating [MIB] on [AMASS]... costs 107.56s
	Evaluating [PE] on [H36M_MESH]... costs 40.35s
	Evaluating [MP] on [H36M_MESH]... costs 39.61s
	Evaluating [FPE] on [H36M_MESH]... costs 40.16s
	Evaluating [MC] on [H36M_MESH]... costs 40.63s
	Evaluating [MIB] on [H36M_MESH]... costs 39.54s
	Evaluating [PE] on [PW3D_MESH]... costs 14.85s
	Evaluating [MP] on [PW3D_MESH]... costs 14.59s
	Evaluating [FPE] on [PW3D_MESH]... costs 14.67s
	Evaluating [MC] on [PW3D_MESH]... costs 14.62s
	Evaluating [MIB] on [PW3D_MESH]... costs 14.82s
+-------+------------+---------+-----------+-----------+--------+--------+--------+--------+--------+-----------+--------+--------+--------+--------+-----------+--------+--------+--------+--------+--------+--------+--------+--------+--------+-----------+--------+--------+--------+--------+-----------+--------+--------+--------+--------+
| Epoch |     lr     |  JOINT  |    MESH   |    ALL    | AMASS  |        |        |        |        | H36M_MESH |        |        |        |        | PW3D_MESH |        |        |        |        | AMASS  |        |        |        |        | H36M_MESH |        |        |        |        | PW3D_MESH |        |        |        |        |
+-------+------------+---------+-----------+-----------+--------+--------+--------+--------+--------+-----------+--------+--------+--------+--------+-----------+--------+--------+--------+--------+--------+--------+--------+--------+--------+-----------+--------+--------+--------+--------+-----------+--------+--------+--------+--------+
|   2   | 0.00019800 | 0.44093 | 358.41737 | 358.85830 |   PE   |   MP   |  FPE   |   MC   |  MIB   |     PE    |   MP   |  FPE   |   MC   |  MIB   |     PE    |   MP   |  FPE   |   MC   |  MIB   |   PE   |   MP   |  FPE   |   MC   |  MIB   |     PE    |   MP   |  FPE   |   MC   |  MIB   |     PE    |   MP   |  FPE   |   MC   |  MIB   |
|       |            |         |           |           | 122.01 | 122.94 | 122.96 | 139.33 | 125.99 |   257.06  | 252.61 | 259.58 | 286.27 | 266.84 |   211.09  | 210.81 | 211.61 | 231.61 | 218.70 | 151.08 | 153.07 | 153.14 | 165.42 | 158.10 |   362.66  | 355.58 | 363.67 | 371.59 | 374.19 |   278.05  | 270.67 | 279.11 | 284.38 | 288.82 |
+-------+------------+---------+-----------+-----------+--------+--------+--------+--------+--------+-----------+--------+--------+--------+--------+-----------+--------+--------+--------+--------+--------+--------+--------+--------+--------+-----------+--------+--------+--------+--------+-----------+--------+--------+--------+--------+
	Saving best checkpoints: [AMASS,PE] [AMASS,MP] [AMASS,FPE] [AMASS,MC] [AMASS,MIB] [H36M_MESH,PE] [H36M_MESH,MP] [H36M_MESH,FPE] [H36M_MESH,MC] [H36M_MESH,MIB] [PW3D_MESH,PE] [PW3D_MESH,MP] [PW3D_MESH,FPE] [PW3D_MESH,MC] 

[2 end] Time cost: 32.66min 	| lr: 0.00019800
[3 start]
	Iter: 28/85; time cost: 6.45min; current batch has {'AMASS': 2228, 'H36M_MESH': 860} samples; batch_size (total/sub): 3088/772
	Iter: 56/85; time cost: 12.68min; current batch has {'AMASS': 2216, 'H36M_MESH': 872} samples; batch_size (total/sub): 3088/772
	Evaluating [PE] on [AMASS]... costs 106.11s
	Evaluating [MP] on [AMASS]... costs 105.77s
	Evaluating [FPE] on [AMASS]... costs 105.02s
	Evaluating [MC] on [AMASS]... costs 105.59s
	Evaluating [MIB] on [AMASS]... costs 105.66s
	Evaluating [PE] on [H36M_MESH]... costs 38.88s
	Evaluating [MP] on [H36M_MESH]... costs 38.98s
	Evaluating [FPE] on [H36M_MESH]... costs 38.82s
	Evaluating [MC] on [H36M_MESH]... costs 39.32s
	Evaluating [MIB] on [H36M_MESH]... costs 39.48s
	Evaluating [PE] on [PW3D_MESH]... costs 14.66s
	Evaluating [MP] on [PW3D_MESH]... costs 14.40s
	Evaluating [FPE] on [PW3D_MESH]... costs 14.54s
	Evaluating [MC] on [PW3D_MESH]... costs 14.68s
	Evaluating [MIB] on [PW3D_MESH]... costs 14.57s
+-------+------------+---------+-----------+-----------+--------+--------+--------+--------+--------+-----------+--------+--------+--------+--------+-----------+--------+--------+--------+--------+--------+--------+--------+--------+--------+-----------+--------+--------+--------+--------+-----------+--------+--------+--------+--------+
| Epoch |     lr     |  JOINT  |    MESH   |    ALL    | AMASS  |        |        |        |        | H36M_MESH |        |        |        |        | PW3D_MESH |        |        |        |        | AMASS  |        |        |        |        | H36M_MESH |        |        |        |        | PW3D_MESH |        |        |        |        |
+-------+------------+---------+-----------+-----------+--------+--------+--------+--------+--------+-----------+--------+--------+--------+--------+-----------+--------+--------+--------+--------+--------+--------+--------+--------+--------+-----------+--------+--------+--------+--------+-----------+--------+--------+--------+--------+
|   3   | 0.00019602 | 0.43379 | 355.97142 | 356.40521 |   PE   |   MP   |  FPE   |   MC   |  MIB   |     PE    |   MP   |  FPE   |   MC   |  MIB   |     PE    |   MP   |  FPE   |   MC   |  MIB   |   PE   |   MP   |  FPE   |   MC   |  MIB   |     PE    |   MP   |  FPE   |   MC   |  MIB   |     PE    |   MP   |  FPE   |   MC   |  MIB   |
|       |            |         |           |           | 120.92 | 122.29 | 122.32 | 139.39 | 124.93 |   267.22  | 263.03 | 271.76 | 305.54 | 277.28 |   221.17  | 208.01 | 227.11 | 240.10 | 224.26 | 146.82 | 148.51 | 148.65 | 160.66 | 150.34 |   357.89  | 354.88 | 361.33 | 376.68 | 369.89 |   289.23  | 267.15 | 293.36 | 291.04 | 284.45 |
+-------+------------+---------+-----------+-----------+--------+--------+--------+--------+--------+-----------+--------+--------+--------+--------+-----------+--------+--------+--------+--------+--------+--------+--------+--------+--------+-----------+--------+--------+--------+--------+-----------+--------+--------+--------+--------+
	Saving best checkpoints: [AMASS,PE] [AMASS,MP] [AMASS,FPE] [AMASS,MIB] [PW3D_MESH,MP] 

[3 end] Time cost: 32.29min 	| lr: 0.00019602
[4 start]
	Iter: 28/85; time cost: 6.47min; current batch has {'AMASS': 2176, 'H36M_MESH': 912} samples; batch_size (total/sub): 3088/772
	Iter: 56/85; time cost: 12.70min; current batch has {'AMASS': 2216, 'H36M_MESH': 872} samples; batch_size (total/sub): 3088/772
	Evaluating [PE] on [AMASS]... costs 104.36s
	Evaluating [MP] on [AMASS]... costs 104.86s
	Evaluating [FPE] on [AMASS]... costs 104.86s
	Evaluating [MC] on [AMASS]... costs 104.86s
	Evaluating [MIB] on [AMASS]... costs 104.97s
	Evaluating [PE] on [H36M_MESH]... costs 39.29s
	Evaluating [MP] on [H36M_MESH]... costs 38.57s
	Evaluating [FPE] on [H36M_MESH]... costs 39.16s
	Evaluating [MC] on [H36M_MESH]... costs 40.06s
	Evaluating [MIB] on [H36M_MESH]... costs 39.40s
	Evaluating [PE] on [PW3D_MESH]... costs 14.72s
	Evaluating [MP] on [PW3D_MESH]... costs 14.54s
	Evaluating [FPE] on [PW3D_MESH]... costs 14.40s
	Evaluating [MC] on [PW3D_MESH]... costs 14.57s
	Evaluating [MIB] on [PW3D_MESH]... costs 14.66s
+-------+------------+---------+-----------+-----------+--------+--------+--------+--------+--------+-----------+--------+--------+--------+--------+-----------+--------+--------+--------+--------+--------+--------+--------+--------+--------+-----------+--------+--------+--------+--------+-----------+--------+--------+--------+--------+
| Epoch |     lr     |  JOINT  |    MESH   |    ALL    | AMASS  |        |        |        |        | H36M_MESH |        |        |        |        | PW3D_MESH |        |        |        |        | AMASS  |        |        |        |        | H36M_MESH |        |        |        |        | PW3D_MESH |        |        |        |        |
+-------+------------+---------+-----------+-----------+--------+--------+--------+--------+--------+-----------+--------+--------+--------+--------+-----------+--------+--------+--------+--------+--------+--------+--------+--------+--------+-----------+--------+--------+--------+--------+-----------+--------+--------+--------+--------+
|   4   | 0.00019406 | 0.41874 | 347.74866 | 348.16740 |   PE   |   MP   |  FPE   |   MC   |  MIB   |     PE    |   MP   |  FPE   |   MC   |  MIB   |     PE    |   MP   |  FPE   |   MC   |  MIB   |   PE   |   MP   |  FPE   |   MC   |  MIB   |     PE    |   MP   |  FPE   |   MC   |  MIB   |     PE    |   MP   |  FPE   |   MC   |  MIB   |
|       |            |         |           |           | 121.98 | 123.29 | 123.21 | 141.54 | 120.68 |   251.48  | 253.46 | 257.79 | 283.68 | 250.82 |   223.95  | 212.26 | 225.04 | 233.37 | 212.71 | 144.53 | 146.75 | 146.66 | 161.92 | 144.32 |   353.18  | 351.89 | 357.72 | 367.21 | 351.49 |   278.53  | 265.22 | 280.52 | 279.12 | 265.79 |
+-------+------------+---------+-----------+-----------+--------+--------+--------+--------+--------+-----------+--------+--------+--------+--------+-----------+--------+--------+--------+--------+--------+--------+--------+--------+--------+-----------+--------+--------+--------+--------+-----------+--------+--------+--------+--------+
	Saving best checkpoints: [AMASS,MIB] [H36M_MESH,PE] [H36M_MESH,FPE] [H36M_MESH,MC] [H36M_MESH,MIB] [PW3D_MESH,MIB] 

[4 end] Time cost: 32.21min 	| lr: 0.00019406
[5 start]
	Iter: 28/85; time cost: 6.48min; current batch has {'AMASS': 2152, 'H36M_MESH': 936} samples; batch_size (total/sub): 3088/772
	Iter: 56/85; time cost: 12.70min; current batch has {'AMASS': 2160, 'H36M_MESH': 928} samples; batch_size (total/sub): 3088/772
	Evaluating [PE] on [AMASS]... costs 106.14s
	Evaluating [MP] on [AMASS]... costs 106.00s
	Evaluating [FPE] on [AMASS]... costs 106.31s
	Evaluating [MC] on [AMASS]... costs 107.26s
	Evaluating [MIB] on [AMASS]... costs 108.55s
	Evaluating [PE] on [H36M_MESH]... costs 39.49s
	Evaluating [MP] on [H36M_MESH]... costs 39.36s
	Evaluating [FPE] on [H36M_MESH]... costs 39.19s
	Evaluating [MC] on [H36M_MESH]... costs 39.35s
	Evaluating [MIB] on [H36M_MESH]... costs 39.38s
	Evaluating [PE] on [PW3D_MESH]... costs 14.68s
	Evaluating [MP] on [PW3D_MESH]... costs 14.41s
	Evaluating [FPE] on [PW3D_MESH]... costs 14.60s
	Evaluating [MC] on [PW3D_MESH]... costs 14.55s
	Evaluating [MIB] on [PW3D_MESH]... costs 14.45s
+-------+------------+---------+-----------+-----------+--------+--------+--------+--------+--------+-----------+--------+--------+--------+--------+-----------+--------+--------+--------+--------+--------+--------+--------+--------+--------+-----------+--------+--------+--------+--------+-----------+--------+--------+--------+--------+
| Epoch |     lr     |  JOINT  |    MESH   |    ALL    | AMASS  |        |        |        |        | H36M_MESH |        |        |        |        | PW3D_MESH |        |        |        |        | AMASS  |        |        |        |        | H36M_MESH |        |        |        |        | PW3D_MESH |        |        |        |        |
+-------+------------+---------+-----------+-----------+--------+--------+--------+--------+--------+-----------+--------+--------+--------+--------+-----------+--------+--------+--------+--------+--------+--------+--------+--------+--------+-----------+--------+--------+--------+--------+-----------+--------+--------+--------+--------+
|   5   | 0.00019212 | 0.41352 | 343.79738 | 344.21090 |   PE   |   MP   |  FPE   |   MC   |  MIB   |     PE    |   MP   |  FPE   |   MC   |  MIB   |     PE    |   MP   |  FPE   |   MC   |  MIB   |   PE   |   MP   |  FPE   |   MC   |  MIB   |     PE    |   MP   |  FPE   |   MC   |  MIB   |     PE    |   MP   |  FPE   |   MC   |  MIB   |
|       |            |         |           |           | 109.80 | 110.88 | 110.89 | 133.38 | 114.28 |   255.32  | 253.24 | 259.80 | 286.66 | 253.55 |   211.77  | 198.94 | 212.86 | 222.60 | 200.09 | 142.36 | 144.25 | 144.25 | 159.46 | 145.34 |   350.17  | 350.19 | 354.00 | 364.37 | 349.88 |   279.34  | 262.90 | 281.64 | 277.18 | 263.60 |
+-------+------------+---------+-----------+-----------+--------+--------+--------+--------+--------+-----------+--------+--------+--------+--------+-----------+--------+--------+--------+--------+--------+--------+--------+--------+--------+-----------+--------+--------+--------+--------+-----------+--------+--------+--------+--------+
	Saving best checkpoints: [AMASS,PE] [AMASS,MP] [AMASS,FPE] [AMASS,MC] [AMASS,MIB] [PW3D_MESH,MP] [PW3D_MESH,MC] [PW3D_MESH,MIB] 

[5 end] Time cost: 32.43min 	| lr: 0.00019212
[6 start]
	Iter: 28/85; time cost: 6.48min; current batch has {'AMASS': 2216, 'H36M_MESH': 872} samples; batch_size (total/sub): 3088/772
	Iter: 56/85; time cost: 12.70min; current batch has {'AMASS': 2240, 'H36M_MESH': 848} samples; batch_size (total/sub): 3088/772
	Evaluating [PE] on [AMASS]... costs 105.19s
	Evaluating [MP] on [AMASS]... costs 105.46s
	Evaluating [FPE] on [AMASS]... costs 104.69s
	Evaluating [MC] on [AMASS]... costs 103.92s
	Evaluating [MIB] on [AMASS]... costs 105.11s
	Evaluating [PE] on [H36M_MESH]... costs 39.46s
	Evaluating [MP] on [H36M_MESH]... costs 39.19s
	Evaluating [FPE] on [H36M_MESH]... costs 38.85s
	Evaluating [MC] on [H36M_MESH]... costs 39.14s
	Evaluating [MIB] on [H36M_MESH]... costs 38.97s
	Evaluating [PE] on [PW3D_MESH]... costs 14.39s
	Evaluating [MP] on [PW3D_MESH]... costs 14.45s
	Evaluating [FPE] on [PW3D_MESH]... costs 14.46s
	Evaluating [MC] on [PW3D_MESH]... costs 14.61s
	Evaluating [MIB] on [PW3D_MESH]... costs 14.45s
+-------+------------+---------+-----------+-----------+--------+--------+--------+--------+--------+-----------+--------+--------+--------+--------+-----------+--------+--------+--------+--------+--------+--------+--------+--------+--------+-----------+--------+--------+--------+--------+-----------+--------+--------+--------+--------+
| Epoch |     lr     |  JOINT  |    MESH   |    ALL    | AMASS  |        |        |        |        | H36M_MESH |        |        |        |        | PW3D_MESH |        |        |        |        | AMASS  |        |        |        |        | H36M_MESH |        |        |        |        | PW3D_MESH |        |        |        |        |
+-------+------------+---------+-----------+-----------+--------+--------+--------+--------+--------+-----------+--------+--------+--------+--------+-----------+--------+--------+--------+--------+--------+--------+--------+--------+--------+-----------+--------+--------+--------+--------+-----------+--------+--------+--------+--------+
|   6   | 0.00019020 | 0.41165 | 343.14230 | 343.55396 |   PE   |   MP   |  FPE   |   MC   |  MIB   |     PE    |   MP   |  FPE   |   MC   |  MIB   |     PE    |   MP   |  FPE   |   MC   |  MIB   |   PE   |   MP   |  FPE   |   MC   |  MIB   |     PE    |   MP   |  FPE   |   MC   |  MIB   |     PE    |   MP   |  FPE   |   MC   |  MIB   |
|       |            |         |           |           | 123.43 | 124.36 | 124.25 | 145.43 | 124.03 |   248.50  | 248.67 | 252.71 | 282.72 | 252.27 |   210.27  | 200.72 | 212.10 | 225.44 | 207.44 | 145.79 | 147.75 | 147.65 | 159.47 | 146.71 |   346.96  | 348.96 | 350.18 | 364.51 | 351.15 |   273.32  | 261.29 | 275.87 | 275.71 | 267.12 |
+-------+------------+---------+-----------+-----------+--------+--------+--------+--------+--------+-----------+--------+--------+--------+--------+-----------+--------+--------+--------+--------+--------+--------+--------+--------+--------+-----------+--------+--------+--------+--------+-----------+--------+--------+--------+--------+
	Saving best checkpoints: [H36M_MESH,PE] [H36M_MESH,MP] [H36M_MESH,FPE] [H36M_MESH,MC] [PW3D_MESH,PE] 

[6 end] Time cost: 32.19min 	| lr: 0.00019020
[7 start]
	Iter: 28/85; time cost: 6.46min; current batch has {'AMASS': 2164, 'H36M_MESH': 924} samples; batch_size (total/sub): 3088/772
	Iter: 56/85; time cost: 12.64min; current batch has {'AMASS': 2176, 'H36M_MESH': 912} samples; batch_size (total/sub): 3088/772
	Evaluating [PE] on [AMASS]... costs 104.90s
	Evaluating [MP] on [AMASS]... costs 105.95s
	Evaluating [FPE] on [AMASS]... costs 105.17s
	Evaluating [MC] on [AMASS]... costs 105.55s
	Evaluating [MIB] on [AMASS]... costs 104.75s
	Evaluating [PE] on [H36M_MESH]... costs 38.78s
	Evaluating [MP] on [H36M_MESH]... costs 38.65s
	Evaluating [FPE] on [H36M_MESH]... costs 38.90s
	Evaluating [MC] on [H36M_MESH]... costs 38.85s
	Evaluating [MIB] on [H36M_MESH]... costs 39.06s
	Evaluating [PE] on [PW3D_MESH]... costs 14.59s
	Evaluating [MP] on [PW3D_MESH]... costs 14.46s
	Evaluating [FPE] on [PW3D_MESH]... costs 14.37s
	Evaluating [MC] on [PW3D_MESH]... costs 14.34s
	Evaluating [MIB] on [PW3D_MESH]... costs 14.66s
+-------+------------+---------+-----------+-----------+--------+--------+--------+--------+--------+-----------+--------+--------+--------+--------+-----------+--------+--------+--------+--------+--------+--------+--------+--------+--------+-----------+--------+--------+--------+--------+-----------+--------+--------+--------+--------+
| Epoch |     lr     |  JOINT  |    MESH   |    ALL    | AMASS  |        |        |        |        | H36M_MESH |        |        |        |        | PW3D_MESH |        |        |        |        | AMASS  |        |        |        |        | H36M_MESH |        |        |        |        | PW3D_MESH |        |        |        |        |
+-------+------------+---------+-----------+-----------+--------+--------+--------+--------+--------+-----------+--------+--------+--------+--------+-----------+--------+--------+--------+--------+--------+--------+--------+--------+--------+-----------+--------+--------+--------+--------+-----------+--------+--------+--------+--------+
|   7   | 0.00018830 | 0.40551 | 340.72715 | 341.13266 |   PE   |   MP   |  FPE   |   MC   |  MIB   |     PE    |   MP   |  FPE   |   MC   |  MIB   |     PE    |   MP   |  FPE   |   MC   |  MIB   |   PE   |   MP   |  FPE   |   MC   |  MIB   |     PE    |   MP   |  FPE   |   MC   |  MIB   |     PE    |   MP   |  FPE   |   MC   |  MIB   |
|       |            |         |           |           | 106.70 | 107.89 | 107.92 | 131.48 | 113.93 |   247.61  | 245.12 | 251.86 | 278.84 | 250.39 |   204.47  | 192.07 | 206.15 | 215.99 | 198.02 | 136.89 | 139.07 | 139.16 | 156.65 | 147.10 |   343.70  | 342.30 | 346.68 | 358.29 | 352.86 |   273.34  | 257.85 | 276.06 | 271.55 | 267.25 |
+-------+------------+---------+-----------+-----------+--------+--------+--------+--------+--------+-----------+--------+--------+--------+--------+-----------+--------+--------+--------+--------+--------+--------+--------+--------+--------+-----------+--------+--------+--------+--------+-----------+--------+--------+--------+--------+
	Saving best checkpoints: [AMASS,PE] [AMASS,MP] [AMASS,FPE] [AMASS,MC] [AMASS,MIB] [H36M_MESH,PE] [H36M_MESH,MP] [H36M_MESH,FPE] [H36M_MESH,MC] [H36M_MESH,MIB] [PW3D_MESH,PE] [PW3D_MESH,MP] [PW3D_MESH,FPE] [PW3D_MESH,MC] [PW3D_MESH,MIB] 

[7 end] Time cost: 32.33min 	| lr: 0.00018830
[8 start]
	Iter: 28/85; time cost: 6.47min; current batch has {'AMASS': 2284, 'H36M_MESH': 804} samples; batch_size (total/sub): 3088/772
	Iter: 56/85; time cost: 12.68min; current batch has {'AMASS': 2208, 'H36M_MESH': 880} samples; batch_size (total/sub): 3088/772
	Evaluating [PE] on [AMASS]... costs 103.37s
	Evaluating [MP] on [AMASS]... costs 103.41s
	Evaluating [FPE] on [AMASS]... costs 104.11s
	Evaluating [MC] on [AMASS]... costs 104.53s
	Evaluating [MIB] on [AMASS]... costs 105.69s
	Evaluating [PE] on [H36M_MESH]... costs 38.67s
	Evaluating [MP] on [H36M_MESH]... costs 38.39s
	Evaluating [FPE] on [H36M_MESH]... costs 38.35s
	Evaluating [MC] on [H36M_MESH]... costs 38.47s
	Evaluating [MIB] on [H36M_MESH]... costs 38.94s
	Evaluating [PE] on [PW3D_MESH]... costs 14.56s
	Evaluating [MP] on [PW3D_MESH]... costs 14.57s
	Evaluating [FPE] on [PW3D_MESH]... costs 14.47s
	Evaluating [MC] on [PW3D_MESH]... costs 14.61s
	Evaluating [MIB] on [PW3D_MESH]... costs 14.61s
+-------+------------+---------+-----------+-----------+--------+--------+--------+--------+--------+-----------+--------+--------+--------+--------+-----------+--------+--------+--------+--------+--------+--------+--------+--------+--------+-----------+--------+--------+--------+--------+-----------+--------+--------+--------+--------+
| Epoch |     lr     |  JOINT  |    MESH   |    ALL    | AMASS  |        |        |        |        | H36M_MESH |        |        |        |        | PW3D_MESH |        |        |        |        | AMASS  |        |        |        |        | H36M_MESH |        |        |        |        | PW3D_MESH |        |        |        |        |
+-------+------------+---------+-----------+-----------+--------+--------+--------+--------+--------+-----------+--------+--------+--------+--------+-----------+--------+--------+--------+--------+--------+--------+--------+--------+--------+-----------+--------+--------+--------+--------+-----------+--------+--------+--------+--------+
|   8   | 0.00018641 | 0.40340 | 338.96588 | 339.36928 |   PE   |   MP   |  FPE   |   MC   |  MIB   |     PE    |   MP   |  FPE   |   MC   |  MIB   |     PE    |   MP   |  FPE   |   MC   |  MIB   |   PE   |   MP   |  FPE   |   MC   |  MIB   |     PE    |   MP   |  FPE   |   MC   |  MIB   |     PE    |   MP   |  FPE   |   MC   |  MIB   |
|       |            |         |           |           | 106.13 | 107.29 | 107.34 | 130.81 | 111.83 |   240.16  | 238.81 | 244.06 | 274.35 | 256.48 |   201.36  | 185.27 | 202.94 | 212.64 | 207.47 | 136.05 | 138.28 | 138.35 | 154.35 | 141.93 |   336.46  | 337.19 | 339.11 | 353.23 | 351.27 |   267.73  | 252.22 | 270.40 | 266.01 | 268.00 |
+-------+------------+---------+-----------+-----------+--------+--------+--------+--------+--------+-----------+--------+--------+--------+--------+-----------+--------+--------+--------+--------+--------+--------+--------+--------+--------+-----------+--------+--------+--------+--------+-----------+--------+--------+--------+--------+
	Saving best checkpoints: [AMASS,PE] [AMASS,MP] [AMASS,FPE] [AMASS,MC] [AMASS,MIB] [H36M_MESH,PE] [H36M_MESH,MP] [H36M_MESH,FPE] [H36M_MESH,MC] [PW3D_MESH,PE] [PW3D_MESH,MP] [PW3D_MESH,FPE] [PW3D_MESH,MC] 

[8 end] Time cost: 32.22min 	| lr: 0.00018641
[9 start]
	Iter: 28/85; time cost: 6.44min; current batch has {'AMASS': 2240, 'H36M_MESH': 848} samples; batch_size (total/sub): 3088/772
	Iter: 56/85; time cost: 12.64min; current batch has {'AMASS': 2256, 'H36M_MESH': 832} samples; batch_size (total/sub): 3088/772
	Evaluating [PE] on [AMASS]... costs 105.09s
	Evaluating [MP] on [AMASS]... costs 104.93s
	Evaluating [FPE] on [AMASS]... costs 104.40s
	Evaluating [MC] on [AMASS]... costs 105.18s
	Evaluating [MIB] on [AMASS]... costs 105.74s
	Evaluating [PE] on [H36M_MESH]... costs 39.09s
	Evaluating [MP] on [H36M_MESH]... costs 39.45s
	Evaluating [FPE] on [H36M_MESH]... costs 39.09s
	Evaluating [MC] on [H36M_MESH]... costs 39.47s
	Evaluating [MIB] on [H36M_MESH]... costs 38.98s
	Evaluating [PE] on [PW3D_MESH]... costs 14.41s
	Evaluating [MP] on [PW3D_MESH]... costs 14.25s
	Evaluating [FPE] on [PW3D_MESH]... costs 14.31s
	Evaluating [MC] on [PW3D_MESH]... costs 14.58s
	Evaluating [MIB] on [PW3D_MESH]... costs 14.37s
+-------+------------+---------+-----------+-----------+--------+--------+--------+--------+--------+-----------+--------+--------+--------+--------+-----------+--------+--------+--------+--------+--------+--------+--------+--------+--------+-----------+--------+--------+--------+--------+-----------+--------+--------+--------+--------+
| Epoch |     lr     |  JOINT  |    MESH   |    ALL    | AMASS  |        |        |        |        | H36M_MESH |        |        |        |        | PW3D_MESH |        |        |        |        | AMASS  |        |        |        |        | H36M_MESH |        |        |        |        | PW3D_MESH |        |        |        |        |
+-------+------------+---------+-----------+-----------+--------+--------+--------+--------+--------+-----------+--------+--------+--------+--------+-----------+--------+--------+--------+--------+--------+--------+--------+--------+--------+-----------+--------+--------+--------+--------+-----------+--------+--------+--------+--------+
|   9   | 0.00018455 | 0.40487 | 340.31959 | 340.72446 |   PE   |   MP   |  FPE   |   MC   |  MIB   |     PE    |   MP   |  FPE   |   MC   |  MIB   |     PE    |   MP   |  FPE   |   MC   |  MIB   |   PE   |   MP   |  FPE   |   MC   |  MIB   |     PE    |   MP   |  FPE   |   MC   |  MIB   |     PE    |   MP   |  FPE   |   MC   |  MIB   |
|       |            |         |           |           | 117.21 | 118.48 | 118.42 | 138.06 | 126.53 |   247.54  | 248.73 | 251.84 | 278.15 | 252.93 |   213.20  | 202.97 | 214.95 | 226.07 | 209.70 | 145.12 | 147.65 | 147.58 | 158.91 | 156.84 |   349.12  | 350.98 | 352.63 | 363.98 | 354.40 |   276.67  | 265.66 | 279.48 | 278.35 | 271.80 |
+-------+------------+---------+-----------+-----------+--------+--------+--------+--------+--------+-----------+--------+--------+--------+--------+-----------+--------+--------+--------+--------+--------+--------+--------+--------+--------+-----------+--------+--------+--------+--------+-----------+--------+--------+--------+--------+
	Saving best checkpoints: 

[9 end] Time cost: 32.04min 	| lr: 0.00018455
[10 start]
	Iter: 28/85; time cost: 6.50min; current batch has {'AMASS': 2160, 'H36M_MESH': 928} samples; batch_size (total/sub): 3088/772
	Iter: 56/85; time cost: 12.75min; current batch has {'AMASS': 2228, 'H36M_MESH': 860} samples; batch_size (total/sub): 3088/772
	Evaluating [PE] on [AMASS]... costs 105.35s
	Evaluating [MP] on [AMASS]... costs 105.27s
	Evaluating [FPE] on [AMASS]... costs 104.52s
	Evaluating [MC] on [AMASS]... costs 105.12s
	Evaluating [MIB] on [AMASS]... costs 105.50s
	Evaluating [PE] on [H36M_MESH]... costs 39.01s
	Evaluating [MP] on [H36M_MESH]... costs 39.16s
	Evaluating [FPE] on [H36M_MESH]... costs 39.28s
	Evaluating [MC] on [H36M_MESH]... costs 38.94s
	Evaluating [MIB] on [H36M_MESH]... costs 39.24s
	Evaluating [PE] on [PW3D_MESH]... costs 14.68s
	Evaluating [MP] on [PW3D_MESH]... costs 14.79s
	Evaluating [FPE] on [PW3D_MESH]... costs 14.44s
	Evaluating [MC] on [PW3D_MESH]... costs 14.56s
	Evaluating [MIB] on [PW3D_MESH]... costs 14.59s
+-------+------------+---------+-----------+-----------+--------+--------+--------+--------+--------+-----------+--------+--------+--------+--------+-----------+--------+--------+--------+--------+--------+--------+--------+--------+--------+-----------+--------+--------+--------+--------+-----------+--------+--------+--------+--------+
| Epoch |     lr     |  JOINT  |    MESH   |    ALL    | AMASS  |        |        |        |        | H36M_MESH |        |        |        |        | PW3D_MESH |        |        |        |        | AMASS  |        |        |        |        | H36M_MESH |        |        |        |        | PW3D_MESH |        |        |        |        |
+-------+------------+---------+-----------+-----------+--------+--------+--------+--------+--------+-----------+--------+--------+--------+--------+-----------+--------+--------+--------+--------+--------+--------+--------+--------+--------+-----------+--------+--------+--------+--------+-----------+--------+--------+--------+--------+
|   10  | 0.00018270 | 0.40002 | 337.88126 | 338.28128 |   PE   |   MP   |  FPE   |   MC   |  MIB   |     PE    |   MP   |  FPE   |   MC   |  MIB   |     PE    |   MP   |  FPE   |   MC   |  MIB   |   PE   |   MP   |  FPE   |   MC   |  MIB   |     PE    |   MP   |  FPE   |   MC   |  MIB   |     PE    |   MP   |  FPE   |   MC   |  MIB   |
|       |            |         |           |           | 109.15 | 110.84 | 110.65 | 133.34 | 116.57 |   224.32  | 225.62 | 229.86 | 259.48 | 260.49 |   200.51  | 183.21 | 201.91 | 212.08 | 229.15 | 136.39 | 139.61 | 139.48 | 155.83 | 141.58 |   328.97  | 330.78 | 332.52 | 348.60 | 353.69 |   263.60  | 248.65 | 265.54 | 264.92 | 279.42 |
+-------+------------+---------+-----------+-----------+--------+--------+--------+--------+--------+-----------+--------+--------+--------+--------+-----------+--------+--------+--------+--------+--------+--------+--------+--------+--------+-----------+--------+--------+--------+--------+-----------+--------+--------+--------+--------+
	Saving best checkpoints: [H36M_MESH,PE] [H36M_MESH,MP] [H36M_MESH,FPE] [H36M_MESH,MC] [PW3D_MESH,PE] [PW3D_MESH,MP] [PW3D_MESH,FPE] [PW3D_MESH,MC] 

[10 end] Time cost: 32.36min 	| lr: 0.00018270
[11 start]
	Iter: 28/85; time cost: 6.45min; current batch has {'AMASS': 2200, 'H36M_MESH': 888} samples; batch_size (total/sub): 3088/772
	Iter: 56/85; time cost: 12.67min; current batch has {'AMASS': 2272, 'H36M_MESH': 816} samples; batch_size (total/sub): 3088/772
	Evaluating [PE] on [AMASS]... costs 105.64s
	Evaluating [MP] on [AMASS]... costs 105.24s
	Evaluating [FPE] on [AMASS]... costs 104.44s
	Evaluating [MC] on [AMASS]... costs 104.95s
	Evaluating [MIB] on [AMASS]... costs 104.81s
	Evaluating [PE] on [H36M_MESH]... costs 39.24s
	Evaluating [MP] on [H36M_MESH]... costs 38.93s
	Evaluating [FPE] on [H36M_MESH]... costs 39.15s
	Evaluating [MC] on [H36M_MESH]... costs 39.46s
	Evaluating [MIB] on [H36M_MESH]... costs 39.04s
	Evaluating [PE] on [PW3D_MESH]... costs 14.77s
	Evaluating [MP] on [PW3D_MESH]... costs 14.79s
	Evaluating [FPE] on [PW3D_MESH]... costs 14.76s
	Evaluating [MC] on [PW3D_MESH]... costs 14.71s
	Evaluating [MIB] on [PW3D_MESH]... costs 14.75s
+-------+------------+---------+-----------+-----------+--------+--------+--------+--------+--------+-----------+--------+--------+--------+--------+-----------+--------+--------+--------+--------+--------+--------+--------+--------+--------+-----------+--------+--------+--------+--------+-----------+--------+--------+--------+--------+
| Epoch |     lr     |  JOINT  |    MESH   |    ALL    | AMASS  |        |        |        |        | H36M_MESH |        |        |        |        | PW3D_MESH |        |        |        |        | AMASS  |        |        |        |        | H36M_MESH |        |        |        |        | PW3D_MESH |        |        |        |        |
+-------+------------+---------+-----------+-----------+--------+--------+--------+--------+--------+-----------+--------+--------+--------+--------+-----------+--------+--------+--------+--------+--------+--------+--------+--------+--------+-----------+--------+--------+--------+--------+-----------+--------+--------+--------+--------+
|   11  | 0.00018088 | 0.38744 | 331.28116 | 331.66860 |   PE   |   MP   |  FPE   |   MC   |  MIB   |     PE    |   MP   |  FPE   |   MC   |  MIB   |     PE    |   MP   |  FPE   |   MC   |  MIB   |   PE   |   MP   |  FPE   |   MC   |  MIB   |     PE    |   MP   |  FPE   |   MC   |  MIB   |     PE    |   MP   |  FPE   |   MC   |  MIB   |
|       |            |         |           |           | 102.04 | 104.76 | 104.76 | 123.89 | 112.34 |   218.89  | 218.56 | 225.46 | 250.95 | 261.30 |   192.59  | 170.61 | 194.47 | 199.57 | 224.42 | 125.86 | 130.48 | 130.50 | 140.66 | 137.29 |   324.60  | 326.11 | 328.89 | 341.76 | 353.30 |   259.57  | 243.69 | 262.01 | 258.50 | 278.28 |
+-------+------------+---------+-----------+-----------+--------+--------+--------+--------+--------+-----------+--------+--------+--------+--------+-----------+--------+--------+--------+--------+--------+--------+--------+--------+--------+-----------+--------+--------+--------+--------+-----------+--------+--------+--------+--------+
	Saving best checkpoints: [AMASS,PE] [AMASS,MP] [AMASS,FPE] [AMASS,MC] [H36M_MESH,PE] [H36M_MESH,MP] [H36M_MESH,FPE] [H36M_MESH,MC] [PW3D_MESH,PE] [PW3D_MESH,MP] [PW3D_MESH,FPE] [PW3D_MESH,MC] 

[11 end] Time cost: 32.35min 	| lr: 0.00018088
[12 start]
	Iter: 28/85; time cost: 6.46min; current batch has {'AMASS': 2164, 'H36M_MESH': 924} samples; batch_size (total/sub): 3088/772
	Iter: 56/85; time cost: 12.68min; current batch has {'AMASS': 2248, 'H36M_MESH': 840} samples; batch_size (total/sub): 3088/772
[12 end] Time cost: 18.85min 	| lr: 0.00017907
[13 start]
	Iter: 28/85; time cost: 6.46min; current batch has {'AMASS': 2208, 'H36M_MESH': 880} samples; batch_size (total/sub): 3088/772
	Iter: 56/85; time cost: 12.66min; current batch has {'AMASS': 2352, 'H36M_MESH': 736} samples; batch_size (total/sub): 3088/772
	Evaluating [PE] on [AMASS]... costs 106.11s
	Evaluating [MP] on [AMASS]... costs 104.51s
	Evaluating [FPE] on [AMASS]... costs 105.39s
	Evaluating [MC] on [AMASS]... costs 105.23s
	Evaluating [MIB] on [AMASS]... costs 105.62s
	Evaluating [PE] on [H36M_MESH]... costs 38.97s
	Evaluating [MP] on [H36M_MESH]... costs 38.67s
	Evaluating [FPE] on [H36M_MESH]... costs 38.81s
	Evaluating [MC] on [H36M_MESH]... costs 39.28s
	Evaluating [MIB] on [H36M_MESH]... costs 39.21s
	Evaluating [PE] on [PW3D_MESH]... costs 14.49s
	Evaluating [MP] on [PW3D_MESH]... costs 14.51s
	Evaluating [FPE] on [PW3D_MESH]... costs 14.56s
	Evaluating [MC] on [PW3D_MESH]... costs 14.71s
	Evaluating [MIB] on [PW3D_MESH]... costs 14.61s
+-------+------------+---------+-----------+-----------+-------+--------+--------+--------+--------+-----------+--------+--------+--------+--------+-----------+--------+--------+--------+--------+--------+--------+--------+--------+--------+-----------+--------+--------+--------+--------+-----------+--------+--------+--------+--------+
| Epoch |     lr     |  JOINT  |    MESH   |    ALL    | AMASS |        |        |        |        | H36M_MESH |        |        |        |        | PW3D_MESH |        |        |        |        | AMASS  |        |        |        |        | H36M_MESH |        |        |        |        | PW3D_MESH |        |        |        |        |
+-------+------------+---------+-----------+-----------+-------+--------+--------+--------+--------+-----------+--------+--------+--------+--------+-----------+--------+--------+--------+--------+--------+--------+--------+--------+--------+-----------+--------+--------+--------+--------+-----------+--------+--------+--------+--------+
|   13  | 0.00017728 | 0.36766 | 319.45122 | 319.81887 |   PE  |   MP   |  FPE   |   MC   |  MIB   |     PE    |   MP   |  FPE   |   MC   |  MIB   |     PE    |   MP   |  FPE   |   MC   |  MIB   |   PE   |   MP   |  FPE   |   MC   |  MIB   |     PE    |   MP   |  FPE   |   MC   |  MIB   |     PE    |   MP   |  FPE   |   MC   |  MIB   |
|       |            |         |           |           | 91.73 | 99.24  | 99.48  | 118.07 | 108.24 |   208.75  | 210.74 | 220.38 | 243.21 | 229.97 |   175.84  | 153.66 | 178.88 | 186.95 | 186.44 | 106.88 | 118.33 | 118.59 | 123.63 | 121.73 |   297.72  | 296.89 | 308.33 | 314.27 | 313.44 |   241.56  | 220.59 | 245.74 | 240.88 | 241.61 |
+-------+------------+---------+-----------+-----------+-------+--------+--------+--------+--------+-----------+--------+--------+--------+--------+-----------+--------+--------+--------+--------+--------+--------+--------+--------+--------+-----------+--------+--------+--------+--------+-----------+--------+--------+--------+--------+
	Saving best checkpoints: [AMASS,PE] [AMASS,MP] [AMASS,FPE] [AMASS,MC] [AMASS,MIB] [H36M_MESH,PE] [H36M_MESH,MP] [H36M_MESH,FPE] [H36M_MESH,MC] [H36M_MESH,MIB] [PW3D_MESH,PE] [PW3D_MESH,MP] [PW3D_MESH,FPE] [PW3D_MESH,MC] [PW3D_MESH,MIB] 

[13 end] Time cost: 32.41min 	| lr: 0.00017728
[14 start]
	Iter: 28/85; time cost: 6.41min; current batch has {'AMASS': 2272, 'H36M_MESH': 816} samples; batch_size (total/sub): 3088/772
	Iter: 56/85; time cost: 12.58min; current batch has {'AMASS': 2256, 'H36M_MESH': 832} samples; batch_size (total/sub): 3088/772
[14 end] Time cost: 18.72min 	| lr: 0.00017550
[15 start]
	Iter: 28/85; time cost: 6.45min; current batch has {'AMASS': 2188, 'H36M_MESH': 900} samples; batch_size (total/sub): 3088/772
	Iter: 56/85; time cost: 12.65min; current batch has {'AMASS': 2256, 'H36M_MESH': 832} samples; batch_size (total/sub): 3088/772
	Evaluating [PE] on [AMASS]... costs 104.15s
	Evaluating [MP] on [AMASS]... costs 104.54s
	Evaluating [FPE] on [AMASS]... costs 104.81s
	Evaluating [MC] on [AMASS]... costs 104.63s
	Evaluating [MIB] on [AMASS]... costs 105.16s
	Evaluating [PE] on [H36M_MESH]... costs 39.27s
	Evaluating [MP] on [H36M_MESH]... costs 39.17s
	Evaluating [FPE] on [H36M_MESH]... costs 39.72s
	Evaluating [MC] on [H36M_MESH]... costs 40.01s
	Evaluating [MIB] on [H36M_MESH]... costs 39.07s
	Evaluating [PE] on [PW3D_MESH]... costs 14.71s
	Evaluating [MP] on [PW3D_MESH]... costs 14.41s
	Evaluating [FPE] on [PW3D_MESH]... costs 14.25s
	Evaluating [MC] on [PW3D_MESH]... costs 14.67s
	Evaluating [MIB] on [PW3D_MESH]... costs 14.52s
+-------+------------+---------+-----------+-----------+-------+--------+--------+--------+--------+-----------+--------+--------+--------+--------+-----------+--------+--------+--------+--------+-------+--------+--------+--------+--------+-----------+--------+--------+--------+--------+-----------+--------+--------+--------+--------+
| Epoch |     lr     |  JOINT  |    MESH   |    ALL    | AMASS |        |        |        |        | H36M_MESH |        |        |        |        | PW3D_MESH |        |        |        |        | AMASS |        |        |        |        | H36M_MESH |        |        |        |        | PW3D_MESH |        |        |        |        |
+-------+------------+---------+-----------+-----------+-------+--------+--------+--------+--------+-----------+--------+--------+--------+--------+-----------+--------+--------+--------+--------+-------+--------+--------+--------+--------+-----------+--------+--------+--------+--------+-----------+--------+--------+--------+--------+
|   15  | 0.00017375 | 0.34531 | 303.24429 | 303.58959 |   PE  |   MP   |  FPE   |   MC   |  MIB   |     PE    |   MP   |  FPE   |   MC   |  MIB   |     PE    |   MP   |  FPE   |   MC   |  MIB   |   PE  |   MP   |  FPE   |   MC   |  MIB   |     PE    |   MP   |  FPE   |   MC   |  MIB   |     PE    |   MP   |  FPE   |   MC   |  MIB   |
|       |            |         |           |           | 83.02 | 95.35  | 95.17  | 108.57 | 103.57 |   156.27  | 174.34 | 173.91 | 191.05 | 184.63 |   164.70  | 150.45 | 168.25 | 175.60 | 172.08 | 94.33 | 109.64 | 109.43 | 112.24 | 121.97 |   197.79  | 223.90 | 222.03 | 223.27 | 220.35 |   193.47  | 181.20 | 199.87 | 193.71 | 192.28 |
+-------+------------+---------+-----------+-----------+-------+--------+--------+--------+--------+-----------+--------+--------+--------+--------+-----------+--------+--------+--------+--------+-------+--------+--------+--------+--------+-----------+--------+--------+--------+--------+-----------+--------+--------+--------+--------+
	Saving best checkpoints: [AMASS,PE] [AMASS,MP] [AMASS,FPE] [AMASS,MC] [AMASS,MIB] [H36M_MESH,PE] [H36M_MESH,MP] [H36M_MESH,FPE] [H36M_MESH,MC] [H36M_MESH,MIB] [PW3D_MESH,PE] [PW3D_MESH,MP] [PW3D_MESH,FPE] [PW3D_MESH,MC] [PW3D_MESH,MIB] 

[15 end] Time cost: 32.38min 	| lr: 0.00017375
[16 start]
	Iter: 28/85; time cost: 6.46min; current batch has {'AMASS': 2200, 'H36M_MESH': 888} samples; batch_size (total/sub): 3088/772
	Iter: 56/85; time cost: 12.67min; current batch has {'AMASS': 2232, 'H36M_MESH': 856} samples; batch_size (total/sub): 3088/772
[16 end] Time cost: 18.85min 	| lr: 0.00017201
[17 start]
	Iter: 28/85; time cost: 6.48min; current batch has {'AMASS': 2272, 'H36M_MESH': 816} samples; batch_size (total/sub): 3088/772
	Iter: 56/85; time cost: 12.68min; current batch has {'AMASS': 2224, 'H36M_MESH': 864} samples; batch_size (total/sub): 3088/772
	Evaluating [PE] on [AMASS]... costs 104.10s
	Evaluating [MP] on [AMASS]... costs 104.00s
	Evaluating [FPE] on [AMASS]... costs 103.57s
	Evaluating [MC] on [AMASS]... costs 104.79s
	Evaluating [MIB] on [AMASS]... costs 105.54s
	Evaluating [PE] on [H36M_MESH]... costs 38.55s
	Evaluating [MP] on [H36M_MESH]... costs 38.89s
	Evaluating [FPE] on [H36M_MESH]... costs 38.90s
	Evaluating [MC] on [H36M_MESH]... costs 39.24s
	Evaluating [MIB] on [H36M_MESH]... costs 39.07s
	Evaluating [PE] on [PW3D_MESH]... costs 14.59s
	Evaluating [MP] on [PW3D_MESH]... costs 14.41s
	Evaluating [FPE] on [PW3D_MESH]... costs 14.59s
	Evaluating [MC] on [PW3D_MESH]... costs 14.56s
	Evaluating [MIB] on [PW3D_MESH]... costs 14.47s
+-------+------------+---------+-----------+-----------+-------+--------+--------+--------+--------+-----------+--------+--------+--------+--------+-----------+--------+--------+--------+--------+-------+--------+--------+--------+--------+-----------+--------+--------+--------+--------+-----------+--------+--------+--------+--------+
| Epoch |     lr     |  JOINT  |    MESH   |    ALL    | AMASS |        |        |        |        | H36M_MESH |        |        |        |        | PW3D_MESH |        |        |        |        | AMASS |        |        |        |        | H36M_MESH |        |        |        |        | PW3D_MESH |        |        |        |        |
+-------+------------+---------+-----------+-----------+-------+--------+--------+--------+--------+-----------+--------+--------+--------+--------+-----------+--------+--------+--------+--------+-------+--------+--------+--------+--------+-----------+--------+--------+--------+--------+-----------+--------+--------+--------+--------+
|   17  | 0.00017029 | 0.33055 | 295.85850 | 296.18905 |   PE  |   MP   |  FPE   |   MC   |  MIB   |     PE    |   MP   |  FPE   |   MC   |  MIB   |     PE    |   MP   |  FPE   |   MC   |  MIB   |   PE  |   MP   |  FPE   |   MC   |  MIB   |     PE    |   MP   |  FPE   |   MC   |  MIB   |     PE    |   MP   |  FPE   |   MC   |  MIB   |
|       |            |         |           |           | 69.15 | 84.10  | 83.61  | 97.29  | 94.59  |   140.96  | 157.51 | 163.91 | 170.20 | 165.61 |   145.78  | 134.49 | 151.43 | 155.31 | 150.76 | 90.56 | 108.64 | 108.09 | 108.19 | 111.40 |   183.12  | 207.33 | 215.22 | 202.90 | 202.01 |   182.22  | 170.99 | 191.67 | 181.55 | 176.91 |
+-------+------------+---------+-----------+-----------+-------+--------+--------+--------+--------+-----------+--------+--------+--------+--------+-----------+--------+--------+--------+--------+-------+--------+--------+--------+--------+-----------+--------+--------+--------+--------+-----------+--------+--------+--------+--------+
	Saving best checkpoints: [AMASS,PE] [AMASS,MP] [AMASS,FPE] [AMASS,MC] [AMASS,MIB] [H36M_MESH,PE] [H36M_MESH,MP] [H36M_MESH,FPE] [H36M_MESH,MC] [H36M_MESH,MIB] [PW3D_MESH,PE] [PW3D_MESH,MP] [PW3D_MESH,FPE] [PW3D_MESH,MC] [PW3D_MESH,MIB] 

[17 end] Time cost: 32.36min 	| lr: 0.00017029
[18 start]
	Iter: 28/85; time cost: 6.45min; current batch has {'AMASS': 2228, 'H36M_MESH': 860} samples; batch_size (total/sub): 3088/772
	Iter: 56/85; time cost: 12.66min; current batch has {'AMASS': 2232, 'H36M_MESH': 856} samples; batch_size (total/sub): 3088/772
[18 end] Time cost: 18.83min 	| lr: 0.00016859
[19 start]
	Iter: 28/85; time cost: 6.44min; current batch has {'AMASS': 2164, 'H36M_MESH': 924} samples; batch_size (total/sub): 3088/772
	Iter: 56/85; time cost: 12.62min; current batch has {'AMASS': 2228, 'H36M_MESH': 860} samples; batch_size (total/sub): 3088/772
	Evaluating [PE] on [AMASS]... costs 105.00s
	Evaluating [MP] on [AMASS]... costs 103.93s
	Evaluating [FPE] on [AMASS]... costs 104.85s
	Evaluating [MC] on [AMASS]... costs 106.10s
	Evaluating [MIB] on [AMASS]... costs 104.74s
	Evaluating [PE] on [H36M_MESH]... costs 38.88s
	Evaluating [MP] on [H36M_MESH]... costs 39.24s
	Evaluating [FPE] on [H36M_MESH]... costs 39.39s
	Evaluating [MC] on [H36M_MESH]... costs 39.40s
	Evaluating [MIB] on [H36M_MESH]... costs 38.87s
	Evaluating [PE] on [PW3D_MESH]... costs 14.53s
	Evaluating [MP] on [PW3D_MESH]... costs 14.35s
	Evaluating [FPE] on [PW3D_MESH]... costs 14.44s
	Evaluating [MC] on [PW3D_MESH]... costs 14.55s
	Evaluating [MIB] on [PW3D_MESH]... costs 14.63s
+-------+------------+---------+-----------+-----------+-------+--------+--------+--------+--------+-----------+--------+--------+--------+--------+-----------+--------+--------+--------+--------+-------+--------+--------+--------+--------+-----------+--------+--------+--------+--------+-----------+--------+--------+--------+--------+
| Epoch |     lr     |  JOINT  |    MESH   |    ALL    | AMASS |        |        |        |        | H36M_MESH |        |        |        |        | PW3D_MESH |        |        |        |        | AMASS |        |        |        |        | H36M_MESH |        |        |        |        | PW3D_MESH |        |        |        |        |
+-------+------------+---------+-----------+-----------+-------+--------+--------+--------+--------+-----------+--------+--------+--------+--------+-----------+--------+--------+--------+--------+-------+--------+--------+--------+--------+-----------+--------+--------+--------+--------+-----------+--------+--------+--------+--------+
|   19  | 0.00016690 | 0.32166 | 288.23358 | 288.55525 |   PE  |   MP   |  FPE   |   MC   |  MIB   |     PE    |   MP   |  FPE   |   MC   |  MIB   |     PE    |   MP   |  FPE   |   MC   |  MIB   |   PE  |   MP   |  FPE   |   MC   |  MIB   |     PE    |   MP   |  FPE   |   MC   |  MIB   |     PE    |   MP   |  FPE   |   MC   |  MIB   |
|       |            |         |           |           | 75.53 | 90.20  | 90.26  | 100.20 | 88.91  |   115.42  | 148.76 | 149.80 | 146.17 | 133.02 |   137.56  | 127.48 | 145.53 | 143.80 | 136.12 | 87.06 | 105.90 | 105.98 | 104.39 | 103.87 |   150.76  | 197.02 | 198.39 | 175.42 | 165.59 |   158.79  | 151.14 | 172.00 | 154.75 | 152.98 |
+-------+------------+---------+-----------+-----------+-------+--------+--------+--------+--------+-----------+--------+--------+--------+--------+-----------+--------+--------+--------+--------+-------+--------+--------+--------+--------+-----------+--------+--------+--------+--------+-----------+--------+--------+--------+--------+
	Saving best checkpoints: [AMASS,MIB] [H36M_MESH,PE] [H36M_MESH,MP] [H36M_MESH,FPE] [H36M_MESH,MC] [H36M_MESH,MIB] [PW3D_MESH,PE] [PW3D_MESH,MP] [PW3D_MESH,FPE] [PW3D_MESH,MC] [PW3D_MESH,MIB] 

[19 end] Time cost: 32.24min 	| lr: 0.00016690
[20 start]
	Iter: 28/85; time cost: 6.44min; current batch has {'AMASS': 2160, 'H36M_MESH': 928} samples; batch_size (total/sub): 3088/772
	Iter: 56/85; time cost: 12.63min; current batch has {'AMASS': 2296, 'H36M_MESH': 792} samples; batch_size (total/sub): 3088/772
[20 end] Time cost: 18.79min 	| lr: 0.00016523
[21 start]
	Iter: 28/85; time cost: 6.48min; current batch has {'AMASS': 2204, 'H36M_MESH': 884} samples; batch_size (total/sub): 3088/772
	Iter: 56/85; time cost: 12.68min; current batch has {'AMASS': 2140, 'H36M_MESH': 948} samples; batch_size (total/sub): 3088/772
	Evaluating [PE] on [AMASS]... costs 104.99s
	Evaluating [MP] on [AMASS]... costs 104.87s
	Evaluating [FPE] on [AMASS]... costs 105.47s
	Evaluating [MC] on [AMASS]... costs 104.77s
	Evaluating [MIB] on [AMASS]... costs 105.06s
	Evaluating [PE] on [H36M_MESH]... costs 39.10s
	Evaluating [MP] on [H36M_MESH]... costs 38.73s
	Evaluating [FPE] on [H36M_MESH]... costs 38.82s
	Evaluating [MC] on [H36M_MESH]... costs 39.29s
	Evaluating [MIB] on [H36M_MESH]... costs 38.87s
	Evaluating [PE] on [PW3D_MESH]... costs 14.56s
	Evaluating [MP] on [PW3D_MESH]... costs 14.36s
	Evaluating [FPE] on [PW3D_MESH]... costs 14.70s
	Evaluating [MC] on [PW3D_MESH]... costs 14.62s
	Evaluating [MIB] on [PW3D_MESH]... costs 14.57s
+-------+------------+---------+-----------+-----------+-------+--------+--------+--------+--------+-----------+--------+--------+--------+--------+-----------+--------+--------+--------+--------+-------+--------+--------+--------+--------+-----------+--------+--------+--------+--------+-----------+--------+--------+--------+--------+
| Epoch |     lr     |  JOINT  |    MESH   |    ALL    | AMASS |        |        |        |        | H36M_MESH |        |        |        |        | PW3D_MESH |        |        |        |        | AMASS |        |        |        |        | H36M_MESH |        |        |        |        | PW3D_MESH |        |        |        |        |
+-------+------------+---------+-----------+-----------+-------+--------+--------+--------+--------+-----------+--------+--------+--------+--------+-----------+--------+--------+--------+--------+-------+--------+--------+--------+--------+-----------+--------+--------+--------+--------+-----------+--------+--------+--------+--------+
|   21  | 0.00016358 | 0.31270 | 283.53545 | 283.84816 |   PE  |   MP   |  FPE   |   MC   |  MIB   |     PE    |   MP   |  FPE   |   MC   |  MIB   |     PE    |   MP   |  FPE   |   MC   |  MIB   |   PE  |   MP   |  FPE   |   MC   |  MIB   |     PE    |   MP   |  FPE   |   MC   |  MIB   |     PE    |   MP   |  FPE   |   MC   |  MIB   |
|       |            |         |           |           | 74.76 | 91.22  | 91.36  | 99.91  | 90.47  |   118.10  | 150.87 | 154.27 | 147.84 | 139.60 |   137.20  | 130.64 | 147.86 | 143.94 | 134.49 | 82.38 | 103.64 | 103.85 | 99.18  | 100.43 |   145.76  | 193.18 | 197.27 | 168.26 | 165.39 |   153.00  | 148.30 | 169.52 | 147.65 | 146.03 |
+-------+------------+---------+-----------+-----------+-------+--------+--------+--------+--------+-----------+--------+--------+--------+--------+-----------+--------+--------+--------+--------+-------+--------+--------+--------+--------+-----------+--------+--------+--------+--------+-----------+--------+--------+--------+--------+
	Saving best checkpoints: [PW3D_MESH,PE] [PW3D_MESH,MIB] 

[21 end] Time cost: 32.09min 	| lr: 0.00016358
[22 start]
	Iter: 28/85; time cost: 6.44min; current batch has {'AMASS': 2180, 'H36M_MESH': 908} samples; batch_size (total/sub): 3088/772
	Iter: 56/85; time cost: 12.64min; current batch has {'AMASS': 2240, 'H36M_MESH': 848} samples; batch_size (total/sub): 3088/772
[22 end] Time cost: 18.78min 	| lr: 0.00016195
[23 start]
	Iter: 28/85; time cost: 6.47min; current batch has {'AMASS': 2200, 'H36M_MESH': 888} samples; batch_size (total/sub): 3088/772
	Iter: 56/85; time cost: 12.74min; current batch has {'AMASS': 2172, 'H36M_MESH': 916} samples; batch_size (total/sub): 3088/772
	Evaluating [PE] on [AMASS]... costs 106.21s
	Evaluating [MP] on [AMASS]... costs 106.05s
	Evaluating [FPE] on [AMASS]... costs 106.18s
	Evaluating [MC] on [AMASS]... costs 108.14s
	Evaluating [MIB] on [AMASS]... costs 108.11s
	Evaluating [PE] on [H36M_MESH]... costs 40.49s
	Evaluating [MP] on [H36M_MESH]... costs 39.98s
	Evaluating [FPE] on [H36M_MESH]... costs 40.01s
	Evaluating [MC] on [H36M_MESH]... costs 39.91s
	Evaluating [MIB] on [H36M_MESH]... costs 39.92s
	Evaluating [PE] on [PW3D_MESH]... costs 14.86s
	Evaluating [MP] on [PW3D_MESH]... costs 14.66s
	Evaluating [FPE] on [PW3D_MESH]... costs 14.68s
	Evaluating [MC] on [PW3D_MESH]... costs 14.95s
	Evaluating [MIB] on [PW3D_MESH]... costs 14.84s
+-------+------------+---------+-----------+-----------+-------+--------+--------+--------+--------+-----------+--------+--------+--------+--------+-----------+--------+--------+--------+--------+-------+--------+--------+--------+--------+-----------+--------+--------+--------+--------+-----------+--------+--------+--------+--------+
| Epoch |     lr     |  JOINT  |    MESH   |    ALL    | AMASS |        |        |        |        | H36M_MESH |        |        |        |        | PW3D_MESH |        |        |        |        | AMASS |        |        |        |        | H36M_MESH |        |        |        |        | PW3D_MESH |        |        |        |        |
+-------+------------+---------+-----------+-----------+-------+--------+--------+--------+--------+-----------+--------+--------+--------+--------+-----------+--------+--------+--------+--------+-------+--------+--------+--------+--------+-----------+--------+--------+--------+--------+-----------+--------+--------+--------+--------+
|   23  | 0.00016033 | 0.30683 | 279.81482 | 280.12165 |   PE  |   MP   |  FPE   |   MC   |  MIB   |     PE    |   MP   |  FPE   |   MC   |  MIB   |     PE    |   MP   |  FPE   |   MC   |  MIB   |   PE  |   MP   |  FPE   |   MC   |  MIB   |     PE    |   MP   |  FPE   |   MC   |  MIB   |     PE    |   MP   |  FPE   |   MC   |  MIB   |
|       |            |         |           |           | 71.99 | 89.58  | 89.30  | 97.57  | 86.70  |   112.19  | 146.86 | 149.75 | 139.48 | 138.68 |   130.66  | 128.47 | 142.26 | 136.88 | 130.95 | 79.68 | 101.99 | 101.63 | 96.54  | 99.44  |   143.88  | 190.02 | 195.22 | 161.76 | 163.33 |   144.31  | 147.49 | 161.36 | 140.32 | 140.90 |
+-------+------------+---------+-----------+-----------+-------+--------+--------+--------+--------+-----------+--------+--------+--------+--------+-----------+--------+--------+--------+--------+-------+--------+--------+--------+--------+-----------+--------+--------+--------+--------+-----------+--------+--------+--------+--------+
	Saving best checkpoints: [AMASS,MIB] [H36M_MESH,PE] [H36M_MESH,MP] [H36M_MESH,FPE] [H36M_MESH,MC] [PW3D_MESH,PE] [PW3D_MESH,FPE] [PW3D_MESH,MC] [PW3D_MESH,MIB] 

[23 end] Time cost: 32.91min 	| lr: 0.00016033
[24 start]
	Iter: 28/85; time cost: 6.74min; current batch has {'AMASS': 2172, 'H36M_MESH': 916} samples; batch_size (total/sub): 3088/772
	Iter: 56/85; time cost: 13.23min; current batch has {'AMASS': 2108, 'H36M_MESH': 980} samples; batch_size (total/sub): 3088/772
[24 end] Time cost: 19.68min 	| lr: 0.00015872
[25 start]
	Iter: 28/85; time cost: 6.76min; current batch has {'AMASS': 2144, 'H36M_MESH': 944} samples; batch_size (total/sub): 3088/772
	Iter: 56/85; time cost: 13.22min; current batch has {'AMASS': 2232, 'H36M_MESH': 856} samples; batch_size (total/sub): 3088/772
	Evaluating [PE] on [AMASS]... costs 106.87s
	Evaluating [MP] on [AMASS]... costs 108.01s
	Evaluating [FPE] on [AMASS]... costs 107.66s
	Evaluating [MC] on [AMASS]... costs 106.53s
	Evaluating [MIB] on [AMASS]... costs 106.81s
	Evaluating [PE] on [H36M_MESH]... costs 40.44s
	Evaluating [MP] on [H36M_MESH]... costs 40.11s
	Evaluating [FPE] on [H36M_MESH]... costs 39.92s
	Evaluating [MC] on [H36M_MESH]... costs 39.80s
	Evaluating [MIB] on [H36M_MESH]... costs 40.18s
	Evaluating [PE] on [PW3D_MESH]... costs 14.83s
	Evaluating [MP] on [PW3D_MESH]... costs 14.76s
	Evaluating [FPE] on [PW3D_MESH]... costs 14.98s
	Evaluating [MC] on [PW3D_MESH]... costs 15.00s
	Evaluating [MIB] on [PW3D_MESH]... costs 15.00s
+-------+------------+---------+-----------+-----------+-------+--------+--------+--------+--------+-----------+--------+--------+--------+--------+-----------+--------+--------+--------+--------+-------+--------+--------+--------+--------+-----------+--------+--------+--------+--------+-----------+--------+--------+--------+--------+
| Epoch |     lr     |  JOINT  |    MESH   |    ALL    | AMASS |        |        |        |        | H36M_MESH |        |        |        |        | PW3D_MESH |        |        |        |        | AMASS |        |        |        |        | H36M_MESH |        |        |        |        | PW3D_MESH |        |        |        |        |
+-------+------------+---------+-----------+-----------+-------+--------+--------+--------+--------+-----------+--------+--------+--------+--------+-----------+--------+--------+--------+--------+-------+--------+--------+--------+--------+-----------+--------+--------+--------+--------+-----------+--------+--------+--------+--------+
|   25  | 0.00015714 | 0.29869 | 275.22987 | 275.52856 |   PE  |   MP   |  FPE   |   MC   |  MIB   |     PE    |   MP   |  FPE   |   MC   |  MIB   |     PE    |   MP   |  FPE   |   MC   |  MIB   |   PE  |   MP   |  FPE   |   MC   |  MIB   |     PE    |   MP   |  FPE   |   MC   |  MIB   |     PE    |   MP   |  FPE   |   MC   |  MIB   |
|       |            |         |           |           | 75.05 | 90.74  | 90.85  | 101.09 | 100.58 |   136.11  | 160.05 | 169.57 | 155.57 | 172.18 |   132.90  | 128.81 | 143.89 | 134.32 | 152.25 | 83.40 | 104.74 | 104.83 | 98.41  | 107.50 |   138.92  | 181.70 | 195.78 | 147.56 | 179.87 |   151.27  | 143.71 | 168.22 | 136.30 | 153.77 |
+-------+------------+---------+-----------+-----------+-------+--------+--------+--------+--------+-----------+--------+--------+--------+--------+-----------+--------+--------+--------+--------+-------+--------+--------+--------+--------+-----------+--------+--------+--------+--------+-----------+--------+--------+--------+--------+
	Saving best checkpoints: [PW3D_MESH,MC] 

[25 end] Time cost: 33.20min 	| lr: 0.00015714
[26 start]
	Iter: 28/85; time cost: 6.74min; current batch has {'AMASS': 2260, 'H36M_MESH': 828} samples; batch_size (total/sub): 3088/772
	Iter: 56/85; time cost: 13.23min; current batch has {'AMASS': 2248, 'H36M_MESH': 840} samples; batch_size (total/sub): 3088/772
[26 end] Time cost: 19.66min 	| lr: 0.00015556
[27 start]
	Iter: 28/85; time cost: 6.77min; current batch has {'AMASS': 2248, 'H36M_MESH': 840} samples; batch_size (total/sub): 3088/772
	Iter: 56/85; time cost: 13.24min; current batch has {'AMASS': 2168, 'H36M_MESH': 920} samples; batch_size (total/sub): 3088/772
	Evaluating [PE] on [AMASS]... costs 107.54s
	Evaluating [MP] on [AMASS]... costs 107.06s
	Evaluating [FPE] on [AMASS]... costs 106.81s
	Evaluating [MC] on [AMASS]... costs 107.21s
	Evaluating [MIB] on [AMASS]... costs 107.76s
	Evaluating [PE] on [H36M_MESH]... costs 40.17s
	Evaluating [MP] on [H36M_MESH]... costs 39.86s
	Evaluating [FPE] on [H36M_MESH]... costs 39.98s
	Evaluating [MC] on [H36M_MESH]... costs 40.13s
	Evaluating [MIB] on [H36M_MESH]... costs 39.99s
	Evaluating [PE] on [PW3D_MESH]... costs 14.88s
	Evaluating [MP] on [PW3D_MESH]... costs 14.88s
	Evaluating [FPE] on [PW3D_MESH]... costs 14.94s
	Evaluating [MC] on [PW3D_MESH]... costs 14.98s
	Evaluating [MIB] on [PW3D_MESH]... costs 15.07s
+-------+------------+---------+-----------+-----------+-------+--------+--------+--------+--------+-----------+--------+--------+--------+--------+-----------+--------+--------+--------+--------+-------+--------+--------+--------+--------+-----------+--------+--------+--------+--------+-----------+--------+--------+--------+--------+
| Epoch |     lr     |  JOINT  |    MESH   |    ALL    | AMASS |        |        |        |        | H36M_MESH |        |        |        |        | PW3D_MESH |        |        |        |        | AMASS |        |        |        |        | H36M_MESH |        |        |        |        | PW3D_MESH |        |        |        |        |
+-------+------------+---------+-----------+-----------+-------+--------+--------+--------+--------+-----------+--------+--------+--------+--------+-----------+--------+--------+--------+--------+-------+--------+--------+--------+--------+-----------+--------+--------+--------+--------+-----------+--------+--------+--------+--------+
|   27  | 0.00015401 | 0.29097 | 270.71412 | 271.00509 |   PE  |   MP   |  FPE   |   MC   |  MIB   |     PE    |   MP   |  FPE   |   MC   |  MIB   |     PE    |   MP   |  FPE   |   MC   |  MIB   |   PE  |   MP   |  FPE   |   MC   |  MIB   |     PE    |   MP   |  FPE   |   MC   |  MIB   |     PE    |   MP   |  FPE   |   MC   |  MIB   |
|       |            |         |           |           | 76.97 | 89.21  | 89.30  | 99.88  | 100.04 |   136.05  | 153.65 | 172.01 | 153.60 | 174.76 |   127.32  | 123.63 | 138.23 | 126.79 | 142.42 | 78.29 | 94.83  | 94.98  | 90.30  | 108.08 |   134.82  | 170.20 | 195.52 | 136.66 | 197.46 |   141.87  | 134.08 | 158.21 | 127.01 | 152.17 |
+-------+------------+---------+-----------+-----------+-------+--------+--------+--------+--------+-----------+--------+--------+--------+--------+-----------+--------+--------+--------+--------+-------+--------+--------+--------+--------+-----------+--------+--------+--------+--------+-----------+--------+--------+--------+--------+
	Saving best checkpoints: [PW3D_MESH,PE] [PW3D_MESH,MP] [PW3D_MESH,FPE] [PW3D_MESH,MC] 

[27 end] Time cost: 33.29min 	| lr: 0.00015401
[28 start]
	Iter: 28/85; time cost: 6.71min; current batch has {'AMASS': 2264, 'H36M_MESH': 824} samples; batch_size (total/sub): 3088/772
	Iter: 56/85; time cost: 13.19min; current batch has {'AMASS': 2276, 'H36M_MESH': 812} samples; batch_size (total/sub): 3088/772
[28 end] Time cost: 19.62min 	| lr: 0.00015247
[29 start]
	Iter: 28/85; time cost: 6.71min; current batch has {'AMASS': 2216, 'H36M_MESH': 872} samples; batch_size (total/sub): 3088/772
