Adding new arg: args.config = ckpt/0703_base0702_PmtFPS/00_Train2dt/config.yaml
Adding new arg: args.checkpoint = ckpt/0703_base0702_PmtFPS/00_Train2dt
Adding new arg: args.seed = 0
Adding new arg: args.visualize = 
Adding new arg: args.eval_generalization = False
Adding new arg: args.quick_debug = False
Adding new arg: args.gpu = 4,5,6,7
Overriding existing arg: args.batch_size = 92
Adding new arg: args.classifier_type = task
Adding new arg: args.num_class = 4
Adding new arg: args.use_task_id_as_prompt = False
Adding new arg: args.reverse_query_prompt = False
Adding new arg: args.shuffle_batch = False
Adding new arg: args.fix_prompt = FPS_selected
Adding new arg: args.reverse_query_prompt_per_iter = False
Adding new arg: args.vertex_x1000 = True
Adding new arg: args.aug2D = False
Adding new arg: args.deactivate_prompt_branch = False
Adding new arg: args.data_efficient = True
Adding new arg: args.fully_connected_graph = True
Adding new arg: args.gpu0_bs = 0
Adding new arg: args.train_simultaneously = False
Adding new arg: args.local_rank = -1
Adding new arg: args.master_port = 12356

Configs: {'tasks': ['PE', 'MP', 'MC', 'FPE'], 'task_to_flag': {'PE': 0, 'MP': 1, 'FPE': 2, 'MC': 3, '2DAR': 4, 'AR': 5, 'MIB': 6, 'MeshRecover': 7, 'FutureMeshRecover': 8, 'MeshPred': 9, 'MeshCompletion': 10, 'MeshInBetween': 11}, 'dataset_to_flag': {'H36M_3D': 0, 'AMASS': 1, 'PW3D_MESH': 2, 'H36M_MESH': 3, 'H36M_MESH_TCMR': 4}, 'flag_to_task': {'0': 'PE', '1': 'MP', '2': 'FPE', '3': 'MC', '4': '2DAR', '5': 'AR', '6': 'MIB', '7': 'MeshRecover', '8': 'FutureMeshRecover', '9': 'MeshPred', '10': 'MeshCompletion', '11': 'MeshInBetween'}, 'flag_to_dataset': {'0': 'H36M_3D', '1': 'AMASS', '2': 'PW3D_MESH', '3': 'H36M_MESH', '4': 'H36M_MESH_TCMR'}, 'task_metrics': {'PE': ['PE e1', 'PE e2'], 'MP': ['MP'], 'FPE': ['FPE'], 'MC': ['MC'], '2DAR': ['2DAR'], 'AR': ['AR']}, 'dataset_task_info': {'train': {'AMASS': ['PE', 'FPE', 'MC', 'MP', 'MIB', 'MeshCompletion', 'MeshPred', 'MeshInBetween'], 'H36M_MESH': ['PE', 'FPE', 'MC', 'MP', 'MIB', 'MeshCompletion', 'MeshPred', 'MeshInBetween']}, 'test': {'AMASS': ['PE', 'FPE', 'MC', 'MP', 'MIB', 'MeshCompletion', 'MeshPred', 'MeshInBetween'], 'H36M_MESH': ['PE', 'FPE', 'MC', 'MP', 'MIB', 'MeshCompletion', 'MeshPred', 'MeshInBetween']}}, 'Mesh': {'enable': True, 'loss_type': 'L1', 'losses': {'loss_3d_pos': 0.5, 'loss_3d_velocity': 10, 'loss_pose': 1000, 'loss_shape': 1, 'loss_norm': 20, 'loss_3d_scale': 0, 'loss_lv': 0, 'loss_lg': 0, 'loss_a': 0, 'loss_av': 0}}, 'dataset_file': {'PW3D_MESH': 'data_icl_gen/VER5_DATA/PW3D_MESH/mesh_det_pw3d_EXTENDED.pkl', 'H36M_MESH': 'data_icl_gen/VER5_DATA/H36M_MESH/mesh_det_h36m_EXTENDED.pkl', 'AMASS': 'data_icl_gen/VER5_DATA/AMASS', 'H36M_3D': 'data_icl_gen/processed_data/H36M_3D/h36m_sh_conf_cam_source_final.pkl', 'H36M_MESH_TCMR': 'data_icl_gen/VER5_DATA/H36M_TCMR/h36m_train_25fps_db_RENAMED.pt'}, 'use_presave_data': True, 'aug': False, 'aug_shuffle_joints': False, 'current_as_history': True, 'clip_len': 16, 'max_len': 16, 'num_joint': 17, 'joint_mask_ratio': 0.4, 'frame_mask_ratio': 0.4, 'mesh_joint_mask_ratio': 0.4, 'presave_folder': 'data_icl_gen/presave_data/', 'dataset_config': {'PW3D_MESH': {'sample_stride': 1, 'data_stride': {'train': 16, 'test': 32}, 'read_confidence': False, 'rootrel_input': True, 'rootrel_target': True, 'flip': True, 'use_global_orient': True}, 'H36M_MESH': {'sample_stride': 1, 'data_stride': {'train': 16, 'test': 32}, 'read_confidence': False, 'rootrel_input': True, 'rootrel_target': True, 'flip': True, 'use_global_orient': True}, 'AMASS': {'sample_stride': 1, 'data_stride': {'train': 128, 'test': 256}, 'read_confidence': False, 'rootrel_input': True, 'rootrel_target': True, 'flip': True, 'use_global_orient': True}, 'H36M_3D': {'sample_stride': 1, 'data_stride': {'train': 16, 'test': 32}, 'read_confidence': False, 'rootrel_input': True, 'rootrel_target': True, 'flip': True, 'scale_3D': 1}, 'H36M_MESH_TCMR': {'sample_stride': 1, 'data_stride': {'train': 16, 'test': 32}, 'read_confidence': False, 'rootrel_input': True, 'rootrel_target': True, 'flip': True, 'use_global_orient': True}}, 'func_ver': {'dataset_action_recognition': None, 'evaluate_action_recognition': None, 'train_epoch_action_recognition': None, 'dataset_non_AR': '7_ICL', 'evaluate_non_AR': '7_ICL', 'train_epoch_non_AR': '7_ICL', 'model_name': 'model_mesh_VER7.M01V02_MotionAGFormer'}, 'epochs': 120, 'batch_size': 92, 'test_batch_size': 512, 'learning_rate': 0.0002, 'weight_decay': 0.01, 'lr_decay': 0.99, 'losses': {'loss_mpjpe': 1.0, 'n_mpjpe': 0.5, 'loss_velocity': 20.0, 'loss_limb_var': 0, 'loss_limb_gt': 0, 'loss_angle': 0, 'loss_angle_velocity': 0}, 'no_eval': False, 'use_partial_data': False, 'partial_data': None, 'full_data': None, 'name': 'config', 'config': 'ckpt/0703_base0702_PmtFPS/00_Train2dt/config.yaml', 'checkpoint': 'ckpt/0703_base0702_PmtFPS/00_Train2dt', 'seed': 0, 'visualize': '', 'eval_generalization': False, 'quick_debug': False, 'gpu': '4,5,6,7', 'classifier_type': 'task', 'num_class': 4, 'use_task_id_as_prompt': False, 'reverse_query_prompt': False, 'shuffle_batch': False, 'fix_prompt': 'FPS_selected', 'reverse_query_prompt_per_iter': False, 'vertex_x1000': True, 'aug2D': False, 'deactivate_prompt_branch': False, 'data_efficient': True, 'fully_connected_graph': True, 'gpu0_bs': 0, 'train_simultaneously': False, 'local_rank': -1, 'master_port': '12356', 'data': None}

python train_DDP.py --config ckpt/0703_base0702_PmtFPS/00_Train2dt/config.yaml -c ckpt/0703_base0702_PmtFPS/00_Train2dt -vertex_x1000 -fully_connected_graph -data_efficient -fix_prompt FPS_selected -gpu 4,5,6,7 -bs 92

PID:  360891
Linked folder: ckpt/0703_base0702_PmtFPS/00_Train2dt/all_epochs
Linked folder: ckpt/0703_base0702_PmtFPS/00_Train2dt/best_epochs
Linked folder: ckpt/0703_base0702_PmtFPS/00_Train2dt/latest_epoch
	Loading train data from [AMASS] for task: ['PE', 'FPE', 'MC', 'MP', 'MIB', 'MeshCompletion', 'MeshPred', 'MeshInBetween']... Loading presaved... 	Loading train data from [AMASS] for task: ['PE', 'FPE', 'MC', 'MP', 'MIB', 'MeshCompletion', 'MeshPred', 'MeshInBetween']... Loading presaved... 	Loading train data from [AMASS] for task: ['PE', 'FPE', 'MC', 'MP', 'MIB', 'MeshCompletion', 'MeshPred', 'MeshInBetween']... Loading presaved... 
Loading dataset...
	Loading train data from [AMASS] for task: ['PE', 'FPE', 'MC', 'MP', 'MIB', 'MeshCompletion', 'MeshPred', 'MeshInBetween']... Loading presaved... Loading joint masks... Loading joint masks... Loading joint masks... Loading joint masks... Loading frame masks... Loading frame masks... costs 1.39s... has 46726/9345 query/prompt samples
	Loading train data from [H36M_MESH] for task: ['PE', 'FPE', 'MC', 'MP', 'MIB', 'MeshCompletion', 'MeshPred', 'MeshInBetween']... Loading presaved... costs 1.38s... has 46726/9345 query/prompt samples
	Loading train data from [H36M_MESH] for task: ['PE', 'FPE', 'MC', 'MP', 'MIB', 'MeshCompletion', 'MeshPred', 'MeshInBetween']... Loading presaved... Loading frame masks... costs 1.42s... has 46726/9345 query/prompt samples
	Loading train data from [H36M_MESH] for task: ['PE', 'FPE', 'MC', 'MP', 'MIB', 'MeshCompletion', 'MeshPred', 'MeshInBetween']... Loading presaved... Loading frame masks... costs 1.44s... has 46726/9345 query/prompt samples
	Loading train data from [H36M_MESH] for task: ['PE', 'FPE', 'MC', 'MP', 'MIB', 'MeshCompletion', 'MeshPred', 'MeshInBetween']... Loading presaved... Loading joint masks... Loading joint masks... Loading joint masks... Loading joint masks... Loading frame masks... Loading frame masks... costs 0.77s... has 18644/3728 query/prompt samples
costs 0.78s... has 18644/3728 query/prompt samples
Loading frame masks... costs 0.80s... has 18644/3728 query/prompt samples
Loading frame masks... costs 0.79s... has 18644/3728 query/prompt samples
	Preparing train [mesh joint masks] from [AMASS] for task: [MeshCompletion]... Loading mesh joint masks...
	Preparing train [mesh joint masks] from [AMASS] for task: [MeshCompletion]... Loading mesh joint masks...
	Preparing train [mesh joint masks] from [H36M_MESH] for task: [MeshCompletion]... Loading mesh joint masks...
	Preparing train [mesh joint masks] from [AMASS] for task: [MeshCompletion]... Loading mesh joint masks...
	Preparing train [mesh joint masks] from [H36M_MESH] for task: [MeshCompletion]... Loading mesh joint masks...
	Preparing train [mesh joint masks] from [AMASS] for task: [MeshCompletion]... Loading mesh joint masks...
	Preparing train [mesh joint masks] from [H36M_MESH] for task: [MeshCompletion]... Loading mesh joint masks...
	Preparing train [mesh joint masks] from [H36M_MESH] for task: [MeshCompletion]... Loading mesh joint masks...
	Loading train data from [AMASS] for task: ['PE', 'FPE', 'MC', 'MP', 'MIB', 'MeshCompletion', 'MeshPred', 'MeshInBetween']... Loading presaved... 	Loading train data from [AMASS] for task: ['PE', 'FPE', 'MC', 'MP', 'MIB', 'MeshCompletion', 'MeshPred', 'MeshInBetween']... Loading presaved... 	Loading train data from [AMASS] for task: ['PE', 'FPE', 'MC', 'MP', 'MIB', 'MeshCompletion', 'MeshPred', 'MeshInBetween']... Loading presaved... 	Loading train data from [AMASS] for task: ['PE', 'FPE', 'MC', 'MP', 'MIB', 'MeshCompletion', 'MeshPred', 'MeshInBetween']... Loading presaved... Loading joint masks... Loading frame masks... costs 1.26s... has 46726/9345 query/prompt samples
	Loading train data from [H36M_MESH] for task: ['PE', 'FPE', 'MC', 'MP', 'MIB', 'MeshCompletion', 'MeshPred', 'MeshInBetween']... Loading presaved... Loading joint masks... Loading joint masks... Loading frame masks... Loading frame masks... costs 1.27s... has 46726/9345 query/prompt samples
	Loading train data from [H36M_MESH] for task: ['PE', 'FPE', 'MC', 'MP', 'MIB', 'MeshCompletion', 'MeshPred', 'MeshInBetween']... Loading presaved... costs 1.29s... has 46726/9345 query/prompt samples
	Loading train data from [H36M_MESH] for task: ['PE', 'FPE', 'MC', 'MP', 'MIB', 'MeshCompletion', 'MeshPred', 'MeshInBetween']... Loading presaved... Loading joint masks... Loading frame masks... costs 1.36s... has 46726/9345 query/prompt samples
	Loading train data from [H36M_MESH] for task: ['PE', 'FPE', 'MC', 'MP', 'MIB', 'MeshCompletion', 'MeshPred', 'MeshInBetween']... Loading presaved... Loading joint masks... Loading joint masks... Loading joint masks... Loading frame masks... costs 0.82s... has 18644/3728 query/prompt samples
Loading joint masks... Loading frame masks... costs 0.82s... has 18644/3728 query/prompt samples
Loading frame masks... costs 0.85s... has 18644/3728 query/prompt samples
Loading frame masks... costs 0.84s... has 18644/3728 query/prompt samples
	Preparing train [mesh joint masks] from [AMASS] for task: [MeshCompletion]... Loading mesh joint masks...
	Preparing train [mesh joint masks] from [H36M_MESH] for task: [MeshCompletion]... Loading mesh joint masks...
	Preparing train [mesh joint masks] from [AMASS] for task: [MeshCompletion]... Loading mesh joint masks...
	Preparing train [mesh joint masks] from [H36M_MESH] for task: [MeshCompletion]... Loading mesh joint masks...
	Preparing train [mesh joint masks] from [AMASS] for task: [MeshCompletion]... Loading mesh joint masks...
	Preparing train [mesh joint masks] from [H36M_MESH] for task: [MeshCompletion]... Loading mesh joint masks...
	Training (non-AR) sample count: 65370
	Loading test data from [AMASS] for task: ['PE']... costs 0.00s... has 8492/9345 query/prompt samples
	Preparing train [mesh joint masks] from [AMASS] for task: [MeshCompletion]... Loading mesh joint masks...
	Preparing train [mesh joint masks] from [H36M_MESH] for task: [MeshCompletion]... Loading mesh joint masks...
	Training (non-AR) sample count: 65370
	Loading test data from [AMASS] for task: ['PE']... costs 0.00s... has 8492/9345 query/prompt samples
	Training (non-AR) sample count: 65370
	Loading test data from [AMASS] for task: ['PE']... costs 0.00s... has 8492/9345 query/prompt samples
	Training (non-AR) sample count: 65370
	Loading test data from [AMASS] for task: ['PE']... costs 0.00s... has 8492/9345 query/prompt samples
	Loading test data from [AMASS] for task: ['FPE']... costs 0.00s... has 8492/9345 query/prompt samples
	Loading test data from [AMASS] for task: ['FPE']... costs 0.00s... has 8492/9345 query/prompt samples
	Loading test data from [AMASS] for task: ['FPE']... costs 0.00s... has 8492/9345 query/prompt samples
	Loading test data from [AMASS] for task: ['FPE']... costs 0.00s... has 8492/9345 query/prompt samples
	Loading test data from [AMASS] for task: ['MC']... Loading joint masks... costs 0.00s... has 8492/9345 query/prompt samples
	Loading test data from [AMASS] for task: ['MC']... Loading joint masks... costs 0.00s... has 8492/9345 query/prompt samples
	Loading test data from [AMASS] for task: ['MC']... Loading joint masks... costs 0.00s... has 8492/9345 query/prompt samples
	Loading test data from [AMASS] for task: ['MC']... Loading joint masks... costs 0.00s... has 8492/9345 query/prompt samples
	Loading test data from [AMASS] for task: ['MP']... costs 0.00s... has 8492/9345 query/prompt samples
	Loading test data from [AMASS] for task: ['MP']... costs 0.00s... has 8492/9345 query/prompt samples
	Loading test data from [AMASS] for task: ['MP']... costs 0.00s... has 8492/9345 query/prompt samples
	Loading test data from [AMASS] for task: ['MP']... costs 0.00s... has 8492/9345 query/prompt samples
	Loading test data from [AMASS] for task: ['MIB']... Loading frame masks... costs 0.00s... has 8492/9345 query/prompt samples
	Loading test data from [AMASS] for task: ['MIB']... Loading frame masks... costs 0.00s... has 8492/9345 query/prompt samples
	Loading test data from [AMASS] for task: ['MIB']... Loading frame masks... costs 0.00s... has 8492/9345 query/prompt samples
	Loading test data from [AMASS] for task: ['MIB']... Loading frame masks... costs 0.00s... has 8492/9345 query/prompt samples
	Loading test data from [AMASS] for task: ['MeshCompletion']... costs 0.00s... has 8492/9345 query/prompt samples
	Loading test data from [AMASS] for task: ['MeshCompletion']... costs 0.00s... has 8492/9345 query/prompt samples
	Loading test data from [AMASS] for task: ['MeshCompletion']... costs 0.00s... has 8492/9345 query/prompt samples
	Loading test data from [AMASS] for task: ['MeshCompletion']... costs 0.00s... has 8492/9345 query/prompt samples
	Preparing test [mesh joint masks] from [AMASS] for task: [MeshCompletion]... Loading mesh joint masks...
	Loading test data from [AMASS] for task: ['MeshPred']... costs 0.00s... has 8492/9345 query/prompt samples
	Preparing test [mesh joint masks] from [AMASS] for task: [MeshCompletion]... Loading mesh joint masks...
	Loading test data from [AMASS] for task: ['MeshPred']... costs 0.00s... has 8492/9345 query/prompt samples
	Preparing test [mesh joint masks] from [AMASS] for task: [MeshCompletion]... Loading mesh joint masks...
	Loading test data from [AMASS] for task: ['MeshPred']... costs 0.00s... has 8492/9345 query/prompt samples
	Preparing test [mesh joint masks] from [AMASS] for task: [MeshCompletion]... Loading mesh joint masks...
	Loading test data from [AMASS] for task: ['MeshPred']... costs 0.00s... has 8492/9345 query/prompt samples
	Loading test data from [AMASS] for task: ['MeshInBetween']... Loading frame masks... costs 0.00s... has 8492/9345 query/prompt samples
	Loading test data from [AMASS] for task: ['MeshInBetween']... Loading frame masks... costs 0.00s... has 8492/9345 query/prompt samples
	Loading test data from [AMASS] for task: ['MeshInBetween']... Loading frame masks... costs 0.00s... has 8492/9345 query/prompt samples
	Loading test data from [AMASS] for task: ['MeshInBetween']... Loading frame masks... costs 0.00s... has 8492/9345 query/prompt samples
	Loading test data from [H36M_MESH] for task: ['PE']... costs 0.00s... has 3088/3728 query/prompt samples
	Loading test data from [H36M_MESH] for task: ['PE']... costs 0.00s... has 3088/3728 query/prompt samples
	Loading test data from [H36M_MESH] for task: ['PE']... costs 0.00s... has 3088/3728 query/prompt samples
	Loading test data from [H36M_MESH] for task: ['PE']... costs 0.00s... has 3088/3728 query/prompt samples
	Loading test data from [H36M_MESH] for task: ['FPE']... costs 0.00s... has 3088/3728 query/prompt samples
	Loading test data from [H36M_MESH] for task: ['FPE']... costs 0.00s... has 3088/3728 query/prompt samples
	Loading test data from [H36M_MESH] for task: ['FPE']... costs 0.00s... has 3088/3728 query/prompt samples
	Loading test data from [H36M_MESH] for task: ['FPE']... costs 0.00s... has 3088/3728 query/prompt samples
	Loading test data from [H36M_MESH] for task: ['MC']... Loading joint masks... costs 0.00s... has 3088/3728 query/prompt samples
	Loading test data from [H36M_MESH] for task: ['MC']... Loading joint masks... costs 0.00s... has 3088/3728 query/prompt samples
	Loading test data from [H36M_MESH] for task: ['MC']... Loading joint masks... costs 0.00s... has 3088/3728 query/prompt samples
	Loading test data from [H36M_MESH] for task: ['MC']... Loading joint masks... costs 0.00s... has 3088/3728 query/prompt samples
	Loading test data from [H36M_MESH] for task: ['MP']... costs 0.00s... has 3088/3728 query/prompt samples
	Loading test data from [H36M_MESH] for task: ['MP']... costs 0.00s... has 3088/3728 query/prompt samples
	Loading test data from [H36M_MESH] for task: ['MP']... costs 0.00s... has 3088/3728 query/prompt samples
	Loading test data from [H36M_MESH] for task: ['MP']... costs 0.00s... has 3088/3728 query/prompt samples
	Loading test data from [H36M_MESH] for task: ['MIB']... Loading frame masks... costs 0.00s... has 3088/3728 query/prompt samples
	Loading test data from [H36M_MESH] for task: ['MIB']... Loading frame masks... costs 0.00s... has 3088/3728 query/prompt samples
	Loading test data from [H36M_MESH] for task: ['MIB']... Loading frame masks... costs 0.00s... has 3088/3728 query/prompt samples
	Loading test data from [H36M_MESH] for task: ['MIB']... Loading frame masks... costs 0.00s... has 3088/3728 query/prompt samples
	Loading test data from [H36M_MESH] for task: ['MeshCompletion']... costs 0.00s... has 3088/3728 query/prompt samples
	Loading test data from [H36M_MESH] for task: ['MeshCompletion']... costs 0.00s... has 3088/3728 query/prompt samples
	Loading test data from [H36M_MESH] for task: ['MeshCompletion']... costs 0.00s... has 3088/3728 query/prompt samples
	Loading test data from [H36M_MESH] for task: ['MeshCompletion']... costs 0.00s... has 3088/3728 query/prompt samples
	Preparing test [mesh joint masks] from [H36M_MESH] for task: [MeshCompletion]... Loading mesh joint masks...
	Loading test data from [H36M_MESH] for task: ['MeshPred']... costs 0.00s... has 3088/3728 query/prompt samples
	Preparing test [mesh joint masks] from [H36M_MESH] for task: [MeshCompletion]... Loading mesh joint masks...
	Loading test data from [H36M_MESH] for task: ['MeshPred']... costs 0.00s... has 3088/3728 query/prompt samples
	Preparing test [mesh joint masks] from [H36M_MESH] for task: [MeshCompletion]... Loading mesh joint masks...
	Loading test data from [H36M_MESH] for task: ['MeshPred']... costs 0.00s... has 3088/3728 query/prompt samples
	Preparing test [mesh joint masks] from [H36M_MESH] for task: [MeshCompletion]... Loading mesh joint masks...
	Loading test data from [H36M_MESH] for task: ['MeshPred']... costs 0.00s... has 3088/3728 query/prompt samples
	Loading test data from [H36M_MESH] for task: ['MeshInBetween']... Loading frame masks... costs 0.12s... has 3088/3728 query/prompt samples
	Loading test data from [H36M_MESH] for task: ['MeshInBetween']... Loading frame masks... costs 0.13s... has 3088/3728 query/prompt samples
	Loading test data from [H36M_MESH] for task: ['MeshInBetween']... Loading frame masks... costs 0.13s... has 3088/3728 query/prompt samples
	Loading test data from [H36M_MESH] for task: ['MeshInBetween']... Loading frame masks... costs 0.13s... has 3088/3728 query/prompt samples

Loading model...
	Model: model_mesh_VER7.M01V02_MotionAGFormer
	Trainable parameter count: 48.895466M

Training on [['non_AR', 178]] batches for 120 epochs. batch size: 92
[1 start]
	DDP is being applied.
	DDP is being applied.
	DDP is being applied.
	DDP is being applied.
	DDP is being applied.
	DDP is being applied.
	DDP is being applied.
	DDP is being applied.
	Iter: 59/178; time cost: 13.54min; current batch has {'AMASS': 504, 'H36M_MESH': 232} samples; batch_size (total/sub): 736/92
	Iter: 59/178; time cost: 13.54min; current batch has {'AMASS': 560, 'H36M_MESH': 176} samples; batch_size (total/sub): 736/92
	Iter: 59/178; time cost: 13.54min; current batch has {'AMASS': 576, 'H36M_MESH': 160} samples; batch_size (total/sub): 736/92
	Iter: 59/178; time cost: 13.54min; current batch has {'AMASS': 552, 'H36M_MESH': 184} samples; batch_size (total/sub): 736/92
	[check randomness] query_id: 0, prompt_id: 16721
	Iter: 118/178; time cost: 26.75min; current batch has {'AMASS': 552, 'H36M_MESH': 184} samples; batch_size (total/sub): 736/92
	Iter: 118/178; time cost: 26.75min; current batch has {'AMASS': 528, 'H36M_MESH': 208} samples; batch_size (total/sub): 736/92
	Iter: 118/178; time cost: 26.75min; current batch has {'AMASS': 488, 'H36M_MESH': 248} samples; batch_size (total/sub): 736/92
	Iter: 118/178; time cost: 26.75min; current batch has {'AMASS': 536, 'H36M_MESH': 200} samples; batch_size (total/sub): 736/92
	Evaluating [PE] on [AMASS]... costs 37.26s
	Evaluating [FPE] on [AMASS]... costs 34.31s
	Evaluating [MC] on [AMASS]... costs 34.34s
	Evaluating [MP] on [AMASS]... costs 34.54s
	Evaluating [MIB] on [AMASS]... costs 34.16s
	Evaluating [MeshCompletion] on [AMASS]... costs 34.10s
	Evaluating [MeshPred] on [AMASS]... costs 34.01s
	Evaluating [MeshInBetween] on [AMASS]... costs 33.87s
	Evaluating [PE] on [H36M_MESH]... costs 12.93s
	Evaluating [FPE] on [H36M_MESH]... costs 12.87s
	Evaluating [MC] on [H36M_MESH]... costs 12.95s
	Evaluating [MP] on [H36M_MESH]... costs 12.89s
	Evaluating [MIB] on [H36M_MESH]... costs 12.94s
	Evaluating [MeshCompletion] on [H36M_MESH]... costs 12.81s
	Evaluating [MeshPred] on [H36M_MESH]... costs 12.76s
	Evaluating [MeshInBetween] on [H36M_MESH]... costs 12.81s
+-------+------------+---------+-----------+-----------+--------+--------+--------+--------+--------+----------------+----------+---------------+-----------+--------+--------+--------+--------+----------------+----------+---------------+--------+--------+--------+--------+--------+----------------+----------+---------------+-----------+--------+--------+--------+--------+----------------+----------+---------------+
| Epoch |     lr     |  JOINT  |    MESH   |    ALL    | AMASS  |        |        |        |        |                |          |               | H36M_MESH |        |        |        |        |                |          |               | AMASS  |        |        |        |        |                |          |               | H36M_MESH |        |        |        |        |                |          |               |
+-------+------------+---------+-----------+-----------+--------+--------+--------+--------+--------+----------------+----------+---------------+-----------+--------+--------+--------+--------+----------------+----------+---------------+--------+--------+--------+--------+--------+----------------+----------+---------------+-----------+--------+--------+--------+--------+----------------+----------+---------------+
|   1   | 0.00020000 | 0.46686 | 371.72780 | 372.19465 |   PE   |  FPE   |   MC   |   MP   |  MIB   | MeshCompletion | MeshPred | MeshInBetween |     PE    |  FPE   |   MC   |   MP   |  MIB   | MeshCompletion | MeshPred | MeshInBetween |   PE   |  FPE   |   MC   |   MP   |  MIB   | MeshCompletion | MeshPred | MeshInBetween |     PE    |  FPE   |   MC   |   MP   |  MIB   | MeshCompletion | MeshPred | MeshInBetween |
|       |            |         |           |           | 131.26 | 132.38 | 146.96 | 132.46 | 131.43 |     191.92     |  189.98  |     190.60    |   251.83  | 255.87 | 273.53 | 252.92 | 248.94 |     260.43     |  260.35  |     257.61    | 144.41 | 147.79 | 153.16 | 146.85 | 142.37 |     315.92     |  313.91  |     313.11    |   347.60  | 351.29 | 353.46 | 346.84 | 343.24 |     359.65     |  352.88  |     355.90    |
+-------+------------+---------+-----------+-----------+--------+--------+--------+--------+--------+----------------+----------+---------------+-----------+--------+--------+--------+--------+----------------+----------+---------------+--------+--------+--------+--------+--------+----------------+----------+---------------+-----------+--------+--------+--------+--------+----------------+----------+---------------+
	Saving best checkpoints: [AMASS,PE] [AMASS,FPE] [AMASS,MC] [AMASS,MP] [AMASS,MIB] [AMASS,MeshCompletion] [AMASS,MeshPred] [AMASS,MeshInBetween] [H36M_MESH,PE] [H36M_MESH,FPE] [H36M_MESH,MC] [H36M_MESH,MP] [H36M_MESH,MIB] [H36M_MESH,MeshCompletion] [H36M_MESH,MeshPred] [H36M_MESH,MeshInBetween] 

[1 end] Time cost: 46.50min 	| lr: 0.00020000
[2 start]
	DDP is being applied.
	DDP is being applied.
	DDP is being applied.
	DDP is being applied.
	DDP is being applied.
	DDP is being applied.
	DDP is being applied.
	DDP is being applied.
	Iter: 59/178; time cost: 20.05min; current batch has {'AMASS': 488, 'H36M_MESH': 248} samples; batch_size (total/sub): 736/92
	Iter: 59/178; time cost: 20.05min; current batch has {'AMASS': 504, 'H36M_MESH': 232} samples; batch_size (total/sub): 736/92
	Iter: 59/178; time cost: 20.05min; current batch has {'AMASS': 536, 'H36M_MESH': 200} samples; batch_size (total/sub): 736/92
	Iter: 59/178; time cost: 13.45min; current batch has {'AMASS': 496, 'H36M_MESH': 240} samples; batch_size (total/sub): 736/92
	[check randomness] query_id: 0, prompt_id: 3827
	Iter: 118/178; time cost: 33.25min; current batch has {'AMASS': 536, 'H36M_MESH': 200} samples; batch_size (total/sub): 736/92
	Iter: 118/178; time cost: 33.25min; current batch has {'AMASS': 536, 'H36M_MESH': 200} samples; batch_size (total/sub): 736/92
	Iter: 118/178; time cost: 26.65min; current batch has {'AMASS': 528, 'H36M_MESH': 208} samples; batch_size (total/sub): 736/92
	Iter: 118/178; time cost: 33.25min; current batch has {'AMASS': 536, 'H36M_MESH': 200} samples; batch_size (total/sub): 736/92

	Epoch info dict failed to be created and saved.

	Evaluating [PE] on [AMASS]... costs 33.94s
	Evaluating [FPE] on [AMASS]... costs 33.90s
	Evaluating [MC] on [AMASS]... costs 34.88s
	Evaluating [MP] on [AMASS]... costs 34.27s
	Evaluating [MIB] on [AMASS]... costs 33.95s
	Evaluating [MeshCompletion] on [AMASS]... costs 33.37s
	Evaluating [MeshPred] on [AMASS]... costs 33.05s
	Evaluating [MeshInBetween] on [AMASS]... costs 33.24s
	Evaluating [PE] on [H36M_MESH]... costs 12.75s
	Evaluating [FPE] on [H36M_MESH]... costs 12.67s
	Evaluating [MC] on [H36M_MESH]... costs 12.73s
	Evaluating [MP] on [H36M_MESH]... costs 12.83s
	Evaluating [MIB] on [H36M_MESH]... costs 12.78s
	Evaluating [MeshCompletion] on [H36M_MESH]... costs 12.62s
	Evaluating [MeshPred] on [H36M_MESH]... costs 12.63s
	Evaluating [MeshInBetween] on [H36M_MESH]... costs 12.72s
+-------+------------+---------+-----------+-----------+--------+--------+--------+--------+--------+----------------+----------+---------------+-----------+--------+--------+--------+--------+----------------+----------+---------------+--------+--------+--------+--------+--------+----------------+----------+---------------+-----------+--------+--------+--------+--------+----------------+----------+---------------+
| Epoch |     lr     |  JOINT  |    MESH   |    ALL    | AMASS  |        |        |        |        |                |          |               | H36M_MESH |        |        |        |        |                |          |               | AMASS  |        |        |        |        |                |          |               | H36M_MESH |        |        |        |        |                |          |               |
+-------+------------+---------+-----------+-----------+--------+--------+--------+--------+--------+----------------+----------+---------------+-----------+--------+--------+--------+--------+----------------+----------+---------------+--------+--------+--------+--------+--------+----------------+----------+---------------+-----------+--------+--------+--------+--------+----------------+----------+---------------+
|   2   | 0.00019800 | 0.43351 | 349.85693 | 350.29044 |   PE   |  FPE   |   MC   |   MP   |  MIB   | MeshCompletion | MeshPred | MeshInBetween |     PE    |  FPE   |   MC   |   MP   |  MIB   | MeshCompletion | MeshPred | MeshInBetween |   PE   |  FPE   |   MC   |   MP   |  MIB   | MeshCompletion | MeshPred | MeshInBetween |     PE    |  FPE   |   MC   |   MP   |  MIB   | MeshCompletion | MeshPred | MeshInBetween |
|       |            |         |           |           | 124.41 | 126.76 | 148.32 | 125.80 | 125.49 |     190.28     |  189.12  |     190.11    |   239.47  | 247.08 | 259.52 | 237.54 | 228.92 |     259.00     |  258.98  |     256.77    | 136.71 | 142.35 | 157.89 | 140.38 | 138.91 |     306.42     |  305.44  |     304.77    |   341.98  | 349.10 | 347.36 | 342.13 | 333.81 |     358.33     |  351.60  |     352.45    |
+-------+------------+---------+-----------+-----------+--------+--------+--------+--------+--------+----------------+----------+---------------+-----------+--------+--------+--------+--------+----------------+----------+---------------+--------+--------+--------+--------+--------+----------------+----------+---------------+-----------+--------+--------+--------+--------+----------------+----------+---------------+
	Saving best checkpoints: [AMASS,PE] [AMASS,FPE] [AMASS,MP] [AMASS,MIB] [AMASS,MeshCompletion] [AMASS,MeshPred] [AMASS,MeshInBetween] [H36M_MESH,PE] [H36M_MESH,FPE] [H36M_MESH,MC] [H36M_MESH,MP] [H36M_MESH,MIB] [H36M_MESH,MeshCompletion] [H36M_MESH,MeshPred] [H36M_MESH,MeshInBetween] 

[2 end] Time cost: 46.93min 	| lr: 0.00019800
[3 start]
	DDP is being applied.
	DDP is being applied.
	DDP is being applied.
	DDP is being applied.
	DDP is being applied.
	DDP is being applied.
	DDP is being applied.
	DDP is being applied.
	Iter: 59/178; time cost: 20.59min; current batch has {'AMASS': 448, 'H36M_MESH': 288} samples; batch_size (total/sub): 736/92
	Iter: 59/178; time cost: 20.59min; current batch has {'AMASS': 624, 'H36M_MESH': 112} samples; batch_size (total/sub): 736/92
	Iter: 59/178; time cost: 20.59min; current batch has {'AMASS': 568, 'H36M_MESH': 168} samples; batch_size (total/sub): 736/92
	Iter: 59/178; time cost: 13.45min; current batch has {'AMASS': 552, 'H36M_MESH': 184} samples; batch_size (total/sub): 736/92
	[check randomness] query_id: 0, prompt_id: 28884
	Iter: 118/178; time cost: 33.80min; current batch has {'AMASS': 496, 'H36M_MESH': 240} samples; batch_size (total/sub): 736/92
	Iter: 118/178; time cost: 33.80min; current batch has {'AMASS': 504, 'H36M_MESH': 232} samples; batch_size (total/sub): 736/92
	Iter: 118/178; time cost: 33.80min; current batch has {'AMASS': 528, 'H36M_MESH': 208} samples; batch_size (total/sub): 736/92
	Iter: 118/178; time cost: 26.66min; current batch has {'AMASS': 560, 'H36M_MESH': 176} samples; batch_size (total/sub): 736/92
	Evaluating [PE] on [AMASS]... costs 33.96s
	Evaluating [FPE] on [AMASS]... costs 34.15s
	Evaluating [MC] on [AMASS]... costs 35.00s
	Evaluating [MP] on [AMASS]... costs 34.06s
	Evaluating [MIB] on [AMASS]... costs 33.86s
	Evaluating [MeshCompletion] on [AMASS]... costs 33.72s
	Evaluating [MeshPred] on [AMASS]... costs 33.65s
	Evaluating [MeshInBetween] on [AMASS]... costs 33.79s
	Evaluating [PE] on [H36M_MESH]... costs 12.88s
	Evaluating [FPE] on [H36M_MESH]... costs 12.81s
	Evaluating [MC] on [H36M_MESH]... costs 12.88s
	Evaluating [MP] on [H36M_MESH]... costs 12.86s
	Evaluating [MIB] on [H36M_MESH]... costs 13.02s
	Evaluating [MeshCompletion] on [H36M_MESH]... costs 12.78s
	Evaluating [MeshPred] on [H36M_MESH]... costs 12.75s
	Evaluating [MeshInBetween] on [H36M_MESH]... costs 12.91s
+-------+------------+---------+-----------+-----------+--------+--------+--------+--------+--------+----------------+----------+---------------+-----------+--------+--------+--------+--------+----------------+----------+---------------+--------+--------+--------+--------+--------+----------------+----------+---------------+-----------+--------+--------+--------+--------+----------------+----------+---------------+
| Epoch |     lr     |  JOINT  |    MESH   |    ALL    | AMASS  |        |        |        |        |                |          |               | H36M_MESH |        |        |        |        |                |          |               | AMASS  |        |        |        |        |                |          |               | H36M_MESH |        |        |        |        |                |          |               |
+-------+------------+---------+-----------+-----------+--------+--------+--------+--------+--------+----------------+----------+---------------+-----------+--------+--------+--------+--------+----------------+----------+---------------+--------+--------+--------+--------+--------+----------------+----------+---------------+-----------+--------+--------+--------+--------+----------------+----------+---------------+
|   3   | 0.00019602 | 0.42564 | 345.29665 | 345.72229 |   PE   |  FPE   |   MC   |   MP   |  MIB   | MeshCompletion | MeshPred | MeshInBetween |     PE    |  FPE   |   MC   |   MP   |  MIB   | MeshCompletion | MeshPred | MeshInBetween |   PE   |  FPE   |   MC   |   MP   |  MIB   | MeshCompletion | MeshPred | MeshInBetween |     PE    |  FPE   |   MC   |   MP   |  MIB   | MeshCompletion | MeshPred | MeshInBetween |
|       |            |         |           |           | 135.84 | 137.67 | 162.46 | 139.43 | 139.19 |     168.26     |  170.43  |     170.41    |   242.70  | 251.27 | 262.19 | 241.96 | 231.62 |     259.54     |  261.78  |     257.70    | 137.67 | 143.60 | 162.83 | 151.35 | 145.63 |     258.42     |  264.65  |     263.89    |   340.33  | 348.31 | 346.30 | 342.50 | 331.30 |     358.13     |  352.06  |     353.56    |
+-------+------------+---------+-----------+-----------+--------+--------+--------+--------+--------+----------------+----------+---------------+-----------+--------+--------+--------+--------+----------------+----------+---------------+--------+--------+--------+--------+--------+----------------+----------+---------------+-----------+--------+--------+--------+--------+----------------+----------+---------------+
	Saving best checkpoints: [AMASS,MeshCompletion] [AMASS,MeshPred] [AMASS,MeshInBetween] 

[3 end] Time cost: 46.33min 	| lr: 0.00019602
[4 start]
	DDP is being applied.
	DDP is being applied.
	DDP is being applied.
	DDP is being applied.
	DDP is being applied.
	DDP is being applied.
	DDP is being applied.
	DDP is being applied.
	Iter: 59/178; time cost: 19.94min; current batch has {'AMASS': 536, 'H36M_MESH': 200} samples; batch_size (total/sub): 736/92
	Iter: 59/178; time cost: 19.94min; current batch has {'AMASS': 512, 'H36M_MESH': 224} samples; batch_size (total/sub): 736/92
	Iter: 59/178; time cost: 13.45min; current batch has {'AMASS': 576, 'H36M_MESH': 160} samples; batch_size (total/sub): 736/92
	Iter: 59/178; time cost: 19.94min; current batch has {'AMASS': 568, 'H36M_MESH': 168} samples; batch_size (total/sub): 736/92
	[check randomness] query_id: 0, prompt_id: 44753
	Iter: 118/178; time cost: 33.16min; current batch has {'AMASS': 552, 'H36M_MESH': 184} samples; batch_size (total/sub): 736/92
	Iter: 118/178; time cost: 33.16min; current batch has {'AMASS': 504, 'H36M_MESH': 232} samples; batch_size (total/sub): 736/92
	Iter: 118/178; time cost: 33.16min; current batch has {'AMASS': 512, 'H36M_MESH': 224} samples; batch_size (total/sub): 736/92
	Iter: 118/178; time cost: 26.67min; current batch has {'AMASS': 496, 'H36M_MESH': 240} samples; batch_size (total/sub): 736/92
	Evaluating [PE] on [AMASS]... costs 33.88s
	Evaluating [FPE] on [AMASS]... costs 33.82s
	Evaluating [MC] on [AMASS]... costs 33.84s
	Evaluating [MP] on [AMASS]... costs 33.87s
	Evaluating [MIB] on [AMASS]... costs 33.83s
	Evaluating [MeshCompletion] on [AMASS]... costs 33.60s
	Evaluating [MeshPred] on [AMASS]... costs 33.76s
	Evaluating [MeshInBetween] on [AMASS]... costs 33.63s
	Evaluating [PE] on [H36M_MESH]... costs 12.88s
	Evaluating [FPE] on [H36M_MESH]... costs 12.84s
	Evaluating [MC] on [H36M_MESH]... costs 12.91s
	Evaluating [MP] on [H36M_MESH]... costs 12.99s
	Evaluating [MIB] on [H36M_MESH]... costs 12.92s
	Evaluating [MeshCompletion] on [H36M_MESH]... costs 12.79s
	Evaluating [MeshPred] on [H36M_MESH]... costs 12.73s
	Evaluating [MeshInBetween] on [H36M_MESH]... costs 12.71s
+-------+------------+---------+-----------+-----------+--------+--------+--------+--------+--------+----------------+----------+---------------+-----------+--------+--------+--------+--------+----------------+----------+---------------+--------+--------+--------+--------+--------+----------------+----------+---------------+-----------+--------+--------+--------+--------+----------------+----------+---------------+
| Epoch |     lr     |  JOINT  |    MESH   |    ALL    | AMASS  |        |        |        |        |                |          |               | H36M_MESH |        |        |        |        |                |          |               | AMASS  |        |        |        |        |                |          |               | H36M_MESH |        |        |        |        |                |          |               |
+-------+------------+---------+-----------+-----------+--------+--------+--------+--------+--------+----------------+----------+---------------+-----------+--------+--------+--------+--------+----------------+----------+---------------+--------+--------+--------+--------+--------+----------------+----------+---------------+-----------+--------+--------+--------+--------+----------------+----------+---------------+
|   4   | 0.00019406 | 0.41113 | 337.29465 | 337.70578 |   PE   |  FPE   |   MC   |   MP   |  MIB   | MeshCompletion | MeshPred | MeshInBetween |     PE    |  FPE   |   MC   |   MP   |  MIB   | MeshCompletion | MeshPred | MeshInBetween |   PE   |  FPE   |   MC   |   MP   |  MIB   | MeshCompletion | MeshPred | MeshInBetween |     PE    |  FPE   |   MC   |   MP   |  MIB   | MeshCompletion | MeshPred | MeshInBetween |
|       |            |         |           |           | 113.53 | 118.37 | 136.11 | 117.69 | 113.61 |     170.48     |  167.03  |     166.86    |   223.75  | 234.93 | 243.07 | 225.25 | 210.62 |     241.80     |  245.53  |     240.15    | 123.16 | 132.70 | 141.17 | 131.78 | 124.18 |     243.61     |  241.83  |     240.51    |   332.19  | 340.95 | 336.61 | 332.85 | 320.53 |     347.74     |  342.80  |     343.15    |
+-------+------------+---------+-----------+-----------+--------+--------+--------+--------+--------+----------------+----------+---------------+-----------+--------+--------+--------+--------+----------------+----------+---------------+--------+--------+--------+--------+--------+----------------+----------+---------------+-----------+--------+--------+--------+--------+----------------+----------+---------------+
	Saving best checkpoints: [AMASS,PE] [AMASS,FPE] [AMASS,MC] [AMASS,MP] [AMASS,MIB] [AMASS,MeshPred] [AMASS,MeshInBetween] [H36M_MESH,PE] [H36M_MESH,FPE] [H36M_MESH,MC] [H36M_MESH,MP] [H36M_MESH,MIB] [H36M_MESH,MeshCompletion] [H36M_MESH,MeshPred] [H36M_MESH,MeshInBetween] 

[4 end] Time cost: 46.98min 	| lr: 0.00019406
[5 start]
	DDP is being applied.
	DDP is being applied.
	DDP is being applied.
	DDP is being applied.
	DDP is being applied.
	DDP is being applied.
	DDP is being applied.
	DDP is being applied.
	Iter: 59/178; time cost: 20.60min; current batch has {'AMASS': 512, 'H36M_MESH': 224} samples; batch_size (total/sub): 736/92
	Iter: 59/178; time cost: 20.60min; current batch has {'AMASS': 528, 'H36M_MESH': 208} samples; batch_size (total/sub): 736/92
	Iter: 59/178; time cost: 20.60min; current batch has {'AMASS': 560, 'H36M_MESH': 176} samples; batch_size (total/sub): 736/92
	Iter: 59/178; time cost: 13.45min; current batch has {'AMASS': 488, 'H36M_MESH': 248} samples; batch_size (total/sub): 736/92
	Iter: 118/178; time cost: 33.85min; current batch has {'AMASS': 536, 'H36M_MESH': 200} samples; batch_size (total/sub): 736/92
	Iter: 118/178; time cost: 26.69min; current batch has {'AMASS': 592, 'H36M_MESH': 144} samples; batch_size (total/sub): 736/92
	Iter: 118/178; time cost: 33.85min; current batch has {'AMASS': 552, 'H36M_MESH': 184} samples; batch_size (total/sub): 736/92
	Iter: 118/178; time cost: 33.85min; current batch has {'AMASS': 536, 'H36M_MESH': 200} samples; batch_size (total/sub): 736/92
	[check randomness] query_id: 0, prompt_id: 15733

	Epoch info dict failed to be created and saved.

	Evaluating [PE] on [AMASS]... costs 33.75s
	Evaluating [FPE] on [AMASS]... costs 33.57s
	Evaluating [MC] on [AMASS]... costs 34.55s
	Evaluating [MP] on [AMASS]... costs 33.95s
	Evaluating [MIB] on [AMASS]... costs 35.28s
	Evaluating [MeshCompletion] on [AMASS]... costs 34.26s
	Evaluating [MeshPred] on [AMASS]... costs 33.77s
	Evaluating [MeshInBetween] on [AMASS]... costs 33.84s
	Evaluating [PE] on [H36M_MESH]... costs 13.09s
	Evaluating [FPE] on [H36M_MESH]... costs 13.14s
	Evaluating [MC] on [H36M_MESH]... costs 13.09s
	Evaluating [MP] on [H36M_MESH]... costs 13.12s
	Evaluating [MIB] on [H36M_MESH]... costs 13.02s
	Evaluating [MeshCompletion] on [H36M_MESH]... costs 13.00s
	Evaluating [MeshPred] on [H36M_MESH]... costs 12.86s
	Evaluating [MeshInBetween] on [H36M_MESH]... costs 12.93s
+-------+------------+---------+-----------+-----------+--------+--------+--------+--------+--------+----------------+----------+---------------+-----------+--------+--------+--------+--------+----------------+----------+---------------+--------+--------+--------+--------+--------+----------------+----------+---------------+-----------+--------+--------+--------+--------+----------------+----------+---------------+
| Epoch |     lr     |  JOINT  |    MESH   |    ALL    | AMASS  |        |        |        |        |                |          |               | H36M_MESH |        |        |        |        |                |          |               | AMASS  |        |        |        |        |                |          |               | H36M_MESH |        |        |        |        |                |          |               |
+-------+------------+---------+-----------+-----------+--------+--------+--------+--------+--------+----------------+----------+---------------+-----------+--------+--------+--------+--------+----------------+----------+---------------+--------+--------+--------+--------+--------+----------------+----------+---------------+-----------+--------+--------+--------+--------+----------------+----------+---------------+
|   5   | 0.00019212 | 0.40168 | 331.56169 | 331.96336 |   PE   |  FPE   |   MC   |   MP   |  MIB   | MeshCompletion | MeshPred | MeshInBetween |     PE    |  FPE   |   MC   |   MP   |  MIB   | MeshCompletion | MeshPred | MeshInBetween |   PE   |  FPE   |   MC   |   MP   |  MIB   | MeshCompletion | MeshPred | MeshInBetween |     PE    |  FPE   |   MC   |   MP   |  MIB   | MeshCompletion | MeshPred | MeshInBetween |
|       |            |         |           |           | 106.87 | 111.51 | 129.93 | 111.09 | 106.97 |     124.25     |  125.90  |     122.25    |   225.43  | 235.57 | 243.72 | 224.28 | 209.74 |     240.95     |  246.63  |     241.54    | 123.45 | 134.07 | 141.59 | 132.14 | 121.83 |     161.67     |  161.01  |     154.82    |   332.44  | 342.48 | 335.44 | 331.42 | 316.04 |     348.44     |  345.47  |     343.85    |
+-------+------------+---------+-----------+-----------+--------+--------+--------+--------+--------+----------------+----------+---------------+-----------+--------+--------+--------+--------+----------------+----------+---------------+--------+--------+--------+--------+--------+----------------+----------+---------------+-----------+--------+--------+--------+--------+----------------+----------+---------------+
	Saving best checkpoints: [AMASS,PE] [AMASS,FPE] [AMASS,MC] [AMASS,MP] [AMASS,MIB] [AMASS,MeshCompletion] [AMASS,MeshPred] [AMASS,MeshInBetween] [H36M_MESH,MP] [H36M_MESH,MIB] [H36M_MESH,MeshCompletion] 

[5 end] Time cost: 46.84min 	| lr: 0.00019212
[6 start]
	DDP is being applied.
	DDP is being applied.
	DDP is being applied.
	DDP is being applied.
	DDP is being applied.
	DDP is being applied.
	DDP is being applied.
	DDP is being applied.
	Iter: 59/178; time cost: 20.45min; current batch has {'AMASS': 536, 'H36M_MESH': 200} samples; batch_size (total/sub): 736/92
	Iter: 59/178; time cost: 20.45min; current batch has {'AMASS': 512, 'H36M_MESH': 224} samples; batch_size (total/sub): 736/92
	Iter: 59/178; time cost: 13.46min; current batch has {'AMASS': 520, 'H36M_MESH': 216} samples; batch_size (total/sub): 736/92
	Iter: 59/178; time cost: 20.45min; current batch has {'AMASS': 528, 'H36M_MESH': 208} samples; batch_size (total/sub): 736/92
	Iter: 118/178; time cost: 33.69min; current batch has {'AMASS': 520, 'H36M_MESH': 216} samples; batch_size (total/sub): 736/92
	Iter: 118/178; time cost: 33.69min; current batch has {'AMASS': 512, 'H36M_MESH': 224} samples; batch_size (total/sub): 736/92
	Iter: 118/178; time cost: 26.70min; current batch has {'AMASS': 512, 'H36M_MESH': 224} samples; batch_size (total/sub): 736/92
	Iter: 118/178; time cost: 33.69min; current batch has {'AMASS': 560, 'H36M_MESH': 176} samples; batch_size (total/sub): 736/92
	[check randomness] query_id: 0, prompt_id: 19485
	Evaluating [PE] on [AMASS]... costs 34.05s
	Evaluating [FPE] on [AMASS]... costs 33.93s
	Evaluating [MC] on [AMASS]... costs 34.22s
	Evaluating [MP] on [AMASS]... costs 33.78s
	Evaluating [MIB] on [AMASS]... costs 34.16s
	Evaluating [MeshCompletion] on [AMASS]... costs 34.01s
	Evaluating [MeshPred] on [AMASS]... costs 33.59s
	Evaluating [MeshInBetween] on [AMASS]... costs 33.68s
	Evaluating [PE] on [H36M_MESH]... costs 13.01s
	Evaluating [FPE] on [H36M_MESH]... costs 12.92s
	Evaluating [MC] on [H36M_MESH]... costs 12.97s
	Evaluating [MP] on [H36M_MESH]... costs 12.92s
	Evaluating [MIB] on [H36M_MESH]... costs 12.96s
	Evaluating [MeshCompletion] on [H36M_MESH]... costs 13.00s
	Evaluating [MeshPred] on [H36M_MESH]... costs 12.90s
	Evaluating [MeshInBetween] on [H36M_MESH]... costs 12.90s
+-------+------------+---------+-----------+-----------+--------+--------+--------+--------+--------+----------------+----------+---------------+-----------+--------+--------+--------+--------+----------------+----------+---------------+--------+--------+--------+--------+--------+----------------+----------+---------------+-----------+--------+--------+--------+--------+----------------+----------+---------------+
| Epoch |     lr     |  JOINT  |    MESH   |    ALL    | AMASS  |        |        |        |        |                |          |               | H36M_MESH |        |        |        |        |                |          |               | AMASS  |        |        |        |        |                |          |               | H36M_MESH |        |        |        |        |                |          |               |
+-------+------------+---------+-----------+-----------+--------+--------+--------+--------+--------+----------------+----------+---------------+-----------+--------+--------+--------+--------+----------------+----------+---------------+--------+--------+--------+--------+--------+----------------+----------+---------------+-----------+--------+--------+--------+--------+----------------+----------+---------------+
|   6   | 0.00019020 | 0.39723 | 328.56746 | 328.96469 |   PE   |  FPE   |   MC   |   MP   |  MIB   | MeshCompletion | MeshPred | MeshInBetween |     PE    |  FPE   |   MC   |   MP   |  MIB   | MeshCompletion | MeshPred | MeshInBetween |   PE   |  FPE   |   MC   |   MP   |  MIB   | MeshCompletion | MeshPred | MeshInBetween |     PE    |  FPE   |   MC   |   MP   |  MIB   | MeshCompletion | MeshPred | MeshInBetween |
|       |            |         |           |           | 110.27 | 115.79 | 139.19 | 115.22 | 110.37 |     122.89     |  123.44  |     119.36    |   223.39  | 237.02 | 243.85 | 225.81 | 210.12 |     250.13     |  254.02  |     249.47    | 120.24 | 132.15 | 143.50 | 130.97 | 119.90 |     141.40     |  138.08  |     128.87    |   331.90  | 344.11 | 336.09 | 332.84 | 317.78 |     349.76     |  347.42  |     345.20    |
+-------+------------+---------+-----------+-----------+--------+--------+--------+--------+--------+----------------+----------+---------------+-----------+--------+--------+--------+--------+----------------+----------+---------------+--------+--------+--------+--------+--------+----------------+----------+---------------+-----------+--------+--------+--------+--------+----------------+----------+---------------+
	Saving best checkpoints: [AMASS,MeshCompletion] [AMASS,MeshPred] [AMASS,MeshInBetween] [H36M_MESH,PE] 

[6 end] Time cost: 46.42min 	| lr: 0.00019020
[7 start]
	DDP is being applied.
	DDP is being applied.
	DDP is being applied.
	DDP is being applied.
	DDP is being applied.
	DDP is being applied.
	DDP is being applied.
	DDP is being applied.
	Iter: 59/178; time cost: 20.03min; current batch has {'AMASS': 472, 'H36M_MESH': 264} samples; batch_size (total/sub): 736/92
	Iter: 59/178; time cost: 20.02min; current batch has {'AMASS': 528, 'H36M_MESH': 208} samples; batch_size (total/sub): 736/92
	Iter: 59/178; time cost: 13.46min; current batch has {'AMASS': 544, 'H36M_MESH': 192} samples; batch_size (total/sub): 736/92
	Iter: 59/178; time cost: 20.03min; current batch has {'AMASS': 512, 'H36M_MESH': 224} samples; batch_size (total/sub): 736/92
	Iter: 118/178; time cost: 26.68min; current batch has {'AMASS': 472, 'H36M_MESH': 264} samples; batch_size (total/sub): 736/92
	Iter: 118/178; time cost: 33.23min; current batch has {'AMASS': 528, 'H36M_MESH': 208} samples; batch_size (total/sub): 736/92
	Iter: 118/178; time cost: 33.25min; current batch has {'AMASS': 528, 'H36M_MESH': 208} samples; batch_size (total/sub): 736/92
	Iter: 118/178; time cost: 33.25min; current batch has {'AMASS': 504, 'H36M_MESH': 232} samples; batch_size (total/sub): 736/92
	[check randomness] query_id: 0, prompt_id: 37636
	Evaluating [PE] on [AMASS]... costs 34.53s
	Evaluating [FPE] on [AMASS]... costs 34.32s
	Evaluating [MC] on [AMASS]... costs 34.17s
	Evaluating [MP] on [AMASS]... costs 33.29s
	Evaluating [MIB] on [AMASS]... costs 33.47s
	Evaluating [MeshCompletion] on [AMASS]... costs 33.12s
	Evaluating [MeshPred] on [AMASS]... costs 33.06s
	Evaluating [MeshInBetween] on [AMASS]... costs 33.38s
	Evaluating [PE] on [H36M_MESH]... costs 12.72s
	Evaluating [FPE] on [H36M_MESH]... costs 12.69s
	Evaluating [MC] on [H36M_MESH]... costs 12.76s
	Evaluating [MP] on [H36M_MESH]... costs 12.91s
	Evaluating [MIB] on [H36M_MESH]... costs 12.74s
	Evaluating [MeshCompletion] on [H36M_MESH]... costs 12.64s
	Evaluating [MeshPred] on [H36M_MESH]... costs 12.59s
	Evaluating [MeshInBetween] on [H36M_MESH]... costs 12.68s
+-------+------------+---------+-----------+-----------+--------+--------+--------+--------+--------+----------------+----------+---------------+-----------+--------+--------+--------+--------+----------------+----------+---------------+--------+--------+--------+--------+--------+----------------+----------+---------------+-----------+--------+--------+--------+--------+----------------+----------+---------------+
| Epoch |     lr     |  JOINT  |    MESH   |    ALL    | AMASS  |        |        |        |        |                |          |               | H36M_MESH |        |        |        |        |                |          |               | AMASS  |        |        |        |        |                |          |               | H36M_MESH |        |        |        |        |                |          |               |
+-------+------------+---------+-----------+-----------+--------+--------+--------+--------+--------+----------------+----------+---------------+-----------+--------+--------+--------+--------+----------------+----------+---------------+--------+--------+--------+--------+--------+----------------+----------+---------------+-----------+--------+--------+--------+--------+----------------+----------+---------------+
|   7   | 0.00018830 | 0.38901 | 323.98746 | 324.37647 |   PE   |  FPE   |   MC   |   MP   |  MIB   | MeshCompletion | MeshPred | MeshInBetween |     PE    |  FPE   |   MC   |   MP   |  MIB   | MeshCompletion | MeshPred | MeshInBetween |   PE   |  FPE   |   MC   |   MP   |  MIB   | MeshCompletion | MeshPred | MeshInBetween |     PE    |  FPE   |   MC   |   MP   |  MIB   | MeshCompletion | MeshPred | MeshInBetween |
|       |            |         |           |           | 121.74 | 127.72 | 148.47 | 126.99 | 121.81 |     142.12     |  140.99  |     137.80    |   229.62  | 240.23 | 249.30 | 231.57 | 217.97 |     248.37     |  255.96  |     250.25    | 120.38 | 133.76 | 145.37 | 133.87 | 121.14 |     143.71     |  139.06  |     130.19    |   324.28  | 335.85 | 331.55 | 326.44 | 308.66 |     332.83     |  334.21  |     328.97    |
+-------+------------+---------+-----------+-----------+--------+--------+--------+--------+--------+----------------+----------+---------------+-----------+--------+--------+--------+--------+----------------+----------+---------------+--------+--------+--------+--------+--------+----------------+----------+---------------+-----------+--------+--------+--------+--------+----------------+----------+---------------+
	Saving best checkpoints: 

[7 end] Time cost: 46.10min 	| lr: 0.00018830
[8 start]
	DDP is being applied.
	DDP is being applied.
	DDP is being applied.
	DDP is being applied.
	DDP is being applied.
	DDP is being applied.
	DDP is being applied.
	DDP is being applied.
	Iter: 59/178; time cost: 19.72min; current batch has {'AMASS': 536, 'H36M_MESH': 200} samples; batch_size (total/sub): 736/92
	Iter: 59/178; time cost: 19.72min; current batch has {'AMASS': 520, 'H36M_MESH': 216} samples; batch_size (total/sub): 736/92
	Iter: 59/178; time cost: 19.73min; current batch has {'AMASS': 544, 'H36M_MESH': 192} samples; batch_size (total/sub): 736/92
	Iter: 59/178; time cost: 13.48min; current batch has {'AMASS': 528, 'H36M_MESH': 208} samples; batch_size (total/sub): 736/92
	[check randomness] query_id: 0, prompt_id: 1072
	Iter: 118/178; time cost: 32.98min; current batch has {'AMASS': 496, 'H36M_MESH': 240} samples; batch_size (total/sub): 736/92
	Iter: 118/178; time cost: 32.98min; current batch has {'AMASS': 480, 'H36M_MESH': 256} samples; batch_size (total/sub): 736/92
	Iter: 118/178; time cost: 32.98min; current batch has {'AMASS': 584, 'H36M_MESH': 152} samples; batch_size (total/sub): 736/92
	Iter: 118/178; time cost: 26.73min; current batch has {'AMASS': 512, 'H36M_MESH': 224} samples; batch_size (total/sub): 736/92
	Evaluating [PE] on [AMASS]... costs 33.97s
	Evaluating [FPE] on [AMASS]... costs 33.48s
	Evaluating [MC] on [AMASS]... costs 33.78s
	Evaluating [MP] on [AMASS]... costs 33.74s
	Evaluating [MIB] on [AMASS]... costs 33.91s
	Evaluating [MeshCompletion] on [AMASS]... costs 33.59s
	Evaluating [MeshPred] on [AMASS]... costs 33.46s
	Evaluating [MeshInBetween] on [AMASS]... costs 33.39s
	Evaluating [PE] on [H36M_MESH]... costs 12.81s
	Evaluating [FPE] on [H36M_MESH]... costs 12.77s
	Evaluating [MC] on [H36M_MESH]... costs 13.03s
	Evaluating [MP] on [H36M_MESH]... costs 12.87s
	Evaluating [MIB] on [H36M_MESH]... costs 12.77s
	Evaluating [MeshCompletion] on [H36M_MESH]... costs 12.70s
	Evaluating [MeshPred] on [H36M_MESH]... costs 12.82s
	Evaluating [MeshInBetween] on [H36M_MESH]... costs 12.71s
+-------+------------+---------+-----------+-----------+--------+--------+--------+--------+--------+----------------+----------+---------------+-----------+--------+--------+--------+--------+----------------+----------+---------------+--------+--------+--------+--------+--------+----------------+----------+---------------+-----------+--------+--------+--------+--------+----------------+----------+---------------+
| Epoch |     lr     |  JOINT  |    MESH   |    ALL    | AMASS  |        |        |        |        |                |          |               | H36M_MESH |        |        |        |        |                |          |               | AMASS  |        |        |        |        |                |          |               | H36M_MESH |        |        |        |        |                |          |               |
+-------+------------+---------+-----------+-----------+--------+--------+--------+--------+--------+----------------+----------+---------------+-----------+--------+--------+--------+--------+----------------+----------+---------------+--------+--------+--------+--------+--------+----------------+----------+---------------+-----------+--------+--------+--------+--------+----------------+----------+---------------+
|   8   | 0.00018641 | 0.37806 | 317.42176 | 317.79981 |   PE   |  FPE   |   MC   |   MP   |  MIB   | MeshCompletion | MeshPred | MeshInBetween |     PE    |  FPE   |   MC   |   MP   |  MIB   | MeshCompletion | MeshPred | MeshInBetween |   PE   |  FPE   |   MC   |   MP   |  MIB   | MeshCompletion | MeshPred | MeshInBetween |     PE    |  FPE   |   MC   |   MP   |  MIB   | MeshCompletion | MeshPred | MeshInBetween |
|       |            |         |           |           | 107.14 | 114.70 | 137.61 | 115.73 | 108.97 |     121.49     |  121.82  |     116.36    |   217.64  | 229.86 | 233.41 | 215.44 | 198.61 |     214.24     |  224.15  |     209.43    | 119.65 | 133.71 | 148.56 | 133.04 | 119.65 |     127.57     |  127.23  |     114.06    |   315.20  | 330.96 | 310.59 | 305.10 | 280.13 |     266.93     |  283.01  |     254.88    |
+-------+------------+---------+-----------+-----------+--------+--------+--------+--------+--------+----------------+----------+---------------+-----------+--------+--------+--------+--------+----------------+----------+---------------+--------+--------+--------+--------+--------+----------------+----------+---------------+-----------+--------+--------+--------+--------+----------------+----------+---------------+
	Saving best checkpoints: [AMASS,MeshCompletion] [AMASS,MeshPred] [AMASS,MeshInBetween] [H36M_MESH,PE] [H36M_MESH,FPE] [H36M_MESH,MC] [H36M_MESH,MP] [H36M_MESH,MIB] [H36M_MESH,MeshCompletion] [H36M_MESH,MeshPred] [H36M_MESH,MeshInBetween] 

[8 end] Time cost: 46.83min 	| lr: 0.00018641
[9 start]
	DDP is being applied.
	DDP is being applied.
	DDP is being applied.
	DDP is being applied.
	DDP is being applied.
	DDP is being applied.
	DDP is being applied.
	DDP is being applied.
	Iter: 59/178; time cost: 20.36min; current batch has {'AMASS': 496, 'H36M_MESH': 240} samples; batch_size (total/sub): 736/92	Iter: 59/178; time cost: 20.36min; current batch has {'AMASS': 504, 'H36M_MESH': 232} samples; batch_size (total/sub): 736/92

	Iter: 59/178; time cost: 13.46min; current batch has {'AMASS': 576, 'H36M_MESH': 160} samples; batch_size (total/sub): 736/92
	Iter: 59/178; time cost: 20.36min; current batch has {'AMASS': 512, 'H36M_MESH': 224} samples; batch_size (total/sub): 736/92
	Iter: 118/178; time cost: 33.61min; current batch has {'AMASS': 568, 'H36M_MESH': 168} samples; batch_size (total/sub): 736/92
	Iter: 118/178; time cost: 33.62min; current batch has {'AMASS': 528, 'H36M_MESH': 208} samples; batch_size (total/sub): 736/92
	Iter: 118/178; time cost: 26.71min; current batch has {'AMASS': 528, 'H36M_MESH': 208} samples; batch_size (total/sub): 736/92
	Iter: 118/178; time cost: 33.62min; current batch has {'AMASS': 552, 'H36M_MESH': 184} samples; batch_size (total/sub): 736/92
	[check randomness] query_id: 0, prompt_id: 41995
	Evaluating [PE] on [AMASS]... costs 34.06s
	Evaluating [FPE] on [AMASS]... costs 33.51s
	Evaluating [MC] on [AMASS]... costs 33.68s
	Evaluating [MP] on [AMASS]... costs 33.47s
	Evaluating [MIB] on [AMASS]... costs 33.39s
	Evaluating [MeshCompletion] on [AMASS]... costs 33.42s
	Evaluating [MeshPred] on [AMASS]... costs 33.84s
	Evaluating [MeshInBetween] on [AMASS]... costs 33.10s
	Evaluating [PE] on [H36M_MESH]... costs 12.83s
	Evaluating [FPE] on [H36M_MESH]... costs 12.72s
	Evaluating [MC] on [H36M_MESH]... costs 12.77s
	Evaluating [MP] on [H36M_MESH]... costs 12.69s
	Evaluating [MIB] on [H36M_MESH]... costs 12.77s
	Evaluating [MeshCompletion] on [H36M_MESH]... costs 12.70s
	Evaluating [MeshPred] on [H36M_MESH]... costs 13.05s
	Evaluating [MeshInBetween] on [H36M_MESH]... costs 12.93s
+-------+------------+---------+-----------+-----------+--------+--------+--------+--------+--------+----------------+----------+---------------+-----------+--------+--------+--------+--------+----------------+----------+---------------+--------+--------+--------+--------+--------+----------------+----------+---------------+-----------+--------+--------+--------+--------+----------------+----------+---------------+
| Epoch |     lr     |  JOINT  |    MESH   |    ALL    | AMASS  |        |        |        |        |                |          |               | H36M_MESH |        |        |        |        |                |          |               | AMASS  |        |        |        |        |                |          |               | H36M_MESH |        |        |        |        |                |          |               |
+-------+------------+---------+-----------+-----------+--------+--------+--------+--------+--------+----------------+----------+---------------+-----------+--------+--------+--------+--------+----------------+----------+---------------+--------+--------+--------+--------+--------+----------------+----------+---------------+-----------+--------+--------+--------+--------+----------------+----------+---------------+
|   9   | 0.00018455 | 0.36909 | 310.62083 | 310.98992 |   PE   |  FPE   |   MC   |   MP   |  MIB   | MeshCompletion | MeshPred | MeshInBetween |     PE    |  FPE   |   MC   |   MP   |  MIB   | MeshCompletion | MeshPred | MeshInBetween |   PE   |  FPE   |   MC   |   MP   |  MIB   | MeshCompletion | MeshPred | MeshInBetween |     PE    |  FPE   |   MC   |   MP   |  MIB   | MeshCompletion | MeshPred | MeshInBetween |
|       |            |         |           |           | 107.22 | 118.09 | 137.44 | 118.00 | 107.63 |     120.73     |  121.42  |     114.66    |   210.96  | 226.89 | 242.60 | 224.47 | 208.55 |     223.44     |  234.04  |     221.68    | 107.71 | 125.56 | 132.72 | 124.13 | 106.43 |     126.59     |  123.82  |     111.41    |   223.48  | 256.46 | 246.22 | 253.01 | 221.63 |     249.41     |  263.03  |     239.82    |
+-------+------------+---------+-----------+-----------+--------+--------+--------+--------+--------+----------------+----------+---------------+-----------+--------+--------+--------+--------+----------------+----------+---------------+--------+--------+--------+--------+--------+----------------+----------+---------------+-----------+--------+--------+--------+--------+----------------+----------+---------------+
	Saving best checkpoints: [AMASS,MeshCompletion] [AMASS,MeshPred] [AMASS,MeshInBetween] [H36M_MESH,PE] [H36M_MESH,FPE] 

[9 end] Time cost: 46.44min 	| lr: 0.00018455
[10 start]
	DDP is being applied.
	DDP is being applied.
	DDP is being applied.
	DDP is being applied.
	DDP is being applied.
	DDP is being applied.
	DDP is being applied.
	DDP is being applied.
	Iter: 59/178; time cost: 20.03min; current batch has {'AMASS': 576, 'H36M_MESH': 160} samples; batch_size (total/sub): 736/92
	Iter: 59/178; time cost: 20.03min; current batch has {'AMASS': 544, 'H36M_MESH': 192} samples; batch_size (total/sub): 736/92
	Iter: 59/178; time cost: 13.48min; current batch has {'AMASS': 504, 'H36M_MESH': 232} samples; batch_size (total/sub): 736/92
	Iter: 59/178; time cost: 20.03min; current batch has {'AMASS': 568, 'H36M_MESH': 168} samples; batch_size (total/sub): 736/92
	[check randomness] query_id: 0, prompt_id: 8723
	Iter: 118/178; time cost: 33.30min; current batch has {'AMASS': 512, 'H36M_MESH': 224} samples; batch_size (total/sub): 736/92
	Iter: 118/178; time cost: 33.30min; current batch has {'AMASS': 472, 'H36M_MESH': 264} samples; batch_size (total/sub): 736/92
	Iter: 118/178; time cost: 26.76min; current batch has {'AMASS': 536, 'H36M_MESH': 200} samples; batch_size (total/sub): 736/92
	Iter: 118/178; time cost: 33.30min; current batch has {'AMASS': 504, 'H36M_MESH': 232} samples; batch_size (total/sub): 736/92
	Evaluating [PE] on [AMASS]... costs 33.94s
	Evaluating [FPE] on [AMASS]... costs 33.64s
	Evaluating [MC] on [AMASS]... costs 33.86s
	Evaluating [MP] on [AMASS]... costs 33.50s
	Evaluating [MIB] on [AMASS]... costs 33.43s
	Evaluating [MeshCompletion] on [AMASS]... costs 33.16s
	Evaluating [MeshPred] on [AMASS]... costs 33.69s
	Evaluating [MeshInBetween] on [AMASS]... costs 33.21s
	Evaluating [PE] on [H36M_MESH]... costs 12.72s
	Evaluating [FPE] on [H36M_MESH]... costs 12.79s
	Evaluating [MC] on [H36M_MESH]... costs 12.81s
	Evaluating [MP] on [H36M_MESH]... costs 12.85s
	Evaluating [MIB] on [H36M_MESH]... costs 12.80s
	Evaluating [MeshCompletion] on [H36M_MESH]... costs 12.72s
	Evaluating [MeshPred] on [H36M_MESH]... costs 12.68s
	Evaluating [MeshInBetween] on [H36M_MESH]... costs 12.71s
+-------+------------+---------+-----------+-----------+-------+--------+--------+--------+--------+----------------+----------+---------------+-----------+--------+--------+--------+--------+----------------+----------+---------------+--------+--------+--------+--------+--------+----------------+----------+---------------+-----------+--------+--------+--------+--------+----------------+----------+---------------+
| Epoch |     lr     |  JOINT  |    MESH   |    ALL    | AMASS |        |        |        |        |                |          |               | H36M_MESH |        |        |        |        |                |          |               | AMASS  |        |        |        |        |                |          |               | H36M_MESH |        |        |        |        |                |          |               |
+-------+------------+---------+-----------+-----------+-------+--------+--------+--------+--------+----------------+----------+---------------+-----------+--------+--------+--------+--------+----------------+----------+---------------+--------+--------+--------+--------+--------+----------------+----------+---------------+-----------+--------+--------+--------+--------+----------------+----------+---------------+
|   10  | 0.00018270 | 0.35715 | 303.63753 | 303.99468 |   PE  |  FPE   |   MC   |   MP   |  MIB   | MeshCompletion | MeshPred | MeshInBetween |     PE    |  FPE   |   MC   |   MP   |  MIB   | MeshCompletion | MeshPred | MeshInBetween |   PE   |  FPE   |   MC   |   MP   |  MIB   | MeshCompletion | MeshPred | MeshInBetween |     PE    |  FPE   |   MC   |   MP   |  MIB   | MeshCompletion | MeshPred | MeshInBetween |
|       |            |         |           |           | 97.48 | 107.23 | 124.14 | 106.26 | 97.37  |     110.03     |  108.93  |     102.56    |   183.98  | 203.61 | 208.88 | 198.09 | 178.15 |     197.12     |  206.75  |     190.16    | 103.96 | 119.56 | 125.17 | 117.82 | 103.17 |     122.90     |  120.82  |     109.46    |   222.73  | 252.90 | 236.78 | 247.54 | 215.67 |     252.80     |  263.71  |     237.62    |
+-------+------------+---------+-----------+-----------+-------+--------+--------+--------+--------+----------------+----------+---------------+-----------+--------+--------+--------+--------+----------------+----------+---------------+--------+--------+--------+--------+--------+----------------+----------+---------------+-----------+--------+--------+--------+--------+----------------+----------+---------------+
	Saving best checkpoints: [AMASS,PE] [AMASS,FPE] [AMASS,MC] [AMASS,MP] [AMASS,MIB] [AMASS,MeshCompletion] [AMASS,MeshPred] [AMASS,MeshInBetween] [H36M_MESH,PE] [H36M_MESH,FPE] [H36M_MESH,MC] [H36M_MESH,MP] [H36M_MESH,MIB] [H36M_MESH,MeshCompletion] [H36M_MESH,MeshPred] [H36M_MESH,MeshInBetween] 

[10 end] Time cost: 47.11min 	| lr: 0.00018270
[11 start]
	DDP is being applied.
	DDP is being applied.
	DDP is being applied.
	DDP is being applied.
	DDP is being applied.
	DDP is being applied.
	DDP is being applied.
	DDP is being applied.
	Iter: 59/178; time cost: 20.63min; current batch has {'AMASS': 520, 'H36M_MESH': 216} samples; batch_size (total/sub): 736/92
	Iter: 59/178; time cost: 20.63min; current batch has {'AMASS': 544, 'H36M_MESH': 192} samples; batch_size (total/sub): 736/92
	Iter: 59/178; time cost: 13.46min; current batch has {'AMASS': 552, 'H36M_MESH': 184} samples; batch_size (total/sub): 736/92
	Iter: 59/178; time cost: 20.63min; current batch has {'AMASS': 512, 'H36M_MESH': 224} samples; batch_size (total/sub): 736/92
	[check randomness] query_id: 0, prompt_id: 9044
	Iter: 118/178; time cost: 33.88min; current batch has {'AMASS': 480, 'H36M_MESH': 256} samples; batch_size (total/sub): 736/92
	Iter: 118/178; time cost: 33.88min; current batch has {'AMASS': 480, 'H36M_MESH': 256} samples; batch_size (total/sub): 736/92
	Iter: 118/178; time cost: 33.88min; current batch has {'AMASS': 536, 'H36M_MESH': 200} samples; batch_size (total/sub): 736/92
	Iter: 118/178; time cost: 26.71min; current batch has {'AMASS': 560, 'H36M_MESH': 176} samples; batch_size (total/sub): 736/92
	Evaluating [PE] on [AMASS]... costs 34.28s
	Evaluating [FPE] on [AMASS]... costs 33.76s
	Evaluating [MC] on [AMASS]... costs 33.62s
	Evaluating [MP] on [AMASS]... costs 33.63s
	Evaluating [MIB] on [AMASS]... costs 33.85s
	Evaluating [MeshCompletion] on [AMASS]... costs 33.75s
	Evaluating [MeshPred] on [AMASS]... costs 33.58s
	Evaluating [MeshInBetween] on [AMASS]... costs 33.67s
	Evaluating [PE] on [H36M_MESH]... costs 12.94s
	Evaluating [FPE] on [H36M_MESH]... costs 12.87s
	Evaluating [MC] on [H36M_MESH]... costs 12.90s
	Evaluating [MP] on [H36M_MESH]... costs 12.87s
	Evaluating [MIB] on [H36M_MESH]... costs 12.97s
	Evaluating [MeshCompletion] on [H36M_MESH]... costs 12.84s
	Evaluating [MeshPred] on [H36M_MESH]... costs 12.68s
	Evaluating [MeshInBetween] on [H36M_MESH]... costs 12.71s
+-------+------------+---------+-----------+-----------+-------+--------+--------+--------+--------+----------------+----------+---------------+-----------+--------+--------+--------+--------+----------------+----------+---------------+--------+--------+--------+--------+--------+----------------+----------+---------------+-----------+--------+--------+--------+--------+----------------+----------+---------------+
| Epoch |     lr     |  JOINT  |    MESH   |    ALL    | AMASS |        |        |        |        |                |          |               | H36M_MESH |        |        |        |        |                |          |               | AMASS  |        |        |        |        |                |          |               | H36M_MESH |        |        |        |        |                |          |               |
+-------+------------+---------+-----------+-----------+-------+--------+--------+--------+--------+----------------+----------+---------------+-----------+--------+--------+--------+--------+----------------+----------+---------------+--------+--------+--------+--------+--------+----------------+----------+---------------+-----------+--------+--------+--------+--------+----------------+----------+---------------+
|   11  | 0.00018088 | 0.35369 | 301.66761 | 302.02130 |   PE  |  FPE   |   MC   |   MP   |  MIB   | MeshCompletion | MeshPred | MeshInBetween |     PE    |  FPE   |   MC   |   MP   |  MIB   | MeshCompletion | MeshPred | MeshInBetween |   PE   |  FPE   |   MC   |   MP   |  MIB   | MeshCompletion | MeshPred | MeshInBetween |     PE    |  FPE   |   MC   |   MP   |  MIB   | MeshCompletion | MeshPred | MeshInBetween |
|       |            |         |           |           | 93.66 | 102.35 | 120.65 | 100.92 | 92.78  |     107.07     |  105.92  |     100.19    |   180.11  | 196.63 | 206.09 | 193.43 | 176.76 |     194.67     |  204.61  |     200.87    | 103.17 | 115.57 | 123.78 | 113.98 | 101.90 |     125.99     |  120.72  |     111.31    |   221.74  | 248.27 | 238.18 | 244.53 | 217.42 |     247.81     |  256.52  |     251.13    |
+-------+------------+---------+-----------+-----------+-------+--------+--------+--------+--------+----------------+----------+---------------+-----------+--------+--------+--------+--------+----------------+----------+---------------+--------+--------+--------+--------+--------+----------------+----------+---------------+-----------+--------+--------+--------+--------+----------------+----------+---------------+
	Saving best checkpoints: [AMASS,PE] [AMASS,FPE] [AMASS,MC] [AMASS,MP] [AMASS,MIB] [AMASS,MeshCompletion] [AMASS,MeshPred] [AMASS,MeshInBetween] [H36M_MESH,PE] [H36M_MESH,FPE] [H36M_MESH,MC] [H36M_MESH,MP] [H36M_MESH,MIB] [H36M_MESH,MeshCompletion] [H36M_MESH,MeshPred] 

[11 end] Time cost: 47.01min 	| lr: 0.00018088
[12 start]
	DDP is being applied.
	DDP is being applied.
	DDP is being applied.
	DDP is being applied.
	DDP is being applied.
	DDP is being applied.
	DDP is being applied.
	DDP is being applied.
	[check randomness] query_id: 0, prompt_id: 11907
	Iter: 59/178; time cost: 20.62min; current batch has {'AMASS': 552, 'H36M_MESH': 184} samples; batch_size (total/sub): 736/92
	Iter: 59/178; time cost: 20.62min; current batch has {'AMASS': 536, 'H36M_MESH': 200} samples; batch_size (total/sub): 736/92
	Iter: 59/178; time cost: 20.63min; current batch has {'AMASS': 456, 'H36M_MESH': 280} samples; batch_size (total/sub): 736/92
	Iter: 59/178; time cost: 13.48min; current batch has {'AMASS': 536, 'H36M_MESH': 200} samples; batch_size (total/sub): 736/92
	Iter: 118/178; time cost: 33.88min; current batch has {'AMASS': 568, 'H36M_MESH': 168} samples; batch_size (total/sub): 736/92
	Iter: 118/178; time cost: 33.88min; current batch has {'AMASS': 536, 'H36M_MESH': 200} samples; batch_size (total/sub): 736/92
	Iter: 118/178; time cost: 26.73min; current batch has {'AMASS': 544, 'H36M_MESH': 192} samples; batch_size (total/sub): 736/92
	Iter: 118/178; time cost: 33.88min; current batch has {'AMASS': 488, 'H36M_MESH': 248} samples; batch_size (total/sub): 736/92
[12 end] Time cost: 39.98min 	| lr: 0.00017907
[13 start]
	DDP is being applied.
	DDP is being applied.
	DDP is being applied.
	DDP is being applied.
	DDP is being applied.
	DDP is being applied.
	DDP is being applied.
	DDP is being applied.
	[check randomness] query_id: 0, prompt_id: 44841
	Iter: 59/178; time cost: 13.45min; current batch has {'AMASS': 496, 'H36M_MESH': 240} samples; batch_size (total/sub): 736/92
	Iter: 59/178; time cost: 13.51min; current batch has {'AMASS': 584, 'H36M_MESH': 152} samples; batch_size (total/sub): 736/92
	Iter: 59/178; time cost: 13.51min; current batch has {'AMASS': 496, 'H36M_MESH': 240} samples; batch_size (total/sub): 736/92
	Iter: 59/178; time cost: 13.52min; current batch has {'AMASS': 504, 'H36M_MESH': 232} samples; batch_size (total/sub): 736/92
/home/wxs/anaconda3/envs/mdm/lib/python3.7/multiprocessing/semaphore_tracker.py:144: UserWarning: semaphore_tracker: There appear to be 3 leaked semaphores to clean up at shutdown
  len(cache))
/home/wxs/anaconda3/envs/mdm/lib/python3.7/multiprocessing/semaphore_tracker.py:144: UserWarning: semaphore_tracker: There appear to be 8 leaked semaphores to clean up at shutdown
  len(cache))
