Training on 4 tasks: ['PE', 'MP', 'MC', 'FPE']

Configs: {'tasks': ['PE', 'MP', 'MC', 'FPE'], 'task_to_flag': {'PE': 0, 'MP': 1, 'FPE': 2, 'MC': 3, '2DAR': 4, 'AR': 5}, 'flag_to_task': {'0': 'PE', '1': 'MP', '2': 'FPE', '3': 'MC', '4': '2DAR', '5': 'AR'}, 'task_metrics': {'PE': ['PE e1', 'PE e2'], 'MP': ['MP'], 'FPE': ['FPE'], 'MC': ['MC'], '2DAR': ['2DAR'], 'AR': ['AR']}, 'func_ver': {'dataset_action_recognition': None, 'evaluate_action_recognition': None, 'train_epoch_action_recognition': None, 'dataset_non_AR': 0, 'evaluate_non_AR': 0, 'train_epoch_non_AR': 0, 'model_name': 'M09_MixSTE_v0_1'}, 'use_partial_data': False, 'partial_data': {'datasets': {'PE': None, 'MP': None, 'FPE': None, 'MC': None}, 'train_stride': None, 'sample_stride': None, 'clip_len': None, 'num_joints': None, 'drop_ratios_MC': None, 'root_path': None, 'source_file_h36m': None, 'clip_len_2DAR': None, 'batch_size_2DAR': None, 'label_stride_2DAR': None}, 'full_data': {'datasets': {'PE': 'H36M', 'MP': 'AMASS', 'FPE': 'H36M_FPE', 'MC': '3DPW_MC', '2DAR': 'NTU60_2DAR'}, 'train_stride': 16, 'sample_stride': 1, 'clip_len': 16, 'num_joints': 17, 'drop_ratios_MC': [0.4, 0.6], 'root_path': 'data', 'source_file_h36m': 'source_data/H36M.pkl', 'clip_len_2DAR': 9999999, 'batch_size_2DAR': 9999999, 'label_stride_2DAR': 9999999}, 'maxlen': 16, 'dim_in': 3, 'dim_out': 3, 'dim_feat': 256, 'mlp_ratio': 2, 'depth': 5, 'dim_rep': 256, 'num_heads': 8, 'att_fuse': True, 'merge_idx': 2, 'epochs': 120, 'batch_size': 128, 'test_batch_size': 512, 'dropout': 0.0, 'learning_rate': 0.0002, 'weight_decay': 0.01, 'lr_decay': 0.99, 'losses': {'mpjpe': 1.0, 'n_mpjpe': 0.0, 'velocity': 0.0, 'limb_var': 0.0, 'limb_gt': 0.0, 'angle': 0.0, 'angle_velocity': 0.0}, 'label_type_2DAR': 'default', 'rootrel_input': True, 'rootrel_input_2DAR': False, 'rootrel_target_MP': True, 'rootrel_target_PE': True, 'rootrel_target_FPE': True, 'flip_h36m_y_axis': False, 'flip_h36mFPE_y_axis': False, 'scale_h36m_skeleton': 2.0, 'scale_h36mFPE_skeleton': 2.0, 'no_eval': False, 'amass_to_h36m': [[2], [0], [3], [6], [1], [4], [7], [5], [8], [8, 11], [11], [10], [13], [15], [9], [12], [14]], 'name': '06_func000_model09_T16', 'data': {'datasets': {'PE': 'H36M', 'MP': 'AMASS', 'FPE': 'H36M_FPE', 'MC': '3DPW_MC', '2DAR': 'NTU60_2DAR'}, 'train_stride': 16, 'sample_stride': 1, 'clip_len': 16, 'num_joints': 17, 'drop_ratios_MC': [0.4, 0.6], 'root_path': 'data', 'source_file_h36m': 'source_data/H36M.pkl', 'clip_len_2DAR': 9999999, 'batch_size_2DAR': 9999999, 'label_stride_2DAR': 9999999}}

python train.py --config configs/02_train_on_non_AR/06_func000_model09_T16.yaml -c ckpt/02_train_on_non_AR/06_func000_model09_T16

PID:  3270763

Loading dataset...
train sample count: {'PE': 97196, 'MP': 139151, 'FPE': 96596, 'MC': 23049}
Training (non-AR) sample count: 355992
test sample count: {'PE': 35328, 'MP': 45619, 'FPE': 17596, 'MC': 9970}
Testing (non-AR) sample count: 108513

Loading model...
Model: M09_MixSTE_v0_1
[MODEL INFO] prompt_enabled: True
Trainable parameter count: 244.134148M

Training on [['non_AR', 2782]] batches for 120 epochs. batch size: 128
[1 start]
	Iter: 927/2782; time cost: 18.38min; current batch has {'PE': 40, 'MP': 40, 'MC': 8, 'FPE': 40} samples
	Iter: 1854/2782; time cost: 36.71min; current batch has {'PE': 29, 'MP': 58, 'MC': 9, 'FPE': 32} samples
	Evaluating 3D Pose Estimation...
	Evaluating Future Pose Estimation...
	Evaluating Motion Prediction...
	Evaluating Motion Completion...
	Saving checkpoint to ckpt/02_train_on_non_AR/06_func000_model09_T16/latest_epoch.bin
	Saving checkpoint to ckpt/02_train_on_non_AR/06_func000_model09_T16/best_epoch_PE.bin
	Saving checkpoint to ckpt/02_train_on_non_AR/06_func000_model09_T16/best_epoch_MP.bin
	Saving checkpoint to ckpt/02_train_on_non_AR/06_func000_model09_T16/best_epoch_FPE.bin
	Saving checkpoint to ckpt/02_train_on_non_AR/06_func000_model09_T16/best_epoch_MC.bin
+---------+--------+-----------+---------+--------+--------+--------+--------+--------+----------+---------+-------------+--------+--------+--------+---------+---------+
|    PE   |  Avg   | Direction | Discuss | Eating | Greet  | Phone  | Photo  |  Pose  | Purchase | Sitting | SittingDown | Smoke  |  Wait  |  Walk  | WalkDog | WalkTwo |
+---------+--------+-----------+---------+--------+--------+--------+--------+--------+----------+---------+-------------+--------+--------+--------+---------+---------+
|  MPJPE  | 452.92 |   465.83  |  450.30 | 454.12 | 477.36 | 436.97 | 484.51 | 462.58 |  469.28  |  436.73 |    427.93   | 430.72 | 449.22 | 430.37 |  457.35 |  460.47 |
| P-MPJPE | 415.27 |   445.98  |  422.27 | 403.04 | 450.44 | 390.43 | 433.82 | 443.89 |  411.02  |  380.61 |    366.94   | 390.73 | 419.19 | 418.89 |  405.45 |  446.32 |
+---------+--------+-----------+---------+--------+--------+--------+--------+--------+----------+---------+-------------+--------+--------+--------+---------+---------+
+-------+--------+--------+--------+--------+--------+--------+
|   MP  |  Avg   |   80   |  160   |  200   |  320   |  400   |
+-------+--------+--------+--------+--------+--------+--------+
| MPJPE | 491.81 | 491.77 | 491.78 | 491.85 | 491.84 | 491.81 |
+-------+--------+--------+--------+--------+--------+--------+
+-------+--------+--------+--------+
|   MC  |  Avg   |  0.4   |  0.6   |
+-------+--------+--------+--------+
| MPJPE | 575.42 | 575.75 | 575.09 |
+-------+--------+--------+--------+
+-------+--------+--------+--------+
|  FPE  |  Avg   |  200   |  300   |
+-------+--------+--------+--------+
| MPJPE | 419.25 | 419.36 | 419.14 |
+-------+--------+--------+--------+
[1 end] Time cost: 60.66min 	| lr: 0.00020000 	| train loss: 0.4402098201061062
[2 start]
	Iter: 927/2782; time cost: 18.32min; current batch has {'PE': 39, 'MP': 39, 'MC': 6, 'FPE': 44} samples
	Iter: 1854/2782; time cost: 36.62min; current batch has {'PE': 36, 'MP': 58, 'MC': 7, 'FPE': 27} samples
	Evaluating 3D Pose Estimation...
	Evaluating Future Pose Estimation...
	Evaluating Motion Prediction...
	Evaluating Motion Completion...
	Saving checkpoint to ckpt/02_train_on_non_AR/06_func000_model09_T16/latest_epoch.bin
	Saving checkpoint to ckpt/02_train_on_non_AR/06_func000_model09_T16/best_epoch_PE.bin
	Saving checkpoint to ckpt/02_train_on_non_AR/06_func000_model09_T16/best_epoch_MP.bin
	Saving checkpoint to ckpt/02_train_on_non_AR/06_func000_model09_T16/best_epoch_FPE.bin
+---------+--------+-----------+---------+--------+--------+--------+--------+--------+----------+---------+-------------+--------+--------+--------+---------+---------+
|    PE   |  Avg   | Direction | Discuss | Eating | Greet  | Phone  | Photo  |  Pose  | Purchase | Sitting | SittingDown | Smoke  |  Wait  |  Walk  | WalkDog | WalkTwo |
+---------+--------+-----------+---------+--------+--------+--------+--------+--------+----------+---------+-------------+--------+--------+--------+---------+---------+
|  MPJPE  | 444.91 |   456.87  |  445.13 | 443.08 | 469.27 | 425.88 | 476.10 | 454.58 |  468.30  |  424.90 |    417.31   | 420.29 | 441.97 | 423.33 |  453.98 |  452.63 |
| P-MPJPE | 415.25 |   445.96  |  422.25 | 403.02 | 450.42 | 390.41 | 433.80 | 443.86 |  411.01  |  380.60 |    366.93   | 390.71 | 419.17 | 418.86 |  405.43 |  446.29 |
+---------+--------+-----------+---------+--------+--------+--------+--------+--------+----------+---------+-------------+--------+--------+--------+---------+---------+
+-------+--------+--------+--------+--------+--------+--------+
|   MP  |  Avg   |   80   |  160   |  200   |  320   |  400   |
+-------+--------+--------+--------+--------+--------+--------+
| MPJPE | 490.87 | 490.83 | 490.82 | 490.88 | 490.91 | 490.89 |
+-------+--------+--------+--------+--------+--------+--------+
+-------+--------+--------+--------+
|   MC  |  Avg   |  0.4   |  0.6   |
+-------+--------+--------+--------+
| MPJPE | 578.11 | 578.42 | 577.80 |
+-------+--------+--------+--------+
+-------+--------+--------+--------+
|  FPE  |  Avg   |  200   |  300   |
+-------+--------+--------+--------+
| MPJPE | 411.90 | 412.01 | 411.78 |
+-------+--------+--------+--------+
[2 end] Time cost: 60.90min 	| lr: 0.00019800 	| train loss: 0.4406377034923056
[3 start]
	Iter: 927/2782; time cost: 18.32min; current batch has {'PE': 32, 'MP': 53, 'MC': 6, 'FPE': 37} samples
	Iter: 1854/2782; time cost: 36.63min; current batch has {'PE': 37, 'MP': 45, 'MC': 6, 'FPE': 40} samples
	Evaluating 3D Pose Estimation...
	Evaluating Future Pose Estimation...
	Evaluating Motion Prediction...
	Evaluating Motion Completion...
	Saving checkpoint to ckpt/02_train_on_non_AR/06_func000_model09_T16/latest_epoch.bin
	Saving checkpoint to ckpt/02_train_on_non_AR/06_func000_model09_T16/best_epoch_MP.bin
	Saving checkpoint to ckpt/02_train_on_non_AR/06_func000_model09_T16/best_epoch_MC.bin
+---------+--------+-----------+---------+--------+--------+--------+--------+--------+----------+---------+-------------+--------+--------+--------+---------+---------+
|    PE   |  Avg   | Direction | Discuss | Eating | Greet  | Phone  | Photo  |  Pose  | Purchase | Sitting | SittingDown | Smoke  |  Wait  |  Walk  | WalkDog | WalkTwo |
+---------+--------+-----------+---------+--------+--------+--------+--------+--------+----------+---------+-------------+--------+--------+--------+---------+---------+
|  MPJPE  | 447.56 |   459.92  |  446.68 | 446.96 | 472.12 | 429.89 | 479.45 | 457.31 |  467.94  |  429.23 |    421.07   | 423.81 | 444.30 | 425.46 |  454.30 |  454.99 |
| P-MPJPE | 415.25 |   445.96  |  422.25 | 403.02 | 450.41 | 390.41 | 433.80 | 443.86 |  411.01  |  380.60 |    366.93   | 390.71 | 419.17 | 418.86 |  405.43 |  446.29 |
+---------+--------+-----------+---------+--------+--------+--------+--------+--------+----------+---------+-------------+--------+--------+--------+---------+---------+
+-------+--------+--------+--------+--------+--------+--------+
|   MP  |  Avg   |   80   |  160   |  200   |  320   |  400   |
+-------+--------+--------+--------+--------+--------+--------+
| MPJPE | 490.30 | 490.23 | 490.26 | 490.31 | 490.36 | 490.33 |
+-------+--------+--------+--------+--------+--------+--------+
+-------+--------+--------+--------+
|   MC  |  Avg   |  0.4   |  0.6   |
+-------+--------+--------+--------+
| MPJPE | 575.13 | 575.46 | 574.80 |
+-------+--------+--------+--------+
+-------+--------+--------+--------+
|  FPE  |  Avg   |  200   |  300   |
+-------+--------+--------+--------+
| MPJPE | 413.69 | 413.83 | 413.54 |
+-------+--------+--------+--------+
[3 end] Time cost: 60.76min 	| lr: 0.00019602 	| train loss: 0.4401916835227118
[4 start]
	Iter: 927/2782; time cost: 18.33min; current batch has {'PE': 28, 'MP': 58, 'MC': 6, 'FPE': 36} samples
	Iter: 1854/2782; time cost: 36.64min; current batch has {'PE': 31, 'MP': 56, 'MC': 8, 'FPE': 33} samples
	Evaluating 3D Pose Estimation...
	Evaluating Future Pose Estimation...
	Evaluating Motion Prediction...
	Evaluating Motion Completion...
	Saving checkpoint to ckpt/02_train_on_non_AR/06_func000_model09_T16/latest_epoch.bin
	Saving checkpoint to ckpt/02_train_on_non_AR/06_func000_model09_T16/best_epoch_PE.bin
	Saving checkpoint to ckpt/02_train_on_non_AR/06_func000_model09_T16/best_epoch_FPE.bin
+---------+--------+-----------+---------+--------+--------+--------+--------+--------+----------+---------+-------------+--------+--------+--------+---------+---------+
|    PE   |  Avg   | Direction | Discuss | Eating | Greet  | Phone  | Photo  |  Pose  | Purchase | Sitting | SittingDown | Smoke  |  Wait  |  Walk  | WalkDog | WalkTwo |
+---------+--------+-----------+---------+--------+--------+--------+--------+--------+----------+---------+-------------+--------+--------+--------+---------+---------+
|  MPJPE  | 442.11 |   453.56  |  443.71 | 438.95 | 466.39 | 421.72 | 473.19 | 451.62 |  468.75  |  420.45 |    413.35   | 416.44 | 439.42 | 420.96 |  453.35 |  449.81 |
| P-MPJPE | 415.25 |   445.96  |  422.25 | 403.02 | 450.41 | 390.41 | 433.80 | 443.86 |  411.01  |  380.60 |    366.93   | 390.71 | 419.17 | 418.86 |  405.43 |  446.29 |
+---------+--------+-----------+---------+--------+--------+--------+--------+--------+----------+---------+-------------+--------+--------+--------+---------+---------+
+-------+--------+--------+--------+--------+--------+--------+
|   MP  |  Avg   |   80   |  160   |  200   |  320   |  400   |
+-------+--------+--------+--------+--------+--------+--------+
| MPJPE | 493.03 | 493.00 | 493.00 | 493.03 | 493.08 | 493.05 |
+-------+--------+--------+--------+--------+--------+--------+
+-------+--------+--------+--------+
|   MC  |  Avg   |  0.4   |  0.6   |
+-------+--------+--------+--------+
| MPJPE | 580.72 | 581.02 | 580.42 |
+-------+--------+--------+--------+
+-------+--------+--------+--------+
|  FPE  |  Avg   |  200   |  300   |
+-------+--------+--------+--------+
| MPJPE | 409.92 | 410.04 | 409.80 |
+-------+--------+--------+--------+
[4 end] Time cost: 60.77min 	| lr: 0.00019406 	| train loss: 0.4399017526028159
[5 start]
	Iter: 927/2782; time cost: 18.34min; current batch has {'PE': 33, 'MP': 48, 'MC': 7, 'FPE': 40} samples
	Iter: 1854/2782; time cost: 36.66min; current batch has {'PE': 31, 'MP': 54, 'MC': 10, 'FPE': 33} samples
	Evaluating 3D Pose Estimation...
	Evaluating Future Pose Estimation...
	Evaluating Motion Prediction...
	Evaluating Motion Completion...
	Saving checkpoint to ckpt/02_train_on_non_AR/06_func000_model09_T16/latest_epoch.bin
	Saving checkpoint to ckpt/02_train_on_non_AR/06_func000_model09_T16/best_epoch_PE.bin
	Saving checkpoint to ckpt/02_train_on_non_AR/06_func000_model09_T16/best_epoch_FPE.bin
+---------+--------+-----------+---------+--------+--------+--------+--------+--------+----------+---------+-------------+--------+--------+--------+---------+---------+
|    PE   |  Avg   | Direction | Discuss | Eating | Greet  | Phone  | Photo  |  Pose  | Purchase | Sitting | SittingDown | Smoke  |  Wait  |  Walk  | WalkDog | WalkTwo |
+---------+--------+-----------+---------+--------+--------+--------+--------+--------+----------+---------+-------------+--------+--------+--------+---------+---------+
|  MPJPE  | 441.55 |   452.83  |  443.60 | 437.83 | 465.75 | 420.63 | 472.40 | 451.08 |  469.32  |  419.30 |    412.50   | 415.53 | 439.02 | 420.63 |  453.59 |  449.30 |
| P-MPJPE | 415.25 |   445.96  |  422.25 | 403.02 | 450.41 | 390.41 | 433.80 | 443.86 |  411.01  |  380.60 |    366.93   | 390.71 | 419.17 | 418.86 |  405.43 |  446.29 |
+---------+--------+-----------+---------+--------+--------+--------+--------+--------+----------+---------+-------------+--------+--------+--------+---------+---------+
+-------+--------+--------+--------+--------+--------+--------+
|   MP  |  Avg   |   80   |  160   |  200   |  320   |  400   |
+-------+--------+--------+--------+--------+--------+--------+
| MPJPE | 493.13 | 493.08 | 493.09 | 493.12 | 493.18 | 493.16 |
+-------+--------+--------+--------+--------+--------+--------+
+-------+--------+--------+--------+
|   MC  |  Avg   |  0.4   |  0.6   |
+-------+--------+--------+--------+
| MPJPE | 581.03 | 581.32 | 580.73 |
+-------+--------+--------+--------+
+-------+--------+--------+--------+
|  FPE  |  Avg   |  200   |  300   |
+-------+--------+--------+--------+
| MPJPE | 409.81 | 409.93 | 409.69 |
+-------+--------+--------+--------+
[5 end] Time cost: 60.80min 	| lr: 0.00019212 	| train loss: 0.43979866460225897
[6 start]
	Iter: 927/2782; time cost: 18.33min; current batch has {'PE': 36, 'MP': 50, 'MC': 3, 'FPE': 39} samples
	Iter: 1854/2782; time cost: 36.64min; current batch has {'PE': 39, 'MP': 47, 'MC': 9, 'FPE': 33} samples
	Evaluating 3D Pose Estimation...
	Evaluating Future Pose Estimation...
	Evaluating Motion Prediction...
	Evaluating Motion Completion...
	Saving checkpoint to ckpt/02_train_on_non_AR/06_func000_model09_T16/latest_epoch.bin
+---------+--------+-----------+---------+--------+--------+--------+--------+--------+----------+---------+-------------+--------+--------+--------+---------+---------+
|    PE   |  Avg   | Direction | Discuss | Eating | Greet  | Phone  | Photo  |  Pose  | Purchase | Sitting | SittingDown | Smoke  |  Wait  |  Walk  | WalkDog | WalkTwo |
+---------+--------+-----------+---------+--------+--------+--------+--------+--------+----------+---------+-------------+--------+--------+--------+---------+---------+
|  MPJPE  | 444.46 |   456.32  |  445.12 | 442.06 | 468.82 | 424.93 | 475.61 | 454.21 |  468.78  |  423.95 |    416.66   | 419.46 | 441.68 | 423.07 |  454.07 |  452.13 |
| P-MPJPE | 415.25 |   445.96  |  422.25 | 403.02 | 450.41 | 390.41 | 433.80 | 443.86 |  411.01  |  380.60 |    366.93   | 390.71 | 419.17 | 418.86 |  405.43 |  446.29 |
+---------+--------+-----------+---------+--------+--------+--------+--------+--------+----------+---------+-------------+--------+--------+--------+---------+---------+
+-------+--------+--------+--------+--------+--------+--------+
|   MP  |  Avg   |   80   |  160   |  200   |  320   |  400   |
+-------+--------+--------+--------+--------+--------+--------+
| MPJPE | 490.66 | 490.59 | 490.63 | 490.66 | 490.72 | 490.69 |
+-------+--------+--------+--------+--------+--------+--------+
+-------+--------+--------+--------+
|   MC  |  Avg   |  0.4   |  0.6   |
+-------+--------+--------+--------+
| MPJPE | 577.34 | 577.66 | 577.03 |
+-------+--------+--------+--------+
+-------+--------+--------+--------+
|  FPE  |  Avg   |  200   |  300   |
+-------+--------+--------+--------+
| MPJPE | 411.98 | 412.09 | 411.87 |
+-------+--------+--------+--------+
[6 end] Time cost: 60.52min 	| lr: 0.00019020 	| train loss: 0.4396733495891168
[7 start]
	Iter: 927/2782; time cost: 18.34min; current batch has {'PE': 31, 'MP': 56, 'MC': 9, 'FPE': 32} samples
	Iter: 1854/2782; time cost: 36.66min; current batch has {'PE': 32, 'MP': 52, 'MC': 15, 'FPE': 29} samples
	Evaluating 3D Pose Estimation...
	Evaluating Future Pose Estimation...
	Evaluating Motion Prediction...
	Evaluating Motion Completion...
	Saving checkpoint to ckpt/02_train_on_non_AR/06_func000_model09_T16/latest_epoch.bin
+---------+--------+-----------+---------+--------+--------+--------+--------+--------+----------+---------+-------------+--------+--------+--------+---------+---------+
|    PE   |  Avg   | Direction | Discuss | Eating | Greet  | Phone  | Photo  |  Pose  | Purchase | Sitting | SittingDown | Smoke  |  Wait  |  Walk  | WalkDog | WalkTwo |
+---------+--------+-----------+---------+--------+--------+--------+--------+--------+----------+---------+-------------+--------+--------+--------+---------+---------+
|  MPJPE  | 443.88 |   455.56  |  444.83 | 441.19 | 468.13 | 424.01 | 474.77 | 453.57 |  469.11  |  422.87 |    415.71   | 418.68 | 441.17 | 422.67 |  454.24 |  451.69 |
| P-MPJPE | 415.25 |   445.96  |  422.25 | 403.02 | 450.41 | 390.41 | 433.80 | 443.86 |  411.01  |  380.60 |    366.93   | 390.71 | 419.17 | 418.86 |  405.43 |  446.29 |
+---------+--------+-----------+---------+--------+--------+--------+--------+--------+----------+---------+-------------+--------+--------+--------+---------+---------+
+-------+--------+--------+--------+--------+--------+--------+
|   MP  |  Avg   |   80   |  160   |  200   |  320   |  400   |
+-------+--------+--------+--------+--------+--------+--------+
| MPJPE | 491.58 | 491.52 | 491.55 | 491.59 | 491.64 | 491.62 |
+-------+--------+--------+--------+--------+--------+--------+
+-------+--------+--------+--------+
|   MC  |  Avg   |  0.4   |  0.6   |
+-------+--------+--------+--------+
| MPJPE | 579.07 | 579.38 | 578.77 |
+-------+--------+--------+--------+
+-------+--------+--------+--------+
|  FPE  |  Avg   |  200   |  300   |
+-------+--------+--------+--------+
| MPJPE | 411.62 | 411.74 | 411.51 |
+-------+--------+--------+--------+
[7 end] Time cost: 62.49min 	| lr: 0.00018830 	| train loss: 0.43960535865159095
[8 start]
	Iter: 927/2782; time cost: 19.08min; current batch has {'PE': 24, 'MP': 58, 'MC': 12, 'FPE': 34} samples
	Iter: 1854/2782; time cost: 37.41min; current batch has {'PE': 45, 'MP': 52, 'MC': 8, 'FPE': 23} samples
	Evaluating 3D Pose Estimation...
	Evaluating Future Pose Estimation...
	Evaluating Motion Prediction...
	Evaluating Motion Completion...
	Saving checkpoint to ckpt/02_train_on_non_AR/06_func000_model09_T16/latest_epoch.bin
+---------+--------+-----------+---------+--------+--------+--------+--------+--------+----------+---------+-------------+--------+--------+--------+---------+---------+
|    PE   |  Avg   | Direction | Discuss | Eating | Greet  | Phone  | Photo  |  Pose  | Purchase | Sitting | SittingDown | Smoke  |  Wait  |  Walk  | WalkDog | WalkTwo |
+---------+--------+-----------+---------+--------+--------+--------+--------+--------+----------+---------+-------------+--------+--------+--------+---------+---------+
|  MPJPE  | 444.45 |   456.38  |  444.91 | 442.38 | 468.88 | 425.24 | 475.87 | 454.15 |  468.18  |  424.28 |    416.77   | 419.62 | 441.55 | 422.87 |  453.60 |  452.04 |
| P-MPJPE | 415.25 |   445.96  |  422.25 | 403.02 | 450.41 | 390.41 | 433.80 | 443.86 |  411.01  |  380.60 |    366.93   | 390.71 | 419.17 | 418.86 |  405.43 |  446.29 |
+---------+--------+-----------+---------+--------+--------+--------+--------+--------+----------+---------+-------------+--------+--------+--------+---------+---------+
+-------+--------+--------+--------+--------+--------+--------+
|   MP  |  Avg   |   80   |  160   |  200   |  320   |  400   |
+-------+--------+--------+--------+--------+--------+--------+
| MPJPE | 490.69 | 490.63 | 490.66 | 490.70 | 490.75 | 490.72 |
+-------+--------+--------+--------+--------+--------+--------+
+-------+--------+--------+--------+
|   MC  |  Avg   |  0.4   |  0.6   |
+-------+--------+--------+--------+
| MPJPE | 577.24 | 577.55 | 576.93 |
+-------+--------+--------+--------+
+-------+--------+--------+--------+
|  FPE  |  Avg   |  200   |  300   |
+-------+--------+--------+--------+
| MPJPE | 411.52 | 411.64 | 411.40 |
+-------+--------+--------+--------+
[8 end] Time cost: 61.33min 	| lr: 0.00018641 	| train loss: 0.43955025793142555
[9 start]
	Iter: 927/2782; time cost: 18.36min; current batch has {'PE': 26, 'MP': 51, 'MC': 9, 'FPE': 42} samples
	Iter: 1854/2782; time cost: 36.70min; current batch has {'PE': 41, 'MP': 50, 'MC': 10, 'FPE': 27} samples
	Evaluating 3D Pose Estimation...
	Evaluating Future Pose Estimation...
	Evaluating Motion Prediction...
	Evaluating Motion Completion...
	Saving checkpoint to ckpt/02_train_on_non_AR/06_func000_model09_T16/latest_epoch.bin
	Saving checkpoint to ckpt/02_train_on_non_AR/06_func000_model09_T16/best_epoch_MP.bin
+---------+--------+-----------+---------+--------+--------+--------+--------+--------+----------+---------+-------------+--------+--------+--------+---------+---------+
|    PE   |  Avg   | Direction | Discuss | Eating | Greet  | Phone  | Photo  |  Pose  | Purchase | Sitting | SittingDown | Smoke  |  Wait  |  Walk  | WalkDog | WalkTwo |
+---------+--------+-----------+---------+--------+--------+--------+--------+--------+----------+---------+-------------+--------+--------+--------+---------+---------+
|  MPJPE  | 445.39 |   457.46  |  445.37 | 443.77 | 469.80 | 426.61 | 476.71 | 455.14 |  468.13  |  425.76 |    418.12   | 420.93 | 442.42 | 423.71 |  453.93 |  453.04 |
| P-MPJPE | 415.25 |   445.96  |  422.25 | 403.02 | 450.41 | 390.41 | 433.80 | 443.86 |  411.01  |  380.60 |    366.93   | 390.71 | 419.17 | 418.86 |  405.43 |  446.29 |
+---------+--------+-----------+---------+--------+--------+--------+--------+--------+----------+---------+-------------+--------+--------+--------+---------+---------+
+-------+--------+--------+--------+--------+--------+--------+
|   MP  |  Avg   |   80   |  160   |  200   |  320   |  400   |
+-------+--------+--------+--------+--------+--------+--------+
| MPJPE | 489.86 | 489.80 | 489.83 | 489.87 | 489.92 | 489.90 |
+-------+--------+--------+--------+--------+--------+--------+
+-------+--------+--------+--------+
|   MC  |  Avg   |  0.4   |  0.6   |
+-------+--------+--------+--------+
| MPJPE | 576.69 | 577.00 | 576.37 |
+-------+--------+--------+--------+
+-------+--------+--------+--------+
|  FPE  |  Avg   |  200   |  300   |
+-------+--------+--------+--------+
| MPJPE | 412.18 | 412.30 | 412.07 |
+-------+--------+--------+--------+
[9 end] Time cost: 60.73min 	| lr: 0.00018455 	| train loss: 0.4395110274612798
[10 start]
	Iter: 927/2782; time cost: 18.35min; current batch has {'PE': 38, 'MP': 41, 'MC': 14, 'FPE': 35} samples
	Iter: 1854/2782; time cost: 36.69min; current batch has {'PE': 33, 'MP': 56, 'MC': 8, 'FPE': 31} samples
