Adding new arg: args.config = /home/wxs/Skeleton-in-Context-tpami/ckpt/0802_CombineTasks_TrainSimul/00_Train2dt/config.yaml
Adding new arg: args.checkpoint = /home/wxs/Skeleton-in-Context-tpami/ckpt/0802_CombineTasks_TrainSimul/00_Train2dt
Adding new arg: args.seed = 0
Adding new arg: args.visualize = 
Adding new arg: args.eval_generalization = False
Adding new arg: args.quick_debug = False
Adding new arg: args.gpu = 4,5,6,7
Overriding existing arg: args.batch_size = 92
Adding new arg: args.classifier_type = task
Adding new arg: args.num_class = 4
Adding new arg: args.use_task_id_as_prompt = False
Adding new arg: args.reverse_query_prompt = False
Adding new arg: args.shuffle_batch = False
Adding new arg: args.reverse_query_prompt_per_iter = False
Adding new arg: args.vertex_x1000 = True
Adding new arg: args.aug2D = False
Adding new arg: args.deactivate_prompt_branch = False
Adding new arg: args.data_efficient = False
Adding new arg: args.fully_connected_graph = True
Adding new arg: args.gpu0_bs = 0
Adding new arg: args.train_simultaneously = True
Adding new arg: args.local_rank = -1

Configs: {'tasks': ['PE', 'MP', 'MC', 'FPE'], 'task_to_flag': {'PE': 0, 'MP': 1, 'FPE': 2, 'MC': 3, '2DAR': 4, 'AR': 5, 'MIB': 6, 'MeshRecover': 7, 'FutureMeshRecover': 8, 'MeshPred': 9, 'MeshCompletion': 10, 'MeshInBetween': 11}, 'dataset_to_flag': {'H36M_3D': 0, 'AMASS': 1, 'PW3D_MESH': 2, 'H36M_MESH': 3, 'H36M_MESH_TCMR': 4}, 'flag_to_task': {'0': 'PE', '1': 'MP', '2': 'FPE', '3': 'MC', '4': '2DAR', '5': 'AR', '6': 'MIB', '7': 'MeshRecover', '8': 'FutureMeshRecover', '9': 'MeshPred', '10': 'MeshCompletion', '11': 'MeshInBetween'}, 'flag_to_dataset': {'0': 'H36M_3D', '1': 'AMASS', '2': 'PW3D_MESH', '3': 'H36M_MESH', '4': 'H36M_MESH_TCMR'}, 'task_metrics': {'PE': ['PE e1', 'PE e2'], 'MP': ['MP'], 'FPE': ['FPE'], 'MC': ['MC'], '2DAR': ['2DAR'], 'AR': ['AR']}, 'dataset_task_info': {'train': {'AMASS': ['PE', 'FPE', 'MC', 'MP', 'MIB', 'MeshPred', 'MeshCompletion', 'MeshInBetween'], 'H36M_MESH': ['PE', 'FPE', 'MC', 'MP', 'MIB', 'MeshPred', 'MeshCompletion', 'MeshInBetween']}, 'test': {'AMASS': ['PE', 'FPE', 'MC', 'MP', 'MIB', 'MeshPred', 'MeshCompletion', 'MeshInBetween'], 'H36M_MESH': ['PE', 'FPE', 'MC', 'MP', 'MIB', 'MeshPred', 'MeshCompletion', 'MeshInBetween'], 'PW3D_MESH': ['PE', 'FPE', 'MC', 'MP', 'MIB', 'MeshPred', 'MeshCompletion', 'MeshInBetween']}}, 'Mesh': {'enable': True, 'loss_type': 'L1', 'losses': {'loss_3d_pos': 0.5, 'loss_3d_velocity': 10, 'loss_pose': 1000, 'loss_shape': 1, 'loss_norm': 20, 'loss_3d_scale': 0, 'loss_lv': 0, 'loss_lg': 0, 'loss_a': 0, 'loss_av': 0}}, 'dataset_file': {'PW3D_MESH': 'data_icl_gen/VER5_DATA/PW3D_MESH/mesh_det_pw3d_EXTENDED.pkl', 'H36M_MESH': 'data_icl_gen/VER5_DATA/H36M_MESH/mesh_det_h36m_EXTENDED.pkl', 'AMASS': 'data_icl_gen/VER5_DATA/AMASS', 'H36M_3D': 'data_icl_gen/processed_data/H36M_3D/h36m_sh_conf_cam_source_final.pkl', 'H36M_MESH_TCMR': 'data_icl_gen/VER5_DATA/H36M_TCMR/h36m_train_25fps_db_RENAMED.pt'}, 'use_presave_data': True, 'aug': False, 'aug_shuffle_joints': False, 'current_as_history': True, 'clip_len': 16, 'max_len': 16, 'num_joint': 17, 'joint_mask_ratio': 0.4, 'frame_mask_ratio': 0.4, 'mesh_joint_mask_ratio': 0.4, 'presave_folder': 'data_icl_gen/presave_data/', 'dataset_config': {'PW3D_MESH': {'sample_stride': 1, 'data_stride': {'train': 16, 'test': 32}, 'read_confidence': False, 'rootrel_input': True, 'rootrel_target': True, 'flip': True, 'use_global_orient': True}, 'H36M_MESH': {'sample_stride': 1, 'data_stride': {'train': 16, 'test': 32}, 'read_confidence': False, 'rootrel_input': True, 'rootrel_target': True, 'flip': True, 'use_global_orient': True}, 'AMASS': {'sample_stride': 1, 'data_stride': {'train': 128, 'test': 256}, 'read_confidence': False, 'rootrel_input': True, 'rootrel_target': True, 'flip': True, 'use_global_orient': True}, 'H36M_3D': {'sample_stride': 1, 'data_stride': {'train': 16, 'test': 32}, 'read_confidence': False, 'rootrel_input': True, 'rootrel_target': True, 'flip': True, 'scale_3D': 1}, 'H36M_MESH_TCMR': {'sample_stride': 1, 'data_stride': {'train': 16, 'test': 32}, 'read_confidence': False, 'rootrel_input': True, 'rootrel_target': True, 'flip': True, 'use_global_orient': True}}, 'func_ver': {'dataset_action_recognition': None, 'evaluate_action_recognition': None, 'train_epoch_action_recognition': None, 'dataset_non_AR': '8_ICL', 'evaluate_non_AR': '8_ICL', 'train_epoch_non_AR': '8_ICL', 'model_name': 'model_mesh_VER8.M01V02_MotionAGFormer'}, 'epochs': 120, 'batch_size': 92, 'test_batch_size': 512, 'learning_rate': 0.0002, 'weight_decay': 0.01, 'lr_decay': 0.99, 'losses': {'loss_mpjpe': 1.0, 'n_mpjpe': 0.5, 'loss_velocity': 20.0, 'loss_limb_var': 0, 'loss_limb_gt': 0, 'loss_angle': 0, 'loss_angle_velocity': 0}, 'no_eval': False, 'use_partial_data': False, 'partial_data': None, 'full_data': None, 'name': 'config', 'config': '/home/wxs/Skeleton-in-Context-tpami/ckpt/0802_CombineTasks_TrainSimul/00_Train2dt/config.yaml', 'checkpoint': '/home/wxs/Skeleton-in-Context-tpami/ckpt/0802_CombineTasks_TrainSimul/00_Train2dt', 'seed': 0, 'visualize': '', 'eval_generalization': False, 'quick_debug': False, 'gpu': '4,5,6,7', 'classifier_type': 'task', 'num_class': 4, 'use_task_id_as_prompt': False, 'reverse_query_prompt': False, 'shuffle_batch': False, 'reverse_query_prompt_per_iter': False, 'vertex_x1000': True, 'aug2D': False, 'deactivate_prompt_branch': False, 'data_efficient': False, 'fully_connected_graph': True, 'gpu0_bs': 0, 'train_simultaneously': True, 'local_rank': -1, 'data': None}

python /home/wxs/Skeleton-in-Context-tpami/train_DDP.py --config /home/wxs/Skeleton-in-Context-tpami/ckpt/0802_CombineTasks_TrainSimul/00_Train2dt/config.yaml -c /home/wxs/Skeleton-in-Context-tpami/ckpt/0802_CombineTasks_TrainSimul/00_Train2dt -vertex_x1000 -fully_connected_graph -train_simultaneously -gpu 4,5,6,7 -bs 92

PID:  3728174
	Loading train data from [AMASS] for task: ['PE', 'FPE', 'MC', 'MP', 'MIB', 'MeshPred', 'MeshCompletion', 'MeshInBetween']... Loading presaved... 	Loading train data from [AMASS] for task: ['PE', 'FPE', 'MC', 'MP', 'MIB', 'MeshPred', 'MeshCompletion', 'MeshInBetween']... Loading presaved... 	Loading train data from [AMASS] for task: ['PE', 'FPE', 'MC', 'MP', 'MIB', 'MeshPred', 'MeshCompletion', 'MeshInBetween']... Loading presaved... 
Loading dataset...
	Loading train data from [AMASS] for task: ['PE', 'FPE', 'MC', 'MP', 'MIB', 'MeshPred', 'MeshCompletion', 'MeshInBetween']... Loading presaved... Loading joint masks... Loading joint masks... Loading joint masks... Loading joint masks... Loading frame masks... costs 1.46s... has 46726/46726 query/prompt samples
	Loading train data from [H36M_MESH] for task: ['PE', 'FPE', 'MC', 'MP', 'MIB', 'MeshPred', 'MeshCompletion', 'MeshInBetween']... Loading presaved... Loading frame masks... costs 1.50s... has 46726/46726 query/prompt samples
	Loading train data from [H36M_MESH] for task: ['PE', 'FPE', 'MC', 'MP', 'MIB', 'MeshPred', 'MeshCompletion', 'MeshInBetween']... Loading presaved... Loading frame masks... costs 1.56s... has 46726/46726 query/prompt samples
	Loading train data from [H36M_MESH] for task: ['PE', 'FPE', 'MC', 'MP', 'MIB', 'MeshPred', 'MeshCompletion', 'MeshInBetween']... Loading presaved... Loading frame masks... costs 1.55s... has 46726/46726 query/prompt samples
	Loading train data from [H36M_MESH] for task: ['PE', 'FPE', 'MC', 'MP', 'MIB', 'MeshPred', 'MeshCompletion', 'MeshInBetween']... Loading presaved... Loading joint masks...Loading joint masks...  Loading frame masks... Loading frame masks... costs 0.80s... has 18644/18644 query/prompt samples
costs 0.82s... has 18644/18644 query/prompt samples
Loading joint masks... Loading joint masks... Loading frame masks... costs 0.81s... has 18644/18644 query/prompt samples
Loading frame masks... costs 0.89s... has 18644/18644 query/prompt samples
	Preparing train [mesh joint masks] from [AMASS] for task: [MeshCompletion]... Loading mesh joint masks...
	Preparing train [mesh joint masks] from [AMASS] for task: [MeshCompletion]... Loading mesh joint masks...
	Preparing train [mesh joint masks] from [AMASS] for task: [MeshCompletion]... Loading mesh joint masks...
	Preparing train [mesh joint masks] from [H36M_MESH] for task: [MeshCompletion]... Loading mesh joint masks...
	Preparing train [mesh joint masks] from [H36M_MESH] for task: [MeshCompletion]... Loading mesh joint masks...
	Preparing train [mesh joint masks] from [H36M_MESH] for task: [MeshCompletion]... Loading mesh joint masks...
	Preparing train [mesh joint masks] from [AMASS] for task: [MeshCompletion]... Loading mesh joint masks...
	Preparing train [mesh joint masks] from [H36M_MESH] for task: [MeshCompletion]... Loading mesh joint masks...
	Training (non-AR) sample count: 65370
	Loading test data from [AMASS] for task: ['PE']... costs 0.00s... has 8492/46726 query/prompt samples
	Training (non-AR) sample count: 65370
	Loading test data from [AMASS] for task: ['PE']... costs 0.00s... has 8492/46726 query/prompt samples
	Training (non-AR) sample count: 65370
	Loading test data from [AMASS] for task: ['PE']... costs 0.00s... has 8492/46726 query/prompt samples
	Training (non-AR) sample count: 65370
	Loading test data from [AMASS] for task: ['PE']... costs 0.00s... has 8492/46726 query/prompt samples
	Loading test data from [AMASS] for task: ['FPE']... costs 0.00s... has 8492/46726 query/prompt samples
	Loading test data from [AMASS] for task: ['FPE']... costs 0.00s... has 8492/46726 query/prompt samples
	Loading test data from [AMASS] for task: ['FPE']... costs 0.00s... has 8492/46726 query/prompt samples
	Loading test data from [AMASS] for task: ['FPE']... costs 0.00s... has 8492/46726 query/prompt samples
	Loading test data from [AMASS] for task: ['MC']... Loading joint masks... costs 0.01s... has 8492/46726 query/prompt samples
	Loading test data from [AMASS] for task: ['MC']... Loading joint masks... costs 0.01s... has 8492/46726 query/prompt samples
	Loading test data from [AMASS] for task: ['MC']... Loading joint masks... costs 0.01s... has 8492/46726 query/prompt samples
	Loading test data from [AMASS] for task: ['MC']... Loading joint masks... costs 0.01s... has 8492/46726 query/prompt samples
	Loading test data from [AMASS] for task: ['MP']... costs 0.00s... has 8492/46726 query/prompt samples
	Loading test data from [AMASS] for task: ['MP']... costs 0.00s... has 8492/46726 query/prompt samples
	Loading test data from [AMASS] for task: ['MP']... costs 0.00s... has 8492/46726 query/prompt samples
	Loading test data from [AMASS] for task: ['MP']... costs 0.00s... has 8492/46726 query/prompt samples
	Loading test data from [AMASS] for task: ['MIB']... Loading frame masks... costs 0.01s... has 8492/46726 query/prompt samples
	Loading test data from [AMASS] for task: ['MIB']... Loading frame masks... costs 0.00s... has 8492/46726 query/prompt samples
	Loading test data from [AMASS] for task: ['MIB']... Loading frame masks... costs 0.01s... has 8492/46726 query/prompt samples
	Loading test data from [AMASS] for task: ['MIB']... Loading frame masks... costs 0.01s... has 8492/46726 query/prompt samples
	Loading test data from [AMASS] for task: ['MeshPred']... costs 0.00s... has 8492/46726 query/prompt samples
	Loading test data from [AMASS] for task: ['MeshPred']... costs 0.00s... has 8492/46726 query/prompt samples
	Loading test data from [AMASS] for task: ['MeshPred']... costs 0.00s... has 8492/46726 query/prompt samples
	Loading test data from [AMASS] for task: ['MeshPred']... costs 0.00s... has 8492/46726 query/prompt samples
	Loading test data from [AMASS] for task: ['MeshCompletion']... costs 0.00s... has 8492/46726 query/prompt samples
	Loading test data from [AMASS] for task: ['MeshCompletion']... costs 0.00s... has 8492/46726 query/prompt samples
	Loading test data from [AMASS] for task: ['MeshCompletion']... costs 0.00s... has 8492/46726 query/prompt samples
	Loading test data from [AMASS] for task: ['MeshCompletion']... costs 0.00s... has 8492/46726 query/prompt samples
	Preparing test [mesh joint masks] from [AMASS] for task: [MeshCompletion]... Loading mesh joint masks...
	Loading test data from [AMASS] for task: ['MeshInBetween']... Loading frame masks... costs 0.00s... has 8492/46726 query/prompt samples
	Preparing test [mesh joint masks] from [AMASS] for task: [MeshCompletion]... Loading mesh joint masks...
	Loading test data from [AMASS] for task: ['MeshInBetween']... Loading frame masks... costs 0.00s... has 8492/46726 query/prompt samples
	Preparing test [mesh joint masks] from [AMASS] for task: [MeshCompletion]... Loading mesh joint masks...
	Loading test data from [AMASS] for task: ['MeshInBetween']... Loading frame masks... costs 0.00s... has 8492/46726 query/prompt samples
	Preparing test [mesh joint masks] from [AMASS] for task: [MeshCompletion]... Loading mesh joint masks...
	Loading test data from [AMASS] for task: ['MeshInBetween']... Loading frame masks... costs 0.00s... has 8492/46726 query/prompt samples
	Loading test data from [H36M_MESH] for task: ['PE']... costs 0.00s... has 3088/18644 query/prompt samples
	Loading test data from [H36M_MESH] for task: ['PE']... costs 0.00s... has 3088/18644 query/prompt samples
	Loading test data from [H36M_MESH] for task: ['PE']... costs 0.00s... has 3088/18644 query/prompt samples
	Loading test data from [H36M_MESH] for task: ['PE']... costs 0.00s... has 3088/18644 query/prompt samples
	Loading test data from [H36M_MESH] for task: ['FPE']... costs 0.00s... has 3088/18644 query/prompt samples
	Loading test data from [H36M_MESH] for task: ['FPE']... costs 0.00s... has 3088/18644 query/prompt samples
	Loading test data from [H36M_MESH] for task: ['FPE']... costs 0.00s... has 3088/18644 query/prompt samples
	Loading test data from [H36M_MESH] for task: ['FPE']... costs 0.00s... has 3088/18644 query/prompt samples
	Loading test data from [H36M_MESH] for task: ['MC']... Loading joint masks... costs 0.00s... has 3088/18644 query/prompt samples
	Loading test data from [H36M_MESH] for task: ['MC']... Loading joint masks... costs 0.00s... has 3088/18644 query/prompt samples
	Loading test data from [H36M_MESH] for task: ['MC']... Loading joint masks... costs 0.00s... has 3088/18644 query/prompt samples
	Loading test data from [H36M_MESH] for task: ['MC']... Loading joint masks... costs 0.00s... has 3088/18644 query/prompt samples
	Loading test data from [H36M_MESH] for task: ['MP']... costs 0.00s... has 3088/18644 query/prompt samples
	Loading test data from [H36M_MESH] for task: ['MP']... costs 0.00s... has 3088/18644 query/prompt samples
	Loading test data from [H36M_MESH] for task: ['MP']... costs 0.00s... has 3088/18644 query/prompt samples
	Loading test data from [H36M_MESH] for task: ['MP']... costs 0.00s... has 3088/18644 query/prompt samples
	Loading test data from [H36M_MESH] for task: ['MIB']... Loading frame masks... costs 0.00s... has 3088/18644 query/prompt samples
	Loading test data from [H36M_MESH] for task: ['MIB']... Loading frame masks... costs 0.00s... has 3088/18644 query/prompt samples
	Loading test data from [H36M_MESH] for task: ['MIB']... Loading frame masks... costs 0.00s... has 3088/18644 query/prompt samples
	Loading test data from [H36M_MESH] for task: ['MIB']... Loading frame masks... costs 0.00s... has 3088/18644 query/prompt samples
	Loading test data from [H36M_MESH] for task: ['MeshPred']... costs 0.00s... has 3088/18644 query/prompt samples
	Loading test data from [H36M_MESH] for task: ['MeshPred']... costs 0.00s... has 3088/18644 query/prompt samples
	Loading test data from [H36M_MESH] for task: ['MeshPred']... costs 0.00s... has 3088/18644 query/prompt samples
	Loading test data from [H36M_MESH] for task: ['MeshPred']... costs 0.00s... has 3088/18644 query/prompt samples
	Loading test data from [H36M_MESH] for task: ['MeshCompletion']... costs 0.00s... has 3088/18644 query/prompt samples
	Loading test data from [H36M_MESH] for task: ['MeshCompletion']... costs 0.00s... has 3088/18644 query/prompt samples
	Loading test data from [H36M_MESH] for task: ['MeshCompletion']... costs 0.00s... has 3088/18644 query/prompt samples
	Loading test data from [H36M_MESH] for task: ['MeshCompletion']... costs 0.00s... has 3088/18644 query/prompt samples
	Preparing test [mesh joint masks] from [H36M_MESH] for task: [MeshCompletion]... Loading mesh joint masks...
	Loading test data from [H36M_MESH] for task: ['MeshInBetween']... Loading frame masks... costs 0.00s... has 3088/18644 query/prompt samples
	Preparing test [mesh joint masks] from [H36M_MESH] for task: [MeshCompletion]... Loading mesh joint masks...
	Loading test data from [H36M_MESH] for task: ['MeshInBetween']... Loading frame masks... costs 0.00s... has 3088/18644 query/prompt samples
	Preparing test [mesh joint masks] from [H36M_MESH] for task: [MeshCompletion]... Loading mesh joint masks...
	Loading test data from [H36M_MESH] for task: ['MeshInBetween']... Loading frame masks... costs 0.00s... has 3088/18644 query/prompt samples
	Preparing test [mesh joint masks] from [H36M_MESH] for task: [MeshCompletion]... Loading mesh joint masks...
	Loading test data from [H36M_MESH] for task: ['MeshInBetween']... Loading frame masks... costs 0.00s... has 3088/18644 query/prompt samples
	Loading test data from [PW3D_MESH] for task: ['PE']... Loading presaved... costs 0.08s... has 1091/1373 query/prompt samples
	Loading test data from [PW3D_MESH] for task: ['PE']... Loading presaved... 	Loading test data from [PW3D_MESH] for task: ['PE']... Loading presaved... costs 0.08s... has 1091/1373 query/prompt samples
costs 0.08s... has 1091/1373 query/prompt samples
	Loading test data from [PW3D_MESH] for task: ['PE']... Loading presaved... costs 0.08s... has 1091/1373 query/prompt samples
	Loading test data from [PW3D_MESH] for task: ['FPE']... Loading presaved... costs 0.06s... has 1091/1373 query/prompt samples
	Loading test data from [PW3D_MESH] for task: ['FPE']... Loading presaved... 	Loading test data from [PW3D_MESH] for task: ['FPE']... Loading presaved... costs 0.07s... has 1091/1373 query/prompt samples
costs 0.07s... has 1091/1373 query/prompt samples
	Loading test data from [PW3D_MESH] for task: ['FPE']... Loading presaved... costs 0.07s... has 1091/1373 query/prompt samples
	Loading test data from [PW3D_MESH] for task: ['MC']... Loading presaved... Loading joint masks... costs 0.07s... has 1091/1373 query/prompt samples
	Loading test data from [PW3D_MESH] for task: ['MC']... Loading presaved... 	Loading test data from [PW3D_MESH] for task: ['MC']... Loading presaved... Loading joint masks... costs 0.06s... has 1091/1373 query/prompt samples
Loading joint masks... costs 0.07s... has 1091/1373 query/prompt samples
	Loading test data from [PW3D_MESH] for task: ['MC']... Loading presaved... Loading joint masks... costs 0.07s... has 1091/1373 query/prompt samples
	Loading test data from [PW3D_MESH] for task: ['MP']... Loading presaved... costs 0.06s... has 1091/1373 query/prompt samples
	Loading test data from [PW3D_MESH] for task: ['MP']... Loading presaved... 	Loading test data from [PW3D_MESH] for task: ['MP']... Loading presaved... costs 0.07s... has 1091/1373 query/prompt samples
costs 0.06s... has 1091/1373 query/prompt samples
	Loading test data from [PW3D_MESH] for task: ['MP']... Loading presaved... costs 0.07s... has 1091/1373 query/prompt samples
	Loading test data from [PW3D_MESH] for task: ['MIB']... Loading presaved... Loading frame masks... costs 0.06s... has 1091/1373 query/prompt samples
	Loading test data from [PW3D_MESH] for task: ['MIB']... Loading presaved... 	Loading test data from [PW3D_MESH] for task: ['MIB']... Loading presaved... Loading frame masks... costs 0.07s... has 1091/1373 query/prompt samples
Loading frame masks... costs 0.06s... has 1091/1373 query/prompt samples
	Loading test data from [PW3D_MESH] for task: ['MIB']... Loading presaved... Loading frame masks... costs 0.07s... has 1091/1373 query/prompt samples
	Loading test data from [PW3D_MESH] for task: ['MeshPred']... Loading presaved... costs 0.07s... has 1091/1373 query/prompt samples
	Loading test data from [PW3D_MESH] for task: ['MeshPred']... Loading presaved... costs 0.07s... has 1091/1373 query/prompt samples
	Loading test data from [PW3D_MESH] for task: ['MeshPred']... Loading presaved... costs 0.06s... has 1091/1373 query/prompt samples
	Loading test data from [PW3D_MESH] for task: ['MeshPred']... Loading presaved... costs 0.06s... has 1091/1373 query/prompt samples
	Loading test data from [PW3D_MESH] for task: ['MeshCompletion']... Loading presaved... costs 0.07s... has 1091/1373 query/prompt samples
	Loading test data from [PW3D_MESH] for task: ['MeshCompletion']... Loading presaved... costs 0.06s... has 1091/1373 query/prompt samples
	Loading test data from [PW3D_MESH] for task: ['MeshCompletion']... Loading presaved... costs 0.07s... has 1091/1373 query/prompt samples
	Loading test data from [PW3D_MESH] for task: ['MeshCompletion']... Loading presaved... costs 0.06s... has 1091/1373 query/prompt samples
	Preparing test [mesh joint masks] from [PW3D_MESH] for task: [MeshCompletion]... Loading mesh joint masks...
	Loading test data from [PW3D_MESH] for task: ['MeshInBetween']... Loading presaved... Loading frame masks... costs 0.06s... has 1091/1373 query/prompt samples
	Preparing test [mesh joint masks] from [PW3D_MESH] for task: [MeshCompletion]... Loading mesh joint masks...
	Loading test data from [PW3D_MESH] for task: ['MeshInBetween']... Loading presaved... Loading frame masks... costs 0.06s... has 1091/1373 query/prompt samples
	Preparing test [mesh joint masks] from [PW3D_MESH] for task: [MeshCompletion]... Loading mesh joint masks...
	Loading test data from [PW3D_MESH] for task: ['MeshInBetween']... Loading presaved... Loading frame masks... costs 0.06s... has 1091/1373 query/prompt samples
	Preparing test [mesh joint masks] from [PW3D_MESH] for task: [MeshCompletion]... Loading mesh joint masks...
	Loading test data from [PW3D_MESH] for task: ['MeshInBetween']... Loading presaved... Loading frame masks... costs 0.06s... has 1091/1373 query/prompt samples

Loading model...
	Model: model_mesh_VER8.M01V02_MotionAGFormer
	Trainable parameter count: 48.895466M

Training on [['non_AR', 711]] batches for 120 epochs. batch size: 92
[1 start]
	DDP is being applied.
	DDP is being applied.
	DDP is being applied.
	Iter: 237/711; time cost: 15.74min; current batch has {'AMASS': 95, 'H36M_MESH': 20} samples; batch_size (total/sub): 115/23
	Iter: 237/711; time cost: 15.74min; current batch has {'AMASS': 75, 'H36M_MESH': 40} samples; batch_size (total/sub): 115/23
	Iter: 237/711; time cost: 15.74min; current batch has {'AMASS': 100, 'H36M_MESH': 15} samples; batch_size (total/sub): 115/23
	Iter: 237/711; time cost: 15.74min; current batch has {'AMASS': 80, 'H36M_MESH': 35} samples; batch_size (total/sub): 115/23
	[check randomness] query_id: 0, prompt_id: 25756
	Iter: 474/711; time cost: 31.33min; current batch has {'AMASS': 65, 'H36M_MESH': 50} samples; batch_size (total/sub): 115/23
	Iter: 474/711; time cost: 31.33min; current batch has {'AMASS': 90, 'H36M_MESH': 25} samples; batch_size (total/sub): 115/23
	Iter: 474/711; time cost: 31.33min; current batch has {'AMASS': 90, 'H36M_MESH': 25} samples; batch_size (total/sub): 115/23
	Iter: 474/711; time cost: 31.33min; current batch has {'AMASS': 75, 'H36M_MESH': 40} samples; batch_size (total/sub): 115/23

	Epoch info dict failed to be created and saved.

	Evaluating [PE] on [AMASS]... costs 38.17s
	Evaluating [FPE] on [AMASS]... costs 34.44s
	Evaluating [MC] on [AMASS]... costs 35.80s
	Evaluating [MP] on [AMASS]... costs 34.33s
	Evaluating [MIB] on [AMASS]... costs 34.55s
	Evaluating [MeshPred] on [AMASS]... costs 34.22s
	Evaluating [MeshCompletion] on [AMASS]... costs 34.20s
	Evaluating [MeshInBetween] on [AMASS]... costs 34.27s
	Evaluating [PE] on [H36M_MESH]... costs 13.16s
	Evaluating [FPE] on [H36M_MESH]... costs 13.19s
	Evaluating [MC] on [H36M_MESH]... costs 13.18s
	Evaluating [MP] on [H36M_MESH]... costs 13.18s
	Evaluating [MIB] on [H36M_MESH]... costs 13.20s
	Evaluating [MeshPred] on [H36M_MESH]... costs 13.07s
	Evaluating [MeshCompletion] on [H36M_MESH]... costs 13.07s
	Evaluating [MeshInBetween] on [H36M_MESH]... costs 13.20s
	Evaluating [PE] on [PW3D_MESH]... costs 5.24s
	Evaluating [FPE] on [PW3D_MESH]... costs 5.23s
	Evaluating [MC] on [PW3D_MESH]... costs 5.28s
	Evaluating [MP] on [PW3D_MESH]... costs 5.30s
	Evaluating [MIB] on [PW3D_MESH]... costs 5.33s
	Evaluating [MeshPred] on [PW3D_MESH]... costs 5.24s
	Evaluating [MeshCompletion] on [PW3D_MESH]... costs 5.23s
	Evaluating [MeshInBetween] on [PW3D_MESH]... costs 5.23s
+-------+------------+---------+-----------+---------+--------+--------+--------+--------+--------+----------+----------------+---------------+-----------+--------+--------+--------+--------+----------+----------------+---------------+-----------+--------+--------+--------+--------+----------+----------------+---------------+--------+--------+--------+--------+--------+----------+----------------+---------------+-----------+--------+--------+--------+--------+----------+----------------+---------------+-----------+--------+--------+--------+--------+----------+----------------+---------------+
| Epoch |     lr     |  JOINT  |    MESH   |   ALL   | AMASS  |        |        |        |        |          |                |               | H36M_MESH |        |        |        |        |          |                |               | PW3D_MESH |        |        |        |        |          |                |               | AMASS  |        |        |        |        |          |                |               | H36M_MESH |        |        |        |        |          |                |               | PW3D_MESH |        |        |        |        |          |                |               |
+-------+------------+---------+-----------+---------+--------+--------+--------+--------+--------+----------+----------------+---------------+-----------+--------+--------+--------+--------+----------+----------------+---------------+-----------+--------+--------+--------+--------+----------+----------------+---------------+--------+--------+--------+--------+--------+----------+----------------+---------------+-----------+--------+--------+--------+--------+----------+----------------+---------------+-----------+--------+--------+--------+--------+----------+----------------+---------------+
|   1   | 0.00020000 | 0.48539 | 385.63321 | 0.00000 |   PE   |  FPE   |   MC   |   MP   |  MIB   | MeshPred | MeshCompletion | MeshInBetween |     PE    |  FPE   |   MC   |   MP   |  MIB   | MeshPred | MeshCompletion | MeshInBetween |     PE    |  FPE   |   MC   |   MP   |  MIB   | MeshPred | MeshCompletion | MeshInBetween |   PE   |  FPE   |   MC   |   MP   |  MIB   | MeshPred | MeshCompletion | MeshInBetween |     PE    |  FPE   |   MC   |   MP   |  MIB   | MeshPred | MeshCompletion | MeshInBetween |     PE    |  FPE   |   MC   |   MP   |  MIB   | MeshPred | MeshCompletion | MeshInBetween |
|       |            |         |           |         | 147.37 | 147.62 | 161.83 | 144.07 | 142.06 |  160.33  |     161.83     |     162.39    |   261.77  | 265.56 | 276.50 | 262.80 | 258.98 |  299.04  |     301.21     |     289.81    |   224.26  | 222.07 | 232.93 | 219.47 | 220.81 |  244.64  |     255.04     |     236.11    | 152.13 | 152.44 | 169.09 | 149.52 | 150.53 |  202.58  |     207.64     |     206.27    |   359.14  | 358.69 | 357.08 | 353.66 | 353.07 |  386.79  |     394.65     |     382.61    |   270.05  | 267.66 | 266.47 | 260.55 | 262.43 |  295.22  |     309.05     |     286.87    |
+-------+------------+---------+-----------+---------+--------+--------+--------+--------+--------+----------+----------------+---------------+-----------+--------+--------+--------+--------+----------+----------------+---------------+-----------+--------+--------+--------+--------+----------+----------------+---------------+--------+--------+--------+--------+--------+----------+----------------+---------------+-----------+--------+--------+--------+--------+----------+----------------+---------------+-----------+--------+--------+--------+--------+----------+----------------+---------------+
	Saving best checkpoints: [AMASS,PE] [AMASS,FPE] [AMASS,MC] [AMASS,MP] [AMASS,MIB] [AMASS,MeshPred] [AMASS,MeshCompletion] [AMASS,MeshInBetween] [H36M_MESH,PE] [H36M_MESH,FPE] [H36M_MESH,MC] [H36M_MESH,MP] [H36M_MESH,MIB] [H36M_MESH,MeshPred] [H36M_MESH,MeshCompletion] [H36M_MESH,MeshInBetween] [PW3D_MESH,PE] [PW3D_MESH,FPE] [PW3D_MESH,MC] [PW3D_MESH,MP] [PW3D_MESH,MIB] [PW3D_MESH,MeshPred] [PW3D_MESH,MeshCompletion] [PW3D_MESH,MeshInBetween] 

[1 end] Time cost: 54.47min 	| lr: 0.00020000
[2 start]
	DDP is being applied.
	DDP is being applied.
	DDP is being applied.
	Iter: 237/711; time cost: 23.18min; current batch has {'AMASS': 65, 'H36M_MESH': 50} samples; batch_size (total/sub): 115/23
	Iter: 237/711; time cost: 15.65min; current batch has {'AMASS': 60, 'H36M_MESH': 55} samples; batch_size (total/sub): 115/23
	Iter: 237/711; time cost: 23.18min; current batch has {'AMASS': 85, 'H36M_MESH': 30} samples; batch_size (total/sub): 115/23
	Iter: 237/711; time cost: 23.18min; current batch has {'AMASS': 85, 'H36M_MESH': 30} samples; batch_size (total/sub): 115/23
	[check randomness] query_id: 0, prompt_id: 40513
	Iter: 474/711; time cost: 38.71min; current batch has {'AMASS': 105, 'H36M_MESH': 10} samples; batch_size (total/sub): 115/23
	Iter: 474/711; time cost: 38.71min; current batch has {'AMASS': 95, 'H36M_MESH': 20} samples; batch_size (total/sub): 115/23
	Iter: 474/711; time cost: 38.71min; current batch has {'AMASS': 90, 'H36M_MESH': 25} samples; batch_size (total/sub): 115/23
	Iter: 474/711; time cost: 31.17min; current batch has {'AMASS': 85, 'H36M_MESH': 30} samples; batch_size (total/sub): 115/23
	Evaluating [PE] on [AMASS]... costs 34.50s
	Evaluating [FPE] on [AMASS]... costs 34.47s
	Evaluating [MC] on [AMASS]... costs 34.10s
	Evaluating [MP] on [AMASS]... costs 33.99s
	Evaluating [MIB] on [AMASS]... costs 33.80s
	Evaluating [MeshPred] on [AMASS]... costs 33.65s
	Evaluating [MeshCompletion] on [AMASS]... costs 33.96s
	Evaluating [MeshInBetween] on [AMASS]... costs 33.64s
	Evaluating [PE] on [H36M_MESH]... costs 12.83s
	Evaluating [FPE] on [H36M_MESH]... costs 12.93s
	Evaluating [MC] on [H36M_MESH]... costs 12.86s
	Evaluating [MP] on [H36M_MESH]... costs 12.87s
	Evaluating [MIB] on [H36M_MESH]... costs 13.03s
	Evaluating [MeshPred] on [H36M_MESH]... costs 12.95s
	Evaluating [MeshCompletion] on [H36M_MESH]... costs 12.94s
	Evaluating [MeshInBetween] on [H36M_MESH]... costs 12.89s
	Evaluating [PE] on [PW3D_MESH]... costs 5.25s
	Evaluating [FPE] on [PW3D_MESH]... costs 5.26s
	Evaluating [MC] on [PW3D_MESH]... costs 5.32s
	Evaluating [MP] on [PW3D_MESH]... costs 5.28s
	Evaluating [MIB] on [PW3D_MESH]... costs 5.31s
	Evaluating [MeshPred] on [PW3D_MESH]... costs 5.26s
	Evaluating [MeshCompletion] on [PW3D_MESH]... costs 5.31s
	Evaluating [MeshInBetween] on [PW3D_MESH]... costs 5.26s
+-------+------------+---------+-----------+---------+--------+--------+--------+--------+--------+----------+----------------+---------------+-----------+--------+--------+--------+--------+----------+----------------+---------------+-----------+--------+--------+--------+--------+----------+----------------+---------------+--------+--------+--------+--------+--------+----------+----------------+---------------+-----------+--------+--------+--------+--------+----------+----------------+---------------+-----------+--------+--------+--------+--------+----------+----------------+---------------+
| Epoch |     lr     |  JOINT  |    MESH   |   ALL   | AMASS  |        |        |        |        |          |                |               | H36M_MESH |        |        |        |        |          |                |               | PW3D_MESH |        |        |        |        |          |                |               | AMASS  |        |        |        |        |          |                |               | H36M_MESH |        |        |        |        |          |                |               | PW3D_MESH |        |        |        |        |          |                |               |
+-------+------------+---------+-----------+---------+--------+--------+--------+--------+--------+----------+----------------+---------------+-----------+--------+--------+--------+--------+----------+----------------+---------------+-----------+--------+--------+--------+--------+----------+----------------+---------------+--------+--------+--------+--------+--------+----------+----------------+---------------+-----------+--------+--------+--------+--------+----------+----------------+---------------+-----------+--------+--------+--------+--------+----------+----------------+---------------+
|   2   | 0.00019800 | 0.44350 | 355.36520 | 0.00000 |   PE   |  FPE   |   MC   |   MP   |  MIB   | MeshPred | MeshCompletion | MeshInBetween |     PE    |  FPE   |   MC   |   MP   |  MIB   | MeshPred | MeshCompletion | MeshInBetween |     PE    |  FPE   |   MC   |   MP   |  MIB   | MeshPred | MeshCompletion | MeshInBetween |   PE   |  FPE   |   MC   |   MP   |  MIB   | MeshPred | MeshCompletion | MeshInBetween |     PE    |  FPE   |   MC   |   MP   |  MIB   | MeshPred | MeshCompletion | MeshInBetween |     PE    |  FPE   |   MC   |   MP   |  MIB   | MeshPred | MeshCompletion | MeshInBetween |
|       |            |         |           |         | 125.31 | 125.18 | 144.36 | 124.09 | 124.96 |  140.97  |     139.04     |     139.96    |   252.13  | 255.30 | 265.60 | 248.69 | 244.21 |  285.30  |     288.97     |     272.23    |   207.59  | 206.28 | 216.91 | 201.90 | 203.13 |  254.70  |     267.20     |     239.53    | 150.23 | 149.96 | 161.64 | 147.70 | 147.70 |  174.67  |     171.39     |     171.12    |   362.70  | 362.30 | 358.25 | 354.31 | 354.11 |  383.77  |     393.03     |     376.85    |   270.10  | 268.05 | 266.70 | 263.84 | 265.12 |  321.12  |     334.66     |     303.21    |
+-------+------------+---------+-----------+---------+--------+--------+--------+--------+--------+----------+----------------+---------------+-----------+--------+--------+--------+--------+----------+----------------+---------------+-----------+--------+--------+--------+--------+----------+----------------+---------------+--------+--------+--------+--------+--------+----------+----------------+---------------+-----------+--------+--------+--------+--------+----------+----------------+---------------+-----------+--------+--------+--------+--------+----------+----------------+---------------+
	Saving best checkpoints: [AMASS,PE] [AMASS,FPE] [AMASS,MC] [AMASS,MP] [AMASS,MIB] [AMASS,MeshPred] [AMASS,MeshCompletion] [AMASS,MeshInBetween] [H36M_MESH,PE] [H36M_MESH,FPE] [H36M_MESH,MC] [H36M_MESH,MP] [H36M_MESH,MIB] [H36M_MESH,MeshPred] [H36M_MESH,MeshCompletion] [H36M_MESH,MeshInBetween] [PW3D_MESH,PE] [PW3D_MESH,FPE] [PW3D_MESH,MC] [PW3D_MESH,MP] [PW3D_MESH,MIB] 

[2 end] Time cost: 54.44min 	| lr: 0.00019800
[3 start]
	DDP is being applied.
	DDP is being applied.
	DDP is being applied.
	Iter: 237/711; time cost: 15.55min; current batch has {'AMASS': 80, 'H36M_MESH': 35} samples; batch_size (total/sub): 115/23
	Iter: 237/711; time cost: 23.36min; current batch has {'AMASS': 95, 'H36M_MESH': 20} samples; batch_size (total/sub): 115/23
	Iter: 237/711; time cost: 23.36min; current batch has {'AMASS': 75, 'H36M_MESH': 40} samples; batch_size (total/sub): 115/23
	Iter: 237/711; time cost: 23.36min; current batch has {'AMASS': 70, 'H36M_MESH': 45} samples; batch_size (total/sub): 115/23
	[check randomness] query_id: 0, prompt_id: 10749
	Iter: 474/711; time cost: 38.83min; current batch has {'AMASS': 80, 'H36M_MESH': 35} samples; batch_size (total/sub): 115/23
	Iter: 474/711; time cost: 31.02min; current batch has {'AMASS': 100, 'H36M_MESH': 15} samples; batch_size (total/sub): 115/23
	Iter: 474/711; time cost: 38.83min; current batch has {'AMASS': 55, 'H36M_MESH': 60} samples; batch_size (total/sub): 115/23
	Iter: 474/711; time cost: 38.83min; current batch has {'AMASS': 90, 'H36M_MESH': 25} samples; batch_size (total/sub): 115/23
	Evaluating [PE] on [AMASS]... costs 34.68s
	Evaluating [FPE] on [AMASS]... costs 34.20s
	Evaluating [MC] on [AMASS]... costs 33.93s
	Evaluating [MP] on [AMASS]... costs 33.75s
	Evaluating [MIB] on [AMASS]... costs 34.10s
	Evaluating [MeshPred] on [AMASS]... costs 34.08s
	Evaluating [MeshCompletion] on [AMASS]... costs 33.84s
	Evaluating [MeshInBetween] on [AMASS]... costs 33.89s
	Evaluating [PE] on [H36M_MESH]... costs 12.98s
	Evaluating [FPE] on [H36M_MESH]... costs 13.38s
	Evaluating [MC] on [H36M_MESH]... costs 13.15s
	Evaluating [MP] on [H36M_MESH]... costs 12.99s
	Evaluating [MIB] on [H36M_MESH]... costs 13.26s
	Evaluating [MeshPred] on [H36M_MESH]... costs 12.90s
	Evaluating [MeshCompletion] on [H36M_MESH]... costs 12.87s
	Evaluating [MeshInBetween] on [H36M_MESH]... costs 13.03s
	Evaluating [PE] on [PW3D_MESH]... costs 5.21s
	Evaluating [FPE] on [PW3D_MESH]... costs 5.20s
	Evaluating [MC] on [PW3D_MESH]... costs 5.44s
	Evaluating [MP] on [PW3D_MESH]... costs 5.27s
	Evaluating [MIB] on [PW3D_MESH]... costs 5.23s
	Evaluating [MeshPred] on [PW3D_MESH]... costs 5.24s
	Evaluating [MeshCompletion] on [PW3D_MESH]... costs 5.18s
	Evaluating [MeshInBetween] on [PW3D_MESH]... costs 5.25s
+-------+------------+---------+-----------+---------+--------+--------+--------+--------+--------+----------+----------------+---------------+-----------+--------+--------+--------+--------+----------+----------------+---------------+-----------+--------+--------+--------+--------+----------+----------------+---------------+--------+--------+--------+--------+--------+----------+----------------+---------------+-----------+--------+--------+--------+--------+----------+----------------+---------------+-----------+--------+--------+--------+--------+----------+----------------+---------------+
| Epoch |     lr     |  JOINT  |    MESH   |   ALL   | AMASS  |        |        |        |        |          |                |               | H36M_MESH |        |        |        |        |          |                |               | PW3D_MESH |        |        |        |        |          |                |               | AMASS  |        |        |        |        |          |                |               | H36M_MESH |        |        |        |        |          |                |               | PW3D_MESH |        |        |        |        |          |                |               |
+-------+------------+---------+-----------+---------+--------+--------+--------+--------+--------+----------+----------------+---------------+-----------+--------+--------+--------+--------+----------+----------------+---------------+-----------+--------+--------+--------+--------+----------+----------------+---------------+--------+--------+--------+--------+--------+----------+----------------+---------------+-----------+--------+--------+--------+--------+----------+----------------+---------------+-----------+--------+--------+--------+--------+----------+----------------+---------------+
|   3   | 0.00019602 | 0.42830 | 345.84824 | 0.00000 |   PE   |  FPE   |   MC   |   MP   |  MIB   | MeshPred | MeshCompletion | MeshInBetween |     PE    |  FPE   |   MC   |   MP   |  MIB   | MeshPred | MeshCompletion | MeshInBetween |     PE    |  FPE   |   MC   |   MP   |  MIB   | MeshPred | MeshCompletion | MeshInBetween |   PE   |  FPE   |   MC   |   MP   |  MIB   | MeshPred | MeshCompletion | MeshInBetween |     PE    |  FPE   |   MC   |   MP   |  MIB   | MeshPred | MeshCompletion | MeshInBetween |     PE    |  FPE   |   MC   |   MP   |  MIB   | MeshPred | MeshCompletion | MeshInBetween |
|       |            |         |           |         | 124.53 | 125.34 | 144.38 | 124.45 | 123.81 |  134.99  |     133.85     |     134.51    |   253.29  | 256.17 | 267.39 | 249.01 | 244.48 |  282.21  |     279.85     |     274.10    |   206.81  | 206.01 | 217.35 | 197.09 | 197.79 |  222.70  |     233.57     |     219.36    | 153.37 | 152.76 | 160.27 | 147.44 | 146.87 |  159.47  |     156.66     |     156.63    |   359.06  | 359.91 | 353.90 | 350.64 | 348.07 |  382.77  |     384.91     |     380.94    |   267.77  | 266.43 | 263.54 | 258.14 | 258.04 |  299.19  |     307.23     |     295.56    |
+-------+------------+---------+-----------+---------+--------+--------+--------+--------+--------+----------+----------------+---------------+-----------+--------+--------+--------+--------+----------+----------------+---------------+-----------+--------+--------+--------+--------+----------+----------------+---------------+--------+--------+--------+--------+--------+----------+----------------+---------------+-----------+--------+--------+--------+--------+----------+----------------+---------------+-----------+--------+--------+--------+--------+----------+----------------+---------------+
	Saving best checkpoints: [AMASS,PE] [AMASS,MIB] [AMASS,MeshPred] [AMASS,MeshCompletion] [AMASS,MeshInBetween] [H36M_MESH,MeshPred] [H36M_MESH,MeshCompletion] [PW3D_MESH,PE] [PW3D_MESH,FPE] [PW3D_MESH,MP] [PW3D_MESH,MIB] [PW3D_MESH,MeshPred] [PW3D_MESH,MeshCompletion] [PW3D_MESH,MeshInBetween] 

[3 end] Time cost: 53.92min 	| lr: 0.00019602
[4 start]
	DDP is being applied.
	DDP is being applied.
	DDP is being applied.
	Iter: 237/711; time cost: 15.51min; current batch has {'AMASS': 70, 'H36M_MESH': 45} samples; batch_size (total/sub): 115/23
	Iter: 237/711; time cost: 23.06min; current batch has {'AMASS': 100, 'H36M_MESH': 15} samples; batch_size (total/sub): 115/23
	Iter: 237/711; time cost: 23.06min; current batch has {'AMASS': 85, 'H36M_MESH': 30} samples; batch_size (total/sub): 115/23
	Iter: 237/711; time cost: 23.06min; current batch has {'AMASS': 85, 'H36M_MESH': 30} samples; batch_size (total/sub): 115/23
	[check randomness] query_id: 0, prompt_id: 38962
	Iter: 474/711; time cost: 38.53min; current batch has {'AMASS': 115, 'H36M_MESH': 0} samples; batch_size (total/sub): 115/23
	Iter: 474/711; time cost: 30.98min; current batch has {'AMASS': 65, 'H36M_MESH': 50} samples; batch_size (total/sub): 115/23
	Iter: 474/711; time cost: 38.53min; current batch has {'AMASS': 70, 'H36M_MESH': 45} samples; batch_size (total/sub): 115/23
	Iter: 474/711; time cost: 38.53min; current batch has {'AMASS': 90, 'H36M_MESH': 25} samples; batch_size (total/sub): 115/23
	Evaluating [PE] on [AMASS]... costs 33.75s
	Evaluating [FPE] on [AMASS]... costs 34.08s
	Evaluating [MC] on [AMASS]... costs 34.50s
	Evaluating [MP] on [AMASS]... costs 34.45s
	Evaluating [MIB] on [AMASS]... costs 34.24s
	Evaluating [MeshPred] on [AMASS]... costs 33.33s
	Evaluating [MeshCompletion] on [AMASS]... costs 33.54s
	Evaluating [MeshInBetween] on [AMASS]... costs 33.35s
	Evaluating [PE] on [H36M_MESH]... costs 13.04s
	Evaluating [FPE] on [H36M_MESH]... costs 12.86s
	Evaluating [MC] on [H36M_MESH]... costs 12.87s
	Evaluating [MP] on [H36M_MESH]... costs 14.25s
	Evaluating [MIB] on [H36M_MESH]... costs 13.12s
	Evaluating [MeshPred] on [H36M_MESH]... costs 13.01s
	Evaluating [MeshCompletion] on [H36M_MESH]... costs 12.95s
	Evaluating [MeshInBetween] on [H36M_MESH]... costs 12.84s
	Evaluating [PE] on [PW3D_MESH]... costs 5.14s
	Evaluating [FPE] on [PW3D_MESH]... costs 5.18s
	Evaluating [MC] on [PW3D_MESH]... costs 5.26s
	Evaluating [MP] on [PW3D_MESH]... costs 5.17s
	Evaluating [MIB] on [PW3D_MESH]... costs 5.19s
	Evaluating [MeshPred] on [PW3D_MESH]... costs 5.19s
	Evaluating [MeshCompletion] on [PW3D_MESH]... costs 5.20s
	Evaluating [MeshInBetween] on [PW3D_MESH]... costs 5.21s
+-------+------------+---------+-----------+---------+--------+--------+--------+--------+--------+----------+----------------+---------------+-----------+--------+--------+--------+--------+----------+----------------+---------------+-----------+--------+--------+--------+--------+----------+----------------+---------------+--------+--------+--------+--------+--------+----------+----------------+---------------+-----------+--------+--------+--------+--------+----------+----------------+---------------+-----------+--------+--------+--------+--------+----------+----------------+---------------+
| Epoch |     lr     |  JOINT  |    MESH   |   ALL   | AMASS  |        |        |        |        |          |                |               | H36M_MESH |        |        |        |        |          |                |               | PW3D_MESH |        |        |        |        |          |                |               | AMASS  |        |        |        |        |          |                |               | H36M_MESH |        |        |        |        |          |                |               | PW3D_MESH |        |        |        |        |          |                |               |
+-------+------------+---------+-----------+---------+--------+--------+--------+--------+--------+----------+----------------+---------------+-----------+--------+--------+--------+--------+----------+----------------+---------------+-----------+--------+--------+--------+--------+----------+----------------+---------------+--------+--------+--------+--------+--------+----------+----------------+---------------+-----------+--------+--------+--------+--------+----------+----------------+---------------+-----------+--------+--------+--------+--------+----------+----------------+---------------+
|   4   | 0.00019406 | 0.42013 | 341.26335 | 0.00000 |   PE   |  FPE   |   MC   |   MP   |  MIB   | MeshPred | MeshCompletion | MeshInBetween |     PE    |  FPE   |   MC   |   MP   |  MIB   | MeshPred | MeshCompletion | MeshInBetween |     PE    |  FPE   |   MC   |   MP   |  MIB   | MeshPred | MeshCompletion | MeshInBetween |   PE   |  FPE   |   MC   |   MP   |  MIB   | MeshPred | MeshCompletion | MeshInBetween |     PE    |  FPE   |   MC   |   MP   |  MIB   | MeshPred | MeshCompletion | MeshInBetween |     PE    |  FPE   |   MC   |   MP   |  MIB   | MeshPred | MeshCompletion | MeshInBetween |
|       |            |         |           |         | 135.26 | 137.62 | 160.85 | 135.83 | 134.45 |  150.11  |     148.64     |     148.19    |   257.40  | 260.62 | 273.90 | 253.98 | 248.99 |  291.42  |     286.46     |     281.07    |   207.61  | 207.51 | 221.02 | 200.51 | 201.57 |  230.44  |     239.99     |     231.37    | 146.89 | 148.97 | 170.59 | 149.20 | 149.29 |  164.05  |     162.02     |     159.93    |   355.55  | 355.79 | 351.17 | 345.90 | 344.54 |  384.28  |     385.23     |     378.30    |   264.66  | 263.20 | 262.65 | 256.44 | 258.61 |  302.76  |     312.42     |     304.02    |
+-------+------------+---------+-----------+---------+--------+--------+--------+--------+--------+----------+----------------+---------------+-----------+--------+--------+--------+--------+----------+----------------+---------------+-----------+--------+--------+--------+--------+----------+----------------+---------------+--------+--------+--------+--------+--------+----------+----------------+---------------+-----------+--------+--------+--------+--------+----------+----------------+---------------+-----------+--------+--------+--------+--------+----------+----------------+---------------+
	Saving best checkpoints: 

[4 end] Time cost: 53.35min 	| lr: 0.00019406
[5 start]
	DDP is being applied.
	DDP is being applied.
	DDP is being applied.
	Iter: 237/711; time cost: 22.57min; current batch has {'AMASS': 85, 'H36M_MESH': 30} samples; batch_size (total/sub): 115/23
	Iter: 237/711; time cost: 15.56min; current batch has {'AMASS': 85, 'H36M_MESH': 30} samples; batch_size (total/sub): 115/23
	Iter: 237/711; time cost: 22.57min; current batch has {'AMASS': 70, 'H36M_MESH': 45} samples; batch_size (total/sub): 115/23
	Iter: 237/711; time cost: 22.57min; current batch has {'AMASS': 70, 'H36M_MESH': 45} samples; batch_size (total/sub): 115/23
	Iter: 474/711; time cost: 38.08min; current batch has {'AMASS': 80, 'H36M_MESH': 35} samples; batch_size (total/sub): 115/23
	Iter: 474/711; time cost: 31.06min; current batch has {'AMASS': 95, 'H36M_MESH': 20} samples; batch_size (total/sub): 115/23
	Iter: 474/711; time cost: 38.08min; current batch has {'AMASS': 90, 'H36M_MESH': 25} samples; batch_size (total/sub): 115/23
	Iter: 474/711; time cost: 38.08min; current batch has {'AMASS': 90, 'H36M_MESH': 25} samples; batch_size (total/sub): 115/23
	[check randomness] query_id: 0, prompt_id: 13347
	Evaluating [PE] on [AMASS]... costs 34.06s
	Evaluating [FPE] on [AMASS]... costs 33.52s
	Evaluating [MC] on [AMASS]... costs 33.80s
	Evaluating [MP] on [AMASS]... costs 33.67s
	Evaluating [MIB] on [AMASS]... costs 33.98s
	Evaluating [MeshPred] on [AMASS]... costs 34.35s
	Evaluating [MeshCompletion] on [AMASS]... costs 35.81s
	Evaluating [MeshInBetween] on [AMASS]... costs 36.07s
	Evaluating [PE] on [H36M_MESH]... costs 13.48s
	Evaluating [FPE] on [H36M_MESH]... costs 13.76s
	Evaluating [MC] on [H36M_MESH]... costs 13.48s
	Evaluating [MP] on [H36M_MESH]... costs 13.54s
	Evaluating [MIB] on [H36M_MESH]... costs 13.33s
	Evaluating [MeshPred] on [H36M_MESH]... costs 13.15s
	Evaluating [MeshCompletion] on [H36M_MESH]... costs 13.77s
	Evaluating [MeshInBetween] on [H36M_MESH]... costs 13.55s
	Evaluating [PE] on [PW3D_MESH]... costs 5.40s
	Evaluating [FPE] on [PW3D_MESH]... costs 5.34s
	Evaluating [MC] on [PW3D_MESH]... costs 5.43s
	Evaluating [MP] on [PW3D_MESH]... costs 5.30s
	Evaluating [MIB] on [PW3D_MESH]... costs 5.46s
	Evaluating [MeshPred] on [PW3D_MESH]... costs 5.30s
	Evaluating [MeshCompletion] on [PW3D_MESH]... costs 5.35s
	Evaluating [MeshInBetween] on [PW3D_MESH]... costs 5.36s
+-------+------------+---------+-----------+---------+--------+--------+--------+--------+--------+----------+----------------+---------------+-----------+--------+--------+--------+--------+----------+----------------+---------------+-----------+--------+--------+--------+--------+----------+----------------+---------------+--------+--------+--------+--------+--------+----------+----------------+---------------+-----------+--------+--------+--------+--------+----------+----------------+---------------+-----------+--------+--------+--------+--------+----------+----------------+---------------+
| Epoch |     lr     |  JOINT  |    MESH   |   ALL   | AMASS  |        |        |        |        |          |                |               | H36M_MESH |        |        |        |        |          |                |               | PW3D_MESH |        |        |        |        |          |                |               | AMASS  |        |        |        |        |          |                |               | H36M_MESH |        |        |        |        |          |                |               | PW3D_MESH |        |        |        |        |          |                |               |
+-------+------------+---------+-----------+---------+--------+--------+--------+--------+--------+----------+----------------+---------------+-----------+--------+--------+--------+--------+----------+----------------+---------------+-----------+--------+--------+--------+--------+----------+----------------+---------------+--------+--------+--------+--------+--------+----------+----------------+---------------+-----------+--------+--------+--------+--------+----------+----------------+---------------+-----------+--------+--------+--------+--------+----------+----------------+---------------+
|   5   | 0.00019212 | 0.41302 | 336.43571 | 0.00000 |   PE   |  FPE   |   MC   |   MP   |  MIB   | MeshPred | MeshCompletion | MeshInBetween |     PE    |  FPE   |   MC   |   MP   |  MIB   | MeshPred | MeshCompletion | MeshInBetween |     PE    |  FPE   |   MC   |   MP   |  MIB   | MeshPred | MeshCompletion | MeshInBetween |   PE   |  FPE   |   MC   |   MP   |  MIB   | MeshPred | MeshCompletion | MeshInBetween |     PE    |  FPE   |   MC   |   MP   |  MIB   | MeshPred | MeshCompletion | MeshInBetween |     PE    |  FPE   |   MC   |   MP   |  MIB   | MeshPred | MeshCompletion | MeshInBetween |
|       |            |         |           |         | 129.79 | 131.77 | 149.86 | 128.80 | 127.56 |  135.91  |     133.45     |     134.34    |   254.06  | 258.86 | 268.99 | 249.46 | 241.92 |  285.29  |     291.09     |     281.75    |   200.63  | 199.97 | 211.61 | 190.80 | 191.64 |  218.68  |     231.10     |     216.79    | 142.40 | 145.35 | 154.51 | 142.12 | 140.23 |  161.37  |     155.21     |     158.39    |   346.85  | 348.62 | 341.46 | 335.14 | 330.56 |  383.42  |     393.23     |     386.49    |   257.48  | 256.71 | 254.94 | 246.53 | 247.28 |  306.18  |     315.06     |     303.68    |
+-------+------------+---------+-----------+---------+--------+--------+--------+--------+--------+----------+----------------+---------------+-----------+--------+--------+--------+--------+----------+----------------+---------------+-----------+--------+--------+--------+--------+----------+----------------+---------------+--------+--------+--------+--------+--------+----------+----------------+---------------+-----------+--------+--------+--------+--------+----------+----------------+---------------+-----------+--------+--------+--------+--------+----------+----------------+---------------+
	Saving best checkpoints: [AMASS,MeshCompletion] [AMASS,MeshInBetween] [H36M_MESH,MIB] [PW3D_MESH,PE] [PW3D_MESH,FPE] [PW3D_MESH,MC] [PW3D_MESH,MP] [PW3D_MESH,MIB] [PW3D_MESH,MeshPred] [PW3D_MESH,MeshCompletion] [PW3D_MESH,MeshInBetween] 

[5 end] Time cost: 54.06min 	| lr: 0.00019212
[6 start]
	DDP is being applied.
	DDP is being applied.
	DDP is being applied.
	Iter: 237/711; time cost: 23.14min; current batch has {'AMASS': 80, 'H36M_MESH': 35} samples; batch_size (total/sub): 115/23
	Iter: 237/711; time cost: 23.14min; current batch has {'AMASS': 85, 'H36M_MESH': 30} samples; batch_size (total/sub): 115/23
	Iter: 237/711; time cost: 23.14min; current batch has {'AMASS': 95, 'H36M_MESH': 20} samples; batch_size (total/sub): 115/23
	Iter: 237/711; time cost: 15.56min; current batch has {'AMASS': 80, 'H36M_MESH': 35} samples; batch_size (total/sub): 115/23
	Iter: 474/711; time cost: 38.67min; current batch has {'AMASS': 90, 'H36M_MESH': 25} samples; batch_size (total/sub): 115/23
	Iter: 474/711; time cost: 38.68min; current batch has {'AMASS': 75, 'H36M_MESH': 40} samples; batch_size (total/sub): 115/23
	Iter: 474/711; time cost: 31.09min; current batch has {'AMASS': 80, 'H36M_MESH': 35} samples; batch_size (total/sub): 115/23
	Iter: 474/711; time cost: 38.68min; current batch has {'AMASS': 80, 'H36M_MESH': 35} samples; batch_size (total/sub): 115/23
	[check randomness] query_id: 0, prompt_id: 2090
	Evaluating [PE] on [AMASS]... costs 34.41s
	Evaluating [FPE] on [AMASS]... costs 35.19s
	Evaluating [MC] on [AMASS]... costs 34.34s
	Evaluating [MP] on [AMASS]... costs 33.79s
	Evaluating [MIB] on [AMASS]... costs 34.40s
	Evaluating [MeshPred] on [AMASS]... costs 34.22s
	Evaluating [MeshCompletion] on [AMASS]... costs 34.19s
	Evaluating [MeshInBetween] on [AMASS]... costs 34.81s
	Evaluating [PE] on [H36M_MESH]... costs 13.74s
	Evaluating [FPE] on [H36M_MESH]... costs 13.67s
	Evaluating [MC] on [H36M_MESH]... costs 13.85s
	Evaluating [MP] on [H36M_MESH]... costs 13.38s
	Evaluating [MIB] on [H36M_MESH]... costs 13.53s
	Evaluating [MeshPred] on [H36M_MESH]... costs 13.15s
	Evaluating [MeshCompletion] on [H36M_MESH]... costs 13.01s
	Evaluating [MeshInBetween] on [H36M_MESH]... costs 12.96s
	Evaluating [PE] on [PW3D_MESH]... costs 5.22s
	Evaluating [FPE] on [PW3D_MESH]... costs 5.23s
	Evaluating [MC] on [PW3D_MESH]... costs 5.26s
	Evaluating [MP] on [PW3D_MESH]... costs 5.22s
	Evaluating [MIB] on [PW3D_MESH]... costs 5.24s
	Evaluating [MeshPred] on [PW3D_MESH]... costs 5.18s
	Evaluating [MeshCompletion] on [PW3D_MESH]... costs 5.33s
	Evaluating [MeshInBetween] on [PW3D_MESH]... costs 5.38s
+-------+------------+---------+-----------+---------+--------+--------+--------+--------+--------+----------+----------------+---------------+-----------+--------+--------+--------+--------+----------+----------------+---------------+-----------+--------+--------+--------+--------+----------+----------------+---------------+--------+--------+--------+--------+--------+----------+----------------+---------------+-----------+--------+--------+--------+--------+----------+----------------+---------------+-----------+--------+--------+--------+--------+----------+----------------+---------------+
| Epoch |     lr     |  JOINT  |    MESH   |   ALL   | AMASS  |        |        |        |        |          |                |               | H36M_MESH |        |        |        |        |          |                |               | PW3D_MESH |        |        |        |        |          |                |               | AMASS  |        |        |        |        |          |                |               | H36M_MESH |        |        |        |        |          |                |               | PW3D_MESH |        |        |        |        |          |                |               |
+-------+------------+---------+-----------+---------+--------+--------+--------+--------+--------+----------+----------------+---------------+-----------+--------+--------+--------+--------+----------+----------------+---------------+-----------+--------+--------+--------+--------+----------+----------------+---------------+--------+--------+--------+--------+--------+----------+----------------+---------------+-----------+--------+--------+--------+--------+----------+----------------+---------------+-----------+--------+--------+--------+--------+----------+----------------+---------------+
|   6   | 0.00019020 | 0.40615 | 332.38409 | 0.00000 |   PE   |  FPE   |   MC   |   MP   |  MIB   | MeshPred | MeshCompletion | MeshInBetween |     PE    |  FPE   |   MC   |   MP   |  MIB   | MeshPred | MeshCompletion | MeshInBetween |     PE    |  FPE   |   MC   |   MP   |  MIB   | MeshPred | MeshCompletion | MeshInBetween |   PE   |  FPE   |   MC   |   MP   |  MIB   | MeshPred | MeshCompletion | MeshInBetween |     PE    |  FPE   |   MC   |   MP   |  MIB   | MeshPred | MeshCompletion | MeshInBetween |     PE    |  FPE   |   MC   |   MP   |  MIB   | MeshPred | MeshCompletion | MeshInBetween |
|       |            |         |           |         | 132.84 | 135.01 | 153.54 | 132.67 | 130.67 |  164.25  |     157.82     |     162.22    |   246.37  | 252.43 | 266.26 | 248.92 | 240.40 |  290.01  |     286.75     |     289.55    |   225.73  | 225.98 | 240.34 | 216.75 | 216.08 |  260.88  |     253.46     |     262.03    | 140.01 | 144.33 | 153.26 | 141.97 | 139.08 |  162.32  |     156.01     |     157.15    |   346.40  | 347.49 | 344.29 | 338.38 | 334.57 |  371.69  |     378.30     |     377.39    |   261.56  | 260.11 | 260.70 | 251.89 | 253.01 |  301.59  |     297.80     |     303.13    |
+-------+------------+---------+-----------+---------+--------+--------+--------+--------+--------+----------+----------------+---------------+-----------+--------+--------+--------+--------+----------+----------------+---------------+-----------+--------+--------+--------+--------+----------+----------------+---------------+--------+--------+--------+--------+--------+----------+----------------+---------------+-----------+--------+--------+--------+--------+----------+----------------+---------------+-----------+--------+--------+--------+--------+----------+----------------+---------------+
	Saving best checkpoints: [H36M_MESH,PE] [H36M_MESH,FPE] [H36M_MESH,MIB] 

[6 end] Time cost: 53.77min 	| lr: 0.00019020
[7 start]
	DDP is being applied.
	DDP is being applied.
	DDP is being applied.
	Iter: 237/711; time cost: 22.77min; current batch has {'AMASS': 70, 'H36M_MESH': 45} samples; batch_size (total/sub): 115/23
	Iter: 237/711; time cost: 22.77min; current batch has {'AMASS': 85, 'H36M_MESH': 30} samples; batch_size (total/sub): 115/23
	Iter: 237/711; time cost: 22.77min; current batch has {'AMASS': 85, 'H36M_MESH': 30} samples; batch_size (total/sub): 115/23
	Iter: 237/711; time cost: 15.53min; current batch has {'AMASS': 70, 'H36M_MESH': 45} samples; batch_size (total/sub): 115/23
	Iter: 474/711; time cost: 30.99min; current batch has {'AMASS': 75, 'H36M_MESH': 40} samples; batch_size (total/sub): 115/23
	Iter: 474/711; time cost: 38.23min; current batch has {'AMASS': 80, 'H36M_MESH': 35} samples; batch_size (total/sub): 115/23
	Iter: 474/711; time cost: 38.23min; current batch has {'AMASS': 80, 'H36M_MESH': 35} samples; batch_size (total/sub): 115/23
	Iter: 474/711; time cost: 38.23min; current batch has {'AMASS': 70, 'H36M_MESH': 45} samples; batch_size (total/sub): 115/23
	[check randomness] query_id: 0, prompt_id: 11901
	Evaluating [PE] on [AMASS]... costs 34.60s
	Evaluating [FPE] on [AMASS]... costs 34.44s
	Evaluating [MC] on [AMASS]... costs 34.33s
	Evaluating [MP] on [AMASS]... costs 34.01s
	Evaluating [MIB] on [AMASS]... costs 34.16s
	Evaluating [MeshPred] on [AMASS]... costs 34.10s
	Evaluating [MeshCompletion] on [AMASS]... costs 34.75s
	Evaluating [MeshInBetween] on [AMASS]... costs 34.27s
	Evaluating [PE] on [H36M_MESH]... costs 12.96s
	Evaluating [FPE] on [H36M_MESH]... costs 13.08s
	Evaluating [MC] on [H36M_MESH]... costs 13.17s
	Evaluating [MP] on [H36M_MESH]... costs 13.17s
	Evaluating [MIB] on [H36M_MESH]... costs 13.19s
	Evaluating [MeshPred] on [H36M_MESH]... costs 13.24s
	Evaluating [MeshCompletion] on [H36M_MESH]... costs 13.15s
	Evaluating [MeshInBetween] on [H36M_MESH]... costs 13.11s
	Evaluating [PE] on [PW3D_MESH]... costs 5.34s
	Evaluating [FPE] on [PW3D_MESH]... costs 5.25s
	Evaluating [MC] on [PW3D_MESH]... costs 5.29s
	Evaluating [MP] on [PW3D_MESH]... costs 5.34s
	Evaluating [MIB] on [PW3D_MESH]... costs 5.24s
	Evaluating [MeshPred] on [PW3D_MESH]... costs 5.22s
	Evaluating [MeshCompletion] on [PW3D_MESH]... costs 5.31s
	Evaluating [MeshInBetween] on [PW3D_MESH]... costs 5.23s
+-------+------------+---------+-----------+---------+--------+--------+--------+--------+--------+----------+----------------+---------------+-----------+--------+--------+--------+--------+----------+----------------+---------------+-----------+--------+--------+--------+--------+----------+----------------+---------------+--------+--------+--------+--------+--------+----------+----------------+---------------+-----------+--------+--------+--------+--------+----------+----------------+---------------+-----------+--------+--------+--------+--------+----------+----------------+---------------+
| Epoch |     lr     |  JOINT  |    MESH   |   ALL   | AMASS  |        |        |        |        |          |                |               | H36M_MESH |        |        |        |        |          |                |               | PW3D_MESH |        |        |        |        |          |                |               | AMASS  |        |        |        |        |          |                |               | H36M_MESH |        |        |        |        |          |                |               | PW3D_MESH |        |        |        |        |          |                |               |
+-------+------------+---------+-----------+---------+--------+--------+--------+--------+--------+----------+----------------+---------------+-----------+--------+--------+--------+--------+----------+----------------+---------------+-----------+--------+--------+--------+--------+----------+----------------+---------------+--------+--------+--------+--------+--------+----------+----------------+---------------+-----------+--------+--------+--------+--------+----------+----------------+---------------+-----------+--------+--------+--------+--------+----------+----------------+---------------+
|   7   | 0.00018830 | 0.40334 | 331.15053 | 0.00000 |   PE   |  FPE   |   MC   |   MP   |  MIB   | MeshPred | MeshCompletion | MeshInBetween |     PE    |  FPE   |   MC   |   MP   |  MIB   | MeshPred | MeshCompletion | MeshInBetween |     PE    |  FPE   |   MC   |   MP   |  MIB   | MeshPred | MeshCompletion | MeshInBetween |   PE   |  FPE   |   MC   |   MP   |  MIB   | MeshPred | MeshCompletion | MeshInBetween |     PE    |  FPE   |   MC   |   MP   |  MIB   | MeshPred | MeshCompletion | MeshInBetween |     PE    |  FPE   |   MC   |   MP   |  MIB   | MeshPred | MeshCompletion | MeshInBetween |
|       |            |         |           |         | 120.76 | 126.26 | 147.50 | 126.84 | 125.78 |  123.65  |     121.92     |     119.47    |   247.79  | 251.43 | 267.99 | 245.21 | 239.63 |  262.08  |     262.19     |     259.86    |   202.62  | 202.40 | 217.01 | 191.66 | 191.83 |  208.59  |     207.41     |     209.15    | 141.14 | 148.74 | 161.22 | 151.38 | 149.06 |  153.73  |     149.72     |     146.77    |   340.01  | 341.10 | 339.86 | 332.48 | 329.80 |  364.49  |     367.95     |     366.75    |   256.49  | 254.92 | 254.44 | 243.34 | 244.51 |  287.58  |     283.82     |     287.02    |
+-------+------------+---------+-----------+---------+--------+--------+--------+--------+--------+----------+----------------+---------------+-----------+--------+--------+--------+--------+----------+----------------+---------------+-----------+--------+--------+--------+--------+----------+----------------+---------------+--------+--------+--------+--------+--------+----------+----------------+---------------+-----------+--------+--------+--------+--------+----------+----------------+---------------+-----------+--------+--------+--------+--------+----------+----------------+---------------+
	Saving best checkpoints: [AMASS,PE] [AMASS,MeshPred] [AMASS,MeshCompletion] [AMASS,MeshInBetween] [H36M_MESH,FPE] [H36M_MESH,MP] [H36M_MESH,MIB] [H36M_MESH,MeshPred] [H36M_MESH,MeshCompletion] [H36M_MESH,MeshInBetween] [PW3D_MESH,MeshPred] [PW3D_MESH,MeshCompletion] [PW3D_MESH,MeshInBetween] 

[7 end] Time cost: 53.93min 	| lr: 0.00018830
[8 start]
	DDP is being applied.
	DDP is being applied.
	DDP is being applied.
	Iter: 237/711; time cost: 23.15min; current batch has {'AMASS': 55, 'H36M_MESH': 60} samples; batch_size (total/sub): 115/23
	Iter: 237/711; time cost: 23.15min; current batch has {'AMASS': 85, 'H36M_MESH': 30} samples; batch_size (total/sub): 115/23
	Iter: 237/711; time cost: 23.15min; current batch has {'AMASS': 80, 'H36M_MESH': 35} samples; batch_size (total/sub): 115/23
	Iter: 237/711; time cost: 15.57min; current batch has {'AMASS': 100, 'H36M_MESH': 15} samples; batch_size (total/sub): 115/23
	[check randomness] query_id: 0, prompt_id: 16004
	Iter: 474/711; time cost: 38.62min; current batch has {'AMASS': 85, 'H36M_MESH': 30} samples; batch_size (total/sub): 115/23
	Iter: 474/711; time cost: 38.62min; current batch has {'AMASS': 100, 'H36M_MESH': 15} samples; batch_size (total/sub): 115/23
	Iter: 474/711; time cost: 38.62min; current batch has {'AMASS': 75, 'H36M_MESH': 40} samples; batch_size (total/sub): 115/23
	Iter: 474/711; time cost: 31.04min; current batch has {'AMASS': 90, 'H36M_MESH': 25} samples; batch_size (total/sub): 115/23
	Evaluating [PE] on [AMASS]... costs 34.49s
	Evaluating [FPE] on [AMASS]... costs 34.11s
	Evaluating [MC] on [AMASS]... costs 34.11s
	Evaluating [MP] on [AMASS]... costs 34.18s
	Evaluating [MIB] on [AMASS]... costs 34.18s
	Evaluating [MeshPred] on [AMASS]... costs 34.19s
	Evaluating [MeshCompletion] on [AMASS]... costs 34.44s
	Evaluating [MeshInBetween] on [AMASS]... costs 34.08s
	Evaluating [PE] on [H36M_MESH]... costs 13.05s
	Evaluating [FPE] on [H36M_MESH]... costs 13.11s
	Evaluating [MC] on [H36M_MESH]... costs 13.31s
	Evaluating [MP] on [H36M_MESH]... costs 13.21s
	Evaluating [MIB] on [H36M_MESH]... costs 13.16s
	Evaluating [MeshPred] on [H36M_MESH]... costs 13.12s
	Evaluating [MeshCompletion] on [H36M_MESH]... costs 13.04s
	Evaluating [MeshInBetween] on [H36M_MESH]... costs 13.12s
	Evaluating [PE] on [PW3D_MESH]... costs 5.35s
	Evaluating [FPE] on [PW3D_MESH]... costs 5.27s
	Evaluating [MC] on [PW3D_MESH]... costs 5.24s
	Evaluating [MP] on [PW3D_MESH]... costs 5.28s
	Evaluating [MIB] on [PW3D_MESH]... costs 5.31s
	Evaluating [MeshPred] on [PW3D_MESH]... costs 5.35s
	Evaluating [MeshCompletion] on [PW3D_MESH]... costs 5.25s
	Evaluating [MeshInBetween] on [PW3D_MESH]... costs 5.28s
+-------+------------+---------+-----------+---------+--------+--------+--------+--------+--------+----------+----------------+---------------+-----------+--------+--------+--------+--------+----------+----------------+---------------+-----------+--------+--------+--------+--------+----------+----------------+---------------+--------+--------+--------+--------+--------+----------+----------------+---------------+-----------+--------+--------+--------+--------+----------+----------------+---------------+-----------+--------+--------+--------+--------+----------+----------------+---------------+
| Epoch |     lr     |  JOINT  |    MESH   |   ALL   | AMASS  |        |        |        |        |          |                |               | H36M_MESH |        |        |        |        |          |                |               | PW3D_MESH |        |        |        |        |          |                |               | AMASS  |        |        |        |        |          |                |               | H36M_MESH |        |        |        |        |          |                |               | PW3D_MESH |        |        |        |        |          |                |               |
+-------+------------+---------+-----------+---------+--------+--------+--------+--------+--------+----------+----------------+---------------+-----------+--------+--------+--------+--------+----------+----------------+---------------+-----------+--------+--------+--------+--------+----------+----------------+---------------+--------+--------+--------+--------+--------+----------+----------------+---------------+-----------+--------+--------+--------+--------+----------+----------------+---------------+-----------+--------+--------+--------+--------+----------+----------------+---------------+
|   8   | 0.00018641 | 0.39510 | 326.28155 | 0.00000 |   PE   |  FPE   |   MC   |   MP   |  MIB   | MeshPred | MeshCompletion | MeshInBetween |     PE    |  FPE   |   MC   |   MP   |  MIB   | MeshPred | MeshCompletion | MeshInBetween |     PE    |  FPE   |   MC   |   MP   |  MIB   | MeshPred | MeshCompletion | MeshInBetween |   PE   |  FPE   |   MC   |   MP   |  MIB   | MeshPred | MeshCompletion | MeshInBetween |     PE    |  FPE   |   MC   |   MP   |  MIB   | MeshPred | MeshCompletion | MeshInBetween |     PE    |  FPE   |   MC   |   MP   |  MIB   | MeshPred | MeshCompletion | MeshInBetween |
|       |            |         |           |         | 111.49 | 116.57 | 134.29 | 115.34 | 111.95 |  132.72  |     130.24     |     129.58    |   235.62  | 240.56 | 255.38 | 231.87 | 226.25 |  255.20  |     251.77     |     251.92    |   194.72  | 194.86 | 210.76 | 184.39 | 186.05 |  204.69  |     202.87     |     204.95    | 132.48 | 141.80 | 146.07 | 138.80 | 132.10 |  165.09  |     161.05     |     158.49    |   342.39  | 344.62 | 342.39 | 333.09 | 331.10 |  362.73  |     365.53     |     364.18    |   257.57  | 256.59 | 256.31 | 244.68 | 247.66 |  286.89  |     282.74     |     285.79    |
+-------+------------+---------+-----------+---------+--------+--------+--------+--------+--------+----------+----------------+---------------+-----------+--------+--------+--------+--------+----------+----------------+---------------+-----------+--------+--------+--------+--------+----------+----------------+---------------+--------+--------+--------+--------+--------+----------+----------------+---------------+-----------+--------+--------+--------+--------+----------+----------------+---------------+-----------+--------+--------+--------+--------+----------+----------------+---------------+
	Saving best checkpoints: [AMASS,PE] [AMASS,FPE] [AMASS,MC] [AMASS,MP] [AMASS,MIB] [H36M_MESH,PE] [H36M_MESH,FPE] [H36M_MESH,MC] [H36M_MESH,MP] [H36M_MESH,MIB] [H36M_MESH,MeshPred] [H36M_MESH,MeshCompletion] [H36M_MESH,MeshInBetween] [PW3D_MESH,PE] [PW3D_MESH,FPE] [PW3D_MESH,MC] [PW3D_MESH,MP] [PW3D_MESH,MIB] [PW3D_MESH,MeshPred] [PW3D_MESH,MeshCompletion] [PW3D_MESH,MeshInBetween] 

[8 end] Time cost: 54.30min 	| lr: 0.00018641
[9 start]
	DDP is being applied.
	DDP is being applied.
	DDP is being applied.
	Iter: 237/711; time cost: 23.36min; current batch has {'AMASS': 85, 'H36M_MESH': 30} samples; batch_size (total/sub): 115/23
	Iter: 237/711; time cost: 23.36min; current batch has {'AMASS': 70, 'H36M_MESH': 45} samples; batch_size (total/sub): 115/23
	Iter: 237/711; time cost: 23.36min; current batch has {'AMASS': 105, 'H36M_MESH': 10} samples; batch_size (total/sub): 115/23
	Iter: 237/711; time cost: 15.51min; current batch has {'AMASS': 95, 'H36M_MESH': 20} samples; batch_size (total/sub): 115/23
	Iter: 474/711; time cost: 38.85min; current batch has {'AMASS': 95, 'H36M_MESH': 20} samples; batch_size (total/sub): 115/23
	Iter: 474/711; time cost: 38.85min; current batch has {'AMASS': 75, 'H36M_MESH': 40} samples; batch_size (total/sub): 115/23
	Iter: 474/711; time cost: 38.85min; current batch has {'AMASS': 75, 'H36M_MESH': 40} samples; batch_size (total/sub): 115/23
	Iter: 474/711; time cost: 31.00min; current batch has {'AMASS': 95, 'H36M_MESH': 20} samples; batch_size (total/sub): 115/23
	[check randomness] query_id: 0, prompt_id: 74
	Evaluating [PE] on [AMASS]... costs 33.98s
	Evaluating [FPE] on [AMASS]... costs 34.27s
	Evaluating [MC] on [AMASS]... costs 35.23s
	Evaluating [MP] on [AMASS]... costs 34.68s
	Evaluating [MIB] on [AMASS]... costs 34.32s
	Evaluating [MeshPred] on [AMASS]... costs 34.58s
	Evaluating [MeshCompletion] on [AMASS]... costs 34.07s
	Evaluating [MeshInBetween] on [AMASS]... costs 34.45s
	Evaluating [PE] on [H36M_MESH]... costs 13.20s
	Evaluating [FPE] on [H36M_MESH]... costs 13.47s
	Evaluating [MC] on [H36M_MESH]... costs 14.32s
	Evaluating [MP] on [H36M_MESH]... costs 13.34s
	Evaluating [MIB] on [H36M_MESH]... costs 13.45s
	Evaluating [MeshPred] on [H36M_MESH]... costs 13.60s
	Evaluating [MeshCompletion] on [H36M_MESH]... costs 13.46s
	Evaluating [MeshInBetween] on [H36M_MESH]... costs 13.60s
	Evaluating [PE] on [PW3D_MESH]... costs 5.22s
	Evaluating [FPE] on [PW3D_MESH]... costs 5.32s
	Evaluating [MC] on [PW3D_MESH]... costs 5.34s
	Evaluating [MP] on [PW3D_MESH]... costs 5.29s
	Evaluating [MIB] on [PW3D_MESH]... costs 5.42s
	Evaluating [MeshPred] on [PW3D_MESH]... costs 5.34s
	Evaluating [MeshCompletion] on [PW3D_MESH]... costs 5.27s
	Evaluating [MeshInBetween] on [PW3D_MESH]... costs 5.35s
+-------+------------+---------+-----------+---------+--------+--------+--------+--------+--------+----------+----------------+---------------+-----------+--------+--------+--------+--------+----------+----------------+---------------+-----------+--------+--------+--------+--------+----------+----------------+---------------+--------+--------+--------+--------+--------+----------+----------------+---------------+-----------+--------+--------+--------+--------+----------+----------------+---------------+-----------+--------+--------+--------+--------+----------+----------------+---------------+
| Epoch |     lr     |  JOINT  |    MESH   |   ALL   | AMASS  |        |        |        |        |          |                |               | H36M_MESH |        |        |        |        |          |                |               | PW3D_MESH |        |        |        |        |          |                |               | AMASS  |        |        |        |        |          |                |               | H36M_MESH |        |        |        |        |          |                |               | PW3D_MESH |        |        |        |        |          |                |               |
+-------+------------+---------+-----------+---------+--------+--------+--------+--------+--------+----------+----------------+---------------+-----------+--------+--------+--------+--------+----------+----------------+---------------+-----------+--------+--------+--------+--------+----------+----------------+---------------+--------+--------+--------+--------+--------+----------+----------------+---------------+-----------+--------+--------+--------+--------+----------+----------------+---------------+-----------+--------+--------+--------+--------+----------+----------------+---------------+
|   9   | 0.00018455 | 0.39248 | 325.56133 | 0.00000 |   PE   |  FPE   |   MC   |   MP   |  MIB   | MeshPred | MeshCompletion | MeshInBetween |     PE    |  FPE   |   MC   |   MP   |  MIB   | MeshPred | MeshCompletion | MeshInBetween |     PE    |  FPE   |   MC   |   MP   |  MIB   | MeshPred | MeshCompletion | MeshInBetween |   PE   |  FPE   |   MC   |   MP   |  MIB   | MeshPred | MeshCompletion | MeshInBetween |     PE    |  FPE   |   MC   |   MP   |  MIB   | MeshPred | MeshCompletion | MeshInBetween |     PE    |  FPE   |   MC   |   MP   |  MIB   | MeshPred | MeshCompletion | MeshInBetween |
|       |            |         |           |         | 121.47 | 125.54 | 145.02 | 124.20 | 121.04 |  142.09  |     140.53     |     139.47    |   231.39  | 238.71 | 253.41 | 233.43 | 225.01 |  268.62  |     265.68     |     266.12    |   204.80  | 204.99 | 222.32 | 196.26 | 196.39 |  224.00  |     220.57     |     224.14    | 129.58 | 138.67 | 141.77 | 135.44 | 128.49 |  153.06  |     152.71     |     147.35    |   336.02  | 339.17 | 337.90 | 331.13 | 326.30 |  367.42  |     372.55     |     368.67    |   253.69  | 253.07 | 252.06 | 242.70 | 242.84 |  288.10  |     284.85     |     286.32    |
+-------+------------+---------+-----------+---------+--------+--------+--------+--------+--------+----------+----------------+---------------+-----------+--------+--------+--------+--------+----------+----------------+---------------+-----------+--------+--------+--------+--------+----------+----------------+---------------+--------+--------+--------+--------+--------+----------+----------------+---------------+-----------+--------+--------+--------+--------+----------+----------------+---------------+-----------+--------+--------+--------+--------+----------+----------------+---------------+
	Saving best checkpoints: [H36M_MESH,PE] [H36M_MESH,FPE] [H36M_MESH,MC] [H36M_MESH,MIB] 

[9 end] Time cost: 53.74min 	| lr: 0.00018455
[10 start]
	DDP is being applied.
	DDP is being applied.
	DDP is being applied.
	Iter: 237/711; time cost: 22.88min; current batch has {'AMASS': 90, 'H36M_MESH': 25} samples; batch_size (total/sub): 115/23
	Iter: 237/711; time cost: 22.88min; current batch has {'AMASS': 90, 'H36M_MESH': 25} samples; batch_size (total/sub): 115/23
	Iter: 237/711; time cost: 22.88min; current batch has {'AMASS': 85, 'H36M_MESH': 30} samples; batch_size (total/sub): 115/23
	Iter: 237/711; time cost: 15.58min; current batch has {'AMASS': 50, 'H36M_MESH': 65} samples; batch_size (total/sub): 115/23
	[check randomness] query_id: 0, prompt_id: 46312
	Iter: 474/711; time cost: 38.44min; current batch has {'AMASS': 90, 'H36M_MESH': 25} samples; batch_size (total/sub): 115/23
	Iter: 474/711; time cost: 31.13min; current batch has {'AMASS': 80, 'H36M_MESH': 35} samples; batch_size (total/sub): 115/23
	Iter: 474/711; time cost: 38.44min; current batch has {'AMASS': 95, 'H36M_MESH': 20} samples; batch_size (total/sub): 115/23
	Iter: 474/711; time cost: 38.44min; current batch has {'AMASS': 80, 'H36M_MESH': 35} samples; batch_size (total/sub): 115/23
	Evaluating [PE] on [AMASS]... costs 34.42s
	Evaluating [FPE] on [AMASS]... costs 33.82s
	Evaluating [MC] on [AMASS]... costs 34.56s
	Evaluating [MP] on [AMASS]... costs 34.46s
	Evaluating [MIB] on [AMASS]... costs 34.77s
	Evaluating [MeshPred] on [AMASS]... costs 34.72s
	Evaluating [MeshCompletion] on [AMASS]... costs 34.71s
	Evaluating [MeshInBetween] on [AMASS]... costs 34.69s
	Evaluating [PE] on [H36M_MESH]... costs 13.34s
	Evaluating [FPE] on [H36M_MESH]... costs 13.09s
	Evaluating [MC] on [H36M_MESH]... costs 13.10s
	Evaluating [MP] on [H36M_MESH]... costs 13.01s
	Evaluating [MIB] on [H36M_MESH]... costs 13.11s
	Evaluating [MeshPred] on [H36M_MESH]... costs 12.92s
	Evaluating [MeshCompletion] on [H36M_MESH]... costs 13.10s
	Evaluating [MeshInBetween] on [H36M_MESH]... costs 13.15s
	Evaluating [PE] on [PW3D_MESH]... costs 5.24s
	Evaluating [FPE] on [PW3D_MESH]... costs 5.24s
	Evaluating [MC] on [PW3D_MESH]... costs 5.37s
	Evaluating [MP] on [PW3D_MESH]... costs 5.21s
	Evaluating [MIB] on [PW3D_MESH]... costs 5.24s
	Evaluating [MeshPred] on [PW3D_MESH]... costs 5.30s
	Evaluating [MeshCompletion] on [PW3D_MESH]... costs 5.20s
	Evaluating [MeshInBetween] on [PW3D_MESH]... costs 5.22s
+-------+------------+---------+-----------+---------+--------+--------+--------+--------+--------+----------+----------------+---------------+-----------+--------+--------+--------+--------+----------+----------------+---------------+-----------+--------+--------+--------+--------+----------+----------------+---------------+--------+--------+--------+--------+--------+----------+----------------+---------------+-----------+--------+--------+--------+--------+----------+----------------+---------------+-----------+--------+--------+--------+--------+----------+----------------+---------------+
| Epoch |     lr     |  JOINT  |    MESH   |   ALL   | AMASS  |        |        |        |        |          |                |               | H36M_MESH |        |        |        |        |          |                |               | PW3D_MESH |        |        |        |        |          |                |               | AMASS  |        |        |        |        |          |                |               | H36M_MESH |        |        |        |        |          |                |               | PW3D_MESH |        |        |        |        |          |                |               |
+-------+------------+---------+-----------+---------+--------+--------+--------+--------+--------+----------+----------------+---------------+-----------+--------+--------+--------+--------+----------+----------------+---------------+-----------+--------+--------+--------+--------+----------+----------------+---------------+--------+--------+--------+--------+--------+----------+----------------+---------------+-----------+--------+--------+--------+--------+----------+----------------+---------------+-----------+--------+--------+--------+--------+----------+----------------+---------------+
|   10  | 0.00018270 | 0.38379 | 320.34510 | 0.00000 |   PE   |  FPE   |   MC   |   MP   |  MIB   | MeshPred | MeshCompletion | MeshInBetween |     PE    |  FPE   |   MC   |   MP   |  MIB   | MeshPred | MeshCompletion | MeshInBetween |     PE    |  FPE   |   MC   |   MP   |  MIB   | MeshPred | MeshCompletion | MeshInBetween |   PE   |  FPE   |   MC   |   MP   |  MIB   | MeshPred | MeshCompletion | MeshInBetween |     PE    |  FPE   |   MC   |   MP   |  MIB   | MeshPred | MeshCompletion | MeshInBetween |     PE    |  FPE   |   MC   |   MP   |  MIB   | MeshPred | MeshCompletion | MeshInBetween |
|       |            |         |           |         | 120.33 | 123.91 | 138.76 | 123.36 | 120.39 |  130.58  |     128.01     |     127.39    |   224.60  | 230.97 | 246.56 | 224.17 | 215.37 |  264.15  |     260.94     |     259.86    |   198.15  | 197.33 | 213.76 | 185.73 | 186.33 |  217.10  |     218.76     |     215.41    | 128.48 | 138.05 | 136.93 | 133.98 | 126.20 |  145.70  |     142.92     |     139.48    |   332.19  | 334.90 | 331.60 | 324.99 | 319.17 |  369.84  |     372.46     |     368.34    |   252.27  | 250.86 | 249.10 | 238.94 | 239.19 |  297.44  |     299.34     |     293.07    |
+-------+------------+---------+-----------+---------+--------+--------+--------+--------+--------+----------+----------------+---------------+-----------+--------+--------+--------+--------+----------+----------------+---------------+-----------+--------+--------+--------+--------+----------+----------------+---------------+--------+--------+--------+--------+--------+----------+----------------+---------------+-----------+--------+--------+--------+--------+----------+----------------+---------------+-----------+--------+--------+--------+--------+----------+----------------+---------------+
	Saving best checkpoints: [H36M_MESH,PE] [H36M_MESH,FPE] [H36M_MESH,MC] [H36M_MESH,MP] [H36M_MESH,MIB] 

[10 end] Time cost: 53.88min 	| lr: 0.00018270
[11 start]
	DDP is being applied.
	DDP is being applied.
	DDP is being applied.
	Iter: 237/711; time cost: 22.90min; current batch has {'AMASS': 80, 'H36M_MESH': 35} samples; batch_size (total/sub): 115/23
	Iter: 237/711; time cost: 22.90min; current batch has {'AMASS': 80, 'H36M_MESH': 35} samples; batch_size (total/sub): 115/23
	Iter: 237/711; time cost: 22.90min; current batch has {'AMASS': 95, 'H36M_MESH': 20} samples; batch_size (total/sub): 115/23
	Iter: 237/711; time cost: 15.62min; current batch has {'AMASS': 80, 'H36M_MESH': 35} samples; batch_size (total/sub): 115/23
	[check randomness] query_id: 0, prompt_id: 143
	Iter: 474/711; time cost: 38.39min; current batch has {'AMASS': 70, 'H36M_MESH': 45} samples; batch_size (total/sub): 115/23
	Iter: 474/711; time cost: 38.39min; current batch has {'AMASS': 65, 'H36M_MESH': 50} samples; batch_size (total/sub): 115/23
	Iter: 474/711; time cost: 38.39min; current batch has {'AMASS': 90, 'H36M_MESH': 25} samples; batch_size (total/sub): 115/23
	Iter: 474/711; time cost: 31.10min; current batch has {'AMASS': 80, 'H36M_MESH': 35} samples; batch_size (total/sub): 115/23
	Evaluating [PE] on [AMASS]... costs 34.71s
	Evaluating [FPE] on [AMASS]... costs 34.44s
	Evaluating [MC] on [AMASS]... costs 34.92s
	Evaluating [MP] on [AMASS]... costs 34.81s
	Evaluating [MIB] on [AMASS]... costs 34.61s
	Evaluating [MeshPred] on [AMASS]... costs 33.90s
	Evaluating [MeshCompletion] on [AMASS]... costs 34.30s
	Evaluating [MeshInBetween] on [AMASS]... costs 34.20s
	Evaluating [PE] on [H36M_MESH]... costs 13.05s
	Evaluating [FPE] on [H36M_MESH]... costs 13.04s
	Evaluating [MC] on [H36M_MESH]... costs 13.01s
	Evaluating [MP] on [H36M_MESH]... costs 12.90s
	Evaluating [MIB] on [H36M_MESH]... costs 13.32s
	Evaluating [MeshPred] on [H36M_MESH]... costs 13.28s
	Evaluating [MeshCompletion] on [H36M_MESH]... costs 13.29s
	Evaluating [MeshInBetween] on [H36M_MESH]... costs 13.30s
	Evaluating [PE] on [PW3D_MESH]... costs 5.26s
	Evaluating [FPE] on [PW3D_MESH]... costs 5.34s
	Evaluating [MC] on [PW3D_MESH]... costs 5.40s
	Evaluating [MP] on [PW3D_MESH]... costs 5.28s
	Evaluating [MIB] on [PW3D_MESH]... costs 5.38s
	Evaluating [MeshPred] on [PW3D_MESH]... costs 5.25s
	Evaluating [MeshCompletion] on [PW3D_MESH]... costs 5.25s
	Evaluating [MeshInBetween] on [PW3D_MESH]... costs 5.32s
+-------+------------+---------+-----------+---------+--------+--------+--------+--------+--------+----------+----------------+---------------+-----------+--------+--------+--------+--------+----------+----------------+---------------+-----------+--------+--------+--------+--------+----------+----------------+---------------+--------+--------+--------+--------+--------+----------+----------------+---------------+-----------+--------+--------+--------+--------+----------+----------------+---------------+-----------+--------+--------+--------+--------+----------+----------------+---------------+
| Epoch |     lr     |  JOINT  |    MESH   |   ALL   | AMASS  |        |        |        |        |          |                |               | H36M_MESH |        |        |        |        |          |                |               | PW3D_MESH |        |        |        |        |          |                |               | AMASS  |        |        |        |        |          |                |               | H36M_MESH |        |        |        |        |          |                |               | PW3D_MESH |        |        |        |        |          |                |               |
+-------+------------+---------+-----------+---------+--------+--------+--------+--------+--------+----------+----------------+---------------+-----------+--------+--------+--------+--------+----------+----------------+---------------+-----------+--------+--------+--------+--------+----------+----------------+---------------+--------+--------+--------+--------+--------+----------+----------------+---------------+-----------+--------+--------+--------+--------+----------+----------------+---------------+-----------+--------+--------+--------+--------+----------+----------------+---------------+
|   11  | 0.00018088 | 0.38143 | 319.43429 | 0.00000 |   PE   |  FPE   |   MC   |   MP   |  MIB   | MeshPred | MeshCompletion | MeshInBetween |     PE    |  FPE   |   MC   |   MP   |  MIB   | MeshPred | MeshCompletion | MeshInBetween |     PE    |  FPE   |   MC   |   MP   |  MIB   | MeshPred | MeshCompletion | MeshInBetween |   PE   |  FPE   |   MC   |   MP   |  MIB   | MeshPred | MeshCompletion | MeshInBetween |     PE    |  FPE   |   MC   |   MP   |  MIB   | MeshPred | MeshCompletion | MeshInBetween |     PE    |  FPE   |   MC   |   MP   |  MIB   | MeshPred | MeshCompletion | MeshInBetween |
|       |            |         |           |         | 108.28 | 112.23 | 127.01 | 110.08 | 106.74 |  121.78  |     121.00     |     118.82    |   228.66  | 233.95 | 245.01 | 223.28 | 214.53 |  265.68  |     261.80     |     260.03    |   205.65  | 204.84 | 218.85 | 189.91 | 190.58 |  216.01  |     214.95     |     212.93    | 125.08 | 132.85 | 138.42 | 130.06 | 123.43 |  145.52  |     144.18     |     139.54    |   334.17  | 335.22 | 329.33 | 321.01 | 316.97 |  371.58  |     372.42     |     369.20    |   254.87  | 252.60 | 249.65 | 238.26 | 239.55 |  293.62  |     290.34     |     287.03    |
+-------+------------+---------+-----------+---------+--------+--------+--------+--------+--------+----------+----------------+---------------+-----------+--------+--------+--------+--------+----------+----------------+---------------+-----------+--------+--------+--------+--------+----------+----------------+---------------+--------+--------+--------+--------+--------+----------+----------------+---------------+-----------+--------+--------+--------+--------+----------+----------------+---------------+-----------+--------+--------+--------+--------+----------+----------------+---------------+
	Saving best checkpoints: [AMASS,PE] [AMASS,FPE] [AMASS,MC] [AMASS,MP] [AMASS,MIB] [AMASS,MeshPred] [AMASS,MeshCompletion] [AMASS,MeshInBetween] [H36M_MESH,MC] [H36M_MESH,MP] [H36M_MESH,MIB] 

[11 end] Time cost: 53.99min 	| lr: 0.00018088
[12 start]
	DDP is being applied.
	DDP is being applied.
	DDP is being applied.
	[check randomness] query_id: 0, prompt_id: 17584
	Iter: 237/711; time cost: 23.04min; current batch has {'AMASS': 75, 'H36M_MESH': 40} samples; batch_size (total/sub): 115/23
	Iter: 237/711; time cost: 23.04min; current batch has {'AMASS': 75, 'H36M_MESH': 40} samples; batch_size (total/sub): 115/23
	Iter: 237/711; time cost: 23.04min; current batch has {'AMASS': 85, 'H36M_MESH': 30} samples; batch_size (total/sub): 115/23
	Iter: 237/711; time cost: 15.52min; current batch has {'AMASS': 75, 'H36M_MESH': 40} samples; batch_size (total/sub): 115/23
	Iter: 474/711; time cost: 38.57min; current batch has {'AMASS': 80, 'H36M_MESH': 35} samples; batch_size (total/sub): 115/23
	Iter: 474/711; time cost: 38.57min; current batch has {'AMASS': 70, 'H36M_MESH': 45} samples; batch_size (total/sub): 115/23
	Iter: 474/711; time cost: 38.57min; current batch has {'AMASS': 105, 'H36M_MESH': 10} samples; batch_size (total/sub): 115/23
	Iter: 474/711; time cost: 31.06min; current batch has {'AMASS': 80, 'H36M_MESH': 35} samples; batch_size (total/sub): 115/23
[12 end] Time cost: 46.42min 	| lr: 0.00017907
[13 start]
	DDP is being applied.
	DDP is being applied.
	DDP is being applied.
	[check randomness] query_id: 0, prompt_id: 30839
	Iter: 237/711; time cost: 15.59min; current batch has {'AMASS': 80, 'H36M_MESH': 35} samples; batch_size (total/sub): 115/23
	Iter: 237/711; time cost: 15.59min; current batch has {'AMASS': 80, 'H36M_MESH': 35} samples; batch_size (total/sub): 115/23
	Iter: 237/711; time cost: 15.59min; current batch has {'AMASS': 90, 'H36M_MESH': 25} samples; batch_size (total/sub): 115/23
	Iter: 237/711; time cost: 15.56min; current batch has {'AMASS': 90, 'H36M_MESH': 25} samples; batch_size (total/sub): 115/23
	Iter: 474/711; time cost: 31.09min; current batch has {'AMASS': 85, 'H36M_MESH': 30} samples; batch_size (total/sub): 115/23
	Iter: 474/711; time cost: 31.09min; current batch has {'AMASS': 95, 'H36M_MESH': 20} samples; batch_size (total/sub): 115/23
	Iter: 474/711; time cost: 31.09min; current batch has {'AMASS': 90, 'H36M_MESH': 25} samples; batch_size (total/sub): 115/23
	Iter: 474/711; time cost: 31.05min; current batch has {'AMASS': 100, 'H36M_MESH': 15} samples; batch_size (total/sub): 115/23
	Evaluating [PE] on [AMASS]... costs 34.80s
	Evaluating [FPE] on [AMASS]... costs 34.43s
	Evaluating [MC] on [AMASS]... costs 34.04s
	Evaluating [MP] on [AMASS]... costs 33.96s
	Evaluating [MIB] on [AMASS]... costs 33.88s
	Evaluating [MeshPred] on [AMASS]... costs 34.39s
	Evaluating [MeshCompletion] on [AMASS]... costs 34.30s
	Evaluating [MeshInBetween] on [AMASS]... costs 34.30s
	Evaluating [PE] on [H36M_MESH]... costs 13.19s
	Evaluating [FPE] on [H36M_MESH]... costs 13.28s
	Evaluating [MC] on [H36M_MESH]... costs 13.17s
	Evaluating [MP] on [H36M_MESH]... costs 13.19s
	Evaluating [MIB] on [H36M_MESH]... costs 13.07s
	Evaluating [MeshPred] on [H36M_MESH]... costs 12.91s
	Evaluating [MeshCompletion] on [H36M_MESH]... costs 12.93s
	Evaluating [MeshInBetween] on [H36M_MESH]... costs 12.96s
	Evaluating [PE] on [PW3D_MESH]... costs 5.29s
	Evaluating [FPE] on [PW3D_MESH]... costs 5.19s
	Evaluating [MC] on [PW3D_MESH]... costs 5.19s
	Evaluating [MP] on [PW3D_MESH]... /home/wxs/anaconda3/envs/mdm/lib/python3.7/multiprocessing/semaphore_tracker.py:144: UserWarning: semaphore_tracker: There appear to be 3 leaked semaphores to clean up at shutdown
  len(cache))
Traceback (most recent call last):
  File "/home/wxs/Skeleton-in-Context-tpami/train_DDP.py", line 1096, in main
    world_size = torch.cuda.device_count()
  File "/home/wxs/anaconda3/envs/mdm/lib/python3.7/site-packages/torch/multiprocessing/spawn.py", line 240, in spawn
    return start_processes(fn, args, nprocs, join, daemon, start_method='spawn')
  File "/home/wxs/anaconda3/envs/mdm/lib/python3.7/site-packages/torch/multiprocessing/spawn.py", line 198, in start_processes
    while not context.join():
  File "/home/wxs/anaconda3/envs/mdm/lib/python3.7/site-packages/torch/multiprocessing/spawn.py", line 146, in join
    signal_name=name
torch.multiprocessing.spawn.ProcessExitedException: process 0 terminated with signal SIGKILL

During handling of the above exception, another exception occurred:

Traceback (most recent call last):
  File "/home/wxs/Skeleton-in-Context-tpami/train_DDP.py", line 1105, in <module>
    sys.stderr = os.fdopen(sys.stderr.fileno(), 'w', buffering=1)
  File "/home/wxs/Skeleton-in-Context-tpami/train_DDP.py", line 1098, in main
    mp.spawn(train_with_config, args=(world_size, args, opts), nprocs=world_size, join=True)
  File "/home/wxs/Skeleton-in-Context-tpami/train_DDP.py", line 142, in cleanup
    def cleanup():
  File "/home/wxs/anaconda3/envs/mdm/lib/python3.7/site-packages/torch/distributed/distributed_c10d.py", line 997, in destroy_process_group
    assert pg is not None
AssertionError
